<?xml version="1.0" encoding="utf-8"?>
<TestRun id="422f49ed-c6de-4a9a-8953-0276f35b04ca" name="vyach@VYACHESLAV-LAPT 2025-09-18 18:01:54" runUser="VYACHESLAV-LAPT\vyach" xmlns="http://microsoft.com/schemas/VisualStudio/TeamTest/2010">
  <Times creation="2025-09-18T18:01:54.3989682-05:00" queuing="2025-09-18T18:01:54.3989687-05:00" start="2025-09-18T18:01:52.4027430-05:00" finish="2025-09-18T18:01:55.9306106-05:00" />
  <TestSettings name="default" id="d3715bef-d439-4cca-98ae-9a3ec6c2269b">
    <Deployment runDeploymentRoot="vyach_VYACHESLAV-LAPT_2025-09-18_18_01_54" />
  </TestSettings>
  <Results>
    <UnitTestResult executionId="f5c8bc3e-6f53-4cf5-84c7-1cbbef2efed8" testId="2678044f-e88e-7cf9-5d3d-95d098e990b8" testName="CPR.IntegrationTests.GoalsControllerTaskNegativeTests.PatchTask_WithoutAuth_ReturnsUnauthorized" computerName="VYACHESLAV-LAPT" duration="00:00:00.0014123" startTime="2025-09-18T18:01:55.2839909-05:00" endTime="2025-09-18T18:01:55.2839911-05:00" testType="13cdc9d9-ddb5-4fa4-a97d-d965ccfc6d4b" outcome="Passed" testListId="8c84fa94-04c1-424b-9868-57a2d4851a1d" relativeResultsDirectory="f5c8bc3e-6f53-4cf5-84c7-1cbbef2efed8" />
    <UnitTestResult executionId="c49da765-b793-4896-ad0f-e13e694e7480" testId="532ad4e5-578d-5d5e-389f-e29ae44a8370" testName="CPR.IntegrationTests.GoalPersistenceTests.CanCreateAndReadGoal" computerName="VYACHESLAV-LAPT" duration="00:00:01.2067579" startTime="2025-09-18T18:01:55.0837546-05:00" endTime="2025-09-18T18:01:55.0837549-05:00" testType="13cdc9d9-ddb5-4fa4-a97d-d965ccfc6d4b" outcome="Failed" testListId="8c84fa94-04c1-424b-9868-57a2d4851a1d" relativeResultsDirectory="c49da765-b793-4896-ad0f-e13e694e7480">
      <Output>
        <ErrorInfo>
          <Message>Microsoft.EntityFrameworkCore.DbUpdateException : An error occurred while saving the entity changes. See the inner exception for details.&#xD;
---- Npgsql.PostgresException : 23503: insert or update on table "goals" violates foreign key constraint "FK_goals_employees_employee_id"&#xD;
&#xD;
DETAIL: Detail redacted as it may contain sensitive data. Specify 'Include Error Detail' in the connection string to include this information.</Message>
          <StackTrace>   at Microsoft.EntityFrameworkCore.Update.ReaderModificationCommandBatch.ExecuteAsync(IRelationalConnection connection, CancellationToken cancellationToken)&#xD;
   at Microsoft.EntityFrameworkCore.Update.Internal.BatchExecutor.ExecuteAsync(IEnumerable`1 commandBatches, IRelationalConnection connection, CancellationToken cancellationToken)&#xD;
   at Microsoft.EntityFrameworkCore.Update.Internal.BatchExecutor.ExecuteAsync(IEnumerable`1 commandBatches, IRelationalConnection connection, CancellationToken cancellationToken)&#xD;
   at Microsoft.EntityFrameworkCore.Update.Internal.BatchExecutor.ExecuteAsync(IEnumerable`1 commandBatches, IRelationalConnection connection, CancellationToken cancellationToken)&#xD;
   at Microsoft.EntityFrameworkCore.Storage.RelationalDatabase.SaveChangesAsync(IList`1 entries, CancellationToken cancellationToken)&#xD;
   at Microsoft.EntityFrameworkCore.ChangeTracking.Internal.StateManager.SaveChangesAsync(IList`1 entriesToSave, CancellationToken cancellationToken)&#xD;
   at Microsoft.EntityFrameworkCore.ChangeTracking.Internal.StateManager.SaveChangesAsync(StateManager stateManager, Boolean acceptAllChangesOnSuccess, CancellationToken cancellationToken)&#xD;
   at Npgsql.EntityFrameworkCore.PostgreSQL.Storage.Internal.NpgsqlExecutionStrategy.ExecuteAsync[TState,TResult](TState state, Func`4 operation, Func`4 verifySucceeded, CancellationToken cancellationToken)&#xD;
   at Microsoft.EntityFrameworkCore.DbContext.SaveChangesAsync(Boolean acceptAllChangesOnSuccess, CancellationToken cancellationToken)&#xD;
   at Microsoft.EntityFrameworkCore.DbContext.SaveChangesAsync(Boolean acceptAllChangesOnSuccess, CancellationToken cancellationToken)&#xD;
   at CPR.IntegrationTests.GoalPersistenceTests.CanCreateAndReadGoal() in D:\projects\CPR\tests\CPR.IntegrationTests\GoalPersistenceTests.cs:line 69&#xD;
--- End of stack trace from previous location ---&#xD;
----- Inner Stack Trace -----&#xD;
   at Npgsql.Internal.NpgsqlConnector.ReadMessageLong(Boolean async, DataRowLoadingMode dataRowLoadingMode, Boolean readingNotifications, Boolean isReadingPrependedMessage)&#xD;
   at System.Runtime.CompilerServices.PoolingAsyncValueTaskMethodBuilder`1.StateMachineBox`1.System.Threading.Tasks.Sources.IValueTaskSource&lt;TResult&gt;.GetResult(Int16 token)&#xD;
   at Npgsql.NpgsqlDataReader.NextResult(Boolean async, Boolean isConsuming, CancellationToken cancellationToken)&#xD;
   at Npgsql.NpgsqlDataReader.NextResult(Boolean async, Boolean isConsuming, CancellationToken cancellationToken)&#xD;
   at Npgsql.NpgsqlCommand.ExecuteReader(Boolean async, CommandBehavior behavior, CancellationToken cancellationToken)&#xD;
   at Npgsql.NpgsqlCommand.ExecuteReader(Boolean async, CommandBehavior behavior, CancellationToken cancellationToken)&#xD;
   at Npgsql.NpgsqlCommand.ExecuteDbDataReaderAsync(CommandBehavior behavior, CancellationToken cancellationToken)&#xD;
   at Microsoft.EntityFrameworkCore.Storage.RelationalCommand.ExecuteReaderAsync(RelationalCommandParameterObject parameterObject, CancellationToken cancellationToken)&#xD;
   at Microsoft.EntityFrameworkCore.Storage.RelationalCommand.ExecuteReaderAsync(RelationalCommandParameterObject parameterObject, CancellationToken cancellationToken)&#xD;
   at Microsoft.EntityFrameworkCore.Update.ReaderModificationCommandBatch.ExecuteAsync(IRelationalConnection connection, CancellationToken cancellationToken)</StackTrace>
        </ErrorInfo>
      </Output>
    </UnitTestResult>
    <UnitTestResult executionId="68a727e1-7368-46e3-aef4-4faa7c0c14f7" testId="1bd96c75-b4ac-bf24-a878-158576647f1a" testName="CPR.IntegrationTests.MeControllerTests.UpdateSkill_WithInvalidSkillId_ReturnsBadRequest" computerName="VYACHESLAV-LAPT" duration="00:00:00.0038599" startTime="2025-09-18T18:01:55.4261961-05:00" endTime="2025-09-18T18:01:55.4261963-05:00" testType="13cdc9d9-ddb5-4fa4-a97d-d965ccfc6d4b" outcome="Passed" testListId="8c84fa94-04c1-424b-9868-57a2d4851a1d" relativeResultsDirectory="68a727e1-7368-46e3-aef4-4faa7c0c14f7" />
    <UnitTestResult executionId="c063dc25-7630-4fb4-b456-a5b9bc0c92f5" testId="3aade6ca-ec47-4cee-3b47-ad933911d26f" testName="CPR.IntegrationTests.FeedbackControllerTests.GetMyFeedback_WithoutAuth_ReturnsUnauthorized" computerName="VYACHESLAV-LAPT" duration="00:00:00.4227709" startTime="2025-09-18T18:01:54.2821162-05:00" endTime="2025-09-18T18:01:54.2821178-05:00" testType="13cdc9d9-ddb5-4fa4-a97d-d965ccfc6d4b" outcome="Passed" testListId="8c84fa94-04c1-424b-9868-57a2d4851a1d" relativeResultsDirectory="c063dc25-7630-4fb4-b456-a5b9bc0c92f5" />
    <UnitTestResult executionId="dffb97a0-7598-4a19-bfea-b69eef9934f0" testId="f29aa7de-4c80-0da6-2443-8f8e0973fb65" testName="CPR.IntegrationTests.TeamControllerIntegrationTests.GetTeamMemberProfile_WithoutAuth_ReturnsUnauthorized" computerName="VYACHESLAV-LAPT" duration="00:00:00.0010418" startTime="2025-09-18T18:01:55.8389132-05:00" endTime="2025-09-18T18:01:55.8389134-05:00" testType="13cdc9d9-ddb5-4fa4-a97d-d965ccfc6d4b" outcome="Passed" testListId="8c84fa94-04c1-424b-9868-57a2d4851a1d" relativeResultsDirectory="dffb97a0-7598-4a19-bfea-b69eef9934f0" />
    <UnitTestResult executionId="3e98248a-54d3-4bae-87f0-1ea34b666d0c" testId="61a9fa9c-b995-7f12-49f9-8116acddfade" testName="CPR.IntegrationTests.FeedbackControllerTests.GetMyFeedback_WithValidToken_ReturnsFeedback" computerName="VYACHESLAV-LAPT" duration="00:00:00.0116215" startTime="2025-09-18T18:01:55.4382343-05:00" endTime="2025-09-18T18:01:55.4382344-05:00" testType="13cdc9d9-ddb5-4fa4-a97d-d965ccfc6d4b" outcome="Passed" testListId="8c84fa94-04c1-424b-9868-57a2d4851a1d" relativeResultsDirectory="3e98248a-54d3-4bae-87f0-1ea34b666d0c" />
    <UnitTestResult executionId="f36185cb-11e2-4ecb-862f-c60bc0c0da5c" testId="08284252-18c0-d78e-5a23-6b4d7c5a10f6" testName="CPR.IntegrationTests.MeControllerTests.GetSkills_WithInvalidToken_ReturnsUnauthorized" computerName="VYACHESLAV-LAPT" duration="00:00:00.0041697" startTime="2025-09-18T18:01:55.4305424-05:00" endTime="2025-09-18T18:01:55.4305427-05:00" testType="13cdc9d9-ddb5-4fa4-a97d-d965ccfc6d4b" outcome="Passed" testListId="8c84fa94-04c1-424b-9868-57a2d4851a1d" relativeResultsDirectory="f36185cb-11e2-4ecb-862f-c60bc0c0da5c" />
    <UnitTestResult executionId="f00b2b50-6345-463b-a11e-738ffead94ea" testId="0de86132-3051-187e-70f1-4a17e5d53ce7" testName="CPR.IntegrationTests.FeedbackControllerTests.FeedbackEndpoints_WithoutAuth_ReturnsUnauthorized" computerName="VYACHESLAV-LAPT" duration="00:00:00.0016978" startTime="2025-09-18T18:01:55.4230763-05:00" endTime="2025-09-18T18:01:55.4230766-05:00" testType="13cdc9d9-ddb5-4fa4-a97d-d965ccfc6d4b" outcome="Passed" testListId="8c84fa94-04c1-424b-9868-57a2d4851a1d" relativeResultsDirectory="f00b2b50-6345-463b-a11e-738ffead94ea" />
    <UnitTestResult executionId="8d7bec41-b092-4cfe-8b29-6a3168af9862" testId="7ef2c649-79f6-7ef0-6e46-1bc8688c5122" testName="CPR.IntegrationTests.FeedbackControllerTests.SubmitFeedback_WithNonExistentEmployee_ReturnsBadRequest" computerName="VYACHESLAV-LAPT" duration="00:00:00.0146747" startTime="2025-09-18T18:01:55.4212952-05:00" endTime="2025-09-18T18:01:55.4212955-05:00" testType="13cdc9d9-ddb5-4fa4-a97d-d965ccfc6d4b" outcome="Passed" testListId="8c84fa94-04c1-424b-9868-57a2d4851a1d" relativeResultsDirectory="8d7bec41-b092-4cfe-8b29-6a3168af9862" />
    <UnitTestResult executionId="494f3f1b-b8a1-4bc5-9503-e1d83e8f0362" testId="ec30c8e4-bc80-d5a0-5ef6-d16f2e641071" testName="CPR.IntegrationTests.TaxonomyIntegrationTests.GetPositions_ReturnsPositions_WithExpectations" computerName="VYACHESLAV-LAPT" duration="00:00:00.0747948" startTime="2025-09-18T18:01:55.4376760-05:00" endTime="2025-09-18T18:01:55.4376763-05:00" testType="13cdc9d9-ddb5-4fa4-a97d-d965ccfc6d4b" outcome="Passed" testListId="8c84fa94-04c1-424b-9868-57a2d4851a1d" relativeResultsDirectory="494f3f1b-b8a1-4bc5-9503-e1d83e8f0362" />
    <UnitTestResult executionId="58ba924f-983b-4d46-8d69-60ea44c77cb4" testId="118dc1b6-e4bc-8cc6-c1dc-1bb6663f62b3" testName="CPR.IntegrationTests.GoalsControllerValidationTests.Post_TitleTooLong_Returns400" computerName="VYACHESLAV-LAPT" duration="00:00:00.5165689" startTime="2025-09-18T18:01:54.3758313-05:00" endTime="2025-09-18T18:01:54.3758313-05:00" testType="13cdc9d9-ddb5-4fa4-a97d-d965ccfc6d4b" outcome="Passed" testListId="8c84fa94-04c1-424b-9868-57a2d4851a1d" relativeResultsDirectory="58ba924f-983b-4d46-8d69-60ea44c77cb4" />
    <UnitTestResult executionId="e3ede6c6-eac1-4898-973f-2d021a363f1d" testId="44e189cf-3d09-c631-89e7-ce733c5db6b4" testName="CPR.IntegrationTests.ValidationTests.Post_PriorityOutOfRange_Returns400" computerName="VYACHESLAV-LAPT" duration="00:00:00.0092142" startTime="2025-09-18T18:01:54.3960157-05:00" endTime="2025-09-18T18:01:54.3960159-05:00" testType="13cdc9d9-ddb5-4fa4-a97d-d965ccfc6d4b" outcome="Passed" testListId="8c84fa94-04c1-424b-9868-57a2d4851a1d" relativeResultsDirectory="e3ede6c6-eac1-4898-973f-2d021a363f1d" />
    <UnitTestResult executionId="bb5641a5-5dc5-473b-817b-0c8eb7fdd2c9" testId="a1fd9541-019c-7fa9-40e5-f5aac0577d44" testName="CPR.IntegrationTests.ValidationTests.Post_InvalidVisibility_Returns400" computerName="VYACHESLAV-LAPT" duration="00:00:00.0042022" startTime="2025-09-18T18:01:54.3866786-05:00" endTime="2025-09-18T18:01:54.3866789-05:00" testType="13cdc9d9-ddb5-4fa4-a97d-d965ccfc6d4b" outcome="Passed" testListId="8c84fa94-04c1-424b-9868-57a2d4851a1d" relativeResultsDirectory="bb5641a5-5dc5-473b-817b-0c8eb7fdd2c9" />
    <UnitTestResult executionId="eb877ba0-25fe-4194-9540-8d5dac05137c" testId="f063b7f5-94b9-a8f0-437e-38f824100854" testName="CPR.IntegrationTests.SeedVerificationTests.SeedRows_Exist_InDatabase" computerName="VYACHESLAV-LAPT" duration="00:00:00.1074417" startTime="2025-09-18T18:01:55.3099138-05:00" endTime="2025-09-18T18:01:55.3099143-05:00" testType="13cdc9d9-ddb5-4fa4-a97d-d965ccfc6d4b" outcome="Passed" testListId="8c84fa94-04c1-424b-9868-57a2d4851a1d" relativeResultsDirectory="eb877ba0-25fe-4194-9540-8d5dac05137c" />
    <UnitTestResult executionId="e7444953-0462-44cd-b8b0-1060e505c6a2" testId="2ebd8cb8-f1c4-8c18-5beb-767057a3d5fe" testName="CPR.IntegrationTests.GoalsControllerValidationTests.Post_MissingTitle_Returns400" computerName="VYACHESLAV-LAPT" duration="00:00:00.0015827" startTime="2025-09-18T18:01:54.3920906-05:00" endTime="2025-09-18T18:01:54.3920908-05:00" testType="13cdc9d9-ddb5-4fa4-a97d-d965ccfc6d4b" outcome="Passed" testListId="8c84fa94-04c1-424b-9868-57a2d4851a1d" relativeResultsDirectory="e7444953-0462-44cd-b8b0-1060e505c6a2" />
    <UnitTestResult executionId="b1ad8496-4c40-4f69-802c-2f0c17486f57" testId="e591fc3e-7c70-2853-2634-49449e5a3b41" testName="CPR.IntegrationTests.MeControllerTests.CreateSkill_WithValidData_ReturnsCreated" computerName="VYACHESLAV-LAPT" duration="00:00:00.0188554" startTime="2025-09-18T18:01:55.4550346-05:00" endTime="2025-09-18T18:01:55.4550348-05:00" testType="13cdc9d9-ddb5-4fa4-a97d-d965ccfc6d4b" outcome="Passed" testListId="8c84fa94-04c1-424b-9868-57a2d4851a1d" relativeResultsDirectory="b1ad8496-4c40-4f69-802c-2f0c17486f57" />
    <UnitTestResult executionId="1fe56ca2-14fd-4cde-99e3-6bef902137e2" testId="ecf23a0f-48be-f021-c4bd-fb98ccc0c24e" testName="CPR.IntegrationTests.TeamControllerIntegrationTests.GetTeamMembers_WithoutAuth_ReturnsUnauthorized" computerName="VYACHESLAV-LAPT" duration="00:00:00.0031804" startTime="2025-09-18T18:01:55.6942366-05:00" endTime="2025-09-18T18:01:55.6942371-05:00" testType="13cdc9d9-ddb5-4fa4-a97d-d965ccfc6d4b" outcome="Passed" testListId="8c84fa94-04c1-424b-9868-57a2d4851a1d" relativeResultsDirectory="1fe56ca2-14fd-4cde-99e3-6bef902137e2" />
    <UnitTestResult executionId="408db03f-950e-4b9e-b38d-35f74021036b" testId="45d374f6-d353-b8ab-8f38-5ad1bb340066" testName="CPR.IntegrationTests.FeedbackControllerTests.SubmitFeedback_WithoutAuth_ReturnsUnauthorized" computerName="VYACHESLAV-LAPT" duration="00:00:00.0151990" startTime="2025-09-18T18:01:54.2974783-05:00" endTime="2025-09-18T18:01:54.2974790-05:00" testType="13cdc9d9-ddb5-4fa4-a97d-d965ccfc6d4b" outcome="Passed" testListId="8c84fa94-04c1-424b-9868-57a2d4851a1d" relativeResultsDirectory="408db03f-950e-4b9e-b38d-35f74021036b" />
    <UnitTestResult executionId="30f427be-0b68-4b9c-b7e0-f172c45ba1d2" testId="a30ef18d-8dad-cc96-cb9a-133fb87e2555" testName="CPR.IntegrationTests.TeamControllerIntegrationTests.GetTeamGoals_WithoutAuth_ReturnsUnauthorized" computerName="VYACHESLAV-LAPT" duration="00:00:00.0328868" startTime="2025-09-18T18:01:55.6909421-05:00" endTime="2025-09-18T18:01:55.6909423-05:00" testType="13cdc9d9-ddb5-4fa4-a97d-d965ccfc6d4b" outcome="Passed" testListId="8c84fa94-04c1-424b-9868-57a2d4851a1d" relativeResultsDirectory="30f427be-0b68-4b9c-b7e0-f172c45ba1d2" />
    <UnitTestResult executionId="85d30364-f385-4582-8d01-d1924328a346" testId="fe1ed513-1250-e1d2-25f2-fcc8fda41b69" testName="CPR.IntegrationTests.UserAndGoalPersistenceTests.CanCreateUserAndGoal" computerName="VYACHESLAV-LAPT" duration="00:00:01.3248262" startTime="2025-09-18T18:01:55.1840470-05:00" endTime="2025-09-18T18:01:55.1840472-05:00" testType="13cdc9d9-ddb5-4fa4-a97d-d965ccfc6d4b" outcome="Passed" testListId="8c84fa94-04c1-424b-9868-57a2d4851a1d" relativeResultsDirectory="85d30364-f385-4582-8d01-d1924328a346" />
    <UnitTestResult executionId="73c0664d-7dda-4599-946c-b3ac3ed484b4" testId="28ecad98-8382-6d60-ee92-22a0c778df60" testName="CPR.IntegrationTests.TeamControllerIntegrationTests.DebugDatabaseState" computerName="VYACHESLAV-LAPT" duration="00:00:00.0705984" startTime="2025-09-18T18:01:55.6579189-05:00" endTime="2025-09-18T18:01:55.6579190-05:00" testType="13cdc9d9-ddb5-4fa4-a97d-d965ccfc6d4b" outcome="Passed" testListId="8c84fa94-04c1-424b-9868-57a2d4851a1d" relativeResultsDirectory="73c0664d-7dda-4599-946c-b3ac3ed484b4" />
    <UnitTestResult executionId="4b712e72-1b30-48ab-962f-6b9fc605cc13" testId="2fbf2db1-a558-a0e3-f310-db98f5460421" testName="CPR.IntegrationTests.FeedbackControllerTests.SubmitFeedback_WithContentTooShort_ReturnsBadRequest" computerName="VYACHESLAV-LAPT" duration="00:00:00.0033944" startTime="2025-09-18T18:01:55.4265317-05:00" endTime="2025-09-18T18:01:55.4265319-05:00" testType="13cdc9d9-ddb5-4fa4-a97d-d965ccfc6d4b" outcome="Passed" testListId="8c84fa94-04c1-424b-9868-57a2d4851a1d" relativeResultsDirectory="4b712e72-1b30-48ab-962f-6b9fc605cc13" />
    <UnitTestResult executionId="0c66fd33-da3f-4648-8ad8-ead8203e27ef" testId="01d3bdf4-8acc-aba8-eb7d-87bf036ba0df" testName="CPR.IntegrationTests.TaxonomyIntegrationTests.GetSkillLevels_ReturnsFilteredSkillLevels_WhenSkillIdProvided" computerName="VYACHESLAV-LAPT" duration="00:00:00.0323673" startTime="2025-09-18T18:01:55.5088176-05:00" endTime="2025-09-18T18:01:55.5088179-05:00" testType="13cdc9d9-ddb5-4fa4-a97d-d965ccfc6d4b" outcome="Passed" testListId="8c84fa94-04c1-424b-9868-57a2d4851a1d" relativeResultsDirectory="0c66fd33-da3f-4648-8ad8-ead8203e27ef" />
    <UnitTestResult executionId="3470e34b-3b5c-4af6-b57c-e75031f91127" testId="4db065df-e165-6201-98ef-ce56445e3caf" testName="CPR.IntegrationTests.MeControllerTests.GetMe_WithValidToken_ReturnsOk" computerName="VYACHESLAV-LAPT" duration="00:00:00.0037128" startTime="2025-09-18T18:01:55.4637020-05:00" endTime="2025-09-18T18:01:55.4637024-05:00" testType="13cdc9d9-ddb5-4fa4-a97d-d965ccfc6d4b" outcome="Passed" testListId="8c84fa94-04c1-424b-9868-57a2d4851a1d" relativeResultsDirectory="3470e34b-3b5c-4af6-b57c-e75031f91127" />
    <UnitTestResult executionId="9e347d1e-fbe9-4ba4-a7c2-d74417429f77" testId="1c532ac5-0e98-3361-8be2-8f11dd32f43f" testName="CPR.IntegrationTests.ValidationTests.Post_InvalidEmployeeId_Returns400" computerName="VYACHESLAV-LAPT" duration="00:00:00.5241374" startTime="2025-09-18T18:01:54.3838506-05:00" endTime="2025-09-18T18:01:54.3838507-05:00" testType="13cdc9d9-ddb5-4fa4-a97d-d965ccfc6d4b" outcome="Passed" testListId="8c84fa94-04c1-424b-9868-57a2d4851a1d" relativeResultsDirectory="9e347d1e-fbe9-4ba4-a7c2-d74417429f77" />
    <UnitTestResult executionId="90daa397-2cc0-4d57-8686-62dc83235698" testId="e4b2dd15-4372-2a2d-c7d0-a9a8b1188955" testName="CPR.IntegrationTests.GoalsControllerTaskNegativeTests.PatchTask_ByDifferentEmployee_ReturnsForbidden" computerName="VYACHESLAV-LAPT" duration="00:00:01.4232738" startTime="2025-09-18T18:01:55.2824465-05:00" endTime="2025-09-18T18:01:55.2824467-05:00" testType="13cdc9d9-ddb5-4fa4-a97d-d965ccfc6d4b" outcome="Passed" testListId="8c84fa94-04c1-424b-9868-57a2d4851a1d" relativeResultsDirectory="90daa397-2cc0-4d57-8686-62dc83235698" />
    <UnitTestResult executionId="cb472f64-90f0-4ba7-b382-17dc10db5c3f" testId="ee2e5bd1-8e7f-cb2f-5ce3-d7e00bb52d61" testName="CPR.IntegrationTests.GoalControllerProblemDetailsTests.CreateGoal_WhenServiceThrowsArgumentNull_Returns400ProblemDetails" computerName="VYACHESLAV-LAPT" duration="00:00:00.4332780" startTime="2025-09-18T18:01:54.2924536-05:00" endTime="2025-09-18T18:01:54.2924538-05:00" testType="13cdc9d9-ddb5-4fa4-a97d-d965ccfc6d4b" outcome="Passed" testListId="8c84fa94-04c1-424b-9868-57a2d4851a1d" relativeResultsDirectory="cb472f64-90f0-4ba7-b382-17dc10db5c3f" />
    <UnitTestResult executionId="ae6c50de-f54b-47fb-8e48-a834825ed51d" testId="3ff5f13e-a5fc-6c3f-a043-1a1ce8cfcbec" testName="CPR.IntegrationTests.TaxonomyIntegrationTests.GetSkills_ReturnsAllSkills_WhenNoPositionIdProvided" computerName="VYACHESLAV-LAPT" duration="00:00:00.0089020" startTime="2025-09-18T18:01:55.5681047-05:00" endTime="2025-09-18T18:01:55.5681049-05:00" testType="13cdc9d9-ddb5-4fa4-a97d-d965ccfc6d4b" outcome="Passed" testListId="8c84fa94-04c1-424b-9868-57a2d4851a1d" relativeResultsDirectory="ae6c50de-f54b-47fb-8e48-a834825ed51d" />
    <UnitTestResult executionId="7b3f7e86-cf10-48af-8603-1e026f3dc43f" testId="def40322-5336-28e5-48e0-7f54dac06d81" testName="CPR.IntegrationTests.MeControllerTests.UpdateSkill_WithInvalidLevelId_ReturnsBadRequest" computerName="VYACHESLAV-LAPT" duration="00:00:00.0350814" startTime="2025-09-18T18:01:55.3900668-05:00" endTime="2025-09-18T18:01:55.3900670-05:00" testType="13cdc9d9-ddb5-4fa4-a97d-d965ccfc6d4b" outcome="Passed" testListId="8c84fa94-04c1-424b-9868-57a2d4851a1d" relativeResultsDirectory="7b3f7e86-cf10-48af-8603-1e026f3dc43f" />
    <UnitTestResult executionId="50ea5beb-7bcf-489c-b0c7-d8ac205f9f18" testId="553e17d0-eeee-fe28-b906-035531c28253" testName="CPR.IntegrationTests.FeedbackControllerTests.CreateFeedbackRequest_WithInvalidEmployeeId_ReturnsBadRequest" computerName="VYACHESLAV-LAPT" duration="00:00:00.0065270" startTime="2025-09-18T18:01:55.2683469-05:00" endTime="2025-09-18T18:01:55.2683473-05:00" testType="13cdc9d9-ddb5-4fa4-a97d-d965ccfc6d4b" outcome="Passed" testListId="8c84fa94-04c1-424b-9868-57a2d4851a1d" relativeResultsDirectory="50ea5beb-7bcf-489c-b0c7-d8ac205f9f18" />
    <UnitTestResult executionId="61f6544a-4101-4335-9872-d7d2e7e84bd7" testId="ae2baf5f-ed77-a3c0-4409-3aa9d6f608ef" testName="CPR.IntegrationTests.FeedbackControllerTests.CreateFeedbackRequest_WithValidData_ReturnsCreated" computerName="VYACHESLAV-LAPT" duration="00:00:00.0463978" startTime="2025-09-18T18:01:55.3980209-05:00" endTime="2025-09-18T18:01:55.3980219-05:00" testType="13cdc9d9-ddb5-4fa4-a97d-d965ccfc6d4b" outcome="Passed" testListId="8c84fa94-04c1-424b-9868-57a2d4851a1d" relativeResultsDirectory="61f6544a-4101-4335-9872-d7d2e7e84bd7" />
    <UnitTestResult executionId="59cefcaf-1401-48b6-aa5a-ade11e9d3075" testId="74a6be40-fb82-4088-f7ef-e7ccde9c1737" testName="CPR.IntegrationTests.GoalsControllerTaskNegativeTests.PatchTask_NonExistentTask_ReturnsNotFound" computerName="VYACHESLAV-LAPT" duration="00:00:00.0202672" startTime="2025-09-18T18:01:55.3043932-05:00" endTime="2025-09-18T18:01:55.3043933-05:00" testType="13cdc9d9-ddb5-4fa4-a97d-d965ccfc6d4b" outcome="Passed" testListId="8c84fa94-04c1-424b-9868-57a2d4851a1d" relativeResultsDirectory="59cefcaf-1401-48b6-aa5a-ade11e9d3075" />
    <UnitTestResult executionId="133ee67f-e45f-4064-a5e3-6106deacc89e" testId="cde1cb49-9afd-cbe3-e0aa-544cbd426dd6" testName="CPR.IntegrationTests.GoalsControllerValidationTests.Post_DescriptionTooLong_Returns400" computerName="VYACHESLAV-LAPT" duration="00:00:00.0064833" startTime="2025-09-18T18:01:54.3839553-05:00" endTime="2025-09-18T18:01:54.3839554-05:00" testType="13cdc9d9-ddb5-4fa4-a97d-d965ccfc6d4b" outcome="Passed" testListId="8c84fa94-04c1-424b-9868-57a2d4851a1d" relativeResultsDirectory="133ee67f-e45f-4064-a5e3-6106deacc89e" />
    <UnitTestResult executionId="95cd14ec-91b5-4462-9ac4-dc3a6b0994c1" testId="a531cc14-8c22-f56b-5f9b-9e18b3c3a423" testName="CPR.IntegrationTests.TeamControllerIntegrationTests.GetTeamGoals_WithAuth_ReturnsOk" computerName="VYACHESLAV-LAPT" duration="00:00:00.0409680" startTime="2025-09-18T18:01:55.8377560-05:00" endTime="2025-09-18T18:01:55.8377569-05:00" testType="13cdc9d9-ddb5-4fa4-a97d-d965ccfc6d4b" outcome="Passed" testListId="8c84fa94-04c1-424b-9868-57a2d4851a1d" relativeResultsDirectory="95cd14ec-91b5-4462-9ac4-dc3a6b0994c1" />
    <UnitTestResult executionId="2a9ed520-280f-4c50-b61e-865729d43ebc" testId="db8fd5c7-ac98-c33d-b5b3-971433a1afb2" testName="CPR.IntegrationTests.GoalControllerProblemDetailsTests.GetMine_WhenServiceThrowsArgumentOutOfRange_Returns400ProblemDetails" computerName="VYACHESLAV-LAPT" duration="00:00:00.0830102" startTime="2025-09-18T18:01:54.3757508-05:00" endTime="2025-09-18T18:01:54.3757512-05:00" testType="13cdc9d9-ddb5-4fa4-a97d-d965ccfc6d4b" outcome="Passed" testListId="8c84fa94-04c1-424b-9868-57a2d4851a1d" relativeResultsDirectory="2a9ed520-280f-4c50-b61e-865729d43ebc" />
    <UnitTestResult executionId="601a2d46-8d0a-49d0-8ad9-1e83f62ac691" testId="0a1e3777-3d97-c3a1-0a36-d747e8ad5df8" testName="CPR.IntegrationTests.TeamControllerIntegrationTests.GetTeamMemberProfile_WithAuth_ReturnsOk" computerName="VYACHESLAV-LAPT" duration="00:00:00.0939762" startTime="2025-09-18T18:01:55.7883227-05:00" endTime="2025-09-18T18:01:55.7883229-05:00" testType="13cdc9d9-ddb5-4fa4-a97d-d965ccfc6d4b" outcome="Passed" testListId="8c84fa94-04c1-424b-9868-57a2d4851a1d" relativeResultsDirectory="601a2d46-8d0a-49d0-8ad9-1e83f62ac691" />
    <UnitTestResult executionId="6bdebfba-29db-4f14-92f5-c1c1c28f6017" testId="f6141590-a703-295f-1627-e66a236312b3" testName="CPR.IntegrationTests.FeedbackControllerTests.SubmitFeedback_WithMaliciousContent_ReturnsBadRequest" computerName="VYACHESLAV-LAPT" duration="00:00:00.0191992" startTime="2025-09-18T18:01:55.3514761-05:00" endTime="2025-09-18T18:01:55.3514763-05:00" testType="13cdc9d9-ddb5-4fa4-a97d-d965ccfc6d4b" outcome="Passed" testListId="8c84fa94-04c1-424b-9868-57a2d4851a1d" relativeResultsDirectory="6bdebfba-29db-4f14-92f5-c1c1c28f6017" />
    <UnitTestResult executionId="37223ab4-7acc-4ef5-99f2-392081f6b5e6" testId="ed35692f-839c-1d5b-d514-2259e7e1a7cc" testName="CPR.IntegrationTests.MeControllerTests.CreateSkill_WithInvalidSkillId_ReturnsBadRequest" computerName="VYACHESLAV-LAPT" duration="00:00:00.0053507" startTime="2025-09-18T18:01:55.4360455-05:00" endTime="2025-09-18T18:01:55.4360456-05:00" testType="13cdc9d9-ddb5-4fa4-a97d-d965ccfc6d4b" outcome="Passed" testListId="8c84fa94-04c1-424b-9868-57a2d4851a1d" relativeResultsDirectory="37223ab4-7acc-4ef5-99f2-392081f6b5e6" />
    <UnitTestResult executionId="86ac3df8-b9aa-4c15-960a-e336013a62fa" testId="8cc60949-5900-f178-8413-70dafcf5b45b" testName="CPR.IntegrationTests.TokenGeneratorSmokeTests.TokenGenerator_E2E_ReturnsUserProfile" computerName="VYACHESLAV-LAPT" duration="00:00:00.4524991" startTime="2025-09-18T18:01:54.3116388-05:00" endTime="2025-09-18T18:01:54.3116391-05:00" testType="13cdc9d9-ddb5-4fa4-a97d-d965ccfc6d4b" outcome="Passed" testListId="8c84fa94-04c1-424b-9868-57a2d4851a1d" relativeResultsDirectory="86ac3df8-b9aa-4c15-960a-e336013a62fa" />
    <UnitTestResult executionId="8dd590b6-6dad-4297-96ae-9d05c26d9f6b" testId="d05bc568-58a5-4262-725d-6c0b439220ce" testName="CPR.IntegrationTests.MigrationSmokeTests.MigrationsHistory_Contains_AddSeedData" computerName="VYACHESLAV-LAPT" duration="00:00:01.0937700" startTime="2025-09-18T18:01:54.9531272-05:00" endTime="2025-09-18T18:01:54.9531276-05:00" testType="13cdc9d9-ddb5-4fa4-a97d-d965ccfc6d4b" outcome="Passed" testListId="8c84fa94-04c1-424b-9868-57a2d4851a1d" relativeResultsDirectory="8dd590b6-6dad-4297-96ae-9d05c26d9f6b" />
    <UnitTestResult executionId="baf099db-66ec-401d-acd3-a0145c794d52" testId="11e8ca3a-8ded-5e35-e027-d50cd589b4c1" testName="CPR.IntegrationTests.TaxonomyIntegrationTests.GetSkillLevels_ReturnsAllSkillLevels_WhenNoSkillIdProvided" computerName="VYACHESLAV-LAPT" duration="00:00:00.0090595" startTime="2025-09-18T18:01:55.5772924-05:00" endTime="2025-09-18T18:01:55.5772927-05:00" testType="13cdc9d9-ddb5-4fa4-a97d-d965ccfc6d4b" outcome="Passed" testListId="8c84fa94-04c1-424b-9868-57a2d4851a1d" relativeResultsDirectory="baf099db-66ec-401d-acd3-a0145c794d52" />
    <UnitTestResult executionId="da50ef0c-08aa-419b-9f9d-23f53c39aff6" testId="27fc9849-ff56-ddba-7c0a-55c86fe2a552" testName="CPR.IntegrationTests.TeamControllerIntegrationTests.GetTeamMemberProfile_NonExistentMember_ReturnsNotFound" computerName="VYACHESLAV-LAPT" duration="00:00:00.0080947" startTime="2025-09-18T18:01:55.7966153-05:00" endTime="2025-09-18T18:01:55.7966160-05:00" testType="13cdc9d9-ddb5-4fa4-a97d-d965ccfc6d4b" outcome="Passed" testListId="8c84fa94-04c1-424b-9868-57a2d4851a1d" relativeResultsDirectory="da50ef0c-08aa-419b-9f9d-23f53c39aff6" />
    <UnitTestResult executionId="a06a37cc-eea7-4c35-917e-5ee3b6d7722a" testId="fba232a1-0ae7-f1df-3a14-b0e71155a366" testName="CPR.IntegrationTests.MeControllerTests.UpdateSkill_WithValidData_ReturnsOk" computerName="VYACHESLAV-LAPT" duration="00:00:01.4957006" startTime="2025-09-18T18:01:55.3548354-05:00" endTime="2025-09-18T18:01:55.3548357-05:00" testType="13cdc9d9-ddb5-4fa4-a97d-d965ccfc6d4b" outcome="Passed" testListId="8c84fa94-04c1-424b-9868-57a2d4851a1d" relativeResultsDirectory="a06a37cc-eea7-4c35-917e-5ee3b6d7722a" />
    <UnitTestResult executionId="3a07ef73-fa4f-4bfb-88c3-aefcda2e4984" testId="26431ebd-3025-6724-dd53-ba31e6fe705d" testName="CPR.IntegrationTests.GoalsControllerValidationTests.Post_InvalidDeadlineFormat_Returns400" computerName="VYACHESLAV-LAPT" duration="00:00:00.0079389" startTime="2025-09-18T18:01:54.3904143-05:00" endTime="2025-09-18T18:01:54.3904146-05:00" testType="13cdc9d9-ddb5-4fa4-a97d-d965ccfc6d4b" outcome="Passed" testListId="8c84fa94-04c1-424b-9868-57a2d4851a1d" relativeResultsDirectory="3a07ef73-fa4f-4bfb-88c3-aefcda2e4984" />
    <UnitTestResult executionId="e729d4e3-0daf-491f-a95d-5a21bde8b789" testId="0605b040-493b-f86c-cd73-c62d3de0c86e" testName="CPR.IntegrationTests.TaxonomyIntegrationTests.GetSkills_ReturnsFilteredSkills_WhenPositionIdProvided" computerName="VYACHESLAV-LAPT" duration="00:00:00.0384761" startTime="2025-09-18T18:01:55.4762804-05:00" endTime="2025-09-18T18:01:55.4762810-05:00" testType="13cdc9d9-ddb5-4fa4-a97d-d965ccfc6d4b" outcome="Passed" testListId="8c84fa94-04c1-424b-9868-57a2d4851a1d" relativeResultsDirectory="e729d4e3-0daf-491f-a95d-5a21bde8b789" />
    <UnitTestResult executionId="6165fa1e-dfa6-4748-9158-e63f902121fb" testId="a1909a95-cfcf-e163-1184-69393c008254" testName="CPR.IntegrationTests.FeedbackControllerTests.GetSentRequests_WithValidToken_ReturnsRequests" computerName="VYACHESLAV-LAPT" duration="00:00:00.9607814" startTime="2025-09-18T18:01:55.2584390-05:00" endTime="2025-09-18T18:01:55.2584392-05:00" testType="13cdc9d9-ddb5-4fa4-a97d-d965ccfc6d4b" outcome="Passed" testListId="8c84fa94-04c1-424b-9868-57a2d4851a1d" relativeResultsDirectory="6165fa1e-dfa6-4748-9158-e63f902121fb" />
    <UnitTestResult executionId="7493eec8-7a13-4698-8962-c72f9f2e2001" testId="62edc9de-5141-4717-686e-b35cfa9db6b1" testName="CPR.IntegrationTests.MeControllerTests.CreateSkill_DuplicateAssessment_ReturnsConflict" computerName="VYACHESLAV-LAPT" duration="00:00:00.0321020" startTime="2025-09-18T18:01:55.4222481-05:00" endTime="2025-09-18T18:01:55.4222483-05:00" testType="13cdc9d9-ddb5-4fa4-a97d-d965ccfc6d4b" outcome="Passed" testListId="8c84fa94-04c1-424b-9868-57a2d4851a1d" relativeResultsDirectory="7493eec8-7a13-4698-8962-c72f9f2e2001" />
    <UnitTestResult executionId="1d843598-5268-4271-b69e-58965aee6cd4" testId="d56d3058-bd1c-d798-0ea3-cc6686dc7c76" testName="CPR.IntegrationTests.FeedbackControllerTests.SubmitFeedback_WithSelfFeedback_ReturnsBadRequest" computerName="VYACHESLAV-LAPT" duration="00:00:00.0033585" startTime="2025-09-18T18:01:55.4416973-05:00" endTime="2025-09-18T18:01:55.4416981-05:00" testType="13cdc9d9-ddb5-4fa4-a97d-d965ccfc6d4b" outcome="Passed" testListId="8c84fa94-04c1-424b-9868-57a2d4851a1d" relativeResultsDirectory="1d843598-5268-4271-b69e-58965aee6cd4" />
    <UnitTestResult executionId="0748851f-243b-45da-b626-2f405de719f4" testId="ee4c9f89-f238-56ec-3a15-49a685a646f4" testName="CPR.IntegrationTests.FeedbackControllerTests.GetTodoRequests_WithValidToken_ReturnsRequests" computerName="VYACHESLAV-LAPT" duration="00:00:00.0634727" startTime="2025-09-18T18:01:55.3321513-05:00" endTime="2025-09-18T18:01:55.3321514-05:00" testType="13cdc9d9-ddb5-4fa4-a97d-d965ccfc6d4b" outcome="Passed" testListId="8c84fa94-04c1-424b-9868-57a2d4851a1d" relativeResultsDirectory="0748851f-243b-45da-b626-2f405de719f4" />
    <UnitTestResult executionId="d95d945b-06b4-486a-a556-5eb6280ca45b" testId="eb99d772-e52d-33d1-5b56-17a9dfc45d29" testName="CPR.IntegrationTests.FeedbackControllerTests.SubmitFeedback_WithInvalidRating_ReturnsBadRequest" computerName="VYACHESLAV-LAPT" duration="00:00:00.0083447" startTime="2025-09-18T18:01:55.4065125-05:00" endTime="2025-09-18T18:01:55.4065133-05:00" testType="13cdc9d9-ddb5-4fa4-a97d-d965ccfc6d4b" outcome="Passed" testListId="8c84fa94-04c1-424b-9868-57a2d4851a1d" relativeResultsDirectory="d95d945b-06b4-486a-a556-5eb6280ca45b" />
    <UnitTestResult executionId="8c9d86d9-852e-4a8c-aefa-04e06fb08b41" testId="b7ab4903-16a4-74d8-3a22-0ac9ee637cee" testName="CPR.IntegrationTests.GoalsControllerTaskPatchTests.PatchTask_CanUpdateFields_AndToggleCompletion" computerName="VYACHESLAV-LAPT" duration="00:00:01.4407881" startTime="2025-09-18T18:01:55.3000121-05:00" endTime="2025-09-18T18:01:55.3000128-05:00" testType="13cdc9d9-ddb5-4fa4-a97d-d965ccfc6d4b" outcome="Passed" testListId="8c84fa94-04c1-424b-9868-57a2d4851a1d" relativeResultsDirectory="8c9d86d9-852e-4a8c-aefa-04e06fb08b41" />
    <UnitTestResult executionId="aeeac344-28e5-415e-95e5-8517c8b39ebd" testId="85d209c8-7a00-f15b-c7e0-4a9fee788f63" testName="CPR.IntegrationTests.TaxonomyIntegrationTests.GetCareer_ReturnsSeededPaths" computerName="VYACHESLAV-LAPT" duration="00:00:00.0525289" startTime="2025-09-18T18:01:55.3627644-05:00" endTime="2025-09-18T18:01:55.3627648-05:00" testType="13cdc9d9-ddb5-4fa4-a97d-d965ccfc6d4b" outcome="Passed" testListId="8c84fa94-04c1-424b-9868-57a2d4851a1d" relativeResultsDirectory="aeeac344-28e5-415e-95e5-8517c8b39ebd" />
    <UnitTestResult executionId="1b341063-efa6-4966-9ec0-e0d6fb270cd4" testId="fe1dd90f-597a-889d-a6df-6fac4049ab48" testName="CPR.IntegrationTests.SampleIntegrationTest.CanRun" computerName="VYACHESLAV-LAPT" duration="00:00:00.0099633" startTime="2025-09-18T18:01:53.8750662-05:00" endTime="2025-09-18T18:01:53.8750806-05:00" testType="13cdc9d9-ddb5-4fa4-a97d-d965ccfc6d4b" outcome="Passed" testListId="8c84fa94-04c1-424b-9868-57a2d4851a1d" relativeResultsDirectory="1b341063-efa6-4966-9ec0-e0d6fb270cd4" />
    <UnitTestResult executionId="a55bb7cb-2f7c-480d-b7d6-294186a0a320" testId="c25904b6-fda5-42cf-ddcf-4118adc9fb2e" testName="CPR.IntegrationTests.TaxonomyIntegrationTests.GetCareerTracks_ReturnsTracks_WhenCareerPathProvided" computerName="VYACHESLAV-LAPT" duration="00:00:00.0501205" startTime="2025-09-18T18:01:55.5590831-05:00" endTime="2025-09-18T18:01:55.5590833-05:00" testType="13cdc9d9-ddb5-4fa4-a97d-d965ccfc6d4b" outcome="Passed" testListId="8c84fa94-04c1-424b-9868-57a2d4851a1d" relativeResultsDirectory="a55bb7cb-2f7c-480d-b7d6-294186a0a320" />
    <UnitTestResult executionId="36e34203-83e3-4402-8de9-2fe9611c6d30" testId="e5fd43b5-1ca1-7426-3362-54ff6dcf4316" testName="CPR.IntegrationTests.MeControllerTests.GetSkills_WithValidToken_ReturnsUserSkills" computerName="VYACHESLAV-LAPT" duration="00:00:00.0047175" startTime="2025-09-18T18:01:55.4598351-05:00" endTime="2025-09-18T18:01:55.4598358-05:00" testType="13cdc9d9-ddb5-4fa4-a97d-d965ccfc6d4b" outcome="Passed" testListId="8c84fa94-04c1-424b-9868-57a2d4851a1d" relativeResultsDirectory="36e34203-83e3-4402-8de9-2fe9611c6d30" />
  </Results>
  <TestDefinitions>
    <UnitTest name="CPR.IntegrationTests.TeamControllerIntegrationTests.GetTeamMemberProfile_NonExistentMember_ReturnsNotFound" storage="d:\projects\cpr\tests\cpr.integrationtests\bin\debug\net9.0\cpr.integrationtests.dll" id="27fc9849-ff56-ddba-7c0a-55c86fe2a552">
      <Execution id="da50ef0c-08aa-419b-9f9d-23f53c39aff6" />
      <TestMethod codeBase="D:\projects\CPR\tests\CPR.IntegrationTests\bin\Debug\net9.0\CPR.IntegrationTests.dll" adapterTypeName="executor://xunit/VsTestRunner2/netcoreapp" className="CPR.IntegrationTests.TeamControllerIntegrationTests" name="GetTeamMemberProfile_NonExistentMember_ReturnsNotFound" />
    </UnitTest>
    <UnitTest name="CPR.IntegrationTests.GoalsControllerTaskNegativeTests.PatchTask_ByDifferentEmployee_ReturnsForbidden" storage="d:\projects\cpr\tests\cpr.integrationtests\bin\debug\net9.0\cpr.integrationtests.dll" id="e4b2dd15-4372-2a2d-c7d0-a9a8b1188955">
      <Execution id="90daa397-2cc0-4d57-8686-62dc83235698" />
      <TestMethod codeBase="D:\projects\CPR\tests\CPR.IntegrationTests\bin\Debug\net9.0\CPR.IntegrationTests.dll" adapterTypeName="executor://xunit/VsTestRunner2/netcoreapp" className="CPR.IntegrationTests.GoalsControllerTaskNegativeTests" name="PatchTask_ByDifferentEmployee_ReturnsForbidden" />
    </UnitTest>
    <UnitTest name="CPR.IntegrationTests.FeedbackControllerTests.GetMyFeedback_WithoutAuth_ReturnsUnauthorized" storage="d:\projects\cpr\tests\cpr.integrationtests\bin\debug\net9.0\cpr.integrationtests.dll" id="3aade6ca-ec47-4cee-3b47-ad933911d26f">
      <Execution id="c063dc25-7630-4fb4-b456-a5b9bc0c92f5" />
      <TestMethod codeBase="D:\projects\CPR\tests\CPR.IntegrationTests\bin\Debug\net9.0\CPR.IntegrationTests.dll" adapterTypeName="executor://xunit/VsTestRunner2/netcoreapp" className="CPR.IntegrationTests.FeedbackControllerTests" name="GetMyFeedback_WithoutAuth_ReturnsUnauthorized" />
    </UnitTest>
    <UnitTest name="CPR.IntegrationTests.TaxonomyIntegrationTests.GetPositions_ReturnsPositions_WithExpectations" storage="d:\projects\cpr\tests\cpr.integrationtests\bin\debug\net9.0\cpr.integrationtests.dll" id="ec30c8e4-bc80-d5a0-5ef6-d16f2e641071">
      <Execution id="494f3f1b-b8a1-4bc5-9503-e1d83e8f0362" />
      <TestMethod codeBase="D:\projects\CPR\tests\CPR.IntegrationTests\bin\Debug\net9.0\CPR.IntegrationTests.dll" adapterTypeName="executor://xunit/VsTestRunner2/netcoreapp" className="CPR.IntegrationTests.TaxonomyIntegrationTests" name="GetPositions_ReturnsPositions_WithExpectations" />
    </UnitTest>
    <UnitTest name="CPR.IntegrationTests.MeControllerTests.CreateSkill_WithValidData_ReturnsCreated" storage="d:\projects\cpr\tests\cpr.integrationtests\bin\debug\net9.0\cpr.integrationtests.dll" id="e591fc3e-7c70-2853-2634-49449e5a3b41">
      <Execution id="b1ad8496-4c40-4f69-802c-2f0c17486f57" />
      <TestMethod codeBase="D:\projects\CPR\tests\CPR.IntegrationTests\bin\Debug\net9.0\CPR.IntegrationTests.dll" adapterTypeName="executor://xunit/VsTestRunner2/netcoreapp" className="CPR.IntegrationTests.MeControllerTests" name="CreateSkill_WithValidData_ReturnsCreated" />
    </UnitTest>
    <UnitTest name="CPR.IntegrationTests.TeamControllerIntegrationTests.GetTeamMemberProfile_WithoutAuth_ReturnsUnauthorized" storage="d:\projects\cpr\tests\cpr.integrationtests\bin\debug\net9.0\cpr.integrationtests.dll" id="f29aa7de-4c80-0da6-2443-8f8e0973fb65">
      <Execution id="dffb97a0-7598-4a19-bfea-b69eef9934f0" />
      <TestMethod codeBase="D:\projects\CPR\tests\CPR.IntegrationTests\bin\Debug\net9.0\CPR.IntegrationTests.dll" adapterTypeName="executor://xunit/VsTestRunner2/netcoreapp" className="CPR.IntegrationTests.TeamControllerIntegrationTests" name="GetTeamMemberProfile_WithoutAuth_ReturnsUnauthorized" />
    </UnitTest>
    <UnitTest name="CPR.IntegrationTests.GoalControllerProblemDetailsTests.CreateGoal_WhenServiceThrowsArgumentNull_Returns400ProblemDetails" storage="d:\projects\cpr\tests\cpr.integrationtests\bin\debug\net9.0\cpr.integrationtests.dll" id="ee2e5bd1-8e7f-cb2f-5ce3-d7e00bb52d61">
      <Execution id="cb472f64-90f0-4ba7-b382-17dc10db5c3f" />
      <TestMethod codeBase="D:\projects\CPR\tests\CPR.IntegrationTests\bin\Debug\net9.0\CPR.IntegrationTests.dll" adapterTypeName="executor://xunit/VsTestRunner2/netcoreapp" className="CPR.IntegrationTests.GoalControllerProblemDetailsTests" name="CreateGoal_WhenServiceThrowsArgumentNull_Returns400ProblemDetails" />
    </UnitTest>
    <UnitTest name="CPR.IntegrationTests.ValidationTests.Post_PriorityOutOfRange_Returns400" storage="d:\projects\cpr\tests\cpr.integrationtests\bin\debug\net9.0\cpr.integrationtests.dll" id="44e189cf-3d09-c631-89e7-ce733c5db6b4">
      <Execution id="e3ede6c6-eac1-4898-973f-2d021a363f1d" />
      <TestMethod codeBase="D:\projects\CPR\tests\CPR.IntegrationTests\bin\Debug\net9.0\CPR.IntegrationTests.dll" adapterTypeName="executor://xunit/VsTestRunner2/netcoreapp" className="CPR.IntegrationTests.ValidationTests" name="Post_PriorityOutOfRange_Returns400" />
    </UnitTest>
    <UnitTest name="CPR.IntegrationTests.FeedbackControllerTests.SubmitFeedback_WithoutAuth_ReturnsUnauthorized" storage="d:\projects\cpr\tests\cpr.integrationtests\bin\debug\net9.0\cpr.integrationtests.dll" id="45d374f6-d353-b8ab-8f38-5ad1bb340066">
      <Execution id="408db03f-950e-4b9e-b38d-35f74021036b" />
      <TestMethod codeBase="D:\projects\CPR\tests\CPR.IntegrationTests\bin\Debug\net9.0\CPR.IntegrationTests.dll" adapterTypeName="executor://xunit/VsTestRunner2/netcoreapp" className="CPR.IntegrationTests.FeedbackControllerTests" name="SubmitFeedback_WithoutAuth_ReturnsUnauthorized" />
    </UnitTest>
    <UnitTest name="CPR.IntegrationTests.TaxonomyIntegrationTests.GetSkillLevels_ReturnsAllSkillLevels_WhenNoSkillIdProvided" storage="d:\projects\cpr\tests\cpr.integrationtests\bin\debug\net9.0\cpr.integrationtests.dll" id="11e8ca3a-8ded-5e35-e027-d50cd589b4c1">
      <Execution id="baf099db-66ec-401d-acd3-a0145c794d52" />
      <TestMethod codeBase="D:\projects\CPR\tests\CPR.IntegrationTests\bin\Debug\net9.0\CPR.IntegrationTests.dll" adapterTypeName="executor://xunit/VsTestRunner2/netcoreapp" className="CPR.IntegrationTests.TaxonomyIntegrationTests" name="GetSkillLevels_ReturnsAllSkillLevels_WhenNoSkillIdProvided" />
    </UnitTest>
    <UnitTest name="CPR.IntegrationTests.TeamControllerIntegrationTests.GetTeamGoals_WithoutAuth_ReturnsUnauthorized" storage="d:\projects\cpr\tests\cpr.integrationtests\bin\debug\net9.0\cpr.integrationtests.dll" id="a30ef18d-8dad-cc96-cb9a-133fb87e2555">
      <Execution id="30f427be-0b68-4b9c-b7e0-f172c45ba1d2" />
      <TestMethod codeBase="D:\projects\CPR\tests\CPR.IntegrationTests\bin\Debug\net9.0\CPR.IntegrationTests.dll" adapterTypeName="executor://xunit/VsTestRunner2/netcoreapp" className="CPR.IntegrationTests.TeamControllerIntegrationTests" name="GetTeamGoals_WithoutAuth_ReturnsUnauthorized" />
    </UnitTest>
    <UnitTest name="CPR.IntegrationTests.TaxonomyIntegrationTests.GetSkills_ReturnsFilteredSkills_WhenPositionIdProvided" storage="d:\projects\cpr\tests\cpr.integrationtests\bin\debug\net9.0\cpr.integrationtests.dll" id="0605b040-493b-f86c-cd73-c62d3de0c86e">
      <Execution id="e729d4e3-0daf-491f-a95d-5a21bde8b789" />
      <TestMethod codeBase="D:\projects\CPR\tests\CPR.IntegrationTests\bin\Debug\net9.0\CPR.IntegrationTests.dll" adapterTypeName="executor://xunit/VsTestRunner2/netcoreapp" className="CPR.IntegrationTests.TaxonomyIntegrationTests" name="GetSkills_ReturnsFilteredSkills_WhenPositionIdProvided" />
    </UnitTest>
    <UnitTest name="CPR.IntegrationTests.MeControllerTests.CreateSkill_WithInvalidSkillId_ReturnsBadRequest" storage="d:\projects\cpr\tests\cpr.integrationtests\bin\debug\net9.0\cpr.integrationtests.dll" id="ed35692f-839c-1d5b-d514-2259e7e1a7cc">
      <Execution id="37223ab4-7acc-4ef5-99f2-392081f6b5e6" />
      <TestMethod codeBase="D:\projects\CPR\tests\CPR.IntegrationTests\bin\Debug\net9.0\CPR.IntegrationTests.dll" adapterTypeName="executor://xunit/VsTestRunner2/netcoreapp" className="CPR.IntegrationTests.MeControllerTests" name="CreateSkill_WithInvalidSkillId_ReturnsBadRequest" />
    </UnitTest>
    <UnitTest name="CPR.IntegrationTests.TaxonomyIntegrationTests.GetSkillLevels_ReturnsFilteredSkillLevels_WhenSkillIdProvided" storage="d:\projects\cpr\tests\cpr.integrationtests\bin\debug\net9.0\cpr.integrationtests.dll" id="01d3bdf4-8acc-aba8-eb7d-87bf036ba0df">
      <Execution id="0c66fd33-da3f-4648-8ad8-ead8203e27ef" />
      <TestMethod codeBase="D:\projects\CPR\tests\CPR.IntegrationTests\bin\Debug\net9.0\CPR.IntegrationTests.dll" adapterTypeName="executor://xunit/VsTestRunner2/netcoreapp" className="CPR.IntegrationTests.TaxonomyIntegrationTests" name="GetSkillLevels_ReturnsFilteredSkillLevels_WhenSkillIdProvided" />
    </UnitTest>
    <UnitTest name="CPR.IntegrationTests.FeedbackControllerTests.SubmitFeedback_WithContentTooShort_ReturnsBadRequest" storage="d:\projects\cpr\tests\cpr.integrationtests\bin\debug\net9.0\cpr.integrationtests.dll" id="2fbf2db1-a558-a0e3-f310-db98f5460421">
      <Execution id="4b712e72-1b30-48ab-962f-6b9fc605cc13" />
      <TestMethod codeBase="D:\projects\CPR\tests\CPR.IntegrationTests\bin\Debug\net9.0\CPR.IntegrationTests.dll" adapterTypeName="executor://xunit/VsTestRunner2/netcoreapp" className="CPR.IntegrationTests.FeedbackControllerTests" name="SubmitFeedback_WithContentTooShort_ReturnsBadRequest" />
    </UnitTest>
    <UnitTest name="CPR.IntegrationTests.GoalPersistenceTests.CanCreateAndReadGoal" storage="d:\projects\cpr\tests\cpr.integrationtests\bin\debug\net9.0\cpr.integrationtests.dll" id="532ad4e5-578d-5d5e-389f-e29ae44a8370">
      <Execution id="c49da765-b793-4896-ad0f-e13e694e7480" />
      <TestMethod codeBase="D:\projects\CPR\tests\CPR.IntegrationTests\bin\Debug\net9.0\CPR.IntegrationTests.dll" adapterTypeName="executor://xunit/VsTestRunner2/netcoreapp" className="CPR.IntegrationTests.GoalPersistenceTests" name="CanCreateAndReadGoal" />
    </UnitTest>
    <UnitTest name="CPR.IntegrationTests.FeedbackControllerTests.GetSentRequests_WithValidToken_ReturnsRequests" storage="d:\projects\cpr\tests\cpr.integrationtests\bin\debug\net9.0\cpr.integrationtests.dll" id="a1909a95-cfcf-e163-1184-69393c008254">
      <Execution id="6165fa1e-dfa6-4748-9158-e63f902121fb" />
      <TestMethod codeBase="D:\projects\CPR\tests\CPR.IntegrationTests\bin\Debug\net9.0\CPR.IntegrationTests.dll" adapterTypeName="executor://xunit/VsTestRunner2/netcoreapp" className="CPR.IntegrationTests.FeedbackControllerTests" name="GetSentRequests_WithValidToken_ReturnsRequests" />
    </UnitTest>
    <UnitTest name="CPR.IntegrationTests.GoalsControllerValidationTests.Post_DescriptionTooLong_Returns400" storage="d:\projects\cpr\tests\cpr.integrationtests\bin\debug\net9.0\cpr.integrationtests.dll" id="cde1cb49-9afd-cbe3-e0aa-544cbd426dd6">
      <Execution id="133ee67f-e45f-4064-a5e3-6106deacc89e" />
      <TestMethod codeBase="D:\projects\CPR\tests\CPR.IntegrationTests\bin\Debug\net9.0\CPR.IntegrationTests.dll" adapterTypeName="executor://xunit/VsTestRunner2/netcoreapp" className="CPR.IntegrationTests.GoalsControllerValidationTests" name="Post_DescriptionTooLong_Returns400" />
    </UnitTest>
    <UnitTest name="CPR.IntegrationTests.FeedbackControllerTests.SubmitFeedback_WithInvalidRating_ReturnsBadRequest" storage="d:\projects\cpr\tests\cpr.integrationtests\bin\debug\net9.0\cpr.integrationtests.dll" id="eb99d772-e52d-33d1-5b56-17a9dfc45d29">
      <Execution id="d95d945b-06b4-486a-a556-5eb6280ca45b" />
      <TestMethod codeBase="D:\projects\CPR\tests\CPR.IntegrationTests\bin\Debug\net9.0\CPR.IntegrationTests.dll" adapterTypeName="executor://xunit/VsTestRunner2/netcoreapp" className="CPR.IntegrationTests.FeedbackControllerTests" name="SubmitFeedback_WithInvalidRating_ReturnsBadRequest" />
    </UnitTest>
    <UnitTest name="CPR.IntegrationTests.UserAndGoalPersistenceTests.CanCreateUserAndGoal" storage="d:\projects\cpr\tests\cpr.integrationtests\bin\debug\net9.0\cpr.integrationtests.dll" id="fe1ed513-1250-e1d2-25f2-fcc8fda41b69">
      <Execution id="85d30364-f385-4582-8d01-d1924328a346" />
      <TestMethod codeBase="D:\projects\CPR\tests\CPR.IntegrationTests\bin\Debug\net9.0\CPR.IntegrationTests.dll" adapterTypeName="executor://xunit/VsTestRunner2/netcoreapp" className="CPR.IntegrationTests.UserAndGoalPersistenceTests" name="CanCreateUserAndGoal" />
    </UnitTest>
    <UnitTest name="CPR.IntegrationTests.FeedbackControllerTests.SubmitFeedback_WithSelfFeedback_ReturnsBadRequest" storage="d:\projects\cpr\tests\cpr.integrationtests\bin\debug\net9.0\cpr.integrationtests.dll" id="d56d3058-bd1c-d798-0ea3-cc6686dc7c76">
      <Execution id="1d843598-5268-4271-b69e-58965aee6cd4" />
      <TestMethod codeBase="D:\projects\CPR\tests\CPR.IntegrationTests\bin\Debug\net9.0\CPR.IntegrationTests.dll" adapterTypeName="executor://xunit/VsTestRunner2/netcoreapp" className="CPR.IntegrationTests.FeedbackControllerTests" name="SubmitFeedback_WithSelfFeedback_ReturnsBadRequest" />
    </UnitTest>
    <UnitTest name="CPR.IntegrationTests.MeControllerTests.GetMe_WithValidToken_ReturnsOk" storage="d:\projects\cpr\tests\cpr.integrationtests\bin\debug\net9.0\cpr.integrationtests.dll" id="4db065df-e165-6201-98ef-ce56445e3caf">
      <Execution id="3470e34b-3b5c-4af6-b57c-e75031f91127" />
      <TestMethod codeBase="D:\projects\CPR\tests\CPR.IntegrationTests\bin\Debug\net9.0\CPR.IntegrationTests.dll" adapterTypeName="executor://xunit/VsTestRunner2/netcoreapp" className="CPR.IntegrationTests.MeControllerTests" name="GetMe_WithValidToken_ReturnsOk" />
    </UnitTest>
    <UnitTest name="CPR.IntegrationTests.TaxonomyIntegrationTests.GetSkills_ReturnsAllSkills_WhenNoPositionIdProvided" storage="d:\projects\cpr\tests\cpr.integrationtests\bin\debug\net9.0\cpr.integrationtests.dll" id="3ff5f13e-a5fc-6c3f-a043-1a1ce8cfcbec">
      <Execution id="ae6c50de-f54b-47fb-8e48-a834825ed51d" />
      <TestMethod codeBase="D:\projects\CPR\tests\CPR.IntegrationTests\bin\Debug\net9.0\CPR.IntegrationTests.dll" adapterTypeName="executor://xunit/VsTestRunner2/netcoreapp" className="CPR.IntegrationTests.TaxonomyIntegrationTests" name="GetSkills_ReturnsAllSkills_WhenNoPositionIdProvided" />
    </UnitTest>
    <UnitTest name="CPR.IntegrationTests.TaxonomyIntegrationTests.GetCareerTracks_ReturnsTracks_WhenCareerPathProvided" storage="d:\projects\cpr\tests\cpr.integrationtests\bin\debug\net9.0\cpr.integrationtests.dll" id="c25904b6-fda5-42cf-ddcf-4118adc9fb2e">
      <Execution id="a55bb7cb-2f7c-480d-b7d6-294186a0a320" />
      <TestMethod codeBase="D:\projects\CPR\tests\CPR.IntegrationTests\bin\Debug\net9.0\CPR.IntegrationTests.dll" adapterTypeName="executor://xunit/VsTestRunner2/netcoreapp" className="CPR.IntegrationTests.TaxonomyIntegrationTests" name="GetCareerTracks_ReturnsTracks_WhenCareerPathProvided" />
    </UnitTest>
    <UnitTest name="CPR.IntegrationTests.MeControllerTests.UpdateSkill_WithInvalidSkillId_ReturnsBadRequest" storage="d:\projects\cpr\tests\cpr.integrationtests\bin\debug\net9.0\cpr.integrationtests.dll" id="1bd96c75-b4ac-bf24-a878-158576647f1a">
      <Execution id="68a727e1-7368-46e3-aef4-4faa7c0c14f7" />
      <TestMethod codeBase="D:\projects\CPR\tests\CPR.IntegrationTests\bin\Debug\net9.0\CPR.IntegrationTests.dll" adapterTypeName="executor://xunit/VsTestRunner2/netcoreapp" className="CPR.IntegrationTests.MeControllerTests" name="UpdateSkill_WithInvalidSkillId_ReturnsBadRequest" />
    </UnitTest>
    <UnitTest name="CPR.IntegrationTests.FeedbackControllerTests.FeedbackEndpoints_WithoutAuth_ReturnsUnauthorized" storage="d:\projects\cpr\tests\cpr.integrationtests\bin\debug\net9.0\cpr.integrationtests.dll" id="0de86132-3051-187e-70f1-4a17e5d53ce7">
      <Execution id="f00b2b50-6345-463b-a11e-738ffead94ea" />
      <TestMethod codeBase="D:\projects\CPR\tests\CPR.IntegrationTests\bin\Debug\net9.0\CPR.IntegrationTests.dll" adapterTypeName="executor://xunit/VsTestRunner2/netcoreapp" className="CPR.IntegrationTests.FeedbackControllerTests" name="FeedbackEndpoints_WithoutAuth_ReturnsUnauthorized" />
    </UnitTest>
    <UnitTest name="CPR.IntegrationTests.GoalsControllerTaskPatchTests.PatchTask_CanUpdateFields_AndToggleCompletion" storage="d:\projects\cpr\tests\cpr.integrationtests\bin\debug\net9.0\cpr.integrationtests.dll" id="b7ab4903-16a4-74d8-3a22-0ac9ee637cee">
      <Execution id="8c9d86d9-852e-4a8c-aefa-04e06fb08b41" />
      <TestMethod codeBase="D:\projects\CPR\tests\CPR.IntegrationTests\bin\Debug\net9.0\CPR.IntegrationTests.dll" adapterTypeName="executor://xunit/VsTestRunner2/netcoreapp" className="CPR.IntegrationTests.GoalsControllerTaskPatchTests" name="PatchTask_CanUpdateFields_AndToggleCompletion" />
    </UnitTest>
    <UnitTest name="CPR.IntegrationTests.GoalsControllerTaskNegativeTests.PatchTask_NonExistentTask_ReturnsNotFound" storage="d:\projects\cpr\tests\cpr.integrationtests\bin\debug\net9.0\cpr.integrationtests.dll" id="74a6be40-fb82-4088-f7ef-e7ccde9c1737">
      <Execution id="59cefcaf-1401-48b6-aa5a-ade11e9d3075" />
      <TestMethod codeBase="D:\projects\CPR\tests\CPR.IntegrationTests\bin\Debug\net9.0\CPR.IntegrationTests.dll" adapterTypeName="executor://xunit/VsTestRunner2/netcoreapp" className="CPR.IntegrationTests.GoalsControllerTaskNegativeTests" name="PatchTask_NonExistentTask_ReturnsNotFound" />
    </UnitTest>
    <UnitTest name="CPR.IntegrationTests.MeControllerTests.GetSkills_WithValidToken_ReturnsUserSkills" storage="d:\projects\cpr\tests\cpr.integrationtests\bin\debug\net9.0\cpr.integrationtests.dll" id="e5fd43b5-1ca1-7426-3362-54ff6dcf4316">
      <Execution id="36e34203-83e3-4402-8de9-2fe9611c6d30" />
      <TestMethod codeBase="D:\projects\CPR\tests\CPR.IntegrationTests\bin\Debug\net9.0\CPR.IntegrationTests.dll" adapterTypeName="executor://xunit/VsTestRunner2/netcoreapp" className="CPR.IntegrationTests.MeControllerTests" name="GetSkills_WithValidToken_ReturnsUserSkills" />
    </UnitTest>
    <UnitTest name="CPR.IntegrationTests.FeedbackControllerTests.GetTodoRequests_WithValidToken_ReturnsRequests" storage="d:\projects\cpr\tests\cpr.integrationtests\bin\debug\net9.0\cpr.integrationtests.dll" id="ee4c9f89-f238-56ec-3a15-49a685a646f4">
      <Execution id="0748851f-243b-45da-b626-2f405de719f4" />
      <TestMethod codeBase="D:\projects\CPR\tests\CPR.IntegrationTests\bin\Debug\net9.0\CPR.IntegrationTests.dll" adapterTypeName="executor://xunit/VsTestRunner2/netcoreapp" className="CPR.IntegrationTests.FeedbackControllerTests" name="GetTodoRequests_WithValidToken_ReturnsRequests" />
    </UnitTest>
    <UnitTest name="CPR.IntegrationTests.SeedVerificationTests.SeedRows_Exist_InDatabase" storage="d:\projects\cpr\tests\cpr.integrationtests\bin\debug\net9.0\cpr.integrationtests.dll" id="f063b7f5-94b9-a8f0-437e-38f824100854">
      <Execution id="eb877ba0-25fe-4194-9540-8d5dac05137c" />
      <TestMethod codeBase="D:\projects\CPR\tests\CPR.IntegrationTests\bin\Debug\net9.0\CPR.IntegrationTests.dll" adapterTypeName="executor://xunit/VsTestRunner2/netcoreapp" className="CPR.IntegrationTests.SeedVerificationTests" name="SeedRows_Exist_InDatabase" />
    </UnitTest>
    <UnitTest name="CPR.IntegrationTests.TeamControllerIntegrationTests.DebugDatabaseState" storage="d:\projects\cpr\tests\cpr.integrationtests\bin\debug\net9.0\cpr.integrationtests.dll" id="28ecad98-8382-6d60-ee92-22a0c778df60">
      <Execution id="73c0664d-7dda-4599-946c-b3ac3ed484b4" />
      <TestMethod codeBase="D:\projects\CPR\tests\CPR.IntegrationTests\bin\Debug\net9.0\CPR.IntegrationTests.dll" adapterTypeName="executor://xunit/VsTestRunner2/netcoreapp" className="CPR.IntegrationTests.TeamControllerIntegrationTests" name="DebugDatabaseState" />
    </UnitTest>
    <UnitTest name="CPR.IntegrationTests.MeControllerTests.CreateSkill_DuplicateAssessment_ReturnsConflict" storage="d:\projects\cpr\tests\cpr.integrationtests\bin\debug\net9.0\cpr.integrationtests.dll" id="62edc9de-5141-4717-686e-b35cfa9db6b1">
      <Execution id="7493eec8-7a13-4698-8962-c72f9f2e2001" />
      <TestMethod codeBase="D:\projects\CPR\tests\CPR.IntegrationTests\bin\Debug\net9.0\CPR.IntegrationTests.dll" adapterTypeName="executor://xunit/VsTestRunner2/netcoreapp" className="CPR.IntegrationTests.MeControllerTests" name="CreateSkill_DuplicateAssessment_ReturnsConflict" />
    </UnitTest>
    <UnitTest name="CPR.IntegrationTests.FeedbackControllerTests.CreateFeedbackRequest_WithInvalidEmployeeId_ReturnsBadRequest" storage="d:\projects\cpr\tests\cpr.integrationtests\bin\debug\net9.0\cpr.integrationtests.dll" id="553e17d0-eeee-fe28-b906-035531c28253">
      <Execution id="50ea5beb-7bcf-489c-b0c7-d8ac205f9f18" />
      <TestMethod codeBase="D:\projects\CPR\tests\CPR.IntegrationTests\bin\Debug\net9.0\CPR.IntegrationTests.dll" adapterTypeName="executor://xunit/VsTestRunner2/netcoreapp" className="CPR.IntegrationTests.FeedbackControllerTests" name="CreateFeedbackRequest_WithInvalidEmployeeId_ReturnsBadRequest" />
    </UnitTest>
    <UnitTest name="CPR.IntegrationTests.ValidationTests.Post_InvalidEmployeeId_Returns400" storage="d:\projects\cpr\tests\cpr.integrationtests\bin\debug\net9.0\cpr.integrationtests.dll" id="1c532ac5-0e98-3361-8be2-8f11dd32f43f">
      <Execution id="9e347d1e-fbe9-4ba4-a7c2-d74417429f77" />
      <TestMethod codeBase="D:\projects\CPR\tests\CPR.IntegrationTests\bin\Debug\net9.0\CPR.IntegrationTests.dll" adapterTypeName="executor://xunit/VsTestRunner2/netcoreapp" className="CPR.IntegrationTests.ValidationTests" name="Post_InvalidEmployeeId_Returns400" />
    </UnitTest>
    <UnitTest name="CPR.IntegrationTests.MeControllerTests.UpdateSkill_WithValidData_ReturnsOk" storage="d:\projects\cpr\tests\cpr.integrationtests\bin\debug\net9.0\cpr.integrationtests.dll" id="fba232a1-0ae7-f1df-3a14-b0e71155a366">
      <Execution id="a06a37cc-eea7-4c35-917e-5ee3b6d7722a" />
      <TestMethod codeBase="D:\projects\CPR\tests\CPR.IntegrationTests\bin\Debug\net9.0\CPR.IntegrationTests.dll" adapterTypeName="executor://xunit/VsTestRunner2/netcoreapp" className="CPR.IntegrationTests.MeControllerTests" name="UpdateSkill_WithValidData_ReturnsOk" />
    </UnitTest>
    <UnitTest name="CPR.IntegrationTests.MigrationSmokeTests.MigrationsHistory_Contains_AddSeedData" storage="d:\projects\cpr\tests\cpr.integrationtests\bin\debug\net9.0\cpr.integrationtests.dll" id="d05bc568-58a5-4262-725d-6c0b439220ce">
      <Execution id="8dd590b6-6dad-4297-96ae-9d05c26d9f6b" />
      <TestMethod codeBase="D:\projects\CPR\tests\CPR.IntegrationTests\bin\Debug\net9.0\CPR.IntegrationTests.dll" adapterTypeName="executor://xunit/VsTestRunner2/netcoreapp" className="CPR.IntegrationTests.MigrationSmokeTests" name="MigrationsHistory_Contains_AddSeedData" />
    </UnitTest>
    <UnitTest name="CPR.IntegrationTests.TeamControllerIntegrationTests.GetTeamGoals_WithAuth_ReturnsOk" storage="d:\projects\cpr\tests\cpr.integrationtests\bin\debug\net9.0\cpr.integrationtests.dll" id="a531cc14-8c22-f56b-5f9b-9e18b3c3a423">
      <Execution id="95cd14ec-91b5-4462-9ac4-dc3a6b0994c1" />
      <TestMethod codeBase="D:\projects\CPR\tests\CPR.IntegrationTests\bin\Debug\net9.0\CPR.IntegrationTests.dll" adapterTypeName="executor://xunit/VsTestRunner2/netcoreapp" className="CPR.IntegrationTests.TeamControllerIntegrationTests" name="GetTeamGoals_WithAuth_ReturnsOk" />
    </UnitTest>
    <UnitTest name="CPR.IntegrationTests.FeedbackControllerTests.SubmitFeedback_WithMaliciousContent_ReturnsBadRequest" storage="d:\projects\cpr\tests\cpr.integrationtests\bin\debug\net9.0\cpr.integrationtests.dll" id="f6141590-a703-295f-1627-e66a236312b3">
      <Execution id="6bdebfba-29db-4f14-92f5-c1c1c28f6017" />
      <TestMethod codeBase="D:\projects\CPR\tests\CPR.IntegrationTests\bin\Debug\net9.0\CPR.IntegrationTests.dll" adapterTypeName="executor://xunit/VsTestRunner2/netcoreapp" className="CPR.IntegrationTests.FeedbackControllerTests" name="SubmitFeedback_WithMaliciousContent_ReturnsBadRequest" />
    </UnitTest>
    <UnitTest name="CPR.IntegrationTests.GoalsControllerValidationTests.Post_TitleTooLong_Returns400" storage="d:\projects\cpr\tests\cpr.integrationtests\bin\debug\net9.0\cpr.integrationtests.dll" id="118dc1b6-e4bc-8cc6-c1dc-1bb6663f62b3">
      <Execution id="58ba924f-983b-4d46-8d69-60ea44c77cb4" />
      <TestMethod codeBase="D:\projects\CPR\tests\CPR.IntegrationTests\bin\Debug\net9.0\CPR.IntegrationTests.dll" adapterTypeName="executor://xunit/VsTestRunner2/netcoreapp" className="CPR.IntegrationTests.GoalsControllerValidationTests" name="Post_TitleTooLong_Returns400" />
    </UnitTest>
    <UnitTest name="CPR.IntegrationTests.SampleIntegrationTest.CanRun" storage="d:\projects\cpr\tests\cpr.integrationtests\bin\debug\net9.0\cpr.integrationtests.dll" id="fe1dd90f-597a-889d-a6df-6fac4049ab48">
      <Execution id="1b341063-efa6-4966-9ec0-e0d6fb270cd4" />
      <TestMethod codeBase="D:\projects\CPR\tests\CPR.IntegrationTests\bin\Debug\net9.0\CPR.IntegrationTests.dll" adapterTypeName="executor://xunit/VsTestRunner2/netcoreapp" className="CPR.IntegrationTests.SampleIntegrationTest" name="CanRun" />
    </UnitTest>
    <UnitTest name="CPR.IntegrationTests.FeedbackControllerTests.GetMyFeedback_WithValidToken_ReturnsFeedback" storage="d:\projects\cpr\tests\cpr.integrationtests\bin\debug\net9.0\cpr.integrationtests.dll" id="61a9fa9c-b995-7f12-49f9-8116acddfade">
      <Execution id="3e98248a-54d3-4bae-87f0-1ea34b666d0c" />
      <TestMethod codeBase="D:\projects\CPR\tests\CPR.IntegrationTests\bin\Debug\net9.0\CPR.IntegrationTests.dll" adapterTypeName="executor://xunit/VsTestRunner2/netcoreapp" className="CPR.IntegrationTests.FeedbackControllerTests" name="GetMyFeedback_WithValidToken_ReturnsFeedback" />
    </UnitTest>
    <UnitTest name="CPR.IntegrationTests.MeControllerTests.GetSkills_WithInvalidToken_ReturnsUnauthorized" storage="d:\projects\cpr\tests\cpr.integrationtests\bin\debug\net9.0\cpr.integrationtests.dll" id="08284252-18c0-d78e-5a23-6b4d7c5a10f6">
      <Execution id="f36185cb-11e2-4ecb-862f-c60bc0c0da5c" />
      <TestMethod codeBase="D:\projects\CPR\tests\CPR.IntegrationTests\bin\Debug\net9.0\CPR.IntegrationTests.dll" adapterTypeName="executor://xunit/VsTestRunner2/netcoreapp" className="CPR.IntegrationTests.MeControllerTests" name="GetSkills_WithInvalidToken_ReturnsUnauthorized" />
    </UnitTest>
    <UnitTest name="CPR.IntegrationTests.TokenGeneratorSmokeTests.TokenGenerator_E2E_ReturnsUserProfile" storage="d:\projects\cpr\tests\cpr.integrationtests\bin\debug\net9.0\cpr.integrationtests.dll" id="8cc60949-5900-f178-8413-70dafcf5b45b">
      <Execution id="86ac3df8-b9aa-4c15-960a-e336013a62fa" />
      <TestMethod codeBase="D:\projects\CPR\tests\CPR.IntegrationTests\bin\Debug\net9.0\CPR.IntegrationTests.dll" adapterTypeName="executor://xunit/VsTestRunner2/netcoreapp" className="CPR.IntegrationTests.TokenGeneratorSmokeTests" name="TokenGenerator_E2E_ReturnsUserProfile" />
    </UnitTest>
    <UnitTest name="CPR.IntegrationTests.TeamControllerIntegrationTests.GetTeamMemberProfile_WithAuth_ReturnsOk" storage="d:\projects\cpr\tests\cpr.integrationtests\bin\debug\net9.0\cpr.integrationtests.dll" id="0a1e3777-3d97-c3a1-0a36-d747e8ad5df8">
      <Execution id="601a2d46-8d0a-49d0-8ad9-1e83f62ac691" />
      <TestMethod codeBase="D:\projects\CPR\tests\CPR.IntegrationTests\bin\Debug\net9.0\CPR.IntegrationTests.dll" adapterTypeName="executor://xunit/VsTestRunner2/netcoreapp" className="CPR.IntegrationTests.TeamControllerIntegrationTests" name="GetTeamMemberProfile_WithAuth_ReturnsOk" />
    </UnitTest>
    <UnitTest name="CPR.IntegrationTests.ValidationTests.Post_InvalidVisibility_Returns400" storage="d:\projects\cpr\tests\cpr.integrationtests\bin\debug\net9.0\cpr.integrationtests.dll" id="a1fd9541-019c-7fa9-40e5-f5aac0577d44">
      <Execution id="bb5641a5-5dc5-473b-817b-0c8eb7fdd2c9" />
      <TestMethod codeBase="D:\projects\CPR\tests\CPR.IntegrationTests\bin\Debug\net9.0\CPR.IntegrationTests.dll" adapterTypeName="executor://xunit/VsTestRunner2/netcoreapp" className="CPR.IntegrationTests.ValidationTests" name="Post_InvalidVisibility_Returns400" />
    </UnitTest>
    <UnitTest name="CPR.IntegrationTests.GoalControllerProblemDetailsTests.GetMine_WhenServiceThrowsArgumentOutOfRange_Returns400ProblemDetails" storage="d:\projects\cpr\tests\cpr.integrationtests\bin\debug\net9.0\cpr.integrationtests.dll" id="db8fd5c7-ac98-c33d-b5b3-971433a1afb2">
      <Execution id="2a9ed520-280f-4c50-b61e-865729d43ebc" />
      <TestMethod codeBase="D:\projects\CPR\tests\CPR.IntegrationTests\bin\Debug\net9.0\CPR.IntegrationTests.dll" adapterTypeName="executor://xunit/VsTestRunner2/netcoreapp" className="CPR.IntegrationTests.GoalControllerProblemDetailsTests" name="GetMine_WhenServiceThrowsArgumentOutOfRange_Returns400ProblemDetails" />
    </UnitTest>
    <UnitTest name="CPR.IntegrationTests.TeamControllerIntegrationTests.GetTeamMembers_WithoutAuth_ReturnsUnauthorized" storage="d:\projects\cpr\tests\cpr.integrationtests\bin\debug\net9.0\cpr.integrationtests.dll" id="ecf23a0f-48be-f021-c4bd-fb98ccc0c24e">
      <Execution id="1fe56ca2-14fd-4cde-99e3-6bef902137e2" />
      <TestMethod codeBase="D:\projects\CPR\tests\CPR.IntegrationTests\bin\Debug\net9.0\CPR.IntegrationTests.dll" adapterTypeName="executor://xunit/VsTestRunner2/netcoreapp" className="CPR.IntegrationTests.TeamControllerIntegrationTests" name="GetTeamMembers_WithoutAuth_ReturnsUnauthorized" />
    </UnitTest>
    <UnitTest name="CPR.IntegrationTests.GoalsControllerTaskNegativeTests.PatchTask_WithoutAuth_ReturnsUnauthorized" storage="d:\projects\cpr\tests\cpr.integrationtests\bin\debug\net9.0\cpr.integrationtests.dll" id="2678044f-e88e-7cf9-5d3d-95d098e990b8">
      <Execution id="f5c8bc3e-6f53-4cf5-84c7-1cbbef2efed8" />
      <TestMethod codeBase="D:\projects\CPR\tests\CPR.IntegrationTests\bin\Debug\net9.0\CPR.IntegrationTests.dll" adapterTypeName="executor://xunit/VsTestRunner2/netcoreapp" className="CPR.IntegrationTests.GoalsControllerTaskNegativeTests" name="PatchTask_WithoutAuth_ReturnsUnauthorized" />
    </UnitTest>
    <UnitTest name="CPR.IntegrationTests.MeControllerTests.UpdateSkill_WithInvalidLevelId_ReturnsBadRequest" storage="d:\projects\cpr\tests\cpr.integrationtests\bin\debug\net9.0\cpr.integrationtests.dll" id="def40322-5336-28e5-48e0-7f54dac06d81">
      <Execution id="7b3f7e86-cf10-48af-8603-1e026f3dc43f" />
      <TestMethod codeBase="D:\projects\CPR\tests\CPR.IntegrationTests\bin\Debug\net9.0\CPR.IntegrationTests.dll" adapterTypeName="executor://xunit/VsTestRunner2/netcoreapp" className="CPR.IntegrationTests.MeControllerTests" name="UpdateSkill_WithInvalidLevelId_ReturnsBadRequest" />
    </UnitTest>
    <UnitTest name="CPR.IntegrationTests.GoalsControllerValidationTests.Post_MissingTitle_Returns400" storage="d:\projects\cpr\tests\cpr.integrationtests\bin\debug\net9.0\cpr.integrationtests.dll" id="2ebd8cb8-f1c4-8c18-5beb-767057a3d5fe">
      <Execution id="e7444953-0462-44cd-b8b0-1060e505c6a2" />
      <TestMethod codeBase="D:\projects\CPR\tests\CPR.IntegrationTests\bin\Debug\net9.0\CPR.IntegrationTests.dll" adapterTypeName="executor://xunit/VsTestRunner2/netcoreapp" className="CPR.IntegrationTests.GoalsControllerValidationTests" name="Post_MissingTitle_Returns400" />
    </UnitTest>
    <UnitTest name="CPR.IntegrationTests.FeedbackControllerTests.CreateFeedbackRequest_WithValidData_ReturnsCreated" storage="d:\projects\cpr\tests\cpr.integrationtests\bin\debug\net9.0\cpr.integrationtests.dll" id="ae2baf5f-ed77-a3c0-4409-3aa9d6f608ef">
      <Execution id="61f6544a-4101-4335-9872-d7d2e7e84bd7" />
      <TestMethod codeBase="D:\projects\CPR\tests\CPR.IntegrationTests\bin\Debug\net9.0\CPR.IntegrationTests.dll" adapterTypeName="executor://xunit/VsTestRunner2/netcoreapp" className="CPR.IntegrationTests.FeedbackControllerTests" name="CreateFeedbackRequest_WithValidData_ReturnsCreated" />
    </UnitTest>
    <UnitTest name="CPR.IntegrationTests.TaxonomyIntegrationTests.GetCareer_ReturnsSeededPaths" storage="d:\projects\cpr\tests\cpr.integrationtests\bin\debug\net9.0\cpr.integrationtests.dll" id="85d209c8-7a00-f15b-c7e0-4a9fee788f63">
      <Execution id="aeeac344-28e5-415e-95e5-8517c8b39ebd" />
      <TestMethod codeBase="D:\projects\CPR\tests\CPR.IntegrationTests\bin\Debug\net9.0\CPR.IntegrationTests.dll" adapterTypeName="executor://xunit/VsTestRunner2/netcoreapp" className="CPR.IntegrationTests.TaxonomyIntegrationTests" name="GetCareer_ReturnsSeededPaths" />
    </UnitTest>
    <UnitTest name="CPR.IntegrationTests.FeedbackControllerTests.SubmitFeedback_WithNonExistentEmployee_ReturnsBadRequest" storage="d:\projects\cpr\tests\cpr.integrationtests\bin\debug\net9.0\cpr.integrationtests.dll" id="7ef2c649-79f6-7ef0-6e46-1bc8688c5122">
      <Execution id="8d7bec41-b092-4cfe-8b29-6a3168af9862" />
      <TestMethod codeBase="D:\projects\CPR\tests\CPR.IntegrationTests\bin\Debug\net9.0\CPR.IntegrationTests.dll" adapterTypeName="executor://xunit/VsTestRunner2/netcoreapp" className="CPR.IntegrationTests.FeedbackControllerTests" name="SubmitFeedback_WithNonExistentEmployee_ReturnsBadRequest" />
    </UnitTest>
    <UnitTest name="CPR.IntegrationTests.GoalsControllerValidationTests.Post_InvalidDeadlineFormat_Returns400" storage="d:\projects\cpr\tests\cpr.integrationtests\bin\debug\net9.0\cpr.integrationtests.dll" id="26431ebd-3025-6724-dd53-ba31e6fe705d">
      <Execution id="3a07ef73-fa4f-4bfb-88c3-aefcda2e4984" />
      <TestMethod codeBase="D:\projects\CPR\tests\CPR.IntegrationTests\bin\Debug\net9.0\CPR.IntegrationTests.dll" adapterTypeName="executor://xunit/VsTestRunner2/netcoreapp" className="CPR.IntegrationTests.GoalsControllerValidationTests" name="Post_InvalidDeadlineFormat_Returns400" />
    </UnitTest>
  </TestDefinitions>
  <TestEntries>
    <TestEntry testId="2678044f-e88e-7cf9-5d3d-95d098e990b8" executionId="f5c8bc3e-6f53-4cf5-84c7-1cbbef2efed8" testListId="8c84fa94-04c1-424b-9868-57a2d4851a1d" />
    <TestEntry testId="532ad4e5-578d-5d5e-389f-e29ae44a8370" executionId="c49da765-b793-4896-ad0f-e13e694e7480" testListId="8c84fa94-04c1-424b-9868-57a2d4851a1d" />
    <TestEntry testId="1bd96c75-b4ac-bf24-a878-158576647f1a" executionId="68a727e1-7368-46e3-aef4-4faa7c0c14f7" testListId="8c84fa94-04c1-424b-9868-57a2d4851a1d" />
    <TestEntry testId="3aade6ca-ec47-4cee-3b47-ad933911d26f" executionId="c063dc25-7630-4fb4-b456-a5b9bc0c92f5" testListId="8c84fa94-04c1-424b-9868-57a2d4851a1d" />
    <TestEntry testId="f29aa7de-4c80-0da6-2443-8f8e0973fb65" executionId="dffb97a0-7598-4a19-bfea-b69eef9934f0" testListId="8c84fa94-04c1-424b-9868-57a2d4851a1d" />
    <TestEntry testId="61a9fa9c-b995-7f12-49f9-8116acddfade" executionId="3e98248a-54d3-4bae-87f0-1ea34b666d0c" testListId="8c84fa94-04c1-424b-9868-57a2d4851a1d" />
    <TestEntry testId="08284252-18c0-d78e-5a23-6b4d7c5a10f6" executionId="f36185cb-11e2-4ecb-862f-c60bc0c0da5c" testListId="8c84fa94-04c1-424b-9868-57a2d4851a1d" />
    <TestEntry testId="0de86132-3051-187e-70f1-4a17e5d53ce7" executionId="f00b2b50-6345-463b-a11e-738ffead94ea" testListId="8c84fa94-04c1-424b-9868-57a2d4851a1d" />
    <TestEntry testId="7ef2c649-79f6-7ef0-6e46-1bc8688c5122" executionId="8d7bec41-b092-4cfe-8b29-6a3168af9862" testListId="8c84fa94-04c1-424b-9868-57a2d4851a1d" />
    <TestEntry testId="ec30c8e4-bc80-d5a0-5ef6-d16f2e641071" executionId="494f3f1b-b8a1-4bc5-9503-e1d83e8f0362" testListId="8c84fa94-04c1-424b-9868-57a2d4851a1d" />
    <TestEntry testId="118dc1b6-e4bc-8cc6-c1dc-1bb6663f62b3" executionId="58ba924f-983b-4d46-8d69-60ea44c77cb4" testListId="8c84fa94-04c1-424b-9868-57a2d4851a1d" />
    <TestEntry testId="44e189cf-3d09-c631-89e7-ce733c5db6b4" executionId="e3ede6c6-eac1-4898-973f-2d021a363f1d" testListId="8c84fa94-04c1-424b-9868-57a2d4851a1d" />
    <TestEntry testId="a1fd9541-019c-7fa9-40e5-f5aac0577d44" executionId="bb5641a5-5dc5-473b-817b-0c8eb7fdd2c9" testListId="8c84fa94-04c1-424b-9868-57a2d4851a1d" />
    <TestEntry testId="f063b7f5-94b9-a8f0-437e-38f824100854" executionId="eb877ba0-25fe-4194-9540-8d5dac05137c" testListId="8c84fa94-04c1-424b-9868-57a2d4851a1d" />
    <TestEntry testId="2ebd8cb8-f1c4-8c18-5beb-767057a3d5fe" executionId="e7444953-0462-44cd-b8b0-1060e505c6a2" testListId="8c84fa94-04c1-424b-9868-57a2d4851a1d" />
    <TestEntry testId="e591fc3e-7c70-2853-2634-49449e5a3b41" executionId="b1ad8496-4c40-4f69-802c-2f0c17486f57" testListId="8c84fa94-04c1-424b-9868-57a2d4851a1d" />
    <TestEntry testId="ecf23a0f-48be-f021-c4bd-fb98ccc0c24e" executionId="1fe56ca2-14fd-4cde-99e3-6bef902137e2" testListId="8c84fa94-04c1-424b-9868-57a2d4851a1d" />
    <TestEntry testId="45d374f6-d353-b8ab-8f38-5ad1bb340066" executionId="408db03f-950e-4b9e-b38d-35f74021036b" testListId="8c84fa94-04c1-424b-9868-57a2d4851a1d" />
    <TestEntry testId="a30ef18d-8dad-cc96-cb9a-133fb87e2555" executionId="30f427be-0b68-4b9c-b7e0-f172c45ba1d2" testListId="8c84fa94-04c1-424b-9868-57a2d4851a1d" />
    <TestEntry testId="fe1ed513-1250-e1d2-25f2-fcc8fda41b69" executionId="85d30364-f385-4582-8d01-d1924328a346" testListId="8c84fa94-04c1-424b-9868-57a2d4851a1d" />
    <TestEntry testId="28ecad98-8382-6d60-ee92-22a0c778df60" executionId="73c0664d-7dda-4599-946c-b3ac3ed484b4" testListId="8c84fa94-04c1-424b-9868-57a2d4851a1d" />
    <TestEntry testId="2fbf2db1-a558-a0e3-f310-db98f5460421" executionId="4b712e72-1b30-48ab-962f-6b9fc605cc13" testListId="8c84fa94-04c1-424b-9868-57a2d4851a1d" />
    <TestEntry testId="01d3bdf4-8acc-aba8-eb7d-87bf036ba0df" executionId="0c66fd33-da3f-4648-8ad8-ead8203e27ef" testListId="8c84fa94-04c1-424b-9868-57a2d4851a1d" />
    <TestEntry testId="4db065df-e165-6201-98ef-ce56445e3caf" executionId="3470e34b-3b5c-4af6-b57c-e75031f91127" testListId="8c84fa94-04c1-424b-9868-57a2d4851a1d" />
    <TestEntry testId="1c532ac5-0e98-3361-8be2-8f11dd32f43f" executionId="9e347d1e-fbe9-4ba4-a7c2-d74417429f77" testListId="8c84fa94-04c1-424b-9868-57a2d4851a1d" />
    <TestEntry testId="e4b2dd15-4372-2a2d-c7d0-a9a8b1188955" executionId="90daa397-2cc0-4d57-8686-62dc83235698" testListId="8c84fa94-04c1-424b-9868-57a2d4851a1d" />
    <TestEntry testId="ee2e5bd1-8e7f-cb2f-5ce3-d7e00bb52d61" executionId="cb472f64-90f0-4ba7-b382-17dc10db5c3f" testListId="8c84fa94-04c1-424b-9868-57a2d4851a1d" />
    <TestEntry testId="3ff5f13e-a5fc-6c3f-a043-1a1ce8cfcbec" executionId="ae6c50de-f54b-47fb-8e48-a834825ed51d" testListId="8c84fa94-04c1-424b-9868-57a2d4851a1d" />
    <TestEntry testId="def40322-5336-28e5-48e0-7f54dac06d81" executionId="7b3f7e86-cf10-48af-8603-1e026f3dc43f" testListId="8c84fa94-04c1-424b-9868-57a2d4851a1d" />
    <TestEntry testId="553e17d0-eeee-fe28-b906-035531c28253" executionId="50ea5beb-7bcf-489c-b0c7-d8ac205f9f18" testListId="8c84fa94-04c1-424b-9868-57a2d4851a1d" />
    <TestEntry testId="ae2baf5f-ed77-a3c0-4409-3aa9d6f608ef" executionId="61f6544a-4101-4335-9872-d7d2e7e84bd7" testListId="8c84fa94-04c1-424b-9868-57a2d4851a1d" />
    <TestEntry testId="74a6be40-fb82-4088-f7ef-e7ccde9c1737" executionId="59cefcaf-1401-48b6-aa5a-ade11e9d3075" testListId="8c84fa94-04c1-424b-9868-57a2d4851a1d" />
    <TestEntry testId="cde1cb49-9afd-cbe3-e0aa-544cbd426dd6" executionId="133ee67f-e45f-4064-a5e3-6106deacc89e" testListId="8c84fa94-04c1-424b-9868-57a2d4851a1d" />
    <TestEntry testId="a531cc14-8c22-f56b-5f9b-9e18b3c3a423" executionId="95cd14ec-91b5-4462-9ac4-dc3a6b0994c1" testListId="8c84fa94-04c1-424b-9868-57a2d4851a1d" />
    <TestEntry testId="db8fd5c7-ac98-c33d-b5b3-971433a1afb2" executionId="2a9ed520-280f-4c50-b61e-865729d43ebc" testListId="8c84fa94-04c1-424b-9868-57a2d4851a1d" />
    <TestEntry testId="0a1e3777-3d97-c3a1-0a36-d747e8ad5df8" executionId="601a2d46-8d0a-49d0-8ad9-1e83f62ac691" testListId="8c84fa94-04c1-424b-9868-57a2d4851a1d" />
    <TestEntry testId="f6141590-a703-295f-1627-e66a236312b3" executionId="6bdebfba-29db-4f14-92f5-c1c1c28f6017" testListId="8c84fa94-04c1-424b-9868-57a2d4851a1d" />
    <TestEntry testId="ed35692f-839c-1d5b-d514-2259e7e1a7cc" executionId="37223ab4-7acc-4ef5-99f2-392081f6b5e6" testListId="8c84fa94-04c1-424b-9868-57a2d4851a1d" />
    <TestEntry testId="8cc60949-5900-f178-8413-70dafcf5b45b" executionId="86ac3df8-b9aa-4c15-960a-e336013a62fa" testListId="8c84fa94-04c1-424b-9868-57a2d4851a1d" />
    <TestEntry testId="d05bc568-58a5-4262-725d-6c0b439220ce" executionId="8dd590b6-6dad-4297-96ae-9d05c26d9f6b" testListId="8c84fa94-04c1-424b-9868-57a2d4851a1d" />
    <TestEntry testId="11e8ca3a-8ded-5e35-e027-d50cd589b4c1" executionId="baf099db-66ec-401d-acd3-a0145c794d52" testListId="8c84fa94-04c1-424b-9868-57a2d4851a1d" />
    <TestEntry testId="27fc9849-ff56-ddba-7c0a-55c86fe2a552" executionId="da50ef0c-08aa-419b-9f9d-23f53c39aff6" testListId="8c84fa94-04c1-424b-9868-57a2d4851a1d" />
    <TestEntry testId="fba232a1-0ae7-f1df-3a14-b0e71155a366" executionId="a06a37cc-eea7-4c35-917e-5ee3b6d7722a" testListId="8c84fa94-04c1-424b-9868-57a2d4851a1d" />
    <TestEntry testId="26431ebd-3025-6724-dd53-ba31e6fe705d" executionId="3a07ef73-fa4f-4bfb-88c3-aefcda2e4984" testListId="8c84fa94-04c1-424b-9868-57a2d4851a1d" />
    <TestEntry testId="0605b040-493b-f86c-cd73-c62d3de0c86e" executionId="e729d4e3-0daf-491f-a95d-5a21bde8b789" testListId="8c84fa94-04c1-424b-9868-57a2d4851a1d" />
    <TestEntry testId="a1909a95-cfcf-e163-1184-69393c008254" executionId="6165fa1e-dfa6-4748-9158-e63f902121fb" testListId="8c84fa94-04c1-424b-9868-57a2d4851a1d" />
    <TestEntry testId="62edc9de-5141-4717-686e-b35cfa9db6b1" executionId="7493eec8-7a13-4698-8962-c72f9f2e2001" testListId="8c84fa94-04c1-424b-9868-57a2d4851a1d" />
    <TestEntry testId="d56d3058-bd1c-d798-0ea3-cc6686dc7c76" executionId="1d843598-5268-4271-b69e-58965aee6cd4" testListId="8c84fa94-04c1-424b-9868-57a2d4851a1d" />
    <TestEntry testId="ee4c9f89-f238-56ec-3a15-49a685a646f4" executionId="0748851f-243b-45da-b626-2f405de719f4" testListId="8c84fa94-04c1-424b-9868-57a2d4851a1d" />
    <TestEntry testId="eb99d772-e52d-33d1-5b56-17a9dfc45d29" executionId="d95d945b-06b4-486a-a556-5eb6280ca45b" testListId="8c84fa94-04c1-424b-9868-57a2d4851a1d" />
    <TestEntry testId="b7ab4903-16a4-74d8-3a22-0ac9ee637cee" executionId="8c9d86d9-852e-4a8c-aefa-04e06fb08b41" testListId="8c84fa94-04c1-424b-9868-57a2d4851a1d" />
    <TestEntry testId="85d209c8-7a00-f15b-c7e0-4a9fee788f63" executionId="aeeac344-28e5-415e-95e5-8517c8b39ebd" testListId="8c84fa94-04c1-424b-9868-57a2d4851a1d" />
    <TestEntry testId="fe1dd90f-597a-889d-a6df-6fac4049ab48" executionId="1b341063-efa6-4966-9ec0-e0d6fb270cd4" testListId="8c84fa94-04c1-424b-9868-57a2d4851a1d" />
    <TestEntry testId="c25904b6-fda5-42cf-ddcf-4118adc9fb2e" executionId="a55bb7cb-2f7c-480d-b7d6-294186a0a320" testListId="8c84fa94-04c1-424b-9868-57a2d4851a1d" />
    <TestEntry testId="e5fd43b5-1ca1-7426-3362-54ff6dcf4316" executionId="36e34203-83e3-4402-8de9-2fe9611c6d30" testListId="8c84fa94-04c1-424b-9868-57a2d4851a1d" />
  </TestEntries>
  <TestLists>
    <TestList name="Results Not in a List" id="8c84fa94-04c1-424b-9868-57a2d4851a1d" />
    <TestList name="All Loaded Results" id="19431567-8539-422a-85d7-44ee4e166bda" />
  </TestLists>
  <ResultSummary outcome="Failed">
    <Counters total="55" executed="55" passed="54" failed="1" error="0" timeout="0" aborted="0" inconclusive="0" passedButRunAborted="0" notRunnable="0" notExecuted="0" disconnected="0" warning="0" completed="0" inProgress="0" pending="0" />
    <Output>
      <StdOut>[xUnit.net 00:00:00.00] xUnit.net VSTest Adapter v2.8.0+6438bb880a (64-bit .NET 9.0.3)&#xD;
[xUnit.net 00:00:01.00]   Discovering: CPR.IntegrationTests&#xD;
[xUnit.net 00:00:01.03]   Discovered:  CPR.IntegrationTests&#xD;
[xUnit.net 00:00:01.03]   Starting:    CPR.IntegrationTests&#xD;
info: CPR.Api.Auth.JwtStubAuthenticationHandler[0]&#xD;
      JWT Stub Handler: Received token: test-user.e6mk8zKQIpwaFJFKO+wMZ2Xt73mfdQlvOiP7fijZJf0=&#xD;
info: CPR.Api.Auth.JwtStubAuthenticationHandler[0]&#xD;
      JWT Stub Handler: Received token: 33333333-3333-3333-3333-333333333333.SIfh4XilcwPXw8GiRP+lYyk36urOxZ5hytkRan2kais=&#xD;
info: CPR.Api.Auth.JwtStubAuthenticationHandler[0]&#xD;
      JWT Stub Handler: Received token: test-user.e6mk8zKQIpwaFJFKO+wMZ2Xt73mfdQlvOiP7fijZJf0=&#xD;
info: CPR.Api.Auth.JwtStubAuthenticationHandler[0]&#xD;
      JWT Stub Handler: Received token: 00000000-0000-0000-0000-000000000123.G2IUh/Q6QzY3BR4U2lBIICrk1qRffj+b82OobiEJtRQ=&#xD;
info: CPR.Api.Auth.JwtStubAuthenticationHandler[0]&#xD;
      JWT Stub Handler: Received token: 33333333-3333-3333-3333-333333333333.SIfh4XilcwPXw8GiRP+lYyk36urOxZ5hytkRan2kais=&#xD;
info: CPR.Api.Auth.JwtStubAuthenticationHandler[0]&#xD;
      JWT Stub Handler: Received token: 33333333-3333-3333-3333-333333333333.SIfh4XilcwPXw8GiRP+lYyk36urOxZ5hytkRan2kais=&#xD;
info: CPR.Api.Auth.JwtStubAuthenticationHandler[0]&#xD;
      JWT Stub Handler: Parsed userId: test-user, sig: e6mk8zKQIpwaFJFKO+wMZ2Xt73mfdQlvOiP7fijZJf0=&#xD;
info: CPR.Api.Auth.JwtStubAuthenticationHandler[0]&#xD;
      JWT Stub Handler: Using signing key: test-key&#xD;
info: CPR.Api.Auth.JwtStubAuthenticationHandler[0]&#xD;
      JWT Stub Handler: Parsed userId: 33333333-3333-3333-3333-333333333333, sig: SIfh4XilcwPXw8GiRP+lYyk36urOxZ5hytkRan2kais=&#xD;
info: CPR.Api.Auth.JwtStubAuthenticationHandler[0]&#xD;
[...]
      JWT Stub Handler: Received token: 33333333-3333-3333-3333-333333333333.SIfh4XilcwPXw8GiRP+lYyk36urOxZ5hytkRan2kais=&#xD;
info: CPR.Api.Auth.JwtStubAuthenticationHandler[0]&#xD;
      JWT Stub Handler: Parsed userId: 33333333-3333-3333-3333-333333333333, sig: SIfh4XilcwPXw8GiRP+lYyk36urOxZ5hytkRan2kais=&#xD;
info: CPR.Api.Auth.JwtStubAuthenticationHandler[0]&#xD;
      JWT Stub Handler: Using signing key: test-key&#xD;
info: CPR.Api.Auth.JwtStubAuthenticationHandler[0]&#xD;
      JWT Stub Handler: Expected signature: SIfh4XilcwPXw8GiRP+lYyk36urOxZ5hytkRan2kais=, Received: SIfh4XilcwPXw8GiRP+lYyk36urOxZ5hytkRan2kais=&#xD;
info: CPR.Api.Auth.JwtStubAuthenticationHandler[0]&#xD;
      JWT Stub Handler: Authentication successful for user: 33333333-3333-3333-3333-333333333333&#xD;
info: CPR.Api.Auth.JwtStubAuthenticationHandler[0]&#xD;
      JWT Stub Handler: Received token: invalid-token&#xD;
info: CPR.Api.Auth.JwtStubAuthenticationHandler[0]&#xD;
      JWT Stub Handler: Received token: 33333333-3333-3333-3333-333333333333.SIfh4XilcwPXw8GiRP+lYyk36urOxZ5hytkRan2kais=&#xD;
info: CPR.Api.Auth.JwtStubAuthenticationHandler[0]&#xD;
      JWT Stub Handler: Parsed userId: 33333333-3333-3333-3333-333333333333, sig: SIfh4XilcwPXw8GiRP+lYyk36urOxZ5hytkRan2kais=&#xD;
info: CPR.Api.Auth.JwtStubAuthenticationHandler[0]&#xD;
      JWT Stub Handler: Using signing key: test-key&#xD;
info: CPR.Api.Auth.JwtStubAuthenticationHandler[0]&#xD;
      JWT Stub Handler: Expected signature: SIfh4XilcwPXw8GiRP+lYyk36urOxZ5hytkRan2kais=, Received: SIfh4XilcwPXw8GiRP+lYyk36urOxZ5hytkRan2kais=&#xD;
info: CPR.Api.Auth.JwtStubAuthenticationHandler[0]&#xD;
      JWT Stub Handler: Authentication successful for user: 33333333-3333-3333-3333-333333333333&#xD;
info: CPR.Api.Auth.JwtStubAuthenticationHandler[7]&#xD;
      Stub was not authenticated. Failure message: Invalid token format&#xD;
info: CPR.Api.Auth.JwtStubAuthenticationHandler[0]&#xD;
      JWT Stub Handler: Received token: 44444444-4444-4444-4444-444444444444.o8Gh1M8MMj2QRqZaObHuVkrb8kcRB1ndr1fnE6hE3Xw=&#xD;
info: CPR.Api.Auth.JwtStubAuthenticationHandler[0]&#xD;
      JWT Stub Handler: Parsed userId: 44444444-4444-4444-4444-444444444444, sig: o8Gh1M8MMj2QRqZaObHuVkrb8kcRB1ndr1fnE6hE3Xw=&#xD;
info: CPR.Api.Auth.JwtStubAuthenticationHandler[0]&#xD;
      JWT Stub Handler: Using signing key: test-key&#xD;
info: CPR.Api.Auth.JwtStubAuthenticationHandler[0]&#xD;
      JWT Stub Handler: Expected signature: o8Gh1M8MMj2QRqZaObHuVkrb8kcRB1ndr1fnE6hE3Xw=, Received: o8Gh1M8MMj2QRqZaObHuVkrb8kcRB1ndr1fnE6hE3Xw=&#xD;
info: CPR.Api.Auth.JwtStubAuthenticationHandler[0]&#xD;
      JWT Stub Handler: Authentication successful for user: 44444444-4444-4444-4444-444444444444&#xD;
info: CPR.Api.Auth.JwtStubAuthenticationHandler[12]&#xD;
      AuthenticationScheme: Stub was challenged.&#xD;
info: CPR.Api.Auth.JwtStubAuthenticationHandler[0]&#xD;
      JWT Stub Handler: Received token: 33333333-3333-3333-3333-333333333333.SIfh4XilcwPXw8GiRP+lYyk36urOxZ5hytkRan2kais=&#xD;
info: CPR.Api.Auth.JwtStubAuthenticationHandler[0]&#xD;
      JWT Stub Handler: Parsed userId: 33333333-3333-3333-3333-333333333333, sig: SIfh4XilcwPXw8GiRP+lYyk36urOxZ5hytkRan2kais=&#xD;
info: CPR.Api.Auth.JwtStubAuthenticationHandler[0]&#xD;
      JWT Stub Handler: Using signing key: test-key&#xD;
info: CPR.Api.Auth.JwtStubAuthenticationHandler[0]&#xD;
      JWT Stub Handler: Expected signature: SIfh4XilcwPXw8GiRP+lYyk36urOxZ5hytkRan2kais=, Received: SIfh4XilcwPXw8GiRP+lYyk36urOxZ5hytkRan2kais=&#xD;
info: CPR.Api.Auth.JwtStubAuthenticationHandler[0]&#xD;
      JWT Stub Handler: Authentication successful for user: 33333333-3333-3333-3333-333333333333&#xD;
info: CPR.Api.Auth.JwtStubAuthenticationHandler[0]&#xD;
      JWT Stub Handler: Received token: 33333333-3333-3333-3333-333333333333.SIfh4XilcwPXw8GiRP+lYyk36urOxZ5hytkRan2kais=&#xD;
info: CPR.Api.Auth.JwtStubAuthenticationHandler[0]&#xD;
      JWT Stub Handler: Parsed userId: 33333333-3333-3333-3333-333333333333, sig: SIfh4XilcwPXw8GiRP+lYyk36urOxZ5hytkRan2kais=&#xD;
info: CPR.Api.Auth.JwtStubAuthenticationHandler[0]&#xD;
      JWT Stub Handler: Using signing key: test-key&#xD;
info: CPR.Api.Auth.JwtStubAuthenticationHandler[0]&#xD;
      JWT Stub Handler: Expected signature: SIfh4XilcwPXw8GiRP+lYyk36urOxZ5hytkRan2kais=, Received: SIfh4XilcwPXw8GiRP+lYyk36urOxZ5hytkRan2kais=&#xD;
info: CPR.Api.Auth.JwtStubAuthenticationHandler[0]&#xD;
      JWT Stub Handler: Authentication successful for user: 33333333-3333-3333-3333-333333333333&#xD;
info: CPR.Api.Auth.JwtStubAuthenticationHandler[0]&#xD;
      JWT Stub Handler: Received token: 33333333-3333-3333-3333-333333333333.SIfh4XilcwPXw8GiRP+lYyk36urOxZ5hytkRan2kais=&#xD;
info: CPR.Api.Auth.JwtStubAuthenticationHandler[0]&#xD;
      JWT Stub Handler: Parsed userId: 33333333-3333-3333-3333-333333333333, sig: SIfh4XilcwPXw8GiRP+lYyk36urOxZ5hytkRan2kais=&#xD;
info: CPR.Api.Auth.JwtStubAuthenticationHandler[0]&#xD;
      JWT Stub Handler: Using signing key: test-key&#xD;
info: CPR.Api.Auth.JwtStubAuthenticationHandler[0]&#xD;
      JWT Stub Handler: Expected signature: SIfh4XilcwPXw8GiRP+lYyk36urOxZ5hytkRan2kais=, Received: SIfh4XilcwPXw8GiRP+lYyk36urOxZ5hytkRan2kais=&#xD;
info: CPR.Api.Auth.JwtStubAuthenticationHandler[0]&#xD;
      JWT Stub Handler: Authentication successful for user: 33333333-3333-3333-3333-333333333333&#xD;
Skipping feedback retrieval test - feedback submission failed&#xD;
info: CPR.Api.Auth.JwtStubAuthenticationHandler[0]&#xD;
      JWT Stub Handler: Received token: 33333333-3333-3333-3333-333333333333.SIfh4XilcwPXw8GiRP+lYyk36urOxZ5hytkRan2kais=&#xD;
info: CPR.Api.Auth.JwtStubAuthenticationHandler[0]&#xD;
      JWT Stub Handler: Parsed userId: 33333333-3333-3333-3333-333333333333, sig: SIfh4XilcwPXw8GiRP+lYyk36urOxZ5hytkRan2kais=&#xD;
info: CPR.Api.Auth.JwtStubAuthenticationHandler[0]&#xD;
      JWT Stub Handler: Using signing key: test-key&#xD;
info: CPR.Api.Auth.JwtStubAuthenticationHandler[0]&#xD;
      JWT Stub Handler: Expected signature: SIfh4XilcwPXw8GiRP+lYyk36urOxZ5hytkRan2kais=, Received: SIfh4XilcwPXw8GiRP+lYyk36urOxZ5hytkRan2kais=&#xD;
info: CPR.Api.Auth.JwtStubAuthenticationHandler[0]&#xD;
      JWT Stub Handler: Authentication successful for user: 33333333-3333-3333-3333-333333333333&#xD;
info: CPR.Api.Auth.JwtStubAuthenticationHandler[0]&#xD;
      JWT Stub Handler: Received token: 44444444-4444-4444-4444-444444444444.o8Gh1M8MMj2QRqZaObHuVkrb8kcRB1ndr1fnE6hE3Xw=&#xD;
info: CPR.Api.Auth.JwtStubAuthenticationHandler[0]&#xD;
      JWT Stub Handler: Parsed userId: 44444444-4444-4444-4444-444444444444, sig: o8Gh1M8MMj2QRqZaObHuVkrb8kcRB1ndr1fnE6hE3Xw=&#xD;
info: CPR.Api.Auth.JwtStubAuthenticationHandler[0]&#xD;
      JWT Stub Handler: Using signing key: test-key&#xD;
info: CPR.Api.Auth.JwtStubAuthenticationHandler[0]&#xD;
      JWT Stub Handler: Expected signature: o8Gh1M8MMj2QRqZaObHuVkrb8kcRB1ndr1fnE6hE3Xw=, Received: o8Gh1M8MMj2QRqZaObHuVkrb8kcRB1ndr1fnE6hE3Xw=&#xD;
info: CPR.Api.Auth.JwtStubAuthenticationHandler[0]&#xD;
      JWT Stub Handler: Authentication successful for user: 44444444-4444-4444-4444-444444444444&#xD;
info: CPR.Api.Auth.JwtStubAuthenticationHandler[0]&#xD;
      JWT Stub Handler: Received token: 33333333-3333-3333-3333-333333333333.SIfh4XilcwPXw8GiRP+lYyk36urOxZ5hytkRan2kais=&#xD;
info: CPR.Api.Auth.JwtStubAuthenticationHandler[0]&#xD;
      JWT Stub Handler: Parsed userId: 33333333-3333-3333-3333-333333333333, sig: SIfh4XilcwPXw8GiRP+lYyk36urOxZ5hytkRan2kais=&#xD;
info: CPR.Api.Auth.JwtStubAuthenticationHandler[0]&#xD;
      JWT Stub Handler: Using signing key: test-key&#xD;
info: CPR.Api.Auth.JwtStubAuthenticationHandler[0]&#xD;
      JWT Stub Handler: Expected signature: SIfh4XilcwPXw8GiRP+lYyk36urOxZ5hytkRan2kais=, Received: SIfh4XilcwPXw8GiRP+lYyk36urOxZ5hytkRan2kais=&#xD;
info: CPR.Api.Auth.JwtStubAuthenticationHandler[0]&#xD;
      JWT Stub Handler: Authentication successful for user: 33333333-3333-3333-3333-333333333333&#xD;
info: CPR.Api.Auth.JwtStubAuthenticationHandler[0]&#xD;
      JWT Stub Handler: Received token: 33333333-3333-3333-3333-333333333333.SIfh4XilcwPXw8GiRP+lYyk36urOxZ5hytkRan2kais=&#xD;
info: CPR.Api.Auth.JwtStubAuthenticationHandler[0]&#xD;
      JWT Stub Handler: Parsed userId: 33333333-3333-3333-3333-333333333333, sig: SIfh4XilcwPXw8GiRP+lYyk36urOxZ5hytkRan2kais=&#xD;
info: CPR.Api.Auth.JwtStubAuthenticationHandler[0]&#xD;
      JWT Stub Handler: Using signing key: test-key&#xD;
info: CPR.Api.Auth.JwtStubAuthenticationHandler[0]&#xD;
      JWT Stub Handler: Expected signature: SIfh4XilcwPXw8GiRP+lYyk36urOxZ5hytkRan2kais=, Received: SIfh4XilcwPXw8GiRP+lYyk36urOxZ5hytkRan2kais=&#xD;
info: CPR.Api.Auth.JwtStubAuthenticationHandler[0]&#xD;
      JWT Stub Handler: Authentication successful for user: 33333333-3333-3333-3333-333333333333&#xD;
info: CPR.Api.Auth.JwtStubAuthenticationHandler[0]&#xD;
      JWT Stub Handler: Received token: 33333333-3333-3333-3333-333333333333.SIfh4XilcwPXw8GiRP+lYyk36urOxZ5hytkRan2kais=&#xD;
info: CPR.Api.Auth.JwtStubAuthenticationHandler[0]&#xD;
      JWT Stub Handler: Parsed userId: 33333333-3333-3333-3333-333333333333, sig: SIfh4XilcwPXw8GiRP+lYyk36urOxZ5hytkRan2kais=&#xD;
info: CPR.Api.Auth.JwtStubAuthenticationHandler[0]&#xD;
      JWT Stub Handler: Using signing key: test-key&#xD;
info: CPR.Api.Auth.JwtStubAuthenticationHandler[0]&#xD;
      JWT Stub Handler: Expected signature: SIfh4XilcwPXw8GiRP+lYyk36urOxZ5hytkRan2kais=, Received: SIfh4XilcwPXw8GiRP+lYyk36urOxZ5hytkRan2kais=&#xD;
info: CPR.Api.Auth.JwtStubAuthenticationHandler[0]&#xD;
      JWT Stub Handler: Authentication successful for user: 33333333-3333-3333-3333-333333333333&#xD;
info: CPR.Api.Auth.JwtStubAuthenticationHandler[0]&#xD;
      JWT Stub Handler: Received token: 44444444-4444-4444-4444-444444444444.o8Gh1M8MMj2QRqZaObHuVkrb8kcRB1ndr1fnE6hE3Xw=&#xD;
info: CPR.Api.Auth.JwtStubAuthenticationHandler[0]&#xD;
      JWT Stub Handler: Parsed userId: 44444444-4444-4444-4444-444444444444, sig: o8Gh1M8MMj2QRqZaObHuVkrb8kcRB1ndr1fnE6hE3Xw=&#xD;
info: CPR.Api.Auth.JwtStubAuthenticationHandler[0]&#xD;
      JWT Stub Handler: Using signing key: test-key&#xD;
info: CPR.Api.Auth.JwtStubAuthenticationHandler[0]&#xD;
      JWT Stub Handler: Expected signature: o8Gh1M8MMj2QRqZaObHuVkrb8kcRB1ndr1fnE6hE3Xw=, Received: o8Gh1M8MMj2QRqZaObHuVkrb8kcRB1ndr1fnE6hE3Xw=&#xD;
info: CPR.Api.Auth.JwtStubAuthenticationHandler[0]&#xD;
      JWT Stub Handler: Authentication successful for user: 44444444-4444-4444-4444-444444444444&#xD;
info: CPR.Api.Auth.JwtStubAuthenticationHandler[0]&#xD;
      JWT Stub Handler: Received token: 33333333-3333-3333-3333-333333333333.SIfh4XilcwPXw8GiRP+lYyk36urOxZ5hytkRan2kais=&#xD;
info: CPR.Api.Auth.JwtStubAuthenticationHandler[0]&#xD;
      JWT Stub Handler: Parsed userId: 33333333-3333-3333-3333-333333333333, sig: SIfh4XilcwPXw8GiRP+lYyk36urOxZ5hytkRan2kais=&#xD;
info: CPR.Api.Auth.JwtStubAuthenticationHandler[0]&#xD;
      JWT Stub Handler: Using signing key: test-key&#xD;
info: CPR.Api.Auth.JwtStubAuthenticationHandler[0]&#xD;
      JWT Stub Handler: Expected signature: SIfh4XilcwPXw8GiRP+lYyk36urOxZ5hytkRan2kais=, Received: SIfh4XilcwPXw8GiRP+lYyk36urOxZ5hytkRan2kais=&#xD;
info: CPR.Api.Auth.JwtStubAuthenticationHandler[0]&#xD;
      JWT Stub Handler: Authentication successful for user: 33333333-3333-3333-3333-333333333333&#xD;
Found 2 skills:&#xD;
Skill: Unit Testing, Level: Intermediate, ID: a059e83d-59a4-49b9-9f59-adee2b14de23&#xD;
Skill: Communication, Level: Intermediate, ID: 6e396b0d-47fe-4010-a070-82ed74b64030&#xD;
info: CPR.Api.Auth.JwtStubAuthenticationHandler[0]&#xD;
      JWT Stub Handler: Received token: 00000000-0000-0000-0000-000000000123.G2IUh/Q6QzY3BR4U2lBIICrk1qRffj+b82OobiEJtRQ=&#xD;
info: CPR.Api.Auth.JwtStubAuthenticationHandler[0]&#xD;
      JWT Stub Handler: Parsed userId: 00000000-0000-0000-0000-000000000123, sig: G2IUh/Q6QzY3BR4U2lBIICrk1qRffj+b82OobiEJtRQ=&#xD;
info: CPR.Api.Auth.JwtStubAuthenticationHandler[0]&#xD;
      JWT Stub Handler: Using signing key: test-key&#xD;
info: CPR.Api.Auth.JwtStubAuthenticationHandler[0]&#xD;
      JWT Stub Handler: Expected signature: G2IUh/Q6QzY3BR4U2lBIICrk1qRffj+b82OobiEJtRQ=, Received: G2IUh/Q6QzY3BR4U2lBIICrk1qRffj+b82OobiEJtRQ=&#xD;
info: CPR.Api.Auth.JwtStubAuthenticationHandler[0]&#xD;
      JWT Stub Handler: Authentication successful for user: 00000000-0000-0000-0000-000000000123&#xD;
info: CPR.Api.Auth.JwtStubAuthenticationHandler[0]&#xD;
      JWT Stub Handler: Received token: 00000000-0000-0000-0000-000000000123.G2IUh/Q6QzY3BR4U2lBIICrk1qRffj+b82OobiEJtRQ=&#xD;
info: CPR.Api.Auth.JwtStubAuthenticationHandler[0]&#xD;
      JWT Stub Handler: Parsed userId: 00000000-0000-0000-0000-000000000123, sig: G2IUh/Q6QzY3BR4U2lBIICrk1qRffj+b82OobiEJtRQ=&#xD;
info: CPR.Api.Auth.JwtStubAuthenticationHandler[0]&#xD;
      JWT Stub Handler: Using signing key: test-key&#xD;
info: CPR.Api.Auth.JwtStubAuthenticationHandler[0]&#xD;
      JWT Stub Handler: Expected signature: G2IUh/Q6QzY3BR4U2lBIICrk1qRffj+b82OobiEJtRQ=, Received: G2IUh/Q6QzY3BR4U2lBIICrk1qRffj+b82OobiEJtRQ=&#xD;
info: CPR.Api.Auth.JwtStubAuthenticationHandler[0]&#xD;
      JWT Stub Handler: Authentication successful for user: 00000000-0000-0000-0000-000000000123&#xD;
info: CPR.Api.Auth.JwtStubAuthenticationHandler[0]&#xD;
      JWT Stub Handler: Received token: 00000000-0000-0000-0000-000000000123.G2IUh/Q6QzY3BR4U2lBIICrk1qRffj+b82OobiEJtRQ=&#xD;
info: CPR.Api.Auth.JwtStubAuthenticationHandler[0]&#xD;
      JWT Stub Handler: Parsed userId: 00000000-0000-0000-0000-000000000123, sig: G2IUh/Q6QzY3BR4U2lBIICrk1qRffj+b82OobiEJtRQ=&#xD;
info: CPR.Api.Auth.JwtStubAuthenticationHandler[0]&#xD;
      JWT Stub Handler: Using signing key: test-key&#xD;
info: CPR.Api.Auth.JwtStubAuthenticationHandler[0]&#xD;
      JWT Stub Handler: Expected signature: G2IUh/Q6QzY3BR4U2lBIICrk1qRffj+b82OobiEJtRQ=, Received: G2IUh/Q6QzY3BR4U2lBIICrk1qRffj+b82OobiEJtRQ=&#xD;
info: CPR.Api.Auth.JwtStubAuthenticationHandler[0]&#xD;
      JWT Stub Handler: Authentication successful for user: 00000000-0000-0000-0000-000000000123&#xD;
info: CPR.Api.Auth.JwtStubAuthenticationHandler[0]&#xD;
      JWT Stub Handler: Received token: 00000000-0000-0000-0000-000000000123.G2IUh/Q6QzY3BR4U2lBIICrk1qRffj+b82OobiEJtRQ=&#xD;
info: CPR.Api.Auth.JwtStubAuthenticationHandler[0]&#xD;
      JWT Stub Handler: Parsed userId: 00000000-0000-0000-0000-000000000123, sig: G2IUh/Q6QzY3BR4U2lBIICrk1qRffj+b82OobiEJtRQ=&#xD;
info: CPR.Api.Auth.JwtStubAuthenticationHandler[0]&#xD;
      JWT Stub Handler: Using signing key: test-key&#xD;
info: CPR.Api.Auth.JwtStubAuthenticationHandler[0]&#xD;
      JWT Stub Handler: Expected signature: G2IUh/Q6QzY3BR4U2lBIICrk1qRffj+b82OobiEJtRQ=, Received: G2IUh/Q6QzY3BR4U2lBIICrk1qRffj+b82OobiEJtRQ=&#xD;
info: CPR.Api.Auth.JwtStubAuthenticationHandler[0]&#xD;
      JWT Stub Handler: Authentication successful for user: 00000000-0000-0000-0000-000000000123&#xD;
info: CPR.Api.Auth.JwtStubAuthenticationHandler[0]&#xD;
      JWT Stub Handler: Received token: 00000000-0000-0000-0000-000000000123.G2IUh/Q6QzY3BR4U2lBIICrk1qRffj+b82OobiEJtRQ=&#xD;
info: CPR.Api.Auth.JwtStubAuthenticationHandler[0]&#xD;
      JWT Stub Handler: Parsed userId: 00000000-0000-0000-0000-000000000123, sig: G2IUh/Q6QzY3BR4U2lBIICrk1qRffj+b82OobiEJtRQ=&#xD;
info: CPR.Api.Auth.JwtStubAuthenticationHandler[0]&#xD;
      JWT Stub Handler: Using signing key: test-key&#xD;
info: CPR.Api.Auth.JwtStubAuthenticationHandler[0]&#xD;
      JWT Stub Handler: Expected signature: G2IUh/Q6QzY3BR4U2lBIICrk1qRffj+b82OobiEJtRQ=, Received: G2IUh/Q6QzY3BR4U2lBIICrk1qRffj+b82OobiEJtRQ=&#xD;
info: CPR.Api.Auth.JwtStubAuthenticationHandler[0]&#xD;
      JWT Stub Handler: Authentication successful for user: 00000000-0000-0000-0000-000000000123&#xD;
info: CPR.Api.Auth.JwtStubAuthenticationHandler[0]&#xD;
      JWT Stub Handler: Received token: 00000000-0000-0000-0000-000000000123.G2IUh/Q6QzY3BR4U2lBIICrk1qRffj+b82OobiEJtRQ=&#xD;
info: CPR.Api.Auth.JwtStubAuthenticationHandler[0]&#xD;
      JWT Stub Handler: Parsed userId: 00000000-0000-0000-0000-000000000123, sig: G2IUh/Q6QzY3BR4U2lBIICrk1qRffj+b82OobiEJtRQ=&#xD;
info: CPR.Api.Auth.JwtStubAuthenticationHandler[0]&#xD;
      JWT Stub Handler: Using signing key: test-key&#xD;
info: CPR.Api.Auth.JwtStubAuthenticationHandler[0]&#xD;
      JWT Stub Handler: Expected signature: G2IUh/Q6QzY3BR4U2lBIICrk1qRffj+b82OobiEJtRQ=, Received: G2IUh/Q6QzY3BR4U2lBIICrk1qRffj+b82OobiEJtRQ=&#xD;
info: CPR.Api.Auth.JwtStubAuthenticationHandler[0]&#xD;
      JWT Stub Handler: Authentication successful for user: 00000000-0000-0000-0000-000000000123&#xD;
info: CPR.Api.Auth.JwtStubAuthenticationHandler[12]&#xD;
      AuthenticationScheme: Stub was challenged.&#xD;
info: CPR.Api.Auth.JwtStubAuthenticationHandler[12]&#xD;
      AuthenticationScheme: Stub was challenged.&#xD;
info: CPR.Api.Auth.JwtStubAuthenticationHandler[0]&#xD;
      JWT Stub Handler: Received token: aaaaaaaa-aaaa-aaaa-aaaa-aaaaaaaaaaaa.E54m/0rZ/xKGb8DqmOYokC/xiERusbsBmeUtcZzo3v4=&#xD;
info: CPR.Api.Auth.JwtStubAuthenticationHandler[0]&#xD;
      JWT Stub Handler: Parsed userId: aaaaaaaa-aaaa-aaaa-aaaa-aaaaaaaaaaaa, sig: E54m/0rZ/xKGb8DqmOYokC/xiERusbsBmeUtcZzo3v4=&#xD;
info: CPR.Api.Auth.JwtStubAuthenticationHandler[0]&#xD;
      JWT Stub Handler: Using signing key: test-key&#xD;
info: CPR.Api.Auth.JwtStubAuthenticationHandler[0]&#xD;
      JWT Stub Handler: Expected signature: E54m/0rZ/xKGb8DqmOYokC/xiERusbsBmeUtcZzo3v4=, Received: E54m/0rZ/xKGb8DqmOYokC/xiERusbsBmeUtcZzo3v4=&#xD;
info: CPR.Api.Auth.JwtStubAuthenticationHandler[0]&#xD;
      JWT Stub Handler: Authentication successful for user: aaaaaaaa-aaaa-aaaa-aaaa-aaaaaaaaaaaa&#xD;
info: CPR.Api.Auth.JwtStubAuthenticationHandler[0]&#xD;
      JWT Stub Handler: Received token: aaaaaaaa-aaaa-aaaa-aaaa-aaaaaaaaaaaa.E54m/0rZ/xKGb8DqmOYokC/xiERusbsBmeUtcZzo3v4=&#xD;
info: CPR.Api.Auth.JwtStubAuthenticationHandler[0]&#xD;
      JWT Stub Handler: Parsed userId: aaaaaaaa-aaaa-aaaa-aaaa-aaaaaaaaaaaa, sig: E54m/0rZ/xKGb8DqmOYokC/xiERusbsBmeUtcZzo3v4=&#xD;
info: CPR.Api.Auth.JwtStubAuthenticationHandler[0]&#xD;
      JWT Stub Handler: Using signing key: test-key&#xD;
info: CPR.Api.Auth.JwtStubAuthenticationHandler[0]&#xD;
      JWT Stub Handler: Expected signature: E54m/0rZ/xKGb8DqmOYokC/xiERusbsBmeUtcZzo3v4=, Received: E54m/0rZ/xKGb8DqmOYokC/xiERusbsBmeUtcZzo3v4=&#xD;
info: CPR.Api.Auth.JwtStubAuthenticationHandler[0]&#xD;
      JWT Stub Handler: Authentication successful for user: aaaaaaaa-aaaa-aaaa-aaaa-aaaaaaaaaaaa&#xD;
info: CPR.Api.Auth.JwtStubAuthenticationHandler[0]&#xD;
      JWT Stub Handler: Received token: aaaaaaaa-aaaa-aaaa-aaaa-aaaaaaaaaaaa.E54m/0rZ/xKGb8DqmOYokC/xiERusbsBmeUtcZzo3v4=&#xD;
info: CPR.Api.Auth.JwtStubAuthenticationHandler[0]&#xD;
      JWT Stub Handler: Parsed userId: aaaaaaaa-aaaa-aaaa-aaaa-aaaaaaaaaaaa, sig: E54m/0rZ/xKGb8DqmOYokC/xiERusbsBmeUtcZzo3v4=&#xD;
info: CPR.Api.Auth.JwtStubAuthenticationHandler[0]&#xD;
      JWT Stub Handler: Using signing key: test-key&#xD;
info: CPR.Api.Auth.JwtStubAuthenticationHandler[0]&#xD;
      JWT Stub Handler: Expected signature: E54m/0rZ/xKGb8DqmOYokC/xiERusbsBmeUtcZzo3v4=, Received: E54m/0rZ/xKGb8DqmOYokC/xiERusbsBmeUtcZzo3v4=&#xD;
info: CPR.Api.Auth.JwtStubAuthenticationHandler[0]&#xD;
      JWT Stub Handler: Authentication successful for user: aaaaaaaa-aaaa-aaaa-aaaa-aaaaaaaaaaaa&#xD;
info: CPR.Api.Auth.JwtStubAuthenticationHandler[12]&#xD;
      AuthenticationScheme: Stub was challenged.&#xD;
[xUnit.net 00:00:03.07]   Finished:    CPR.IntegrationTests&#xD;
</StdOut>
    </Output>
    <RunInfos>
      <RunInfo computerName="VYACHESLAV-LAPT" outcome="Error" timestamp="2025-09-18T18:01:55.0785111-05:00">
        <Text>[xUnit.net 00:00:02.29]     CPR.IntegrationTests.GoalPersistenceTests.CanCreateAndReadGoal [FAIL]</Text>
      </RunInfo>
    </RunInfos>
  </ResultSummary>
</TestRun>