<?xml version="1.0" encoding="utf-8"?>
<TestRun id="5ec33e65-4f3a-4c7e-bae7-368936f519d1" name="vyach@VYACHESLAV-LAPT 2025-09-06 11:23:31" runUser="VYACHESLAV-LAPT\vyach" xmlns="http://microsoft.com/schemas/VisualStudio/TeamTest/2010">
  <Times creation="2025-09-06T11:23:31.3876864-05:00" queuing="2025-09-06T11:23:31.3876873-05:00" start="2025-09-06T11:23:29.8930921-05:00" finish="2025-09-06T11:23:31.3928652-05:00" />
  <TestSettings name="default" id="a3f9faa5-e727-4b55-94e5-87c9fe57a0a6">
    <Deployment runDeploymentRoot="vyach_VYACHESLAV-LAPT_2025-09-06_11_23_31" />
  </TestSettings>
  <Results>
    <UnitTestResult executionId="af5b2015-d615-48bc-8bbe-0c9baf6d77e8" testId="6dcbbebc-5ec3-8cd9-8adb-96eb4d601ff7" testName="CPR.UnitTests.SampleTests.Truth" computerName="VYACHESLAV-LAPT" duration="00:00:00.0020020" startTime="2025-09-06T11:23:31.0201872-05:00" endTime="2025-09-06T11:23:31.0202058-05:00" testType="13cdc9d9-ddb5-4fa4-a97d-d965ccfc6d4b" outcome="Passed" testListId="8c84fa94-04c1-424b-9868-57a2d4851a1d" relativeResultsDirectory="af5b2015-d615-48bc-8bbe-0c9baf6d77e8" />
  </Results>
  <TestDefinitions>
    <UnitTest name="CPR.UnitTests.SampleTests.Truth" storage="d:\projects\cpr\tests\cpr.unittests\bin\release\net9.0\cpr.unittests.dll" id="6dcbbebc-5ec3-8cd9-8adb-96eb4d601ff7">
      <Execution id="af5b2015-d615-48bc-8bbe-0c9baf6d77e8" />
      <TestMethod codeBase="D:\projects\CPR\tests\CPR.UnitTests\bin\Release\net9.0\CPR.UnitTests.dll" adapterTypeName="executor://xunit/VsTestRunner2/netcoreapp" className="CPR.UnitTests.SampleTests" name="Truth" />
    </UnitTest>
  </TestDefinitions>
  <TestEntries>
    <TestEntry testId="6dcbbebc-5ec3-8cd9-8adb-96eb4d601ff7" executionId="af5b2015-d615-48bc-8bbe-0c9baf6d77e8" testListId="8c84fa94-04c1-424b-9868-57a2d4851a1d" />
  </TestEntries>
  <TestLists>
    <TestList name="Results Not in a List" id="8c84fa94-04c1-424b-9868-57a2d4851a1d" />
    <TestList name="All Loaded Results" id="19431567-8539-422a-85d7-44ee4e166bda" />
  </TestLists>
  <ResultSummary outcome="Completed">
    <Counters total="1" executed="1" passed="1" failed="0" error="0" timeout="0" aborted="0" inconclusive="0" passedButRunAborted="0" notRunnable="0" notExecuted="0" disconnected="0" warning="0" completed="0" inProgress="0" pending="0" />
    <Output>
      <StdOut>[xUnit.net 00:00:00.00] xUnit.net VSTest Adapter v2.5.3.1+6b60a9e56a (64-bit .NET 9.0.3)&#xD;
[xUnit.net 00:00:00.68]   Discovering: CPR.UnitTests&#xD;
[xUnit.net 00:00:00.70]   Discovered:  CPR.UnitTests&#xD;
[xUnit.net 00:00:00.70]   Starting:    CPR.UnitTests&#xD;
[xUnit.net 00:00:00.74]   Finished:    CPR.UnitTests&#xD;
</StdOut>
    </Output>
  </ResultSummary>
</TestRun>