<?xml version="1.0" encoding="utf-8"?>
<TestRun id="e3055d03-cdb6-45a9-95df-f949c04d2ff8" name="vyach@VYACHESLAV-LAPT 2025-09-17 14:50:34" runUser="VYACHESLAV-LAPT\vyach" xmlns="http://microsoft.com/schemas/VisualStudio/TeamTest/2010">
  <Times creation="2025-09-17T14:50:34.2555692-05:00" queuing="2025-09-17T14:50:34.2555697-05:00" start="2025-09-17T14:50:33.2868748-05:00" finish="2025-09-17T14:50:35.8594069-05:00" />
  <TestSettings name="default" id="38b0a6c1-9015-4182-93a9-ff32f4f89628">
    <Deployment runDeploymentRoot="vyach_VYACHESLAV-LAPT_2025-09-17_14_50_34" />
  </TestSettings>
  <Results>
    <UnitTestResult executionId="912fd5a1-5a4f-48c2-a74d-b039ec8266b3" testId="4719cafa-37e8-0976-4e22-b0ffa0c90c6f" testName="CPR.UnitTests.GoalServiceTests.Delete_NonExistent_DoesNotThrow" computerName="VYACHESLAV-LAPT" duration="00:00:00.0665318" startTime="2025-09-17T14:50:35.4796565-05:00" endTime="2025-09-17T14:50:35.4796567-05:00" testType="13cdc9d9-ddb5-4fa4-a97d-d965ccfc6d4b" outcome="Passed" testListId="8c84fa94-04c1-424b-9868-57a2d4851a1d" relativeResultsDirectory="912fd5a1-5a4f-48c2-a74d-b039ec8266b3" />
    <UnitTestResult executionId="299d5630-0f94-4f36-8bd9-f0fc87108840" testId="eb37ebbb-ad55-c51e-13ea-9bd5e8dd6e50" testName="CPR.UnitTests.EntityModelTests.NewSkill_Defaults" computerName="VYACHESLAV-LAPT" duration="00:00:00.0318808" startTime="2025-09-17T14:50:34.1360202-05:00" endTime="2025-09-17T14:50:34.1360204-05:00" testType="13cdc9d9-ddb5-4fa4-a97d-d965ccfc6d4b" outcome="Passed" testListId="8c84fa94-04c1-424b-9868-57a2d4851a1d" relativeResultsDirectory="299d5630-0f94-4f36-8bd9-f0fc87108840" />
    <UnitTestResult executionId="055e97ff-bcad-4cdb-84db-806100741105" testId="6dcbbebc-5ec3-8cd9-8adb-96eb4d601ff7" testName="CPR.UnitTests.SampleTests.Truth" computerName="VYACHESLAV-LAPT" duration="00:00:00.0237682" startTime="2025-09-17T14:50:34.1304007-05:00" endTime="2025-09-17T14:50:34.1304161-05:00" testType="13cdc9d9-ddb5-4fa4-a97d-d965ccfc6d4b" outcome="Passed" testListId="8c84fa94-04c1-424b-9868-57a2d4851a1d" relativeResultsDirectory="055e97ff-bcad-4cdb-84db-806100741105" />
    <UnitTestResult executionId="fee9e86d-ffc3-43ea-84fa-d24c11f32d2c" testId="a38938d7-f90e-a2b0-6791-2f1eddfa19b0" testName="CPR.UnitTests.GoalServiceTests.Update_WithEmptyTitle_DoesNotOverwrite" computerName="VYACHESLAV-LAPT" duration="00:00:00.0274067" startTime="2025-09-17T14:50:35.7728167-05:00" endTime="2025-09-17T14:50:35.7728169-05:00" testType="13cdc9d9-ddb5-4fa4-a97d-d965ccfc6d4b" outcome="Passed" testListId="8c84fa94-04c1-424b-9868-57a2d4851a1d" relativeResultsDirectory="fee9e86d-ffc3-43ea-84fa-d24c11f32d2c" />
    <UnitTestResult executionId="2597432c-c749-4739-9b5e-8115a64e6596" testId="8a5940ea-4b2f-f542-b5ca-b09821dd76d9" testName="CPR.UnitTests.GoalServiceTests.GetGoals_InvalidPage_Throws" computerName="VYACHESLAV-LAPT" duration="00:00:00.0250291" startTime="2025-09-17T14:50:35.6997594-05:00" endTime="2025-09-17T14:50:35.6997595-05:00" testType="13cdc9d9-ddb5-4fa4-a97d-d965ccfc6d4b" outcome="Passed" testListId="8c84fa94-04c1-424b-9868-57a2d4851a1d" relativeResultsDirectory="2597432c-c749-4739-9b5e-8115a64e6596" />
    <UnitTestResult executionId="50b8427b-1f56-4ac8-b719-f2380c0c437b" testId="1b740b8d-42b9-d248-6976-42342e3aa316" testName="CPR.UnitTests.GoalsControllerValidationTests.Create_InvalidVisibility_ModelStateError" computerName="VYACHESLAV-LAPT" duration="00:00:00.0012589" startTime="2025-09-17T14:50:34.2353382-05:00" endTime="2025-09-17T14:50:34.2353383-05:00" testType="13cdc9d9-ddb5-4fa4-a97d-d965ccfc6d4b" outcome="Passed" testListId="8c84fa94-04c1-424b-9868-57a2d4851a1d" relativeResultsDirectory="50b8427b-1f56-4ac8-b719-f2380c0c437b" />
    <UnitTestResult executionId="9b907aec-38f3-4c30-ad8b-25e595343de1" testId="17706901-0ddd-6372-5e91-aa055a1243d4" testName="CPR.UnitTests.GoalsControllerValidationTests.Create_InvalidEmployeeIdInDto_ModelStateError" computerName="VYACHESLAV-LAPT" duration="00:00:00.0009035" startTime="2025-09-17T14:50:34.2340536-05:00" endTime="2025-09-17T14:50:34.2340537-05:00" testType="13cdc9d9-ddb5-4fa4-a97d-d965ccfc6d4b" outcome="Passed" testListId="8c84fa94-04c1-424b-9868-57a2d4851a1d" relativeResultsDirectory="9b907aec-38f3-4c30-ad8b-25e595343de1" />
    <UnitTestResult executionId="273076f2-5ed4-4ad0-921d-8a3a941d5de9" testId="3c4be2da-b87b-8f23-f318-f442ae6abb24" testName="CPR.UnitTests.GoalServiceTests.Create_WithAllFields_PersistsFields" computerName="VYACHESLAV-LAPT" duration="00:00:00.0453501" startTime="2025-09-17T14:50:35.7452535-05:00" endTime="2025-09-17T14:50:35.7452538-05:00" testType="13cdc9d9-ddb5-4fa4-a97d-d965ccfc6d4b" outcome="Passed" testListId="8c84fa94-04c1-424b-9868-57a2d4851a1d" relativeResultsDirectory="273076f2-5ed4-4ad0-921d-8a3a941d5de9" />
    <UnitTestResult executionId="9471bb22-1307-4055-9098-540b440ecc98" testId="1f476419-72f4-87f7-1e17-bea5c182d2cb" testName="CPR.UnitTests.TaxonomyControllerTests.GetCareerTracks_ReturnsOk_WithItems" computerName="VYACHESLAV-LAPT" duration="00:00:00.1300051" startTime="2025-09-17T14:50:34.2341188-05:00" endTime="2025-09-17T14:50:34.2341189-05:00" testType="13cdc9d9-ddb5-4fa4-a97d-d965ccfc6d4b" outcome="Passed" testListId="8c84fa94-04c1-424b-9868-57a2d4851a1d" relativeResultsDirectory="9471bb22-1307-4055-9098-540b440ecc98" />
    <UnitTestResult executionId="ad52e44e-0abc-4e83-bc80-a18d13f99b3b" testId="56a69ab4-6219-6b26-299f-0681a9d61e92" testName="CPR.UnitTests.EntityModelTests.NewCareerPath_Defaults" computerName="VYACHESLAV-LAPT" duration="00:00:00.0003430" startTime="2025-09-17T14:50:34.1364728-05:00" endTime="2025-09-17T14:50:34.1364730-05:00" testType="13cdc9d9-ddb5-4fa4-a97d-d965ccfc6d4b" outcome="Passed" testListId="8c84fa94-04c1-424b-9868-57a2d4851a1d" relativeResultsDirectory="ad52e44e-0abc-4e83-bc80-a18d13f99b3b" />
    <UnitTestResult executionId="f725abda-e1b4-40b9-9625-836520e55aed" testId="bfaf3770-73bf-9f70-110d-0af766f18a29" testName="CPR.UnitTests.TaxonomyControllerTests.GetPositions_ReturnsOk_WithExpectations" computerName="VYACHESLAV-LAPT" duration="00:00:00.0015567" startTime="2025-09-17T14:50:34.2373007-05:00" endTime="2025-09-17T14:50:34.2373008-05:00" testType="13cdc9d9-ddb5-4fa4-a97d-d965ccfc6d4b" outcome="Passed" testListId="8c84fa94-04c1-424b-9868-57a2d4851a1d" relativeResultsDirectory="f725abda-e1b4-40b9-9625-836520e55aed" />
    <UnitTestResult executionId="813c80a6-f0c6-47a9-b0fa-ba0a7958f5da" testId="7401c24a-10a6-8ef9-c23c-3cc6fdbc13a0" testName="CPR.UnitTests.JwtStubAuthenticationHandlerTests.InvalidToken_IsRejected" computerName="VYACHESLAV-LAPT" duration="00:00:00.0010413" startTime="2025-09-17T14:50:34.2186936-05:00" endTime="2025-09-17T14:50:34.2186939-05:00" testType="13cdc9d9-ddb5-4fa4-a97d-d965ccfc6d4b" outcome="Passed" testListId="8c84fa94-04c1-424b-9868-57a2d4851a1d" relativeResultsDirectory="813c80a6-f0c6-47a9-b0fa-ba0a7958f5da" />
    <UnitTestResult executionId="e7512677-873f-4420-afc8-0295fabe11cb" testId="5713dfa7-fb80-0c55-a159-c2c3037a4451" testName="CPR.UnitTests.GoalServiceTests.UpdateTask_CanModifyFields_AndToggleCompletion" computerName="VYACHESLAV-LAPT" duration="00:00:00.0300802" startTime="2025-09-17T14:50:35.6746604-05:00" endTime="2025-09-17T14:50:35.6746606-05:00" testType="13cdc9d9-ddb5-4fa4-a97d-d965ccfc6d4b" outcome="Passed" testListId="8c84fa94-04c1-424b-9868-57a2d4851a1d" relativeResultsDirectory="e7512677-873f-4420-afc8-0295fabe11cb" />
    <UnitTestResult executionId="e8568db0-1865-4bf4-a0ce-79495cfa63d9" testId="4bcc2cdc-22f9-1be2-4107-f209763f8fd8" testName="CPR.UnitTests.GoalServiceTests.AddTask_NullDto_Throws" computerName="VYACHESLAV-LAPT" duration="00:00:00.0389039" startTime="2025-09-17T14:50:35.5645010-05:00" endTime="2025-09-17T14:50:35.5645011-05:00" testType="13cdc9d9-ddb5-4fa4-a97d-d965ccfc6d4b" outcome="Passed" testListId="8c84fa94-04c1-424b-9868-57a2d4851a1d" relativeResultsDirectory="e8568db0-1865-4bf4-a0ce-79495cfa63d9" />
    <UnitTestResult executionId="24302463-a6fc-49f8-9372-f435598bbd09" testId="db9f5602-1563-37eb-3b6f-8a6002c990af" testName="CPR.UnitTests.ClassificationServiceTests.GetCareerTracks_FilteredByPath_ReturnsTrack" computerName="VYACHESLAV-LAPT" duration="00:00:00.0367608" startTime="2025-09-17T14:50:35.5642374-05:00" endTime="2025-09-17T14:50:35.5642375-05:00" testType="13cdc9d9-ddb5-4fa4-a97d-d965ccfc6d4b" outcome="Passed" testListId="8c84fa94-04c1-424b-9868-57a2d4851a1d" relativeResultsDirectory="24302463-a6fc-49f8-9372-f435598bbd09" />
    <UnitTestResult executionId="4651225f-02d1-4752-bc87-6b1e92304194" testId="ff51182a-aa3e-3c3b-ccdb-7617344a700a" testName="CPR.UnitTests.ClassificationServiceTests.GetPositions_FilteredByTrack_ReturnsPosition_WithExpectations" computerName="VYACHESLAV-LAPT" duration="00:00:00.0592501" startTime="2025-09-17T14:50:35.4406416-05:00" endTime="2025-09-17T14:50:35.4406418-05:00" testType="13cdc9d9-ddb5-4fa4-a97d-d965ccfc6d4b" outcome="Passed" testListId="8c84fa94-04c1-424b-9868-57a2d4851a1d" relativeResultsDirectory="4651225f-02d1-4752-bc87-6b1e92304194" />
    <UnitTestResult executionId="16299332-a5ac-453b-8557-058c4c72c488" testId="f25042c3-d764-df32-0224-92a89b59ca19" testName="CPR.UnitTests.TaxonomyControllerTests.GetCareer_ReturnsOk_WithItems" computerName="VYACHESLAV-LAPT" duration="00:00:00.0014770" startTime="2025-09-17T14:50:34.2356574-05:00" endTime="2025-09-17T14:50:34.2356575-05:00" testType="13cdc9d9-ddb5-4fa4-a97d-d965ccfc6d4b" outcome="Passed" testListId="8c84fa94-04c1-424b-9868-57a2d4851a1d" relativeResultsDirectory="16299332-a5ac-453b-8557-058c4c72c488" />
    <UnitTestResult executionId="4c4e8ccc-9142-4f4a-a880-adae80e45a52" testId="8fdbd666-92ef-5b7f-2802-7cd379660176" testName="CPR.UnitTests.GoalServiceTests.Update_WithNoFields_NoChange" computerName="VYACHESLAV-LAPT" duration="00:00:00.0426331" startTime="2025-09-17T14:50:35.4130171-05:00" endTime="2025-09-17T14:50:35.4130173-05:00" testType="13cdc9d9-ddb5-4fa4-a97d-d965ccfc6d4b" outcome="Passed" testListId="8c84fa94-04c1-424b-9868-57a2d4851a1d" relativeResultsDirectory="4c4e8ccc-9142-4f4a-a880-adae80e45a52" />
    <UnitTestResult executionId="2ae71ed4-0ef0-4336-8ebf-b9c43e9574ab" testId="0ad55d3a-4f89-ce26-d12a-323f058a8713" testName="CPR.UnitTests.GoalServiceTests.Update_ByDifferentUser_UpdatesModifiedBy" computerName="VYACHESLAV-LAPT" duration="00:00:00.0456311" startTime="2025-09-17T14:50:35.5254907-05:00" endTime="2025-09-17T14:50:35.5254908-05:00" testType="13cdc9d9-ddb5-4fa4-a97d-d965ccfc6d4b" outcome="Passed" testListId="8c84fa94-04c1-424b-9868-57a2d4851a1d" relativeResultsDirectory="2ae71ed4-0ef0-4336-8ebf-b9c43e9574ab" />
    <UnitTestResult executionId="2c87f76b-6089-495e-a248-0421d29453fa" testId="89010f7a-c485-3cb9-d48e-5cf6431b4ac1" testName="CPR.UnitTests.ClassificationServiceTests.GetCareerPaths_ReturnsSeeded" computerName="VYACHESLAV-LAPT" duration="00:00:00.0360475" startTime="2025-09-17T14:50:35.4768159-05:00" endTime="2025-09-17T14:50:35.4768161-05:00" testType="13cdc9d9-ddb5-4fa4-a97d-d965ccfc6d4b" outcome="Passed" testListId="8c84fa94-04c1-424b-9868-57a2d4851a1d" relativeResultsDirectory="2c87f76b-6089-495e-a248-0421d29453fa" />
    <UnitTestResult executionId="0d7fcc18-f00f-43dd-ae74-b3db9083c6d8" testId="56f1c77e-28c5-f5f1-3972-d20f73d8b63b" testName="CPR.UnitTests.TokenGeneratorTests.CreateToken_ProducesExpectedFormatAndSignature" computerName="VYACHESLAV-LAPT" duration="00:00:00.0308448" startTime="2025-09-17T14:50:34.1350334-05:00" endTime="2025-09-17T14:50:34.1350336-05:00" testType="13cdc9d9-ddb5-4fa4-a97d-d965ccfc6d4b" outcome="Passed" testListId="8c84fa94-04c1-424b-9868-57a2d4851a1d" relativeResultsDirectory="0d7fcc18-f00f-43dd-ae74-b3db9083c6d8" />
    <UnitTestResult executionId="cfca9a4e-931a-4fc5-be3c-e898e4b6db4b" testId="54ff8e50-f462-b783-f88c-c6136ea4e932" testName="CPR.UnitTests.JwtStubAuthenticationHandlerTests.ValidToken_IsAuthenticated" computerName="VYACHESLAV-LAPT" duration="00:00:00.0935891" startTime="2025-09-17T14:50:34.1978031-05:00" endTime="2025-09-17T14:50:34.1978034-05:00" testType="13cdc9d9-ddb5-4fa4-a97d-d965ccfc6d4b" outcome="Passed" testListId="8c84fa94-04c1-424b-9868-57a2d4851a1d" relativeResultsDirectory="cfca9a4e-931a-4fc5-be3c-e898e4b6db4b" />
    <UnitTestResult executionId="4e383426-723e-4bc8-be6e-3c54225a2eba" testId="5956719e-3452-5720-a6a3-0368dd87c461" testName="CPR.UnitTests.GoalServiceTests.Create_NullDto_Throws" computerName="VYACHESLAV-LAPT" duration="00:00:00.0241962" startTime="2025-09-17T14:50:35.6176550-05:00" endTime="2025-09-17T14:50:35.6176553-05:00" testType="13cdc9d9-ddb5-4fa4-a97d-d965ccfc6d4b" outcome="Passed" testListId="8c84fa94-04c1-424b-9868-57a2d4851a1d" relativeResultsDirectory="4e383426-723e-4bc8-be6e-3c54225a2eba" />
    <UnitTestResult executionId="6166fd1f-1fd2-409a-adce-b99800114dc2" testId="d3ed3139-af5b-e202-87ed-ba2d5f9985f6" testName="CPR.UnitTests.GoalServiceTests.Update_NonExistent_Throws" computerName="VYACHESLAV-LAPT" duration="00:00:00.0266181" startTime="2025-09-17T14:50:35.6443901-05:00" endTime="2025-09-17T14:50:35.6443903-05:00" testType="13cdc9d9-ddb5-4fa4-a97d-d965ccfc6d4b" outcome="Passed" testListId="8c84fa94-04c1-424b-9868-57a2d4851a1d" relativeResultsDirectory="6166fd1f-1fd2-409a-adce-b99800114dc2" />
    <UnitTestResult executionId="7f7e29b5-9861-442c-9939-35052f5b00d4" testId="0dd3b610-656a-f2ec-5e88-c7c112e68274" testName="CPR.UnitTests.GoalServiceTests.AddTask_Appears_In_GetGoalById" computerName="VYACHESLAV-LAPT" duration="00:00:00.0487203" startTime="2025-09-17T14:50:35.3702693-05:00" endTime="2025-09-17T14:50:35.3702695-05:00" testType="13cdc9d9-ddb5-4fa4-a97d-d965ccfc6d4b" outcome="Passed" testListId="8c84fa94-04c1-424b-9868-57a2d4851a1d" relativeResultsDirectory="7f7e29b5-9861-442c-9939-35052f5b00d4" />
    <UnitTestResult executionId="56f1b70a-8bc1-45f8-b673-a32f582b0ea4" testId="b5ad94ba-f9b8-a11a-be7e-940412e7b510" testName="CPR.UnitTests.GoalServiceTests.AddTask_NonExistent_Throws" computerName="VYACHESLAV-LAPT" duration="00:00:00.0287705" startTime="2025-09-17T14:50:35.5933512-05:00" endTime="2025-09-17T14:50:35.5933517-05:00" testType="13cdc9d9-ddb5-4fa4-a97d-d965ccfc6d4b" outcome="Passed" testListId="8c84fa94-04c1-424b-9868-57a2d4851a1d" relativeResultsDirectory="56f1b70a-8bc1-45f8-b673-a32f582b0ea4" />
    <UnitTestResult executionId="1bfc4d22-8b27-4c5f-a9ad-a90d3009f87e" testId="e4be6f72-fa42-d8c6-aa72-fe214ae98b08" testName="CPR.UnitTests.ClassificationServiceTests.DeletedItems_AreFilteredOut" computerName="VYACHESLAV-LAPT" duration="00:00:00.0504987" startTime="2025-09-17T14:50:35.5273982-05:00" endTime="2025-09-17T14:50:35.5273983-05:00" testType="13cdc9d9-ddb5-4fa4-a97d-d965ccfc6d4b" outcome="Passed" testListId="8c84fa94-04c1-424b-9868-57a2d4851a1d" relativeResultsDirectory="1bfc4d22-8b27-4c5f-a9ad-a90d3009f87e" />
    <UnitTestResult executionId="9566c7ef-b28d-448b-ae91-a74a01c72ab3" testId="fcccf167-7426-d6cf-407c-ed50f9076a52" testName="CPR.UnitTests.ClassificationServiceTests.InvalidGuidFilter_ReturnsEmpty_NoException" computerName="VYACHESLAV-LAPT" duration="00:00:01.1222375" startTime="2025-09-17T14:50:35.2239416-05:00" endTime="2025-09-17T14:50:35.2239421-05:00" testType="13cdc9d9-ddb5-4fa4-a97d-d965ccfc6d4b" outcome="Passed" testListId="8c84fa94-04c1-424b-9868-57a2d4851a1d" relativeResultsDirectory="9566c7ef-b28d-448b-ae91-a74a01c72ab3" />
    <UnitTestResult executionId="ef214e34-5fe4-4432-9a37-0b52c07be699" testId="04224998-4b81-67b1-f8c7-7bc4eea20787" testName="CPR.UnitTests.ClassificationServiceTests.EmptyResults_ReturnsEmptyArrays" computerName="VYACHESLAV-LAPT" duration="00:00:00.1570798" startTime="2025-09-17T14:50:35.3811232-05:00" endTime="2025-09-17T14:50:35.3811234-05:00" testType="13cdc9d9-ddb5-4fa4-a97d-d965ccfc6d4b" outcome="Passed" testListId="8c84fa94-04c1-424b-9868-57a2d4851a1d" relativeResultsDirectory="ef214e34-5fe4-4432-9a37-0b52c07be699" />
    <UnitTestResult executionId="81d68da2-5a9c-499e-92dc-f649b95af905" testId="4173c94f-ea54-5a01-7339-de8d97f7ae90" testName="CPR.UnitTests.GoalServiceTests.Create_Get_Update_Delete_Workflow" computerName="VYACHESLAV-LAPT" duration="00:00:01.2198050" startTime="2025-09-17T14:50:35.3213488-05:00" endTime="2025-09-17T14:50:35.3213495-05:00" testType="13cdc9d9-ddb5-4fa4-a97d-d965ccfc6d4b" outcome="Passed" testListId="8c84fa94-04c1-424b-9868-57a2d4851a1d" relativeResultsDirectory="81d68da2-5a9c-499e-92dc-f649b95af905" />
    <UnitTestResult executionId="e55a3c8e-6604-4161-a5cc-cfb7bcf0aabb" testId="4dc77161-c76f-95f0-bfd3-57884040bb6f" testName="CPR.UnitTests.GoalsControllerValidationTests.Create_InvalidPriority_ModelStateError" computerName="VYACHESLAV-LAPT" duration="00:00:00.1288146" startTime="2025-09-17T14:50:34.2330921-05:00" endTime="2025-09-17T14:50:34.2330928-05:00" testType="13cdc9d9-ddb5-4fa4-a97d-d965ccfc6d4b" outcome="Passed" testListId="8c84fa94-04c1-424b-9868-57a2d4851a1d" relativeResultsDirectory="e55a3c8e-6604-4161-a5cc-cfb7bcf0aabb" />
  </Results>
  <TestDefinitions>
    <UnitTest name="CPR.UnitTests.TaxonomyControllerTests.GetCareerTracks_ReturnsOk_WithItems" storage="d:\projects\cpr\tests\cpr.unittests\bin\debug\net9.0\cpr.unittests.dll" id="1f476419-72f4-87f7-1e17-bea5c182d2cb">
      <Execution id="9471bb22-1307-4055-9098-540b440ecc98" />
      <TestMethod codeBase="D:\projects\CPR\tests\CPR.UnitTests\bin\Debug\net9.0\CPR.UnitTests.dll" adapterTypeName="executor://xunit/VsTestRunner2/netcoreapp" className="CPR.UnitTests.TaxonomyControllerTests" name="GetCareerTracks_ReturnsOk_WithItems" />
    </UnitTest>
    <UnitTest name="CPR.UnitTests.GoalServiceTests.AddTask_Appears_In_GetGoalById" storage="d:\projects\cpr\tests\cpr.unittests\bin\debug\net9.0\cpr.unittests.dll" id="0dd3b610-656a-f2ec-5e88-c7c112e68274">
      <Execution id="7f7e29b5-9861-442c-9939-35052f5b00d4" />
      <TestMethod codeBase="D:\projects\CPR\tests\CPR.UnitTests\bin\Debug\net9.0\CPR.UnitTests.dll" adapterTypeName="executor://xunit/VsTestRunner2/netcoreapp" className="CPR.UnitTests.GoalServiceTests" name="AddTask_Appears_In_GetGoalById" />
    </UnitTest>
    <UnitTest name="CPR.UnitTests.TaxonomyControllerTests.GetPositions_ReturnsOk_WithExpectations" storage="d:\projects\cpr\tests\cpr.unittests\bin\debug\net9.0\cpr.unittests.dll" id="bfaf3770-73bf-9f70-110d-0af766f18a29">
      <Execution id="f725abda-e1b4-40b9-9625-836520e55aed" />
      <TestMethod codeBase="D:\projects\CPR\tests\CPR.UnitTests\bin\Debug\net9.0\CPR.UnitTests.dll" adapterTypeName="executor://xunit/VsTestRunner2/netcoreapp" className="CPR.UnitTests.TaxonomyControllerTests" name="GetPositions_ReturnsOk_WithExpectations" />
    </UnitTest>
    <UnitTest name="CPR.UnitTests.ClassificationServiceTests.InvalidGuidFilter_ReturnsEmpty_NoException" storage="d:\projects\cpr\tests\cpr.unittests\bin\debug\net9.0\cpr.unittests.dll" id="fcccf167-7426-d6cf-407c-ed50f9076a52">
      <Execution id="9566c7ef-b28d-448b-ae91-a74a01c72ab3" />
      <TestMethod codeBase="D:\projects\CPR\tests\CPR.UnitTests\bin\Debug\net9.0\CPR.UnitTests.dll" adapterTypeName="executor://xunit/VsTestRunner2/netcoreapp" className="CPR.UnitTests.ClassificationServiceTests" name="InvalidGuidFilter_ReturnsEmpty_NoException" />
    </UnitTest>
    <UnitTest name="CPR.UnitTests.GoalServiceTests.Update_NonExistent_Throws" storage="d:\projects\cpr\tests\cpr.unittests\bin\debug\net9.0\cpr.unittests.dll" id="d3ed3139-af5b-e202-87ed-ba2d5f9985f6">
      <Execution id="6166fd1f-1fd2-409a-adce-b99800114dc2" />
      <TestMethod codeBase="D:\projects\CPR\tests\CPR.UnitTests\bin\Debug\net9.0\CPR.UnitTests.dll" adapterTypeName="executor://xunit/VsTestRunner2/netcoreapp" className="CPR.UnitTests.GoalServiceTests" name="Update_NonExistent_Throws" />
    </UnitTest>
    <UnitTest name="CPR.UnitTests.ClassificationServiceTests.EmptyResults_ReturnsEmptyArrays" storage="d:\projects\cpr\tests\cpr.unittests\bin\debug\net9.0\cpr.unittests.dll" id="04224998-4b81-67b1-f8c7-7bc4eea20787">
      <Execution id="ef214e34-5fe4-4432-9a37-0b52c07be699" />
      <TestMethod codeBase="D:\projects\CPR\tests\CPR.UnitTests\bin\Debug\net9.0\CPR.UnitTests.dll" adapterTypeName="executor://xunit/VsTestRunner2/netcoreapp" className="CPR.UnitTests.ClassificationServiceTests" name="EmptyResults_ReturnsEmptyArrays" />
    </UnitTest>
    <UnitTest name="CPR.UnitTests.ClassificationServiceTests.DeletedItems_AreFilteredOut" storage="d:\projects\cpr\tests\cpr.unittests\bin\debug\net9.0\cpr.unittests.dll" id="e4be6f72-fa42-d8c6-aa72-fe214ae98b08">
      <Execution id="1bfc4d22-8b27-4c5f-a9ad-a90d3009f87e" />
      <TestMethod codeBase="D:\projects\CPR\tests\CPR.UnitTests\bin\Debug\net9.0\CPR.UnitTests.dll" adapterTypeName="executor://xunit/VsTestRunner2/netcoreapp" className="CPR.UnitTests.ClassificationServiceTests" name="DeletedItems_AreFilteredOut" />
    </UnitTest>
    <UnitTest name="CPR.UnitTests.GoalServiceTests.Create_NullDto_Throws" storage="d:\projects\cpr\tests\cpr.unittests\bin\debug\net9.0\cpr.unittests.dll" id="5956719e-3452-5720-a6a3-0368dd87c461">
      <Execution id="4e383426-723e-4bc8-be6e-3c54225a2eba" />
      <TestMethod codeBase="D:\projects\CPR\tests\CPR.UnitTests\bin\Debug\net9.0\CPR.UnitTests.dll" adapterTypeName="executor://xunit/VsTestRunner2/netcoreapp" className="CPR.UnitTests.GoalServiceTests" name="Create_NullDto_Throws" />
    </UnitTest>
    <UnitTest name="CPR.UnitTests.GoalServiceTests.Update_WithNoFields_NoChange" storage="d:\projects\cpr\tests\cpr.unittests\bin\debug\net9.0\cpr.unittests.dll" id="8fdbd666-92ef-5b7f-2802-7cd379660176">
      <Execution id="4c4e8ccc-9142-4f4a-a880-adae80e45a52" />
      <TestMethod codeBase="D:\projects\CPR\tests\CPR.UnitTests\bin\Debug\net9.0\CPR.UnitTests.dll" adapterTypeName="executor://xunit/VsTestRunner2/netcoreapp" className="CPR.UnitTests.GoalServiceTests" name="Update_WithNoFields_NoChange" />
    </UnitTest>
    <UnitTest name="CPR.UnitTests.ClassificationServiceTests.GetPositions_FilteredByTrack_ReturnsPosition_WithExpectations" storage="d:\projects\cpr\tests\cpr.unittests\bin\debug\net9.0\cpr.unittests.dll" id="ff51182a-aa3e-3c3b-ccdb-7617344a700a">
      <Execution id="4651225f-02d1-4752-bc87-6b1e92304194" />
      <TestMethod codeBase="D:\projects\CPR\tests\CPR.UnitTests\bin\Debug\net9.0\CPR.UnitTests.dll" adapterTypeName="executor://xunit/VsTestRunner2/netcoreapp" className="CPR.UnitTests.ClassificationServiceTests" name="GetPositions_FilteredByTrack_ReturnsPosition_WithExpectations" />
    </UnitTest>
    <UnitTest name="CPR.UnitTests.TokenGeneratorTests.CreateToken_ProducesExpectedFormatAndSignature" storage="d:\projects\cpr\tests\cpr.unittests\bin\debug\net9.0\cpr.unittests.dll" id="56f1c77e-28c5-f5f1-3972-d20f73d8b63b">
      <Execution id="0d7fcc18-f00f-43dd-ae74-b3db9083c6d8" />
      <TestMethod codeBase="D:\projects\CPR\tests\CPR.UnitTests\bin\Debug\net9.0\CPR.UnitTests.dll" adapterTypeName="executor://xunit/VsTestRunner2/netcoreapp" className="CPR.UnitTests.TokenGeneratorTests" name="CreateToken_ProducesExpectedFormatAndSignature" />
    </UnitTest>
    <UnitTest name="CPR.UnitTests.ClassificationServiceTests.GetCareerTracks_FilteredByPath_ReturnsTrack" storage="d:\projects\cpr\tests\cpr.unittests\bin\debug\net9.0\cpr.unittests.dll" id="db9f5602-1563-37eb-3b6f-8a6002c990af">
      <Execution id="24302463-a6fc-49f8-9372-f435598bbd09" />
      <TestMethod codeBase="D:\projects\CPR\tests\CPR.UnitTests\bin\Debug\net9.0\CPR.UnitTests.dll" adapterTypeName="executor://xunit/VsTestRunner2/netcoreapp" className="CPR.UnitTests.ClassificationServiceTests" name="GetCareerTracks_FilteredByPath_ReturnsTrack" />
    </UnitTest>
    <UnitTest name="CPR.UnitTests.GoalServiceTests.Update_ByDifferentUser_UpdatesModifiedBy" storage="d:\projects\cpr\tests\cpr.unittests\bin\debug\net9.0\cpr.unittests.dll" id="0ad55d3a-4f89-ce26-d12a-323f058a8713">
      <Execution id="2ae71ed4-0ef0-4336-8ebf-b9c43e9574ab" />
      <TestMethod codeBase="D:\projects\CPR\tests\CPR.UnitTests\bin\Debug\net9.0\CPR.UnitTests.dll" adapterTypeName="executor://xunit/VsTestRunner2/netcoreapp" className="CPR.UnitTests.GoalServiceTests" name="Update_ByDifferentUser_UpdatesModifiedBy" />
    </UnitTest>
    <UnitTest name="CPR.UnitTests.JwtStubAuthenticationHandlerTests.ValidToken_IsAuthenticated" storage="d:\projects\cpr\tests\cpr.unittests\bin\debug\net9.0\cpr.unittests.dll" id="54ff8e50-f462-b783-f88c-c6136ea4e932">
      <Execution id="cfca9a4e-931a-4fc5-be3c-e898e4b6db4b" />
      <TestMethod codeBase="D:\projects\CPR\tests\CPR.UnitTests\bin\Debug\net9.0\CPR.UnitTests.dll" adapterTypeName="executor://xunit/VsTestRunner2/netcoreapp" className="CPR.UnitTests.JwtStubAuthenticationHandlerTests" name="ValidToken_IsAuthenticated" />
    </UnitTest>
    <UnitTest name="CPR.UnitTests.GoalsControllerValidationTests.Create_InvalidVisibility_ModelStateError" storage="d:\projects\cpr\tests\cpr.unittests\bin\debug\net9.0\cpr.unittests.dll" id="1b740b8d-42b9-d248-6976-42342e3aa316">
      <Execution id="50b8427b-1f56-4ac8-b719-f2380c0c437b" />
      <TestMethod codeBase="D:\projects\CPR\tests\CPR.UnitTests\bin\Debug\net9.0\CPR.UnitTests.dll" adapterTypeName="executor://xunit/VsTestRunner2/netcoreapp" className="CPR.UnitTests.GoalsControllerValidationTests" name="Create_InvalidVisibility_ModelStateError" />
    </UnitTest>
    <UnitTest name="CPR.UnitTests.GoalServiceTests.AddTask_NonExistent_Throws" storage="d:\projects\cpr\tests\cpr.unittests\bin\debug\net9.0\cpr.unittests.dll" id="b5ad94ba-f9b8-a11a-be7e-940412e7b510">
      <Execution id="56f1b70a-8bc1-45f8-b673-a32f582b0ea4" />
      <TestMethod codeBase="D:\projects\CPR\tests\CPR.UnitTests\bin\Debug\net9.0\CPR.UnitTests.dll" adapterTypeName="executor://xunit/VsTestRunner2/netcoreapp" className="CPR.UnitTests.GoalServiceTests" name="AddTask_NonExistent_Throws" />
    </UnitTest>
    <UnitTest name="CPR.UnitTests.EntityModelTests.NewSkill_Defaults" storage="d:\projects\cpr\tests\cpr.unittests\bin\debug\net9.0\cpr.unittests.dll" id="eb37ebbb-ad55-c51e-13ea-9bd5e8dd6e50">
      <Execution id="299d5630-0f94-4f36-8bd9-f0fc87108840" />
      <TestMethod codeBase="D:\projects\CPR\tests\CPR.UnitTests\bin\Debug\net9.0\CPR.UnitTests.dll" adapterTypeName="executor://xunit/VsTestRunner2/netcoreapp" className="CPR.UnitTests.EntityModelTests" name="NewSkill_Defaults" />
    </UnitTest>
    <UnitTest name="CPR.UnitTests.GoalServiceTests.UpdateTask_CanModifyFields_AndToggleCompletion" storage="d:\projects\cpr\tests\cpr.unittests\bin\debug\net9.0\cpr.unittests.dll" id="5713dfa7-fb80-0c55-a159-c2c3037a4451">
      <Execution id="e7512677-873f-4420-afc8-0295fabe11cb" />
      <TestMethod codeBase="D:\projects\CPR\tests\CPR.UnitTests\bin\Debug\net9.0\CPR.UnitTests.dll" adapterTypeName="executor://xunit/VsTestRunner2/netcoreapp" className="CPR.UnitTests.GoalServiceTests" name="UpdateTask_CanModifyFields_AndToggleCompletion" />
    </UnitTest>
    <UnitTest name="CPR.UnitTests.ClassificationServiceTests.GetCareerPaths_ReturnsSeeded" storage="d:\projects\cpr\tests\cpr.unittests\bin\debug\net9.0\cpr.unittests.dll" id="89010f7a-c485-3cb9-d48e-5cf6431b4ac1">
      <Execution id="2c87f76b-6089-495e-a248-0421d29453fa" />
      <TestMethod codeBase="D:\projects\CPR\tests\CPR.UnitTests\bin\Debug\net9.0\CPR.UnitTests.dll" adapterTypeName="executor://xunit/VsTestRunner2/netcoreapp" className="CPR.UnitTests.ClassificationServiceTests" name="GetCareerPaths_ReturnsSeeded" />
    </UnitTest>
    <UnitTest name="CPR.UnitTests.GoalServiceTests.Delete_NonExistent_DoesNotThrow" storage="d:\projects\cpr\tests\cpr.unittests\bin\debug\net9.0\cpr.unittests.dll" id="4719cafa-37e8-0976-4e22-b0ffa0c90c6f">
      <Execution id="912fd5a1-5a4f-48c2-a74d-b039ec8266b3" />
      <TestMethod codeBase="D:\projects\CPR\tests\CPR.UnitTests\bin\Debug\net9.0\CPR.UnitTests.dll" adapterTypeName="executor://xunit/VsTestRunner2/netcoreapp" className="CPR.UnitTests.GoalServiceTests" name="Delete_NonExistent_DoesNotThrow" />
    </UnitTest>
    <UnitTest name="CPR.UnitTests.EntityModelTests.NewCareerPath_Defaults" storage="d:\projects\cpr\tests\cpr.unittests\bin\debug\net9.0\cpr.unittests.dll" id="56a69ab4-6219-6b26-299f-0681a9d61e92">
      <Execution id="ad52e44e-0abc-4e83-bc80-a18d13f99b3b" />
      <TestMethod codeBase="D:\projects\CPR\tests\CPR.UnitTests\bin\Debug\net9.0\CPR.UnitTests.dll" adapterTypeName="executor://xunit/VsTestRunner2/netcoreapp" className="CPR.UnitTests.EntityModelTests" name="NewCareerPath_Defaults" />
    </UnitTest>
    <UnitTest name="CPR.UnitTests.GoalsControllerValidationTests.Create_InvalidPriority_ModelStateError" storage="d:\projects\cpr\tests\cpr.unittests\bin\debug\net9.0\cpr.unittests.dll" id="4dc77161-c76f-95f0-bfd3-57884040bb6f">
      <Execution id="e55a3c8e-6604-4161-a5cc-cfb7bcf0aabb" />
      <TestMethod codeBase="D:\projects\CPR\tests\CPR.UnitTests\bin\Debug\net9.0\CPR.UnitTests.dll" adapterTypeName="executor://xunit/VsTestRunner2/netcoreapp" className="CPR.UnitTests.GoalsControllerValidationTests" name="Create_InvalidPriority_ModelStateError" />
    </UnitTest>
    <UnitTest name="CPR.UnitTests.GoalServiceTests.AddTask_NullDto_Throws" storage="d:\projects\cpr\tests\cpr.unittests\bin\debug\net9.0\cpr.unittests.dll" id="4bcc2cdc-22f9-1be2-4107-f209763f8fd8">
      <Execution id="e8568db0-1865-4bf4-a0ce-79495cfa63d9" />
      <TestMethod codeBase="D:\projects\CPR\tests\CPR.UnitTests\bin\Debug\net9.0\CPR.UnitTests.dll" adapterTypeName="executor://xunit/VsTestRunner2/netcoreapp" className="CPR.UnitTests.GoalServiceTests" name="AddTask_NullDto_Throws" />
    </UnitTest>
    <UnitTest name="CPR.UnitTests.GoalsControllerValidationTests.Create_InvalidEmployeeIdInDto_ModelStateError" storage="d:\projects\cpr\tests\cpr.unittests\bin\debug\net9.0\cpr.unittests.dll" id="17706901-0ddd-6372-5e91-aa055a1243d4">
      <Execution id="9b907aec-38f3-4c30-ad8b-25e595343de1" />
      <TestMethod codeBase="D:\projects\CPR\tests\CPR.UnitTests\bin\Debug\net9.0\CPR.UnitTests.dll" adapterTypeName="executor://xunit/VsTestRunner2/netcoreapp" className="CPR.UnitTests.GoalsControllerValidationTests" name="Create_InvalidEmployeeIdInDto_ModelStateError" />
    </UnitTest>
    <UnitTest name="CPR.UnitTests.GoalServiceTests.Update_WithEmptyTitle_DoesNotOverwrite" storage="d:\projects\cpr\tests\cpr.unittests\bin\debug\net9.0\cpr.unittests.dll" id="a38938d7-f90e-a2b0-6791-2f1eddfa19b0">
      <Execution id="fee9e86d-ffc3-43ea-84fa-d24c11f32d2c" />
      <TestMethod codeBase="D:\projects\CPR\tests\CPR.UnitTests\bin\Debug\net9.0\CPR.UnitTests.dll" adapterTypeName="executor://xunit/VsTestRunner2/netcoreapp" className="CPR.UnitTests.GoalServiceTests" name="Update_WithEmptyTitle_DoesNotOverwrite" />
    </UnitTest>
    <UnitTest name="CPR.UnitTests.TaxonomyControllerTests.GetCareer_ReturnsOk_WithItems" storage="d:\projects\cpr\tests\cpr.unittests\bin\debug\net9.0\cpr.unittests.dll" id="f25042c3-d764-df32-0224-92a89b59ca19">
      <Execution id="16299332-a5ac-453b-8557-058c4c72c488" />
      <TestMethod codeBase="D:\projects\CPR\tests\CPR.UnitTests\bin\Debug\net9.0\CPR.UnitTests.dll" adapterTypeName="executor://xunit/VsTestRunner2/netcoreapp" className="CPR.UnitTests.TaxonomyControllerTests" name="GetCareer_ReturnsOk_WithItems" />
    </UnitTest>
    <UnitTest name="CPR.UnitTests.GoalServiceTests.Create_Get_Update_Delete_Workflow" storage="d:\projects\cpr\tests\cpr.unittests\bin\debug\net9.0\cpr.unittests.dll" id="4173c94f-ea54-5a01-7339-de8d97f7ae90">
      <Execution id="81d68da2-5a9c-499e-92dc-f649b95af905" />
      <TestMethod codeBase="D:\projects\CPR\tests\CPR.UnitTests\bin\Debug\net9.0\CPR.UnitTests.dll" adapterTypeName="executor://xunit/VsTestRunner2/netcoreapp" className="CPR.UnitTests.GoalServiceTests" name="Create_Get_Update_Delete_Workflow" />
    </UnitTest>
    <UnitTest name="CPR.UnitTests.JwtStubAuthenticationHandlerTests.InvalidToken_IsRejected" storage="d:\projects\cpr\tests\cpr.unittests\bin\debug\net9.0\cpr.unittests.dll" id="7401c24a-10a6-8ef9-c23c-3cc6fdbc13a0">
      <Execution id="813c80a6-f0c6-47a9-b0fa-ba0a7958f5da" />
      <TestMethod codeBase="D:\projects\CPR\tests\CPR.UnitTests\bin\Debug\net9.0\CPR.UnitTests.dll" adapterTypeName="executor://xunit/VsTestRunner2/netcoreapp" className="CPR.UnitTests.JwtStubAuthenticationHandlerTests" name="InvalidToken_IsRejected" />
    </UnitTest>
    <UnitTest name="CPR.UnitTests.SampleTests.Truth" storage="d:\projects\cpr\tests\cpr.unittests\bin\debug\net9.0\cpr.unittests.dll" id="6dcbbebc-5ec3-8cd9-8adb-96eb4d601ff7">
      <Execution id="055e97ff-bcad-4cdb-84db-806100741105" />
      <TestMethod codeBase="D:\projects\CPR\tests\CPR.UnitTests\bin\Debug\net9.0\CPR.UnitTests.dll" adapterTypeName="executor://xunit/VsTestRunner2/netcoreapp" className="CPR.UnitTests.SampleTests" name="Truth" />
    </UnitTest>
    <UnitTest name="CPR.UnitTests.GoalServiceTests.Create_WithAllFields_PersistsFields" storage="d:\projects\cpr\tests\cpr.unittests\bin\debug\net9.0\cpr.unittests.dll" id="3c4be2da-b87b-8f23-f318-f442ae6abb24">
      <Execution id="273076f2-5ed4-4ad0-921d-8a3a941d5de9" />
      <TestMethod codeBase="D:\projects\CPR\tests\CPR.UnitTests\bin\Debug\net9.0\CPR.UnitTests.dll" adapterTypeName="executor://xunit/VsTestRunner2/netcoreapp" className="CPR.UnitTests.GoalServiceTests" name="Create_WithAllFields_PersistsFields" />
    </UnitTest>
    <UnitTest name="CPR.UnitTests.GoalServiceTests.GetGoals_InvalidPage_Throws" storage="d:\projects\cpr\tests\cpr.unittests\bin\debug\net9.0\cpr.unittests.dll" id="8a5940ea-4b2f-f542-b5ca-b09821dd76d9">
      <Execution id="2597432c-c749-4739-9b5e-8115a64e6596" />
      <TestMethod codeBase="D:\projects\CPR\tests\CPR.UnitTests\bin\Debug\net9.0\CPR.UnitTests.dll" adapterTypeName="executor://xunit/VsTestRunner2/netcoreapp" className="CPR.UnitTests.GoalServiceTests" name="GetGoals_InvalidPage_Throws" />
    </UnitTest>
  </TestDefinitions>
  <TestEntries>
    <TestEntry testId="4719cafa-37e8-0976-4e22-b0ffa0c90c6f" executionId="912fd5a1-5a4f-48c2-a74d-b039ec8266b3" testListId="8c84fa94-04c1-424b-9868-57a2d4851a1d" />
    <TestEntry testId="eb37ebbb-ad55-c51e-13ea-9bd5e8dd6e50" executionId="299d5630-0f94-4f36-8bd9-f0fc87108840" testListId="8c84fa94-04c1-424b-9868-57a2d4851a1d" />
    <TestEntry testId="6dcbbebc-5ec3-8cd9-8adb-96eb4d601ff7" executionId="055e97ff-bcad-4cdb-84db-806100741105" testListId="8c84fa94-04c1-424b-9868-57a2d4851a1d" />
    <TestEntry testId="a38938d7-f90e-a2b0-6791-2f1eddfa19b0" executionId="fee9e86d-ffc3-43ea-84fa-d24c11f32d2c" testListId="8c84fa94-04c1-424b-9868-57a2d4851a1d" />
    <TestEntry testId="8a5940ea-4b2f-f542-b5ca-b09821dd76d9" executionId="2597432c-c749-4739-9b5e-8115a64e6596" testListId="8c84fa94-04c1-424b-9868-57a2d4851a1d" />
    <TestEntry testId="1b740b8d-42b9-d248-6976-42342e3aa316" executionId="50b8427b-1f56-4ac8-b719-f2380c0c437b" testListId="8c84fa94-04c1-424b-9868-57a2d4851a1d" />
    <TestEntry testId="17706901-0ddd-6372-5e91-aa055a1243d4" executionId="9b907aec-38f3-4c30-ad8b-25e595343de1" testListId="8c84fa94-04c1-424b-9868-57a2d4851a1d" />
    <TestEntry testId="3c4be2da-b87b-8f23-f318-f442ae6abb24" executionId="273076f2-5ed4-4ad0-921d-8a3a941d5de9" testListId="8c84fa94-04c1-424b-9868-57a2d4851a1d" />
    <TestEntry testId="1f476419-72f4-87f7-1e17-bea5c182d2cb" executionId="9471bb22-1307-4055-9098-540b440ecc98" testListId="8c84fa94-04c1-424b-9868-57a2d4851a1d" />
    <TestEntry testId="56a69ab4-6219-6b26-299f-0681a9d61e92" executionId="ad52e44e-0abc-4e83-bc80-a18d13f99b3b" testListId="8c84fa94-04c1-424b-9868-57a2d4851a1d" />
    <TestEntry testId="bfaf3770-73bf-9f70-110d-0af766f18a29" executionId="f725abda-e1b4-40b9-9625-836520e55aed" testListId="8c84fa94-04c1-424b-9868-57a2d4851a1d" />
    <TestEntry testId="7401c24a-10a6-8ef9-c23c-3cc6fdbc13a0" executionId="813c80a6-f0c6-47a9-b0fa-ba0a7958f5da" testListId="8c84fa94-04c1-424b-9868-57a2d4851a1d" />
    <TestEntry testId="5713dfa7-fb80-0c55-a159-c2c3037a4451" executionId="e7512677-873f-4420-afc8-0295fabe11cb" testListId="8c84fa94-04c1-424b-9868-57a2d4851a1d" />
    <TestEntry testId="4bcc2cdc-22f9-1be2-4107-f209763f8fd8" executionId="e8568db0-1865-4bf4-a0ce-79495cfa63d9" testListId="8c84fa94-04c1-424b-9868-57a2d4851a1d" />
    <TestEntry testId="db9f5602-1563-37eb-3b6f-8a6002c990af" executionId="24302463-a6fc-49f8-9372-f435598bbd09" testListId="8c84fa94-04c1-424b-9868-57a2d4851a1d" />
    <TestEntry testId="ff51182a-aa3e-3c3b-ccdb-7617344a700a" executionId="4651225f-02d1-4752-bc87-6b1e92304194" testListId="8c84fa94-04c1-424b-9868-57a2d4851a1d" />
    <TestEntry testId="f25042c3-d764-df32-0224-92a89b59ca19" executionId="16299332-a5ac-453b-8557-058c4c72c488" testListId="8c84fa94-04c1-424b-9868-57a2d4851a1d" />
    <TestEntry testId="8fdbd666-92ef-5b7f-2802-7cd379660176" executionId="4c4e8ccc-9142-4f4a-a880-adae80e45a52" testListId="8c84fa94-04c1-424b-9868-57a2d4851a1d" />
    <TestEntry testId="0ad55d3a-4f89-ce26-d12a-323f058a8713" executionId="2ae71ed4-0ef0-4336-8ebf-b9c43e9574ab" testListId="8c84fa94-04c1-424b-9868-57a2d4851a1d" />
    <TestEntry testId="89010f7a-c485-3cb9-d48e-5cf6431b4ac1" executionId="2c87f76b-6089-495e-a248-0421d29453fa" testListId="8c84fa94-04c1-424b-9868-57a2d4851a1d" />
    <TestEntry testId="56f1c77e-28c5-f5f1-3972-d20f73d8b63b" executionId="0d7fcc18-f00f-43dd-ae74-b3db9083c6d8" testListId="8c84fa94-04c1-424b-9868-57a2d4851a1d" />
    <TestEntry testId="54ff8e50-f462-b783-f88c-c6136ea4e932" executionId="cfca9a4e-931a-4fc5-be3c-e898e4b6db4b" testListId="8c84fa94-04c1-424b-9868-57a2d4851a1d" />
    <TestEntry testId="5956719e-3452-5720-a6a3-0368dd87c461" executionId="4e383426-723e-4bc8-be6e-3c54225a2eba" testListId="8c84fa94-04c1-424b-9868-57a2d4851a1d" />
    <TestEntry testId="d3ed3139-af5b-e202-87ed-ba2d5f9985f6" executionId="6166fd1f-1fd2-409a-adce-b99800114dc2" testListId="8c84fa94-04c1-424b-9868-57a2d4851a1d" />
    <TestEntry testId="0dd3b610-656a-f2ec-5e88-c7c112e68274" executionId="7f7e29b5-9861-442c-9939-35052f5b00d4" testListId="8c84fa94-04c1-424b-9868-57a2d4851a1d" />
    <TestEntry testId="b5ad94ba-f9b8-a11a-be7e-940412e7b510" executionId="56f1b70a-8bc1-45f8-b673-a32f582b0ea4" testListId="8c84fa94-04c1-424b-9868-57a2d4851a1d" />
    <TestEntry testId="e4be6f72-fa42-d8c6-aa72-fe214ae98b08" executionId="1bfc4d22-8b27-4c5f-a9ad-a90d3009f87e" testListId="8c84fa94-04c1-424b-9868-57a2d4851a1d" />
    <TestEntry testId="fcccf167-7426-d6cf-407c-ed50f9076a52" executionId="9566c7ef-b28d-448b-ae91-a74a01c72ab3" testListId="8c84fa94-04c1-424b-9868-57a2d4851a1d" />
    <TestEntry testId="04224998-4b81-67b1-f8c7-7bc4eea20787" executionId="ef214e34-5fe4-4432-9a37-0b52c07be699" testListId="8c84fa94-04c1-424b-9868-57a2d4851a1d" />
    <TestEntry testId="4173c94f-ea54-5a01-7339-de8d97f7ae90" executionId="81d68da2-5a9c-499e-92dc-f649b95af905" testListId="8c84fa94-04c1-424b-9868-57a2d4851a1d" />
    <TestEntry testId="4dc77161-c76f-95f0-bfd3-57884040bb6f" executionId="e55a3c8e-6604-4161-a5cc-cfb7bcf0aabb" testListId="8c84fa94-04c1-424b-9868-57a2d4851a1d" />
  </TestEntries>
  <TestLists>
    <TestList name="Results Not in a List" id="8c84fa94-04c1-424b-9868-57a2d4851a1d" />
    <TestList name="All Loaded Results" id="19431567-8539-422a-85d7-44ee4e166bda" />
  </TestLists>
  <ResultSummary outcome="Completed">
    <Counters total="31" executed="31" passed="31" failed="0" error="0" timeout="0" aborted="0" inconclusive="0" passedButRunAborted="0" notRunnable="0" notExecuted="0" disconnected="0" warning="0" completed="0" inProgress="0" pending="0" />
    <Output>
      <StdOut>[xUnit.net 00:00:00.00] xUnit.net VSTest Adapter v2.8.0+6438bb880a (64-bit .NET 9.0.3)&#xD;
[xUnit.net 00:00:00.31]   Discovering: CPR.UnitTests&#xD;
[xUnit.net 00:00:00.34]   Discovered:  CPR.UnitTests&#xD;
[xUnit.net 00:00:00.34]   Starting:    CPR.UnitTests&#xD;
[xUnit.net 00:00:02.05]   Finished:    CPR.UnitTests&#xD;
</StdOut>
    </Output>
  </ResultSummary>
</TestRun>