<?xml version="1.0" encoding="utf-8"?>
<TestRun id="19c2a64b-30d3-47a7-a9b4-62c2df9fd907" name="vyach@VYACHESLAV-LAPT 2025-09-10 11:21:38" runUser="VYACHESLAV-LAPT\vyach" xmlns="http://microsoft.com/schemas/VisualStudio/TeamTest/2010">
  <Times creation="2025-09-10T11:21:38.0287402-05:00" queuing="2025-09-10T11:21:38.0287406-05:00" start="2025-09-10T11:21:36.1640789-05:00" finish="2025-09-10T11:21:38.3537371-05:00" />
  <TestSettings name="default" id="f2513db4-9deb-480a-982b-d23946715da9">
    <Deployment runDeploymentRoot="vyach_VYACHESLAV-LAPT_2025-09-10_11_21_38" />
  </TestSettings>
  <Results>
    <UnitTestResult executionId="3f490034-44f0-4d83-ac99-90a8ac6a43ed" testId="d05bc568-58a5-4262-725d-6c0b439220ce" testName="CPR.IntegrationTests.MigrationSmokeTests.MigrationsHistory_Contains_AddSeedData" computerName="VYACHESLAV-LAPT" duration="00:00:00.6778159" startTime="2025-09-10T11:21:38.2388987-05:00" endTime="2025-09-10T11:21:38.2388988-05:00" testType="13cdc9d9-ddb5-4fa4-a97d-d965ccfc6d4b" outcome="Passed" testListId="8c84fa94-04c1-424b-9868-57a2d4851a1d" relativeResultsDirectory="3f490034-44f0-4d83-ac99-90a8ac6a43ed" />
    <UnitTestResult executionId="a83e6d1b-af17-482a-b96f-f37dabdb73ac" testId="8cc60949-5900-f178-8413-70dafcf5b45b" testName="CPR.IntegrationTests.TokenGeneratorSmokeTests.TokenGenerator_E2E_ReturnsUserProfile" computerName="VYACHESLAV-LAPT" duration="00:00:00.4337482" startTime="2025-09-10T11:21:38.0069257-05:00" endTime="2025-09-10T11:21:38.0069258-05:00" testType="13cdc9d9-ddb5-4fa4-a97d-d965ccfc6d4b" outcome="Passed" testListId="8c84fa94-04c1-424b-9868-57a2d4851a1d" relativeResultsDirectory="a83e6d1b-af17-482a-b96f-f37dabdb73ac" />
    <UnitTestResult executionId="6b7c935b-10f6-4eee-8607-24a7a040d5c0" testId="fe1ed513-1250-e1d2-25f2-fcc8fda41b69" testName="CPR.IntegrationTests.UserAndGoalPersistenceTests.CanCreateUserAndGoal" computerName="VYACHESLAV-LAPT" duration="00:00:00.7309547" startTime="2025-09-10T11:21:38.2919332-05:00" endTime="2025-09-10T11:21:38.2919333-05:00" testType="13cdc9d9-ddb5-4fa4-a97d-d965ccfc6d4b" outcome="Passed" testListId="8c84fa94-04c1-424b-9868-57a2d4851a1d" relativeResultsDirectory="6b7c935b-10f6-4eee-8607-24a7a040d5c0" />
    <UnitTestResult executionId="fe7d6313-295d-4fca-8e84-b2eef334aaf8" testId="f063b7f5-94b9-a8f0-437e-38f824100854" testName="CPR.IntegrationTests.SeedVerificationTests.SeedRows_Exist_InDatabase" computerName="VYACHESLAV-LAPT" duration="00:00:00.7061576" startTime="2025-09-10T11:21:38.2671221-05:00" endTime="2025-09-10T11:21:38.2671222-05:00" testType="13cdc9d9-ddb5-4fa4-a97d-d965ccfc6d4b" outcome="Passed" testListId="8c84fa94-04c1-424b-9868-57a2d4851a1d" relativeResultsDirectory="fe7d6313-295d-4fca-8e84-b2eef334aaf8" />
    <UnitTestResult executionId="410d30d2-d26c-46f6-948d-8072c605f023" testId="fe1dd90f-597a-889d-a6df-6fac4049ab48" testName="CPR.IntegrationTests.SampleIntegrationTest.CanRun" computerName="VYACHESLAV-LAPT" duration="00:00:00.0088444" startTime="2025-09-10T11:21:37.5731153-05:00" endTime="2025-09-10T11:21:37.5731294-05:00" testType="13cdc9d9-ddb5-4fa4-a97d-d965ccfc6d4b" outcome="Passed" testListId="8c84fa94-04c1-424b-9868-57a2d4851a1d" relativeResultsDirectory="410d30d2-d26c-46f6-948d-8072c605f023" />
    <UnitTestResult executionId="3764fc54-19c9-4f0b-8526-55eda26bd976" testId="532ad4e5-578d-5d5e-389f-e29ae44a8370" testName="CPR.IntegrationTests.GoalPersistenceTests.CanCreateAndReadGoal" computerName="VYACHESLAV-LAPT" duration="00:00:00.7298595" startTime="2025-09-10T11:21:38.2908552-05:00" endTime="2025-09-10T11:21:38.2908553-05:00" testType="13cdc9d9-ddb5-4fa4-a97d-d965ccfc6d4b" outcome="Passed" testListId="8c84fa94-04c1-424b-9868-57a2d4851a1d" relativeResultsDirectory="3764fc54-19c9-4f0b-8526-55eda26bd976" />
    <UnitTestResult executionId="eacf384c-17a7-4bf2-bda9-0e8946160734" testId="4db065df-e165-6201-98ef-ce56445e3caf" testName="CPR.IntegrationTests.MeControllerTests.GetMe_WithValidToken_ReturnsOk" computerName="VYACHESLAV-LAPT" duration="00:00:00.4317336" startTime="2025-09-10T11:21:37.9928412-05:00" endTime="2025-09-10T11:21:37.9928413-05:00" testType="13cdc9d9-ddb5-4fa4-a97d-d965ccfc6d4b" outcome="Passed" testListId="8c84fa94-04c1-424b-9868-57a2d4851a1d" relativeResultsDirectory="eacf384c-17a7-4bf2-bda9-0e8946160734" />
  </Results>
  <TestDefinitions>
    <UnitTest name="CPR.IntegrationTests.MigrationSmokeTests.MigrationsHistory_Contains_AddSeedData" storage="d:\projects\cpr\tests\cpr.integrationtests\bin\debug\net9.0\cpr.integrationtests.dll" id="d05bc568-58a5-4262-725d-6c0b439220ce">
      <Execution id="3f490034-44f0-4d83-ac99-90a8ac6a43ed" />
      <TestMethod codeBase="D:\projects\CPR\tests\CPR.IntegrationTests\bin\Debug\net9.0\CPR.IntegrationTests.dll" adapterTypeName="executor://xunit/VsTestRunner2/netcoreapp" className="CPR.IntegrationTests.MigrationSmokeTests" name="MigrationsHistory_Contains_AddSeedData" />
    </UnitTest>
    <UnitTest name="CPR.IntegrationTests.SampleIntegrationTest.CanRun" storage="d:\projects\cpr\tests\cpr.integrationtests\bin\debug\net9.0\cpr.integrationtests.dll" id="fe1dd90f-597a-889d-a6df-6fac4049ab48">
      <Execution id="410d30d2-d26c-46f6-948d-8072c605f023" />
      <TestMethod codeBase="D:\projects\CPR\tests\CPR.IntegrationTests\bin\Debug\net9.0\CPR.IntegrationTests.dll" adapterTypeName="executor://xunit/VsTestRunner2/netcoreapp" className="CPR.IntegrationTests.SampleIntegrationTest" name="CanRun" />
    </UnitTest>
    <UnitTest name="CPR.IntegrationTests.UserAndGoalPersistenceTests.CanCreateUserAndGoal" storage="d:\projects\cpr\tests\cpr.integrationtests\bin\debug\net9.0\cpr.integrationtests.dll" id="fe1ed513-1250-e1d2-25f2-fcc8fda41b69">
      <Execution id="6b7c935b-10f6-4eee-8607-24a7a040d5c0" />
      <TestMethod codeBase="D:\projects\CPR\tests\CPR.IntegrationTests\bin\Debug\net9.0\CPR.IntegrationTests.dll" adapterTypeName="executor://xunit/VsTestRunner2/netcoreapp" className="CPR.IntegrationTests.UserAndGoalPersistenceTests" name="CanCreateUserAndGoal" />
    </UnitTest>
    <UnitTest name="CPR.IntegrationTests.TokenGeneratorSmokeTests.TokenGenerator_E2E_ReturnsUserProfile" storage="d:\projects\cpr\tests\cpr.integrationtests\bin\debug\net9.0\cpr.integrationtests.dll" id="8cc60949-5900-f178-8413-70dafcf5b45b">
      <Execution id="a83e6d1b-af17-482a-b96f-f37dabdb73ac" />
      <TestMethod codeBase="D:\projects\CPR\tests\CPR.IntegrationTests\bin\Debug\net9.0\CPR.IntegrationTests.dll" adapterTypeName="executor://xunit/VsTestRunner2/netcoreapp" className="CPR.IntegrationTests.TokenGeneratorSmokeTests" name="TokenGenerator_E2E_ReturnsUserProfile" />
    </UnitTest>
    <UnitTest name="CPR.IntegrationTests.SeedVerificationTests.SeedRows_Exist_InDatabase" storage="d:\projects\cpr\tests\cpr.integrationtests\bin\debug\net9.0\cpr.integrationtests.dll" id="f063b7f5-94b9-a8f0-437e-38f824100854">
      <Execution id="fe7d6313-295d-4fca-8e84-b2eef334aaf8" />
      <TestMethod codeBase="D:\projects\CPR\tests\CPR.IntegrationTests\bin\Debug\net9.0\CPR.IntegrationTests.dll" adapterTypeName="executor://xunit/VsTestRunner2/netcoreapp" className="CPR.IntegrationTests.SeedVerificationTests" name="SeedRows_Exist_InDatabase" />
    </UnitTest>
    <UnitTest name="CPR.IntegrationTests.MeControllerTests.GetMe_WithValidToken_ReturnsOk" storage="d:\projects\cpr\tests\cpr.integrationtests\bin\debug\net9.0\cpr.integrationtests.dll" id="4db065df-e165-6201-98ef-ce56445e3caf">
      <Execution id="eacf384c-17a7-4bf2-bda9-0e8946160734" />
      <TestMethod codeBase="D:\projects\CPR\tests\CPR.IntegrationTests\bin\Debug\net9.0\CPR.IntegrationTests.dll" adapterTypeName="executor://xunit/VsTestRunner2/netcoreapp" className="CPR.IntegrationTests.MeControllerTests" name="GetMe_WithValidToken_ReturnsOk" />
    </UnitTest>
    <UnitTest name="CPR.IntegrationTests.GoalPersistenceTests.CanCreateAndReadGoal" storage="d:\projects\cpr\tests\cpr.integrationtests\bin\debug\net9.0\cpr.integrationtests.dll" id="532ad4e5-578d-5d5e-389f-e29ae44a8370">
      <Execution id="3764fc54-19c9-4f0b-8526-55eda26bd976" />
      <TestMethod codeBase="D:\projects\CPR\tests\CPR.IntegrationTests\bin\Debug\net9.0\CPR.IntegrationTests.dll" adapterTypeName="executor://xunit/VsTestRunner2/netcoreapp" className="CPR.IntegrationTests.GoalPersistenceTests" name="CanCreateAndReadGoal" />
    </UnitTest>
  </TestDefinitions>
  <TestEntries>
    <TestEntry testId="d05bc568-58a5-4262-725d-6c0b439220ce" executionId="3f490034-44f0-4d83-ac99-90a8ac6a43ed" testListId="8c84fa94-04c1-424b-9868-57a2d4851a1d" />
    <TestEntry testId="8cc60949-5900-f178-8413-70dafcf5b45b" executionId="a83e6d1b-af17-482a-b96f-f37dabdb73ac" testListId="8c84fa94-04c1-424b-9868-57a2d4851a1d" />
    <TestEntry testId="fe1ed513-1250-e1d2-25f2-fcc8fda41b69" executionId="6b7c935b-10f6-4eee-8607-24a7a040d5c0" testListId="8c84fa94-04c1-424b-9868-57a2d4851a1d" />
    <TestEntry testId="f063b7f5-94b9-a8f0-437e-38f824100854" executionId="fe7d6313-295d-4fca-8e84-b2eef334aaf8" testListId="8c84fa94-04c1-424b-9868-57a2d4851a1d" />
    <TestEntry testId="fe1dd90f-597a-889d-a6df-6fac4049ab48" executionId="410d30d2-d26c-46f6-948d-8072c605f023" testListId="8c84fa94-04c1-424b-9868-57a2d4851a1d" />
    <TestEntry testId="532ad4e5-578d-5d5e-389f-e29ae44a8370" executionId="3764fc54-19c9-4f0b-8526-55eda26bd976" testListId="8c84fa94-04c1-424b-9868-57a2d4851a1d" />
    <TestEntry testId="4db065df-e165-6201-98ef-ce56445e3caf" executionId="eacf384c-17a7-4bf2-bda9-0e8946160734" testListId="8c84fa94-04c1-424b-9868-57a2d4851a1d" />
  </TestEntries>
  <TestLists>
    <TestList name="Results Not in a List" id="8c84fa94-04c1-424b-9868-57a2d4851a1d" />
    <TestList name="All Loaded Results" id="19431567-8539-422a-85d7-44ee4e166bda" />
  </TestLists>
  <ResultSummary outcome="Completed">
    <Counters total="7" executed="7" passed="7" failed="0" error="0" timeout="0" aborted="0" inconclusive="0" passedButRunAborted="0" notRunnable="0" notExecuted="0" disconnected="0" warning="0" completed="0" inProgress="0" pending="0" />
    <Output>
      <StdOut>[xUnit.net 00:00:00.00] xUnit.net VSTest Adapter v2.5.3.1+6b60a9e56a (64-bit .NET 9.0.3)&#xD;
[xUnit.net 00:00:00.98]   Discovering: CPR.IntegrationTests&#xD;
[xUnit.net 00:00:01.01]   Discovered:  CPR.IntegrationTests&#xD;
[xUnit.net 00:00:01.01]   Starting:    CPR.IntegrationTests&#xD;
info: Microsoft.AspNetCore.DataProtection.KeyManagement.XmlKeyManager[63]&#xD;
      User profile is available. Using 'C:\Users\vyach\AppData\Local\ASP.NET\DataProtection-Keys' as key repository and Windows DPAPI to encrypt keys at rest.&#xD;
info: Microsoft.AspNetCore.DataProtection.KeyManagement.XmlKeyManager[63]&#xD;
      User profile is available. Using 'C:\Users\vyach\AppData\Local\ASP.NET\DataProtection-Keys' as key repository and Windows DPAPI to encrypt keys at rest.&#xD;
info: Microsoft.AspNetCore.Hosting.Diagnostics[1]&#xD;
      Request starting HTTP/1.1 GET http://localhost/me - - -&#xD;
info: Microsoft.AspNetCore.Hosting.Diagnostics[1]&#xD;
      Request starting HTTP/1.1 GET http://localhost/me - - -&#xD;
info: Microsoft.AspNetCore.Routing.EndpointMiddleware[0]&#xD;
      Executing endpoint 'CPR.Api.Controllers.MeController.Get (CPR.Api)'&#xD;
info: Microsoft.AspNetCore.Routing.EndpointMiddleware[0]&#xD;
      Executing endpoint 'CPR.Api.Controllers.MeController.Get (CPR.Api)'&#xD;
info: Microsoft.AspNetCore.Mvc.Infrastructure.ControllerActionInvoker[102]&#xD;
      Route matched with {action = "Get", controller = "Me"}. Executing controller action with signature Microsoft.AspNetCore.Mvc.IActionResult Get() on controller CPR.Api.Controllers.MeController (CPR.Api).&#xD;
info: Microsoft.AspNetCore.Mvc.Infrastructure.ControllerActionInvoker[102]&#xD;
      Route matched with {action = "Get", controller = "Me"}. Executing controller action with signature Microsoft.AspNetCore.Mvc.IActionResult Get() on controller CPR.Api.Controllers.MeController (CPR.Api).&#xD;
info: Microsoft.AspNetCore.Mvc.Infrastructure.ObjectResultExecutor[1]&#xD;
      Executing OkObjectResult, writing value of type 'CPR.Api.Models.UserProfile'.&#xD;
info: Microsoft.AspNetCore.Mvc.Infrastructure.ObjectResultExecutor[1]&#xD;
      Executing OkObjectResult, writing value of type 'CPR.Api.Models.UserProfile'.&#xD;
info: Microsoft.AspNetCore.Mvc.Infrastructure.ControllerActionInvoker[105]&#xD;
      Executed action CPR.Api.Controllers.MeController.Get (CPR.Api) in 17.9256ms&#xD;
info: Microsoft.AspNetCore.Mvc.Infrastructure.ControllerActionInvoker[105]&#xD;
      Executed action CPR.Api.Controllers.MeController.Get (CPR.Api) in 18.0215ms&#xD;
info: Microsoft.AspNetCore.Routing.EndpointMiddleware[1]&#xD;
      Executed endpoint 'CPR.Api.Controllers.MeController.Get (CPR.Api)'&#xD;
info: Microsoft.AspNetCore.Routing.EndpointMiddleware[1]&#xD;
      Executed endpoint 'CPR.Api.Controllers.MeController.Get (CPR.Api)'&#xD;
info: Microsoft.AspNetCore.Hosting.Diagnostics[2]&#xD;
      Request finished HTTP/1.1 GET http://localhost/me - 200 233 application/json;+charset=utf-8 67.1052ms&#xD;
info: Microsoft.AspNetCore.Hosting.Diagnostics[2]&#xD;
      Request finished HTTP/1.1 GET http://localhost/me - 200 233 application/json;+charset=utf-8 67.1086ms&#xD;
[xUnit.net 00:00:01.78]   Finished:    CPR.IntegrationTests&#xD;
</StdOut>
    </Output>
  </ResultSummary>
</TestRun>