<?xml version="1.0" encoding="utf-8"?>
<TestRun id="9a660652-dc82-4ff4-b3fc-fac14b502ba0" name="vyach@VYACHESLAV-LAPT 2025-09-06 12:03:53" runUser="VYACHESLAV-LAPT\vyach" xmlns="http://microsoft.com/schemas/VisualStudio/TeamTest/2010">
  <Times creation="2025-09-06T12:03:53.8770970-05:00" queuing="2025-09-06T12:03:53.8770972-05:00" start="2025-09-06T12:03:52.5208752-05:00" finish="2025-09-06T12:03:53.8809942-05:00" />
  <TestSettings name="default" id="9c59eab8-2466-444c-9705-79e4e2dc5822">
    <Deployment runDeploymentRoot="vyach_VYACHESLAV-LAPT_2025-09-06_12_03_53" />
  </TestSettings>
  <Results>
    <UnitTestResult executionId="afdbd452-c621-4e86-9c4c-8d61e8222096" testId="fe1dd90f-597a-889d-a6df-6fac4049ab48" testName="CPR.IntegrationTests.SampleIntegrationTest.CanRun" computerName="VYACHESLAV-LAPT" duration="00:00:00.0135585" startTime="2025-09-06T12:03:52.9799501-05:00" endTime="2025-09-06T12:03:52.9799503-05:00" testType="13cdc9d9-ddb5-4fa4-a97d-d965ccfc6d4b" outcome="Passed" testListId="8c84fa94-04c1-424b-9868-57a2d4851a1d" relativeResultsDirectory="afdbd452-c621-4e86-9c4c-8d61e8222096" />
    <UnitTestResult executionId="ac567e71-b581-462e-9884-7a99f72d60f4" testId="fe1ed513-1250-e1d2-25f2-fcc8fda41b69" testName="CPR.IntegrationTests.UserAndGoalPersistenceTests.CanCreateUserAndGoal" computerName="VYACHESLAV-LAPT" duration="00:00:00.8101671" startTime="2025-09-06T12:03:53.7746152-05:00" endTime="2025-09-06T12:03:53.7746153-05:00" testType="13cdc9d9-ddb5-4fa4-a97d-d965ccfc6d4b" outcome="Passed" testListId="8c84fa94-04c1-424b-9868-57a2d4851a1d" relativeResultsDirectory="ac567e71-b581-462e-9884-7a99f72d60f4" />
    <UnitTestResult executionId="b416d187-d873-4a46-b04d-f142f8f6e44a" testId="51b157e9-e068-e89d-0dd5-93fde292f37f" testName="CPR.IntegrationTests.MeControllerTests.SampleApiTest" computerName="VYACHESLAV-LAPT" duration="00:00:00.0020891" startTime="2025-09-06T12:03:52.9684211-05:00" endTime="2025-09-06T12:03:52.9684340-05:00" testType="13cdc9d9-ddb5-4fa4-a97d-d965ccfc6d4b" outcome="Passed" testListId="8c84fa94-04c1-424b-9868-57a2d4851a1d" relativeResultsDirectory="b416d187-d873-4a46-b04d-f142f8f6e44a" />
    <UnitTestResult executionId="facd023a-d5e9-4d29-abab-295616572ff9" testId="532ad4e5-578d-5d5e-389f-e29ae44a8370" testName="CPR.IntegrationTests.GoalPersistenceTests.CanCreateAndReadGoal" computerName="VYACHESLAV-LAPT" duration="00:00:00.8101625" startTime="2025-09-06T12:03:53.7746498-05:00" endTime="2025-09-06T12:03:53.7746499-05:00" testType="13cdc9d9-ddb5-4fa4-a97d-d965ccfc6d4b" outcome="Passed" testListId="8c84fa94-04c1-424b-9868-57a2d4851a1d" relativeResultsDirectory="facd023a-d5e9-4d29-abab-295616572ff9" />
  </Results>
  <TestDefinitions>
    <UnitTest name="CPR.IntegrationTests.SampleIntegrationTest.CanRun" storage="d:\projects\cpr\tests\cpr.integrationtests\bin\release\net9.0\cpr.integrationtests.dll" id="fe1dd90f-597a-889d-a6df-6fac4049ab48">
      <Execution id="afdbd452-c621-4e86-9c4c-8d61e8222096" />
      <TestMethod codeBase="d:\projects\CPR\tests\CPR.IntegrationTests\bin\Release\net9.0\CPR.IntegrationTests.dll" adapterTypeName="executor://xunit/VsTestRunner2/netcoreapp" className="CPR.IntegrationTests.SampleIntegrationTest" name="CanRun" />
    </UnitTest>
    <UnitTest name="CPR.IntegrationTests.UserAndGoalPersistenceTests.CanCreateUserAndGoal" storage="d:\projects\cpr\tests\cpr.integrationtests\bin\release\net9.0\cpr.integrationtests.dll" id="fe1ed513-1250-e1d2-25f2-fcc8fda41b69">
      <Execution id="ac567e71-b581-462e-9884-7a99f72d60f4" />
      <TestMethod codeBase="d:\projects\CPR\tests\CPR.IntegrationTests\bin\Release\net9.0\CPR.IntegrationTests.dll" adapterTypeName="executor://xunit/VsTestRunner2/netcoreapp" className="CPR.IntegrationTests.UserAndGoalPersistenceTests" name="CanCreateUserAndGoal" />
    </UnitTest>
    <UnitTest name="CPR.IntegrationTests.GoalPersistenceTests.CanCreateAndReadGoal" storage="d:\projects\cpr\tests\cpr.integrationtests\bin\release\net9.0\cpr.integrationtests.dll" id="532ad4e5-578d-5d5e-389f-e29ae44a8370">
      <Execution id="facd023a-d5e9-4d29-abab-295616572ff9" />
      <TestMethod codeBase="d:\projects\CPR\tests\CPR.IntegrationTests\bin\Release\net9.0\CPR.IntegrationTests.dll" adapterTypeName="executor://xunit/VsTestRunner2/netcoreapp" className="CPR.IntegrationTests.GoalPersistenceTests" name="CanCreateAndReadGoal" />
    </UnitTest>
    <UnitTest name="CPR.IntegrationTests.MeControllerTests.SampleApiTest" storage="d:\projects\cpr\tests\cpr.integrationtests\bin\release\net9.0\cpr.integrationtests.dll" id="51b157e9-e068-e89d-0dd5-93fde292f37f">
      <Execution id="b416d187-d873-4a46-b04d-f142f8f6e44a" />
      <TestMethod codeBase="d:\projects\CPR\tests\CPR.IntegrationTests\bin\Release\net9.0\CPR.IntegrationTests.dll" adapterTypeName="executor://xunit/VsTestRunner2/netcoreapp" className="CPR.IntegrationTests.MeControllerTests" name="SampleApiTest" />
    </UnitTest>
  </TestDefinitions>
  <TestEntries>
    <TestEntry testId="fe1dd90f-597a-889d-a6df-6fac4049ab48" executionId="afdbd452-c621-4e86-9c4c-8d61e8222096" testListId="8c84fa94-04c1-424b-9868-57a2d4851a1d" />
    <TestEntry testId="fe1ed513-1250-e1d2-25f2-fcc8fda41b69" executionId="ac567e71-b581-462e-9884-7a99f72d60f4" testListId="8c84fa94-04c1-424b-9868-57a2d4851a1d" />
    <TestEntry testId="51b157e9-e068-e89d-0dd5-93fde292f37f" executionId="b416d187-d873-4a46-b04d-f142f8f6e44a" testListId="8c84fa94-04c1-424b-9868-57a2d4851a1d" />
    <TestEntry testId="532ad4e5-578d-5d5e-389f-e29ae44a8370" executionId="facd023a-d5e9-4d29-abab-295616572ff9" testListId="8c84fa94-04c1-424b-9868-57a2d4851a1d" />
  </TestEntries>
  <TestLists>
    <TestList name="Results Not in a List" id="8c84fa94-04c1-424b-9868-57a2d4851a1d" />
    <TestList name="All Loaded Results" id="19431567-8539-422a-85d7-44ee4e166bda" />
  </TestLists>
  <ResultSummary outcome="Completed">
    <Counters total="4" executed="4" passed="4" failed="0" error="0" timeout="0" aborted="0" inconclusive="0" passedButRunAborted="0" notRunnable="0" notExecuted="0" disconnected="0" warning="0" completed="0" inProgress="0" pending="0" />
    <Output>
      <StdOut>[xUnit.net 00:00:00.00] xUnit.net VSTest Adapter v2.5.3.1+6b60a9e56a (64-bit .NET 9.0.3)&#xD;
[xUnit.net 00:00:00.05]   Discovering: CPR.IntegrationTests&#xD;
[xUnit.net 00:00:00.08]   Discovered:  CPR.IntegrationTests&#xD;
[xUnit.net 00:00:00.08]   Starting:    CPR.IntegrationTests&#xD;
[xUnit.net 00:00:00.93]   Finished:    CPR.IntegrationTests&#xD;
</StdOut>
    </Output>
  </ResultSummary>
</TestRun>