<?xml version="1.0" encoding="utf-8"?>
<TestRun id="98da4287-e78c-4120-8081-17afa05cf70c" name="vyach@VYACHESLAV-LAPT 2025-09-06 15:13:49" runUser="VYACHESLAV-LAPT\vyach" xmlns="http://microsoft.com/schemas/VisualStudio/TeamTest/2010">
  <Times creation="2025-09-06T15:13:49.3617290-05:00" queuing="2025-09-06T15:13:49.3617297-05:00" start="2025-09-06T15:13:47.0083327-05:00" finish="2025-09-06T15:13:50.6186853-05:00" />
  <TestSettings name="default" id="a7c19a44-93c0-4377-9f65-513ebe235186">
    <Deployment runDeploymentRoot="vyach_VYACHESLAV-LAPT_2025-09-06_15_13_49" />
  </TestSettings>
  <Results>
    <UnitTestResult executionId="b93c7b2d-7ba0-4f6c-a5b1-ad43883e6dd8" testId="4db065df-e165-6201-98ef-ce56445e3caf" testName="CPR.IntegrationTests.MeControllerTests.GetMe_WithValidToken_ReturnsOk" computerName="VYACHESLAV-LAPT" duration="00:00:00.6226945" startTime="2025-09-06T15:13:49.0785458-05:00" endTime="2025-09-06T15:13:49.0785465-05:00" testType="13cdc9d9-ddb5-4fa4-a97d-d965ccfc6d4b" outcome="Passed" testListId="8c84fa94-04c1-424b-9868-57a2d4851a1d" relativeResultsDirectory="b93c7b2d-7ba0-4f6c-a5b1-ad43883e6dd8" />
    <UnitTestResult executionId="9a17140c-885c-44b9-945e-bca26f1b8bed" testId="fe1ed513-1250-e1d2-25f2-fcc8fda41b69" testName="CPR.IntegrationTests.UserAndGoalPersistenceTests.CanCreateUserAndGoal" computerName="VYACHESLAV-LAPT" duration="00:00:02.0203218" startTime="2025-09-06T15:13:50.4762947-05:00" endTime="2025-09-06T15:13:50.4762949-05:00" testType="13cdc9d9-ddb5-4fa4-a97d-d965ccfc6d4b" outcome="Passed" testListId="8c84fa94-04c1-424b-9868-57a2d4851a1d" relativeResultsDirectory="9a17140c-885c-44b9-945e-bca26f1b8bed" />
    <UnitTestResult executionId="92d9d15f-e35b-4acc-b968-176ee58ac619" testId="fe1dd90f-597a-889d-a6df-6fac4049ab48" testName="CPR.IntegrationTests.SampleIntegrationTest.CanRun" computerName="VYACHESLAV-LAPT" duration="00:00:00.0086133" startTime="2025-09-06T15:13:48.4736530-05:00" endTime="2025-09-06T15:13:48.4736866-05:00" testType="13cdc9d9-ddb5-4fa4-a97d-d965ccfc6d4b" outcome="Passed" testListId="8c84fa94-04c1-424b-9868-57a2d4851a1d" relativeResultsDirectory="92d9d15f-e35b-4acc-b968-176ee58ac619" />
    <UnitTestResult executionId="b4232ffe-99e4-4bea-a522-54925ca0010a" testId="532ad4e5-578d-5d5e-389f-e29ae44a8370" testName="CPR.IntegrationTests.GoalPersistenceTests.CanCreateAndReadGoal" computerName="VYACHESLAV-LAPT" duration="00:00:02.0202169" startTime="2025-09-06T15:13:50.4758756-05:00" endTime="2025-09-06T15:13:50.4758758-05:00" testType="13cdc9d9-ddb5-4fa4-a97d-d965ccfc6d4b" outcome="Passed" testListId="8c84fa94-04c1-424b-9868-57a2d4851a1d" relativeResultsDirectory="b4232ffe-99e4-4bea-a522-54925ca0010a" />
  </Results>
  <TestDefinitions>
    <UnitTest name="CPR.IntegrationTests.SampleIntegrationTest.CanRun" storage="d:\projects\cpr\tests\cpr.integrationtests\bin\release\net9.0\cpr.integrationtests.dll" id="fe1dd90f-597a-889d-a6df-6fac4049ab48">
      <Execution id="92d9d15f-e35b-4acc-b968-176ee58ac619" />
      <TestMethod codeBase="D:\projects\CPR\tests\CPR.IntegrationTests\bin\Release\net9.0\CPR.IntegrationTests.dll" adapterTypeName="executor://xunit/VsTestRunner2/netcoreapp" className="CPR.IntegrationTests.SampleIntegrationTest" name="CanRun" />
    </UnitTest>
    <UnitTest name="CPR.IntegrationTests.UserAndGoalPersistenceTests.CanCreateUserAndGoal" storage="d:\projects\cpr\tests\cpr.integrationtests\bin\release\net9.0\cpr.integrationtests.dll" id="fe1ed513-1250-e1d2-25f2-fcc8fda41b69">
      <Execution id="9a17140c-885c-44b9-945e-bca26f1b8bed" />
      <TestMethod codeBase="D:\projects\CPR\tests\CPR.IntegrationTests\bin\Release\net9.0\CPR.IntegrationTests.dll" adapterTypeName="executor://xunit/VsTestRunner2/netcoreapp" className="CPR.IntegrationTests.UserAndGoalPersistenceTests" name="CanCreateUserAndGoal" />
    </UnitTest>
    <UnitTest name="CPR.IntegrationTests.MeControllerTests.GetMe_WithValidToken_ReturnsOk" storage="d:\projects\cpr\tests\cpr.integrationtests\bin\release\net9.0\cpr.integrationtests.dll" id="4db065df-e165-6201-98ef-ce56445e3caf">
      <Execution id="b93c7b2d-7ba0-4f6c-a5b1-ad43883e6dd8" />
      <TestMethod codeBase="D:\projects\CPR\tests\CPR.IntegrationTests\bin\Release\net9.0\CPR.IntegrationTests.dll" adapterTypeName="executor://xunit/VsTestRunner2/netcoreapp" className="CPR.IntegrationTests.MeControllerTests" name="GetMe_WithValidToken_ReturnsOk" />
    </UnitTest>
    <UnitTest name="CPR.IntegrationTests.GoalPersistenceTests.CanCreateAndReadGoal" storage="d:\projects\cpr\tests\cpr.integrationtests\bin\release\net9.0\cpr.integrationtests.dll" id="532ad4e5-578d-5d5e-389f-e29ae44a8370">
      <Execution id="b4232ffe-99e4-4bea-a522-54925ca0010a" />
      <TestMethod codeBase="D:\projects\CPR\tests\CPR.IntegrationTests\bin\Release\net9.0\CPR.IntegrationTests.dll" adapterTypeName="executor://xunit/VsTestRunner2/netcoreapp" className="CPR.IntegrationTests.GoalPersistenceTests" name="CanCreateAndReadGoal" />
    </UnitTest>
  </TestDefinitions>
  <TestEntries>
    <TestEntry testId="4db065df-e165-6201-98ef-ce56445e3caf" executionId="b93c7b2d-7ba0-4f6c-a5b1-ad43883e6dd8" testListId="8c84fa94-04c1-424b-9868-57a2d4851a1d" />
    <TestEntry testId="fe1ed513-1250-e1d2-25f2-fcc8fda41b69" executionId="9a17140c-885c-44b9-945e-bca26f1b8bed" testListId="8c84fa94-04c1-424b-9868-57a2d4851a1d" />
    <TestEntry testId="fe1dd90f-597a-889d-a6df-6fac4049ab48" executionId="92d9d15f-e35b-4acc-b968-176ee58ac619" testListId="8c84fa94-04c1-424b-9868-57a2d4851a1d" />
    <TestEntry testId="532ad4e5-578d-5d5e-389f-e29ae44a8370" executionId="b4232ffe-99e4-4bea-a522-54925ca0010a" testListId="8c84fa94-04c1-424b-9868-57a2d4851a1d" />
  </TestEntries>
  <TestLists>
    <TestList name="Results Not in a List" id="8c84fa94-04c1-424b-9868-57a2d4851a1d" />
    <TestList name="All Loaded Results" id="19431567-8539-422a-85d7-44ee4e166bda" />
  </TestLists>
  <ResultSummary outcome="Completed">
    <Counters total="4" executed="4" passed="4" failed="0" error="0" timeout="0" aborted="0" inconclusive="0" passedButRunAborted="0" notRunnable="0" notExecuted="0" disconnected="0" warning="0" completed="0" inProgress="0" pending="0" />
    <Output>
      <StdOut>[xUnit.net 00:00:00.00] xUnit.net VSTest Adapter v2.5.3.1+6b60a9e56a (64-bit .NET 9.0.3)&#xD;
[xUnit.net 00:00:00.47]   Discovering: CPR.IntegrationTests&#xD;
[xUnit.net 00:00:00.53]   Discovered:  CPR.IntegrationTests&#xD;
[xUnit.net 00:00:00.53]   Starting:    CPR.IntegrationTests&#xD;
info: Microsoft.AspNetCore.DataProtection.KeyManagement.XmlKeyManager[63]&#xD;
      User profile is available. Using 'C:\Users\vyach\AppData\Local\ASP.NET\DataProtection-Keys' as key repository and Windows DPAPI to encrypt keys at rest.&#xD;
info: Microsoft.AspNetCore.Hosting.Diagnostics[1]&#xD;
      Request starting HTTP/1.1 GET http://localhost/me - - -&#xD;
info: Microsoft.AspNetCore.Routing.EndpointMiddleware[0]&#xD;
      Executing endpoint 'CPR.Api.Controllers.MeController.Get (CPR.Api)'&#xD;
info: Microsoft.AspNetCore.Mvc.Infrastructure.ControllerActionInvoker[102]&#xD;
      Route matched with {action = "Get", controller = "Me"}. Executing controller action with signature Microsoft.AspNetCore.Mvc.IActionResult Get() on controller CPR.Api.Controllers.MeController (CPR.Api).&#xD;
info: Microsoft.AspNetCore.Mvc.Infrastructure.ObjectResultExecutor[1]&#xD;
      Executing OkObjectResult, writing value of type 'CPR.Api.Models.UserProfile'.&#xD;
info: Microsoft.AspNetCore.Mvc.Infrastructure.ControllerActionInvoker[105]&#xD;
      Executed action CPR.Api.Controllers.MeController.Get (CPR.Api) in 38.7372ms&#xD;
info: Microsoft.AspNetCore.Routing.EndpointMiddleware[1]&#xD;
      Executed endpoint 'CPR.Api.Controllers.MeController.Get (CPR.Api)'&#xD;
info: Microsoft.AspNetCore.Hosting.Diagnostics[2]&#xD;
      Request finished HTTP/1.1 GET http://localhost/me - 200 233 application/json;+charset=utf-8 152.5751ms&#xD;
[xUnit.net 00:00:02.64]   Finished:    CPR.IntegrationTests&#xD;
</StdOut>
    </Output>
  </ResultSummary>
</TestRun>