<?xml version="1.0" encoding="utf-8"?>
<TestRun id="bc5afebc-febf-45ce-a539-14fc3285fe75" name="vyach@VYACHESLAV-LAPT 2025-10-27 14:14:09" runUser="VYACHESLAV-LAPT\vyach" xmlns="http://microsoft.com/schemas/VisualStudio/TeamTest/2010">
  <Times creation="2025-10-27T14:14:09.6857455-05:00" queuing="2025-10-27T14:14:09.6857460-05:00" start="2025-10-27T14:14:07.8562883-05:00" finish="2025-10-27T14:14:14.9220486-05:00" />
  <TestSettings name="default" id="01c267f7-d546-4ac3-97d8-7df37e4fdd88">
    <Deployment runDeploymentRoot="vyach_VYACHESLAV-LAPT_2025-10-27_14_14_09" />
  </TestSettings>
  <Results>
    <UnitTestResult executionId="77f23c59-9784-426f-bdcf-15fd92128f37" testId="b6b14bc4-d56c-359c-9535-0fe7c68efafd" testName="CPR.IntegrationTests.TaxonomyControllerIntegrationTests.DeleteCareerPath_WithoutAuth_ReturnsUnauthorized" computerName="VYACHESLAV-LAPT" duration="00:00:00.0016906" startTime="2025-10-27T14:14:14.1099896-05:00" endTime="2025-10-27T14:14:14.1099897-05:00" testType="13cdc9d9-ddb5-4fa4-a97d-d965ccfc6d4b" outcome="Passed" testListId="8c84fa94-04c1-424b-9868-57a2d4851a1d" relativeResultsDirectory="77f23c59-9784-426f-bdcf-15fd92128f37" />
    <UnitTestResult executionId="35aaebf4-8189-40fd-8560-48f111bee90e" testId="aa2003d7-ba57-c83f-2532-cf0f0658db7a" testName="CPR.IntegrationTests.TaxonomyControllerIntegrationTests.DeleteSkillLevel_NonExistent_ReturnsBadRequest" computerName="VYACHESLAV-LAPT" duration="00:00:00.0082688" startTime="2025-10-27T14:14:13.9645840-05:00" endTime="2025-10-27T14:14:13.9645842-05:00" testType="13cdc9d9-ddb5-4fa4-a97d-d965ccfc6d4b" outcome="Passed" testListId="8c84fa94-04c1-424b-9868-57a2d4851a1d" relativeResultsDirectory="35aaebf4-8189-40fd-8560-48f111bee90e" />
    <UnitTestResult executionId="e296ff35-deb8-4765-a533-7241a7373a12" testId="54a8c3f9-0300-d078-918c-f26dd0dd0acb" testName="CPR.IntegrationTests.AuthenticationIntegrationTests.GetMe_StubAuth_EmployeeUser_ReturnsProfileWithAllFields" computerName="VYACHESLAV-LAPT" duration="00:00:00.3130996" startTime="2025-10-27T14:14:11.9227355-05:00" endTime="2025-10-27T14:14:11.9227358-05:00" testType="13cdc9d9-ddb5-4fa4-a97d-d965ccfc6d4b" outcome="Passed" testListId="8c84fa94-04c1-424b-9868-57a2d4851a1d" relativeResultsDirectory="e296ff35-deb8-4765-a533-7241a7373a12" />
    <UnitTestResult executionId="08de1c34-d7cc-4e76-a613-4940092d2f5f" testId="ed023bcb-b150-d468-136a-ab427759f3b8" testName="CPR.IntegrationTests.TaxonomyControllerIntegrationTests.DeleteCareerPath_NonExistent_ReturnsBadRequest" computerName="VYACHESLAV-LAPT" duration="00:00:00.0160784" startTime="2025-10-27T14:14:13.8276228-05:00" endTime="2025-10-27T14:14:13.8276229-05:00" testType="13cdc9d9-ddb5-4fa4-a97d-d965ccfc6d4b" outcome="Passed" testListId="8c84fa94-04c1-424b-9868-57a2d4851a1d" relativeResultsDirectory="08de1c34-d7cc-4e76-a613-4940092d2f5f" />
    <UnitTestResult executionId="a9094780-2e5c-4bf5-b591-42499b8a6ca0" testId="def40322-5336-28e5-48e0-7f54dac06d81" testName="CPR.IntegrationTests.MeControllerTests.UpdateSkill_WithInvalidLevelId_ReturnsBadRequest" computerName="VYACHESLAV-LAPT" duration="00:00:00.0373505" startTime="2025-10-27T14:14:12.1811850-05:00" endTime="2025-10-27T14:14:12.1811852-05:00" testType="13cdc9d9-ddb5-4fa4-a97d-d965ccfc6d4b" outcome="Passed" testListId="8c84fa94-04c1-424b-9868-57a2d4851a1d" relativeResultsDirectory="a9094780-2e5c-4bf5-b591-42499b8a6ca0" />
    <UnitTestResult executionId="a2b5ce0e-9970-4fdf-a1b4-751a2fee109d" testId="51c66099-e0ce-9537-ade8-fc3b21e8d485" testName="CPR.IntegrationTests.TaxonomyControllerIntegrationTests.DeleteSkillCategory_AsEmployee_ReturnsForbidden" computerName="VYACHESLAV-LAPT" duration="00:00:00.0070971" startTime="2025-10-27T14:14:14.4822006-05:00" endTime="2025-10-27T14:14:14.4822008-05:00" testType="13cdc9d9-ddb5-4fa4-a97d-d965ccfc6d4b" outcome="Passed" testListId="8c84fa94-04c1-424b-9868-57a2d4851a1d" relativeResultsDirectory="a2b5ce0e-9970-4fdf-a1b4-751a2fee109d" />
    <UnitTestResult executionId="1b39ac7d-da49-4a11-bdd6-9c2ee7dc0eb2" testId="619b552a-43e9-b91a-9312-1b48d06a6710" testName="CPR.IntegrationTests.TaxonomyControllerIntegrationTests.UpdateCareerPath_NonExistent_ReturnsBadRequest" computerName="VYACHESLAV-LAPT" duration="00:00:00.0088434" startTime="2025-10-27T14:14:14.2199847-05:00" endTime="2025-10-27T14:14:14.2199848-05:00" testType="13cdc9d9-ddb5-4fa4-a97d-d965ccfc6d4b" outcome="Passed" testListId="8c84fa94-04c1-424b-9868-57a2d4851a1d" relativeResultsDirectory="1b39ac7d-da49-4a11-bdd6-9c2ee7dc0eb2" />
    <UnitTestResult executionId="003661b1-788b-4bf2-b491-7aec2cb140f4" testId="521709b7-42cc-6189-57ce-58e63269fff2" testName="CPR.IntegrationTests.ProjectsControllerIntegrationTests.UpdateProjectRole_AsSolutionOwner_ReturnsOk" computerName="VYACHESLAV-LAPT" duration="00:00:00.0426061" startTime="2025-10-27T14:14:12.8414954-05:00" endTime="2025-10-27T14:14:12.8414955-05:00" testType="13cdc9d9-ddb5-4fa4-a97d-d965ccfc6d4b" outcome="Passed" testListId="8c84fa94-04c1-424b-9868-57a2d4851a1d" relativeResultsDirectory="003661b1-788b-4bf2-b491-7aec2cb140f4" />
    <UnitTestResult executionId="79ebf1c8-d71d-41a8-85cc-52337402d2c2" testId="dedb1099-56c0-808b-22bd-937c2ed7673a" testName="CPR.IntegrationTests.TaxonomyControllerIntegrationTests.UpdateSkillCategory_WithoutAuth_ReturnsUnauthorized" computerName="VYACHESLAV-LAPT" duration="00:00:00.0020648" startTime="2025-10-27T14:14:14.4718071-05:00" endTime="2025-10-27T14:14:14.4718074-05:00" testType="13cdc9d9-ddb5-4fa4-a97d-d965ccfc6d4b" outcome="Passed" testListId="8c84fa94-04c1-424b-9868-57a2d4851a1d" relativeResultsDirectory="79ebf1c8-d71d-41a8-85cc-52337402d2c2" />
    <UnitTestResult executionId="0fedbf5e-26ba-4cd7-bc95-5e7c8cec8077" testId="7a0279ff-7f17-21f1-4283-55fb9ab759c4" testName="CPR.IntegrationTests.ProjectsControllerIntegrationTests.DeleteProjectRole_NonExistentRole_ReturnsNotFound" computerName="VYACHESLAV-LAPT" duration="00:00:00.0209692" startTime="2025-10-27T14:14:12.9024395-05:00" endTime="2025-10-27T14:14:12.9024397-05:00" testType="13cdc9d9-ddb5-4fa4-a97d-d965ccfc6d4b" outcome="Passed" testListId="8c84fa94-04c1-424b-9868-57a2d4851a1d" relativeResultsDirectory="0fedbf5e-26ba-4cd7-bc95-5e7c8cec8077" />
    <UnitTestResult executionId="a21479ee-4970-4d54-908f-8e3b8527fecf" testId="fc0752c3-2036-f358-a62c-e0487fed6db5" testName="CPR.IntegrationTests.ProjectsControllerIntegrationTests.GetProjectById_WithoutAuth_ReturnsUnauthorized" computerName="VYACHESLAV-LAPT" duration="00:00:00.0018291" startTime="2025-10-27T14:14:13.3228660-05:00" endTime="2025-10-27T14:14:13.3228663-05:00" testType="13cdc9d9-ddb5-4fa4-a97d-d965ccfc6d4b" outcome="Passed" testListId="8c84fa94-04c1-424b-9868-57a2d4851a1d" relativeResultsDirectory="a21479ee-4970-4d54-908f-8e3b8527fecf" />
    <UnitTestResult executionId="167843f9-65aa-466a-b4e2-48dab73bbea1" testId="b0c05b95-6cee-6cd1-a093-ce35a6029a3c" testName="CPR.IntegrationTests.ProjectsControllerIntegrationTests.UpdateProjectRole_AsEmployee_ReturnsForbidden" computerName="VYACHESLAV-LAPT" duration="00:00:00.0307438" startTime="2025-10-27T14:14:13.0842259-05:00" endTime="2025-10-27T14:14:13.0842261-05:00" testType="13cdc9d9-ddb5-4fa4-a97d-d965ccfc6d4b" outcome="Passed" testListId="8c84fa94-04c1-424b-9868-57a2d4851a1d" relativeResultsDirectory="167843f9-65aa-466a-b4e2-48dab73bbea1" />
    <UnitTestResult executionId="468ab653-ea36-46a1-8201-956812dd68ce" testId="44e22373-8b48-bc79-2278-bf323bd50454" testName="CPR.IntegrationTests.ProjectsControllerIntegrationTests.UpdateProject_WithoutAuth_ReturnsUnauthorized" computerName="VYACHESLAV-LAPT" duration="00:00:00.0025694" startTime="2025-10-27T14:14:12.6282998-05:00" endTime="2025-10-27T14:14:12.6282999-05:00" testType="13cdc9d9-ddb5-4fa4-a97d-d965ccfc6d4b" outcome="Passed" testListId="8c84fa94-04c1-424b-9868-57a2d4851a1d" relativeResultsDirectory="468ab653-ea36-46a1-8201-956812dd68ce" />
    <UnitTestResult executionId="0714c8c8-939d-47f7-846e-559b2e5b6368" testId="44e189cf-3d09-c631-89e7-ce733c5db6b4" testName="CPR.IntegrationTests.ValidationTests.Post_PriorityOutOfRange_Returns400" computerName="VYACHESLAV-LAPT" duration="00:00:00.0100749" startTime="2025-10-27T14:14:09.4275357-05:00" endTime="2025-10-27T14:14:09.4275358-05:00" testType="13cdc9d9-ddb5-4fa4-a97d-d965ccfc6d4b" outcome="Passed" testListId="8c84fa94-04c1-424b-9868-57a2d4851a1d" relativeResultsDirectory="0714c8c8-939d-47f7-846e-559b2e5b6368" />
    <UnitTestResult executionId="9d53c564-91e2-4e5b-9d26-7f18e76dfe8e" testId="1c532ac5-0e98-3361-8be2-8f11dd32f43f" testName="CPR.IntegrationTests.ValidationTests.Post_InvalidEmployeeId_Returns400" computerName="VYACHESLAV-LAPT" duration="00:00:00.3980251" startTime="2025-10-27T14:14:09.4123393-05:00" endTime="2025-10-27T14:14:09.4123396-05:00" testType="13cdc9d9-ddb5-4fa4-a97d-d965ccfc6d4b" outcome="Passed" testListId="8c84fa94-04c1-424b-9868-57a2d4851a1d" relativeResultsDirectory="9d53c564-91e2-4e5b-9d26-7f18e76dfe8e" />
    <UnitTestResult executionId="f37929b4-77d7-40fa-8aae-81c0f81f8dfa" testId="ecf23a0f-48be-f021-c4bd-fb98ccc0c24e" testName="CPR.IntegrationTests.TeamControllerIntegrationTests.GetTeamMembers_WithoutAuth_ReturnsUnauthorized" computerName="VYACHESLAV-LAPT" duration="00:00:00.0033868" startTime="2025-10-27T14:14:14.5857971-05:00" endTime="2025-10-27T14:14:14.5857972-05:00" testType="13cdc9d9-ddb5-4fa4-a97d-d965ccfc6d4b" outcome="Passed" testListId="8c84fa94-04c1-424b-9868-57a2d4851a1d" relativeResultsDirectory="f37929b4-77d7-40fa-8aae-81c0f81f8dfa" />
    <UnitTestResult executionId="b70a9fb5-feec-4e0c-bca9-6559b44e3f3a" testId="13115da6-0322-e01d-59f1-c51353fec158" testName="CPR.IntegrationTests.AuthenticationIntegrationTests.GetMe_StubAuth_ResponseIsJson" computerName="VYACHESLAV-LAPT" duration="00:00:00.0598992" startTime="2025-10-27T14:14:11.9828078-05:00" endTime="2025-10-27T14:14:11.9828081-05:00" testType="13cdc9d9-ddb5-4fa4-a97d-d965ccfc6d4b" outcome="Passed" testListId="8c84fa94-04c1-424b-9868-57a2d4851a1d" relativeResultsDirectory="b70a9fb5-feec-4e0c-bca9-6559b44e3f3a" />
    <UnitTestResult executionId="93d3947d-1197-4853-8881-6263b8c9308e" testId="63f4ee67-1705-0b31-de4c-f56cd1adc2ec" testName="CPR.IntegrationTests.TaxonomyControllerIntegrationTests.DeletePosition_WithoutAuth_ReturnsUnauthorized" computerName="VYACHESLAV-LAPT" duration="00:00:00.0018741" startTime="2025-10-27T14:14:13.8098162-05:00" endTime="2025-10-27T14:14:13.8098163-05:00" testType="13cdc9d9-ddb5-4fa4-a97d-d965ccfc6d4b" outcome="Passed" testListId="8c84fa94-04c1-424b-9868-57a2d4851a1d" relativeResultsDirectory="93d3947d-1197-4853-8881-6263b8c9308e" />
    <UnitTestResult executionId="73ef685c-5791-4164-ba53-c6998d2b4b17" testId="ed35692f-839c-1d5b-d514-2259e7e1a7cc" testName="CPR.IntegrationTests.MeControllerTests.CreateSkill_WithInvalidSkillId_ReturnsBadRequest" computerName="VYACHESLAV-LAPT" duration="00:00:00.0072938" startTime="2025-10-27T14:14:12.2590426-05:00" endTime="2025-10-27T14:14:12.2590427-05:00" testType="13cdc9d9-ddb5-4fa4-a97d-d965ccfc6d4b" outcome="Passed" testListId="8c84fa94-04c1-424b-9868-57a2d4851a1d" relativeResultsDirectory="73ef685c-5791-4164-ba53-c6998d2b4b17" />
    <UnitTestResult executionId="597c5d77-07ac-4810-a3c4-e82e2828013b" testId="eb5be905-3d73-58a5-893f-9132015bfd29" testName="CPR.IntegrationTests.TaxonomyControllerIntegrationTests.CreateSkillLevel_WithInvalidSkill_ReturnsBadRequest" computerName="VYACHESLAV-LAPT" duration="00:00:00.0074232" startTime="2025-10-27T14:14:14.3795873-05:00" endTime="2025-10-27T14:14:14.3795875-05:00" testType="13cdc9d9-ddb5-4fa4-a97d-d965ccfc6d4b" outcome="Passed" testListId="8c84fa94-04c1-424b-9868-57a2d4851a1d" relativeResultsDirectory="597c5d77-07ac-4810-a3c4-e82e2828013b" />
    <UnitTestResult executionId="f6f81e37-d8a2-4096-bb62-907e5b76e7b1" testId="a2d01c1a-52ca-8be9-3190-6b7ef97e1245" testName="CPR.IntegrationTests.TaxonomyControllerIntegrationTests.UpdateCareerTrack_NonExistent_ReturnsBadRequest" computerName="VYACHESLAV-LAPT" duration="00:00:00.0144301" startTime="2025-10-27T14:14:14.2539437-05:00" endTime="2025-10-27T14:14:14.2539438-05:00" testType="13cdc9d9-ddb5-4fa4-a97d-d965ccfc6d4b" outcome="Passed" testListId="8c84fa94-04c1-424b-9868-57a2d4851a1d" relativeResultsDirectory="f6f81e37-d8a2-4096-bb62-907e5b76e7b1" />
    <UnitTestResult executionId="4c316b9d-a31f-4939-a0f9-9ca3a6f3079f" testId="e591fc3e-7c70-2853-2634-49449e5a3b41" testName="CPR.IntegrationTests.MeControllerTests.CreateSkill_WithValidData_ReturnsCreated" computerName="VYACHESLAV-LAPT" duration="00:00:00.0242686" startTime="2025-10-27T14:14:12.2834214-05:00" endTime="2025-10-27T14:14:12.2834216-05:00" testType="13cdc9d9-ddb5-4fa4-a97d-d965ccfc6d4b" outcome="Passed" testListId="8c84fa94-04c1-424b-9868-57a2d4851a1d" relativeResultsDirectory="4c316b9d-a31f-4939-a0f9-9ca3a6f3079f" />
    <UnitTestResult executionId="896bada3-4f0e-487a-9dc5-01f268fe9b10" testId="a3e0677e-9f0b-7c53-f5cd-e250314caf45" testName="CPR.IntegrationTests.TaxonomyControllerIntegrationTests.UpdateSkillCategory_AsAdministrator_ReturnsOk" computerName="VYACHESLAV-LAPT" duration="00:00:00.0273908" startTime="2025-10-27T14:14:14.0253871-05:00" endTime="2025-10-27T14:14:14.0253876-05:00" testType="13cdc9d9-ddb5-4fa4-a97d-d965ccfc6d4b" outcome="Passed" testListId="8c84fa94-04c1-424b-9868-57a2d4851a1d" relativeResultsDirectory="896bada3-4f0e-487a-9dc5-01f268fe9b10" />
    <UnitTestResult executionId="4f52ea05-1064-4a8f-98da-b3a511e84752" testId="d2d11f24-8be1-c442-2556-69d135674dbd" testName="CPR.IntegrationTests.ProjectsControllerIntegrationTests.GetAllProjects_WithoutAuth_ReturnsUnauthorized" computerName="VYACHESLAV-LAPT" duration="00:00:00.0013736" startTime="2025-10-27T14:14:13.1515553-05:00" endTime="2025-10-27T14:14:13.1515555-05:00" testType="13cdc9d9-ddb5-4fa4-a97d-d965ccfc6d4b" outcome="Passed" testListId="8c84fa94-04c1-424b-9868-57a2d4851a1d" relativeResultsDirectory="4f52ea05-1064-4a8f-98da-b3a511e84752" />
    <UnitTestResult executionId="4adbcaf4-f2ce-4e53-99bf-60547fed6f3f" testId="00b01235-009b-2f7d-be7a-38390132fba5" testName="CPR.IntegrationTests.ProjectsControllerIntegrationTests.CreateProjectRole_AsSolutionOwner_ReturnsCreated" computerName="VYACHESLAV-LAPT" duration="00:00:00.0697648" startTime="2025-10-27T14:14:12.7425920-05:00" endTime="2025-10-27T14:14:12.7425923-05:00" testType="13cdc9d9-ddb5-4fa4-a97d-d965ccfc6d4b" outcome="Passed" testListId="8c84fa94-04c1-424b-9868-57a2d4851a1d" relativeResultsDirectory="4adbcaf4-f2ce-4e53-99bf-60547fed6f3f" />
    <UnitTestResult executionId="7e925540-734e-4a28-8d42-24bdbe062317" testId="2c13922f-8697-9f75-e653-91f7cd016023" testName="CPR.IntegrationTests.TaxonomyControllerIntegrationTests.UpdateCareerTrack_WithoutAuth_ReturnsUnauthorized" computerName="VYACHESLAV-LAPT" duration="00:00:00.0021527" startTime="2025-10-27T14:14:14.0276366-05:00" endTime="2025-10-27T14:14:14.0276368-05:00" testType="13cdc9d9-ddb5-4fa4-a97d-d965ccfc6d4b" outcome="Passed" testListId="8c84fa94-04c1-424b-9868-57a2d4851a1d" relativeResultsDirectory="7e925540-734e-4a28-8d42-24bdbe062317" />
    <UnitTestResult executionId="5f59a716-1290-420c-85b2-c8482aca6ea2" testId="a93699fd-1fb8-cac5-02af-771546e85ef6" testName="CPR.IntegrationTests.ProjectsControllerIntegrationTests.UpdateProjectRole_NonExistentRole_ReturnsNotFound" computerName="VYACHESLAV-LAPT" duration="00:00:00.0194820" startTime="2025-10-27T14:14:13.3120247-05:00" endTime="2025-10-27T14:14:13.3120252-05:00" testType="13cdc9d9-ddb5-4fa4-a97d-d965ccfc6d4b" outcome="Passed" testListId="8c84fa94-04c1-424b-9868-57a2d4851a1d" relativeResultsDirectory="5f59a716-1290-420c-85b2-c8482aca6ea2" />
    <UnitTestResult executionId="b860f239-22ce-4bce-8dfb-04708ea62f1b" testId="28c5fb6b-620e-4200-05d7-91e52b0092e8" testName="CPR.IntegrationTests.TaxonomyControllerIntegrationTests.DeleteCareerTrack_WithoutAuth_ReturnsUnauthorized" computerName="VYACHESLAV-LAPT" duration="00:00:00.0021633" startTime="2025-10-27T14:14:13.9668347-05:00" endTime="2025-10-27T14:14:13.9668347-05:00" testType="13cdc9d9-ddb5-4fa4-a97d-d965ccfc6d4b" outcome="Passed" testListId="8c84fa94-04c1-424b-9868-57a2d4851a1d" relativeResultsDirectory="b860f239-22ce-4bce-8dfb-04708ea62f1b" />
    <UnitTestResult executionId="2d3fe988-9f37-48e6-92f1-180168f014af" testId="7ef2c649-79f6-7ef0-6e46-1bc8688c5122" testName="CPR.IntegrationTests.FeedbackControllerTests.SubmitFeedback_WithNonExistentEmployee_ReturnsBadRequest" computerName="VYACHESLAV-LAPT" duration="00:00:00.0240480" startTime="2025-10-27T14:14:12.3790692-05:00" endTime="2025-10-27T14:14:12.3790693-05:00" testType="13cdc9d9-ddb5-4fa4-a97d-d965ccfc6d4b" outcome="Passed" testListId="8c84fa94-04c1-424b-9868-57a2d4851a1d" relativeResultsDirectory="2d3fe988-9f37-48e6-92f1-180168f014af" />
    <UnitTestResult executionId="ab3ae13f-f44c-4d73-84df-467011ce9208" testId="c365ca9e-857d-5d27-f2ef-40a0ff55dc35" testName="CPR.IntegrationTests.TaxonomyControllerIntegrationTests.UpdateCareerTrack_AsEmployee_ReturnsForbidden" computerName="VYACHESLAV-LAPT" duration="00:00:00.0074096" startTime="2025-10-27T14:14:13.6973446-05:00" endTime="2025-10-27T14:14:13.6973447-05:00" testType="13cdc9d9-ddb5-4fa4-a97d-d965ccfc6d4b" outcome="Passed" testListId="8c84fa94-04c1-424b-9868-57a2d4851a1d" relativeResultsDirectory="ab3ae13f-f44c-4d73-84df-467011ce9208" />
    <UnitTestResult executionId="c7cfa64f-b01a-4f80-9066-93967c74a4c1" testId="4b97ded6-756a-9797-1da8-98be851067ea" testName="CPR.IntegrationTests.TaxonomyControllerIntegrationTests.CreateSkillLevel_WithInvalidValue_ReturnsBadRequest" computerName="VYACHESLAV-LAPT" duration="00:00:00.0112738" startTime="2025-10-27T14:14:13.7732768-05:00" endTime="2025-10-27T14:14:13.7732769-05:00" testType="13cdc9d9-ddb5-4fa4-a97d-d965ccfc6d4b" outcome="Passed" testListId="8c84fa94-04c1-424b-9868-57a2d4851a1d" relativeResultsDirectory="c7cfa64f-b01a-4f80-9066-93967c74a4c1" />
    <UnitTestResult executionId="37c71fce-f1ff-4594-a31e-5cbe221287c5" testId="dea1a73b-3816-b565-31a9-7c68e9871a9b" testName="CPR.IntegrationTests.TaxonomyControllerIntegrationTests.UpdateSkill_AsAdministrator_ReturnsOk" computerName="VYACHESLAV-LAPT" duration="00:00:00.0302452" startTime="2025-10-27T14:14:14.2110132-05:00" endTime="2025-10-27T14:14:14.2110138-05:00" testType="13cdc9d9-ddb5-4fa4-a97d-d965ccfc6d4b" outcome="Passed" testListId="8c84fa94-04c1-424b-9868-57a2d4851a1d" relativeResultsDirectory="37c71fce-f1ff-4594-a31e-5cbe221287c5" />
    <UnitTestResult executionId="c4314b65-d8ea-427c-b14a-4605be00f7cc" testId="cfd88bd4-b847-9cfb-c285-c074155ee2ba" testName="CPR.IntegrationTests.TaxonomyControllerIntegrationTests.UpdateCareerPath_AsEmployee_ReturnsForbidden" computerName="VYACHESLAV-LAPT" duration="00:00:00.0082528" startTime="2025-10-27T14:14:14.2283943-05:00" endTime="2025-10-27T14:14:14.2283945-05:00" testType="13cdc9d9-ddb5-4fa4-a97d-d965ccfc6d4b" outcome="Passed" testListId="8c84fa94-04c1-424b-9868-57a2d4851a1d" relativeResultsDirectory="c4314b65-d8ea-427c-b14a-4605be00f7cc" />
    <UnitTestResult executionId="d2072ca5-0ef3-4332-86b3-96d5c9246cef" testId="c14bf516-e5df-11fb-1752-0c3db2e49c33" testName="CPR.IntegrationTests.TaxonomyControllerIntegrationTests.GetPositionSkills_WithoutAuth_ReturnsOk" computerName="VYACHESLAV-LAPT" duration="00:00:00.0157737" startTime="2025-10-27T14:14:14.1082086-05:00" endTime="2025-10-27T14:14:14.1082087-05:00" testType="13cdc9d9-ddb5-4fa4-a97d-d965ccfc6d4b" outcome="Passed" testListId="8c84fa94-04c1-424b-9868-57a2d4851a1d" relativeResultsDirectory="d2072ca5-0ef3-4332-86b3-96d5c9246cef" />
    <UnitTestResult executionId="bed4d88e-5770-469f-8a21-395130244f6e" testId="0b3cf33a-ba2c-4a85-9bd9-c98ba0738dae" testName="CPR.IntegrationTests.ProjectsControllerIntegrationTests.UpdateProject_NonExistent_ReturnsNotFound" computerName="VYACHESLAV-LAPT" duration="00:00:00.0106005" startTime="2025-10-27T14:14:12.9769772-05:00" endTime="2025-10-27T14:14:12.9769774-05:00" testType="13cdc9d9-ddb5-4fa4-a97d-d965ccfc6d4b" outcome="Passed" testListId="8c84fa94-04c1-424b-9868-57a2d4851a1d" relativeResultsDirectory="bed4d88e-5770-469f-8a21-395130244f6e" />
    <UnitTestResult executionId="d3b8f710-ab24-47c6-9cbe-1cfb69eb5b2f" testId="3e35b4f3-c9bb-3d94-9b49-cabafbdbb1e3" testName="CPR.IntegrationTests.TaxonomyControllerIntegrationTests.CreatePosition_AsAdministrator_ReturnsCreated" computerName="VYACHESLAV-LAPT" duration="00:00:00.0125286" startTime="2025-10-27T14:14:14.4220157-05:00" endTime="2025-10-27T14:14:14.4220158-05:00" testType="13cdc9d9-ddb5-4fa4-a97d-d965ccfc6d4b" outcome="Passed" testListId="8c84fa94-04c1-424b-9868-57a2d4851a1d" relativeResultsDirectory="d3b8f710-ab24-47c6-9cbe-1cfb69eb5b2f" />
    <UnitTestResult executionId="618bb885-a283-49d5-9f61-93a6da0a1635" testId="dc20894b-0c2d-8a21-7dd4-bd8308b22dec" testName="CPR.IntegrationTests.ProjectsControllerIntegrationTests.CreateProjectRole_WithoutAuth_ReturnsUnauthorized" computerName="VYACHESLAV-LAPT" duration="00:00:00.0017538" startTime="2025-10-27T14:14:12.9107974-05:00" endTime="2025-10-27T14:14:12.9107976-05:00" testType="13cdc9d9-ddb5-4fa4-a97d-d965ccfc6d4b" outcome="Passed" testListId="8c84fa94-04c1-424b-9868-57a2d4851a1d" relativeResultsDirectory="618bb885-a283-49d5-9f61-93a6da0a1635" />
    <UnitTestResult executionId="bcc85798-b286-42e6-8350-c8431e7ff4cd" testId="28ecad98-8382-6d60-ee92-22a0c778df60" testName="CPR.IntegrationTests.TeamControllerIntegrationTests.DebugDatabaseState" computerName="VYACHESLAV-LAPT" duration="00:00:00.0571242" startTime="2025-10-27T14:14:14.5527048-05:00" endTime="2025-10-27T14:14:14.5527049-05:00" testType="13cdc9d9-ddb5-4fa4-a97d-d965ccfc6d4b" outcome="Passed" testListId="8c84fa94-04c1-424b-9868-57a2d4851a1d" relativeResultsDirectory="bcc85798-b286-42e6-8350-c8431e7ff4cd" />
    <UnitTestResult executionId="0869e662-377d-4a32-a6c8-0a2c7a33b2d6" testId="c5b1dd87-c2b3-dfec-a1b0-a57bdeb06b1c" testName="CPR.IntegrationTests.AuthenticationIntegrationTests.GetMe_StubAuth_SolutionOwnerUser_ReturnsProfileWithCorrectData" computerName="VYACHESLAV-LAPT" duration="00:00:00.0041119" startTime="2025-10-27T14:14:12.0489924-05:00" endTime="2025-10-27T14:14:12.0489926-05:00" testType="13cdc9d9-ddb5-4fa4-a97d-d965ccfc6d4b" outcome="Passed" testListId="8c84fa94-04c1-424b-9868-57a2d4851a1d" relativeResultsDirectory="0869e662-377d-4a32-a6c8-0a2c7a33b2d6" />
    <UnitTestResult executionId="7b17e3d6-8f26-4da7-ab55-e92d51124667" testId="ee4c9f89-f238-56ec-3a15-49a685a646f4" testName="CPR.IntegrationTests.FeedbackControllerTests.GetTodoRequests_WithValidToken_ReturnsRequests" computerName="VYACHESLAV-LAPT" duration="00:00:00.0512813" startTime="2025-10-27T14:14:12.0939252-05:00" endTime="2025-10-27T14:14:12.0939253-05:00" testType="13cdc9d9-ddb5-4fa4-a97d-d965ccfc6d4b" outcome="Passed" testListId="8c84fa94-04c1-424b-9868-57a2d4851a1d" relativeResultsDirectory="7b17e3d6-8f26-4da7-ab55-e92d51124667" />
    <UnitTestResult executionId="f6393364-9c25-4803-9bc2-c69c5253ec55" testId="0605b040-493b-f86c-cd73-c62d3de0c86e" testName="CPR.IntegrationTests.TaxonomyIntegrationTests.GetSkills_ReturnsFilteredSkills_WhenPositionIdProvided" computerName="VYACHESLAV-LAPT" duration="00:00:00.0215932" startTime="2025-10-27T14:14:12.3189170-05:00" endTime="2025-10-27T14:14:12.3189172-05:00" testType="13cdc9d9-ddb5-4fa4-a97d-d965ccfc6d4b" outcome="Passed" testListId="8c84fa94-04c1-424b-9868-57a2d4851a1d" relativeResultsDirectory="f6393364-9c25-4803-9bc2-c69c5253ec55" />
    <UnitTestResult executionId="93046d1f-eda1-40db-89a5-2b79eab73f22" testId="d05bc568-58a5-4262-725d-6c0b439220ce" testName="CPR.IntegrationTests.MigrationSmokeTests.MigrationsHistory_Contains_AddSeedData" computerName="VYACHESLAV-LAPT" duration="00:00:00.0587194" startTime="2025-10-27T14:14:12.0176701-05:00" endTime="2025-10-27T14:14:12.0176703-05:00" testType="13cdc9d9-ddb5-4fa4-a97d-d965ccfc6d4b" outcome="Passed" testListId="8c84fa94-04c1-424b-9868-57a2d4851a1d" relativeResultsDirectory="93046d1f-eda1-40db-89a5-2b79eab73f22" />
    <UnitTestResult executionId="36833f05-945d-4361-b8de-6e757fe46b43" testId="890a4bb9-3828-9ed1-6e2c-1f8003437021" testName="CPR.IntegrationTests.ProjectsControllerIntegrationTests.GetProjectById_AsEmployee_ReturnsOk" computerName="VYACHESLAV-LAPT" duration="00:00:00.0198067" startTime="2025-10-27T14:14:12.9662549-05:00" endTime="2025-10-27T14:14:12.9662550-05:00" testType="13cdc9d9-ddb5-4fa4-a97d-d965ccfc6d4b" outcome="Passed" testListId="8c84fa94-04c1-424b-9868-57a2d4851a1d" relativeResultsDirectory="36833f05-945d-4361-b8de-6e757fe46b43" />
    <UnitTestResult executionId="56967547-bfa4-490f-b90b-8bf295c7c308" testId="74a6be40-fb82-4088-f7ef-e7ccde9c1737" testName="CPR.IntegrationTests.GoalsControllerTaskNegativeTests.PatchTask_NonExistentTask_ReturnsNotFound" computerName="VYACHESLAV-LAPT" duration="00:00:00.0246390" startTime="2025-10-27T14:14:12.1640357-05:00" endTime="2025-10-27T14:14:12.1640360-05:00" testType="13cdc9d9-ddb5-4fa4-a97d-d965ccfc6d4b" outcome="Passed" testListId="8c84fa94-04c1-424b-9868-57a2d4851a1d" relativeResultsDirectory="56967547-bfa4-490f-b90b-8bf295c7c308" />
    <UnitTestResult executionId="26a1e2c5-ec6c-4c52-bde4-ad3d2cfbb312" testId="61a9fa9c-b995-7f12-49f9-8116acddfade" testName="CPR.IntegrationTests.FeedbackControllerTests.GetMyFeedback_WithValidToken_ReturnsFeedback" computerName="VYACHESLAV-LAPT" duration="00:00:00.0585256" startTime="2025-10-27T14:14:12.4527246-05:00" endTime="2025-10-27T14:14:12.4527256-05:00" testType="13cdc9d9-ddb5-4fa4-a97d-d965ccfc6d4b" outcome="Passed" testListId="8c84fa94-04c1-424b-9868-57a2d4851a1d" relativeResultsDirectory="26a1e2c5-ec6c-4c52-bde4-ad3d2cfbb312" />
    <UnitTestResult executionId="70917337-94a5-4801-8834-c0cd5753e6f2" testId="b6638c5d-4762-111f-353b-d460fd55132a" testName="CPR.IntegrationTests.TaxonomyControllerIntegrationTests.DeleteCareerTrack_AsAdministrator_ReturnsNoContent" computerName="VYACHESLAV-LAPT" duration="00:00:00.0245865" startTime="2025-10-27T14:14:14.4676505-05:00" endTime="2025-10-27T14:14:14.4676507-05:00" testType="13cdc9d9-ddb5-4fa4-a97d-d965ccfc6d4b" outcome="Passed" testListId="8c84fa94-04c1-424b-9868-57a2d4851a1d" relativeResultsDirectory="70917337-94a5-4801-8834-c0cd5753e6f2" />
    <UnitTestResult executionId="432a85fc-1c0f-49c9-bae7-7505a4b6b967" testId="376956c3-8484-5cca-e5a0-36249c3e4750" testName="CPR.IntegrationTests.TaxonomyControllerIntegrationTests.CreateCareerTrack_WithInvalidCareerPath_ReturnsBadRequest" computerName="VYACHESLAV-LAPT" duration="00:00:00.0091568" startTime="2025-10-27T14:14:13.4839304-05:00" endTime="2025-10-27T14:14:13.4839308-05:00" testType="13cdc9d9-ddb5-4fa4-a97d-d965ccfc6d4b" outcome="Passed" testListId="8c84fa94-04c1-424b-9868-57a2d4851a1d" relativeResultsDirectory="432a85fc-1c0f-49c9-bae7-7505a4b6b967" />
    <UnitTestResult executionId="ccc311f5-3ae7-4101-9cd2-59d84a191d91" testId="bc84b773-4490-9001-155b-a0844911f0be" testName="CPR.IntegrationTests.ProjectsControllerIntegrationTests.CreateProject_WithoutAuth_ReturnsUnauthorized" computerName="VYACHESLAV-LAPT" duration="00:00:00.0020596" startTime="2025-10-27T14:14:13.2417417-05:00" endTime="2025-10-27T14:14:13.2417419-05:00" testType="13cdc9d9-ddb5-4fa4-a97d-d965ccfc6d4b" outcome="Passed" testListId="8c84fa94-04c1-424b-9868-57a2d4851a1d" relativeResultsDirectory="ccc311f5-3ae7-4101-9cd2-59d84a191d91" />
    <UnitTestResult executionId="48045e6d-bcbf-46eb-a7ca-5d941d17e6ba" testId="c25904b6-fda5-42cf-ddcf-4118adc9fb2e" testName="CPR.IntegrationTests.TaxonomyIntegrationTests.GetCareerTracks_ReturnsTracks_WhenCareerPathProvided" computerName="VYACHESLAV-LAPT" duration="00:00:00.0352224" startTime="2025-10-27T14:14:12.3905234-05:00" endTime="2025-10-27T14:14:12.3905236-05:00" testType="13cdc9d9-ddb5-4fa4-a97d-d965ccfc6d4b" outcome="Passed" testListId="8c84fa94-04c1-424b-9868-57a2d4851a1d" relativeResultsDirectory="48045e6d-bcbf-46eb-a7ca-5d941d17e6ba" />
    <UnitTestResult executionId="4a7205da-f5c9-475a-8f3a-eadeda2bee2d" testId="53e018ae-e9dc-87a3-5c1a-49366a907e14" testName="CPR.IntegrationTests.TaxonomyControllerIntegrationTests.CreateSkillCategory_AsEmployee_ReturnsForbidden" computerName="VYACHESLAV-LAPT" duration="00:00:00.0062379" startTime="2025-10-27T14:14:14.3859227-05:00" endTime="2025-10-27T14:14:14.3859229-05:00" testType="13cdc9d9-ddb5-4fa4-a97d-d965ccfc6d4b" outcome="Passed" testListId="8c84fa94-04c1-424b-9868-57a2d4851a1d" relativeResultsDirectory="4a7205da-f5c9-475a-8f3a-eadeda2bee2d" />
    <UnitTestResult executionId="b360211a-da28-4fe5-b42b-8dbea76b7c97" testId="d5327e9a-5dc9-9c77-3627-49f881047e8b" testName="CPR.IntegrationTests.TaxonomyControllerIntegrationTests.CreateCareerPath_AsEmployee_ReturnsForbidden" computerName="VYACHESLAV-LAPT" duration="00:00:00.0077185" startTime="2025-10-27T14:14:14.0923162-05:00" endTime="2025-10-27T14:14:14.0923163-05:00" testType="13cdc9d9-ddb5-4fa4-a97d-d965ccfc6d4b" outcome="Passed" testListId="8c84fa94-04c1-424b-9868-57a2d4851a1d" relativeResultsDirectory="b360211a-da28-4fe5-b42b-8dbea76b7c97" />
    <UnitTestResult executionId="9981dcb9-ac70-4656-b688-9344ab82c006" testId="a2d325bb-5e9d-8dc1-87c7-65b9adc3b749" testName="CPR.IntegrationTests.TaxonomyControllerIntegrationTests.UpdateCareerPath_AsAdministrator_ReturnsOk" computerName="VYACHESLAV-LAPT" duration="00:00:00.0495320" startTime="2025-10-27T14:14:13.8792674-05:00" endTime="2025-10-27T14:14:13.8792675-05:00" testType="13cdc9d9-ddb5-4fa4-a97d-d965ccfc6d4b" outcome="Passed" testListId="8c84fa94-04c1-424b-9868-57a2d4851a1d" relativeResultsDirectory="9981dcb9-ac70-4656-b688-9344ab82c006" />
    <UnitTestResult executionId="4d7cfabb-1eb8-4390-82bb-4cfc73b59a6d" testId="f16dac16-2ecf-ee21-030a-c8ec205365bc" testName="CPR.IntegrationTests.TaxonomyControllerIntegrationTests.DeleteSkill_AsAdministrator_ReturnsNoContent" computerName="VYACHESLAV-LAPT" duration="00:00:00.0334969" startTime="2025-10-27T14:14:14.1806308-05:00" endTime="2025-10-27T14:14:14.1806310-05:00" testType="13cdc9d9-ddb5-4fa4-a97d-d965ccfc6d4b" outcome="Passed" testListId="8c84fa94-04c1-424b-9868-57a2d4851a1d" relativeResultsDirectory="4d7cfabb-1eb8-4390-82bb-4cfc73b59a6d" />
    <UnitTestResult executionId="b10fdf0c-1e02-49cf-a6e1-fc524ef00f49" testId="0e9949b9-5dd8-d72c-7f61-c75152f4e0f6" testName="CPR.IntegrationTests.TaxonomyControllerIntegrationTests.DeletePosition_AsEmployee_ReturnsForbidden" computerName="VYACHESLAV-LAPT" duration="00:00:00.0143876" startTime="2025-10-27T14:14:13.3891858-05:00" endTime="2025-10-27T14:14:13.3891863-05:00" testType="13cdc9d9-ddb5-4fa4-a97d-d965ccfc6d4b" outcome="Passed" testListId="8c84fa94-04c1-424b-9868-57a2d4851a1d" relativeResultsDirectory="b10fdf0c-1e02-49cf-a6e1-fc524ef00f49" />
    <UnitTestResult executionId="1aa1419f-0ebc-41a1-bb49-71e9dc99fb2f" testId="11e8ca3a-8ded-5e35-e027-d50cd589b4c1" testName="CPR.IntegrationTests.TaxonomyIntegrationTests.GetSkillLevels_ReturnsAllSkillLevels_WhenNoSkillIdProvided" computerName="VYACHESLAV-LAPT" duration="00:00:00.0106129" startTime="2025-10-27T14:14:12.4169324-05:00" endTime="2025-10-27T14:14:12.4169327-05:00" testType="13cdc9d9-ddb5-4fa4-a97d-d965ccfc6d4b" outcome="Passed" testListId="8c84fa94-04c1-424b-9868-57a2d4851a1d" relativeResultsDirectory="1aa1419f-0ebc-41a1-bb49-71e9dc99fb2f" />
    <UnitTestResult executionId="2630f07e-9ec4-441b-bfa8-d35a7fcac41d" testId="cde1cb49-9afd-cbe3-e0aa-544cbd426dd6" testName="CPR.IntegrationTests.GoalsControllerValidationTests.Post_DescriptionTooLong_Returns400" computerName="VYACHESLAV-LAPT" duration="00:00:00.0054450" startTime="2025-10-27T14:14:09.4143533-05:00" endTime="2025-10-27T14:14:09.4143534-05:00" testType="13cdc9d9-ddb5-4fa4-a97d-d965ccfc6d4b" outcome="Passed" testListId="8c84fa94-04c1-424b-9868-57a2d4851a1d" relativeResultsDirectory="2630f07e-9ec4-441b-bfa8-d35a7fcac41d" />
    <UnitTestResult executionId="055d7937-f82f-4146-83f2-cb8df4ecafc6" testId="2487ab39-b8e2-e8e9-35e7-433c891429ff" testName="CPR.IntegrationTests.TaxonomyControllerIntegrationTests.DeleteSkillLevel_WithoutAuth_ReturnsUnauthorized" computerName="VYACHESLAV-LAPT" duration="00:00:00.0019975" startTime="2025-10-27T14:14:13.5050120-05:00" endTime="2025-10-27T14:14:13.5050124-05:00" testType="13cdc9d9-ddb5-4fa4-a97d-d965ccfc6d4b" outcome="Passed" testListId="8c84fa94-04c1-424b-9868-57a2d4851a1d" relativeResultsDirectory="055d7937-f82f-4146-83f2-cb8df4ecafc6" />
    <UnitTestResult executionId="46e494b3-1c0c-43a6-95cf-3bbad55e087b" testId="f6141590-a703-295f-1627-e66a236312b3" testName="CPR.IntegrationTests.FeedbackControllerTests.SubmitFeedback_WithMaliciousContent_ReturnsBadRequest" computerName="VYACHESLAV-LAPT" duration="00:00:00.1595417" startTime="2025-10-27T14:14:12.2536165-05:00" endTime="2025-10-27T14:14:12.2536172-05:00" testType="13cdc9d9-ddb5-4fa4-a97d-d965ccfc6d4b" outcome="Passed" testListId="8c84fa94-04c1-424b-9868-57a2d4851a1d" relativeResultsDirectory="46e494b3-1c0c-43a6-95cf-3bbad55e087b" />
    <UnitTestResult executionId="89311054-178d-4fb0-adaf-b6b2b8ce1d5b" testId="bf47f2c9-bff5-045e-6b22-9a72c336b2e9" testName="CPR.IntegrationTests.ProjectsControllerIntegrationTests.CreateProject_AsEmployee_ReturnsForbidden" computerName="VYACHESLAV-LAPT" duration="00:00:00.0077967" startTime="2025-10-27T14:14:13.2497649-05:00" endTime="2025-10-27T14:14:13.2497651-05:00" testType="13cdc9d9-ddb5-4fa4-a97d-d965ccfc6d4b" outcome="Passed" testListId="8c84fa94-04c1-424b-9868-57a2d4851a1d" relativeResultsDirectory="89311054-178d-4fb0-adaf-b6b2b8ce1d5b" />
    <UnitTestResult executionId="81024b06-30df-495d-a627-42752a7d981e" testId="532ad4e5-578d-5d5e-389f-e29ae44a8370" testName="CPR.IntegrationTests.GoalPersistenceTests.CanCreateAndReadGoal" computerName="VYACHESLAV-LAPT" duration="00:00:00.3479509" startTime="2025-10-27T14:14:11.9581227-05:00" endTime="2025-10-27T14:14:11.9581230-05:00" testType="13cdc9d9-ddb5-4fa4-a97d-d965ccfc6d4b" outcome="Passed" testListId="8c84fa94-04c1-424b-9868-57a2d4851a1d" relativeResultsDirectory="81024b06-30df-495d-a627-42752a7d981e" />
    <UnitTestResult executionId="d10e92f9-7886-4af9-ac58-556c75b039e7" testId="62edc9de-5141-4717-686e-b35cfa9db6b1" testName="CPR.IntegrationTests.MeControllerTests.CreateSkill_DuplicateAssessment_ReturnsConflict" computerName="VYACHESLAV-LAPT" duration="00:00:00.0494551" startTime="2025-10-27T14:14:12.2307783-05:00" endTime="2025-10-27T14:14:12.2307785-05:00" testType="13cdc9d9-ddb5-4fa4-a97d-d965ccfc6d4b" outcome="Passed" testListId="8c84fa94-04c1-424b-9868-57a2d4851a1d" relativeResultsDirectory="d10e92f9-7886-4af9-ac58-556c75b039e7" />
    <UnitTestResult executionId="1805e3c7-2b7a-48d8-ab32-baf6140bfb56" testId="d4794480-6ceb-f53a-c207-8fe38ec30426" testName="CPR.IntegrationTests.AuthenticationIntegrationTests.GetMe_StubAuth_NonEmployeeUser_ReturnsFallbackProfile" computerName="VYACHESLAV-LAPT" duration="00:00:00.0044116" startTime="2025-10-27T14:14:12.0447716-05:00" endTime="2025-10-27T14:14:12.0447717-05:00" testType="13cdc9d9-ddb5-4fa4-a97d-d965ccfc6d4b" outcome="Passed" testListId="8c84fa94-04c1-424b-9868-57a2d4851a1d" relativeResultsDirectory="1805e3c7-2b7a-48d8-ab32-baf6140bfb56" />
    <UnitTestResult executionId="a206cde0-22b5-45fc-b34a-a0b43881b3e9" testId="aed24c88-b4a6-c336-d82c-e3962c746efa" testName="CPR.IntegrationTests.TaxonomyControllerIntegrationTests.UpdatePosition_WithoutAuth_ReturnsUnauthorized" computerName="VYACHESLAV-LAPT" duration="00:00:00.0018568" startTime="2025-10-27T14:14:14.4696302-05:00" endTime="2025-10-27T14:14:14.4696303-05:00" testType="13cdc9d9-ddb5-4fa4-a97d-d965ccfc6d4b" outcome="Passed" testListId="8c84fa94-04c1-424b-9868-57a2d4851a1d" relativeResultsDirectory="a206cde0-22b5-45fc-b34a-a0b43881b3e9" />
    <UnitTestResult executionId="d5ecfeb6-4ef6-4250-8122-12fc00e1fe8f" testId="e9f78967-efea-5130-479f-0085e4aebc92" testName="CPR.IntegrationTests.ProjectsControllerIntegrationTests.GetProjectTeam_NonExistentProject_ReturnsNotFound" computerName="VYACHESLAV-LAPT" duration="00:00:00.0078790" startTime="2025-10-27T14:14:12.9276731-05:00" endTime="2025-10-27T14:14:12.9276733-05:00" testType="13cdc9d9-ddb5-4fa4-a97d-d965ccfc6d4b" outcome="Passed" testListId="8c84fa94-04c1-424b-9868-57a2d4851a1d" relativeResultsDirectory="d5ecfeb6-4ef6-4250-8122-12fc00e1fe8f" />
    <UnitTestResult executionId="10a24a5b-8307-4aaf-a539-778ec7c8eb46" testId="83868872-309b-1722-a160-33e859a9cc75" testName="CPR.IntegrationTests.TaxonomyControllerIntegrationTests.UpdateSkill_NonExistent_ReturnsBadRequest" computerName="VYACHESLAV-LAPT" duration="00:00:00.0188557" startTime="2025-10-27T14:14:14.0465912-05:00" endTime="2025-10-27T14:14:14.0465914-05:00" testType="13cdc9d9-ddb5-4fa4-a97d-d965ccfc6d4b" outcome="Passed" testListId="8c84fa94-04c1-424b-9868-57a2d4851a1d" relativeResultsDirectory="10a24a5b-8307-4aaf-a539-778ec7c8eb46" />
    <UnitTestResult executionId="3b9dc49f-267e-40cd-912c-eadc9b32cc18" testId="7df0acd9-5e75-bf72-f77b-97d29e8dca0b" testName="CPR.IntegrationTests.TaxonomyControllerIntegrationTests.DeletePosition_AsAdministrator_ReturnsNoContent" computerName="VYACHESLAV-LAPT" duration="00:00:00.0517896" startTime="2025-10-27T14:14:13.7555447-05:00" endTime="2025-10-27T14:14:13.7555449-05:00" testType="13cdc9d9-ddb5-4fa4-a97d-d965ccfc6d4b" outcome="Passed" testListId="8c84fa94-04c1-424b-9868-57a2d4851a1d" relativeResultsDirectory="3b9dc49f-267e-40cd-912c-eadc9b32cc18" />
    <UnitTestResult executionId="8a8a6682-bfc4-4a6b-ab53-1b7e6b20039b" testId="a394f3b3-f794-78e8-77a9-a2f7a31c882c" testName="CPR.IntegrationTests.ProjectsControllerIntegrationTests.GetProjectTeam_AsEmployee_ReturnsOk" computerName="VYACHESLAV-LAPT" duration="00:00:00.0329104" startTime="2025-10-27T14:14:12.6613755-05:00" endTime="2025-10-27T14:14:12.6613758-05:00" testType="13cdc9d9-ddb5-4fa4-a97d-d965ccfc6d4b" outcome="Passed" testListId="8c84fa94-04c1-424b-9868-57a2d4851a1d" relativeResultsDirectory="8a8a6682-bfc4-4a6b-ab53-1b7e6b20039b" />
    <UnitTestResult executionId="b4485199-fa21-46ea-a429-2465e7feadc9" testId="fd63a265-98d5-c7fb-e261-39dfe9931453" testName="CPR.IntegrationTests.TaxonomyControllerIntegrationTests.RemoveSkillFromPosition_WithoutAuth_ReturnsUnauthorized" computerName="VYACHESLAV-LAPT" duration="00:00:00.0016985" startTime="2025-10-27T14:14:14.3560643-05:00" endTime="2025-10-27T14:14:14.3560644-05:00" testType="13cdc9d9-ddb5-4fa4-a97d-d965ccfc6d4b" outcome="Passed" testListId="8c84fa94-04c1-424b-9868-57a2d4851a1d" relativeResultsDirectory="b4485199-fa21-46ea-a429-2465e7feadc9" />
    <UnitTestResult executionId="14051cdd-d18d-4e5d-ac97-085bdf3283b6" testId="a4203bc1-ac73-f78e-ad87-68a9332f1682" testName="CPR.IntegrationTests.TaxonomyControllerIntegrationTests.DeleteSkillLevel_AsAdministrator_ReturnsNoContent" computerName="VYACHESLAV-LAPT" duration="00:00:00.0579895" startTime="2025-10-27T14:14:13.6898004-05:00" endTime="2025-10-27T14:14:13.6898005-05:00" testType="13cdc9d9-ddb5-4fa4-a97d-d965ccfc6d4b" outcome="Passed" testListId="8c84fa94-04c1-424b-9868-57a2d4851a1d" relativeResultsDirectory="14051cdd-d18d-4e5d-ac97-085bdf3283b6" />
    <UnitTestResult executionId="2e9fac85-3846-4a56-aa41-b11cf9f5f4b0" testId="5204bc48-9368-efc3-0327-5e318de693fa" testName="CPR.IntegrationTests.ProjectsControllerIntegrationTests.UpdateProjectRole_WithoutAuth_ReturnsUnauthorized" computerName="VYACHESLAV-LAPT" duration="00:00:00.0024144" startTime="2025-10-27T14:14:13.1540788-05:00" endTime="2025-10-27T14:14:13.1540792-05:00" testType="13cdc9d9-ddb5-4fa4-a97d-d965ccfc6d4b" outcome="Passed" testListId="8c84fa94-04c1-424b-9868-57a2d4851a1d" relativeResultsDirectory="2e9fac85-3846-4a56-aa41-b11cf9f5f4b0" />
    <UnitTestResult executionId="c7d62bc5-9722-403e-8a72-8eef1bd82eaf" testId="8cc60949-5900-f178-8413-70dafcf5b45b" testName="CPR.IntegrationTests.TokenGeneratorSmokeTests.TokenGenerator_E2E_ReturnsUserProfile" computerName="VYACHESLAV-LAPT" duration="00:00:00.0333565" startTime="2025-10-27T14:14:14.8375557-05:00" endTime="2025-10-27T14:14:14.8375559-05:00" testType="13cdc9d9-ddb5-4fa4-a97d-d965ccfc6d4b" outcome="Passed" testListId="8c84fa94-04c1-424b-9868-57a2d4851a1d" relativeResultsDirectory="c7d62bc5-9722-403e-8a72-8eef1bd82eaf" />
    <UnitTestResult executionId="120bb0aa-122b-4142-9311-8976cab230de" testId="d40c0e86-2a8e-75ee-226b-7c30f915b620" testName="CPR.IntegrationTests.TaxonomyControllerIntegrationTests.RemoveSkillFromPosition_AsEmployee_ReturnsForbidden" computerName="VYACHESLAV-LAPT" duration="00:00:00.0365713" startTime="2025-10-27T14:14:13.3746266-05:00" endTime="2025-10-27T14:14:13.3746270-05:00" testType="13cdc9d9-ddb5-4fa4-a97d-d965ccfc6d4b" outcome="Passed" testListId="8c84fa94-04c1-424b-9868-57a2d4851a1d" relativeResultsDirectory="120bb0aa-122b-4142-9311-8976cab230de" />
    <UnitTestResult executionId="f2d05d55-178f-44e9-ac83-f85384da01e6" testId="c2b51083-5c90-a40e-e535-eda27a401d84" testName="CPR.IntegrationTests.TaxonomyControllerIntegrationTests.DeleteSkillCategory_WithoutAuth_ReturnsUnauthorized" computerName="VYACHESLAV-LAPT" duration="00:00:00.0013590" startTime="2025-10-27T14:14:13.9774768-05:00" endTime="2025-10-27T14:14:13.9774769-05:00" testType="13cdc9d9-ddb5-4fa4-a97d-d965ccfc6d4b" outcome="Passed" testListId="8c84fa94-04c1-424b-9868-57a2d4851a1d" relativeResultsDirectory="f2d05d55-178f-44e9-ac83-f85384da01e6" />
    <UnitTestResult executionId="983bcc04-9edd-49e0-8f25-fd0e0f5764da" testId="61958286-428a-3c09-c857-d7fa4351998b" testName="CPR.IntegrationTests.ProjectsControllerIntegrationTests.CreateProject_AsSolutionOwner_ReturnsCreated" computerName="VYACHESLAV-LAPT" duration="00:00:00.0117879" startTime="2025-10-27T14:14:13.2832553-05:00" endTime="2025-10-27T14:14:13.2832560-05:00" testType="13cdc9d9-ddb5-4fa4-a97d-d965ccfc6d4b" outcome="Passed" testListId="8c84fa94-04c1-424b-9868-57a2d4851a1d" relativeResultsDirectory="983bcc04-9edd-49e0-8f25-fd0e0f5764da" />
    <UnitTestResult executionId="bd91d1d9-27ad-441d-bec9-18252f2b4db8" testId="e8310cc3-e025-1653-d748-f362e649d2f2" testName="CPR.IntegrationTests.AuthenticationIntegrationTests.GetMe_StubAuth_AdministratorUser_ReturnsProfileWithCorrectData" computerName="VYACHESLAV-LAPT" duration="00:00:00.0045646" startTime="2025-10-27T14:14:12.0587838-05:00" endTime="2025-10-27T14:14:12.0587839-05:00" testType="13cdc9d9-ddb5-4fa4-a97d-d965ccfc6d4b" outcome="Passed" testListId="8c84fa94-04c1-424b-9868-57a2d4851a1d" relativeResultsDirectory="bd91d1d9-27ad-441d-bec9-18252f2b4db8" />
    <UnitTestResult executionId="02eecb66-4930-41a6-a707-e2c438994bcc" testId="0122fe4f-2386-ae72-2dd9-ac67b356dfa6" testName="CPR.IntegrationTests.ProjectsControllerIntegrationTests.CreateProject_WithEmptyTitle_ReturnsBadRequest" computerName="VYACHESLAV-LAPT" duration="00:00:00.0063900" startTime="2025-10-27T14:14:12.9089546-05:00" endTime="2025-10-27T14:14:12.9089550-05:00" testType="13cdc9d9-ddb5-4fa4-a97d-d965ccfc6d4b" outcome="Passed" testListId="8c84fa94-04c1-424b-9868-57a2d4851a1d" relativeResultsDirectory="02eecb66-4930-41a6-a707-e2c438994bcc" />
    <UnitTestResult executionId="14556188-8e26-4223-a1bf-2eb0fe55b6d4" testId="a2210071-ff10-ff51-c3e1-2ee3dddf5470" testName="CPR.IntegrationTests.TaxonomyControllerIntegrationTests.CreateSkill_AsAdministrator_ReturnsCreated" computerName="VYACHESLAV-LAPT" duration="00:00:00.0395589" startTime="2025-10-27T14:14:13.6037564-05:00" endTime="2025-10-27T14:14:13.6037570-05:00" testType="13cdc9d9-ddb5-4fa4-a97d-d965ccfc6d4b" outcome="Passed" testListId="8c84fa94-04c1-424b-9868-57a2d4851a1d" relativeResultsDirectory="14556188-8e26-4223-a1bf-2eb0fe55b6d4" />
    <UnitTestResult executionId="3aaf6157-47a1-42dc-b050-f39842859099" testId="75e9cd9e-3424-0d7c-b289-952fe49c9f04" testName="CPR.IntegrationTests.TaxonomyControllerIntegrationTests.CreateSkill_WithoutAuth_ReturnsUnauthorized" computerName="VYACHESLAV-LAPT" duration="00:00:00.0012835" startTime="2025-10-27T14:14:14.2571257-05:00" endTime="2025-10-27T14:14:14.2571258-05:00" testType="13cdc9d9-ddb5-4fa4-a97d-d965ccfc6d4b" outcome="Passed" testListId="8c84fa94-04c1-424b-9868-57a2d4851a1d" relativeResultsDirectory="3aaf6157-47a1-42dc-b050-f39842859099" />
    <UnitTestResult executionId="579fad1f-10ce-4b13-9dc6-02c1f98e207c" testId="1bc6bae4-cd58-ecfe-396e-5f7ef1b69039" testName="CPR.IntegrationTests.TaxonomyControllerIntegrationTests.UpdateSkillLevel_AsEmployee_ReturnsForbidden" computerName="VYACHESLAV-LAPT" duration="00:00:00.0071778" startTime="2025-10-27T14:14:14.3542769-05:00" endTime="2025-10-27T14:14:14.3542771-05:00" testType="13cdc9d9-ddb5-4fa4-a97d-d965ccfc6d4b" outcome="Passed" testListId="8c84fa94-04c1-424b-9868-57a2d4851a1d" relativeResultsDirectory="579fad1f-10ce-4b13-9dc6-02c1f98e207c" />
    <UnitTestResult executionId="16c0777f-7cdb-4853-944b-cc7457b596cb" testId="38d8dc3d-0e4b-ca11-aaa3-fcb74bfc4b16" testName="CPR.IntegrationTests.ProjectsControllerIntegrationTests.DeleteProject_AsEmployee_ReturnsForbidden" computerName="VYACHESLAV-LAPT" duration="00:00:00.0199097" startTime="2025-10-27T14:14:13.2395776-05:00" endTime="2025-10-27T14:14:13.2395778-05:00" testType="13cdc9d9-ddb5-4fa4-a97d-d965ccfc6d4b" outcome="Passed" testListId="8c84fa94-04c1-424b-9868-57a2d4851a1d" relativeResultsDirectory="16c0777f-7cdb-4853-944b-cc7457b596cb" />
    <UnitTestResult executionId="b5f2a8db-f5b5-414b-855a-2c6a1b5a6b65" testId="82228712-b4ca-5745-3b21-bf3f9efd36b5" testName="CPR.IntegrationTests.TaxonomyControllerIntegrationTests.CreateSkill_WithInvalidCategory_ReturnsBadRequest" computerName="VYACHESLAV-LAPT" duration="00:00:00.0095907" startTime="2025-10-27T14:14:13.6317008-05:00" endTime="2025-10-27T14:14:13.6317010-05:00" testType="13cdc9d9-ddb5-4fa4-a97d-d965ccfc6d4b" outcome="Passed" testListId="8c84fa94-04c1-424b-9868-57a2d4851a1d" relativeResultsDirectory="b5f2a8db-f5b5-414b-855a-2c6a1b5a6b65" />
    <UnitTestResult executionId="a558e0b5-c6d4-4df9-b280-7f99921912ba" testId="5dc6b3fa-b8e7-55bd-7e8e-8994dabfc981" testName="CPR.IntegrationTests.ProjectsControllerIntegrationTests.RemoveEmployee_WithoutAuth_ReturnsUnauthorized" computerName="VYACHESLAV-LAPT" duration="00:00:00.0025041" startTime="2025-10-27T14:14:13.2713615-05:00" endTime="2025-10-27T14:14:13.2713618-05:00" testType="13cdc9d9-ddb5-4fa4-a97d-d965ccfc6d4b" outcome="Passed" testListId="8c84fa94-04c1-424b-9868-57a2d4851a1d" relativeResultsDirectory="a558e0b5-c6d4-4df9-b280-7f99921912ba" />
    <UnitTestResult executionId="1e949652-1949-4b92-902a-d38eef7be56c" testId="d56d3058-bd1c-d798-0ea3-cc6686dc7c76" testName="CPR.IntegrationTests.FeedbackControllerTests.SubmitFeedback_WithSelfFeedback_ReturnsBadRequest" computerName="VYACHESLAV-LAPT" duration="00:00:00.0126182" startTime="2025-10-27T14:14:12.4654565-05:00" endTime="2025-10-27T14:14:12.4654569-05:00" testType="13cdc9d9-ddb5-4fa4-a97d-d965ccfc6d4b" outcome="Passed" testListId="8c84fa94-04c1-424b-9868-57a2d4851a1d" relativeResultsDirectory="1e949652-1949-4b92-902a-d38eef7be56c" />
    <UnitTestResult executionId="44fcd8e6-4d6d-44d4-b286-124d94d46f6f" testId="0a1e3777-3d97-c3a1-0a36-d747e8ad5df8" testName="CPR.IntegrationTests.TeamControllerIntegrationTests.GetTeamMemberProfile_WithAuth_ReturnsOk" computerName="VYACHESLAV-LAPT" duration="00:00:00.1465406" startTime="2025-10-27T14:14:14.7325795-05:00" endTime="2025-10-27T14:14:14.7325797-05:00" testType="13cdc9d9-ddb5-4fa4-a97d-d965ccfc6d4b" outcome="Passed" testListId="8c84fa94-04c1-424b-9868-57a2d4851a1d" relativeResultsDirectory="44fcd8e6-4d6d-44d4-b286-124d94d46f6f" />
    <UnitTestResult executionId="2f3d7780-2a76-43ff-a249-3f33863816b0" testId="58e474b4-e91f-246b-9254-600126246feb" testName="CPR.IntegrationTests.TaxonomyControllerIntegrationTests.CreateSkillCategory_WithDuplicateTitle_ReturnsBadRequest" computerName="VYACHESLAV-LAPT" duration="00:00:00.0163680" startTime="2025-10-27T14:14:14.4093814-05:00" endTime="2025-10-27T14:14:14.4093815-05:00" testType="13cdc9d9-ddb5-4fa4-a97d-d965ccfc6d4b" outcome="Passed" testListId="8c84fa94-04c1-424b-9868-57a2d4851a1d" relativeResultsDirectory="2f3d7780-2a76-43ff-a249-3f33863816b0" />
    <UnitTestResult executionId="e67b4b0c-d5ac-4391-bbf7-4c471f060c47" testId="b8a5f3fd-f3b8-9ce6-46c4-128e35e3b718" testName="CPR.IntegrationTests.ProjectsControllerIntegrationTests.DeleteProject_WithoutAuth_ReturnsUnauthorized" computerName="VYACHESLAV-LAPT" duration="00:00:00.0026831" startTime="2025-10-27T14:14:12.6230499-05:00" endTime="2025-10-27T14:14:12.6230501-05:00" testType="13cdc9d9-ddb5-4fa4-a97d-d965ccfc6d4b" outcome="Passed" testListId="8c84fa94-04c1-424b-9868-57a2d4851a1d" relativeResultsDirectory="e67b4b0c-d5ac-4391-bbf7-4c471f060c47" />
    <UnitTestResult executionId="7d9142ae-a4f1-4083-bad9-31bfcb0fbc11" testId="1fa47cf6-e900-6122-78a4-1bdb8bbd7f0c" testName="CPR.IntegrationTests.TaxonomyControllerIntegrationTests.DeleteSkillLevel_AsEmployee_ReturnsForbidden" computerName="VYACHESLAV-LAPT" duration="00:00:00.0059586" startTime="2025-10-27T14:14:13.7036084-05:00" endTime="2025-10-27T14:14:13.7036086-05:00" testType="13cdc9d9-ddb5-4fa4-a97d-d965ccfc6d4b" outcome="Passed" testListId="8c84fa94-04c1-424b-9868-57a2d4851a1d" relativeResultsDirectory="7d9142ae-a4f1-4083-bad9-31bfcb0fbc11" />
    <UnitTestResult executionId="e2e636c5-8436-404f-9629-b6b872b42964" testId="9fceffc0-15df-726b-bb2e-daec8f45ee61" testName="CPR.IntegrationTests.TaxonomyControllerIntegrationTests.DeletePosition_NonExistent_ReturnsBadRequest" computerName="VYACHESLAV-LAPT" duration="00:00:00.0083752" startTime="2025-10-27T14:14:14.2368557-05:00" endTime="2025-10-27T14:14:14.2368559-05:00" testType="13cdc9d9-ddb5-4fa4-a97d-d965ccfc6d4b" outcome="Passed" testListId="8c84fa94-04c1-424b-9868-57a2d4851a1d" relativeResultsDirectory="e2e636c5-8436-404f-9629-b6b872b42964" />
    <UnitTestResult executionId="9b78daff-f0e5-4509-9225-a42e0f6c1a22" testId="45d374f6-d353-b8ab-8f38-5ad1bb340066" testName="CPR.IntegrationTests.FeedbackControllerTests.SubmitFeedback_WithoutAuth_ReturnsUnauthorized" computerName="VYACHESLAV-LAPT" duration="00:00:00.0117363" startTime="2025-10-27T14:14:11.7681540-05:00" endTime="2025-10-27T14:14:11.7681541-05:00" testType="13cdc9d9-ddb5-4fa4-a97d-d965ccfc6d4b" outcome="Passed" testListId="8c84fa94-04c1-424b-9868-57a2d4851a1d" relativeResultsDirectory="9b78daff-f0e5-4509-9225-a42e0f6c1a22" />
    <UnitTestResult executionId="4e0dadf9-b49c-4e2a-9c13-c3583686ccd4" testId="ae2baf5f-ed77-a3c0-4409-3aa9d6f608ef" testName="CPR.IntegrationTests.FeedbackControllerTests.CreateFeedbackRequest_WithValidData_ReturnsCreated" computerName="VYACHESLAV-LAPT" duration="00:00:00.0821913" startTime="2025-10-27T14:14:12.3359747-05:00" endTime="2025-10-27T14:14:12.3359749-05:00" testType="13cdc9d9-ddb5-4fa4-a97d-d965ccfc6d4b" outcome="Passed" testListId="8c84fa94-04c1-424b-9868-57a2d4851a1d" relativeResultsDirectory="4e0dadf9-b49c-4e2a-9c13-c3583686ccd4" />
    <UnitTestResult executionId="44a190b4-f511-4bcb-8e17-350f8635df7d" testId="e4b2dd15-4372-2a2d-c7d0-a9a8b1188955" testName="CPR.IntegrationTests.GoalsControllerTaskNegativeTests.PatchTask_ByDifferentEmployee_ReturnsForbidden" computerName="VYACHESLAV-LAPT" duration="00:00:00.5254309" startTime="2025-10-27T14:14:12.1348563-05:00" endTime="2025-10-27T14:14:12.1348565-05:00" testType="13cdc9d9-ddb5-4fa4-a97d-d965ccfc6d4b" outcome="Passed" testListId="8c84fa94-04c1-424b-9868-57a2d4851a1d" relativeResultsDirectory="44a190b4-f511-4bcb-8e17-350f8635df7d" />
    <UnitTestResult executionId="c32f561b-6167-41f5-80cb-da1c76978137" testId="da4f4edb-e87d-81ca-f2b2-623a30d08bfd" testName="CPR.IntegrationTests.TaxonomyControllerIntegrationTests.AddSkillToPosition_WithoutAuth_ReturnsUnauthorized" computerName="VYACHESLAV-LAPT" duration="00:00:00.0014258" startTime="2025-10-27T14:14:14.4750066-05:00" endTime="2025-10-27T14:14:14.4750067-05:00" testType="13cdc9d9-ddb5-4fa4-a97d-d965ccfc6d4b" outcome="Passed" testListId="8c84fa94-04c1-424b-9868-57a2d4851a1d" relativeResultsDirectory="c32f561b-6167-41f5-80cb-da1c76978137" />
    <UnitTestResult executionId="cfe5eed2-493d-4af2-9f08-6605a25f06a3" testId="ae24bfe2-c609-aba8-6738-ba062041de0e" testName="CPR.IntegrationTests.TaxonomyControllerIntegrationTests.CreateSkillLevel_WithoutAuth_ReturnsUnauthorized" computerName="VYACHESLAV-LAPT" duration="00:00:00.0022999" startTime="2025-10-27T14:14:14.2392697-05:00" endTime="2025-10-27T14:14:14.2392698-05:00" testType="13cdc9d9-ddb5-4fa4-a97d-d965ccfc6d4b" outcome="Passed" testListId="8c84fa94-04c1-424b-9868-57a2d4851a1d" relativeResultsDirectory="cfe5eed2-493d-4af2-9f08-6605a25f06a3" />
    <UnitTestResult executionId="dd04e798-acba-44ca-ad3b-7e4bd6f6914d" testId="08284252-18c0-d78e-5a23-6b4d7c5a10f6" testName="CPR.IntegrationTests.MeControllerTests.GetSkills_WithInvalidToken_ReturnsUnauthorized" computerName="VYACHESLAV-LAPT" duration="00:00:00.0025547" startTime="2025-10-27T14:14:12.2515713-05:00" endTime="2025-10-27T14:14:12.2515717-05:00" testType="13cdc9d9-ddb5-4fa4-a97d-d965ccfc6d4b" outcome="Passed" testListId="8c84fa94-04c1-424b-9868-57a2d4851a1d" relativeResultsDirectory="dd04e798-acba-44ca-ad3b-7e4bd6f6914d" />
    <UnitTestResult executionId="c3273196-d8d9-40b8-934a-084e97e4c80c" testId="553e17d0-eeee-fe28-b906-035531c28253" testName="CPR.IntegrationTests.FeedbackControllerTests.CreateFeedbackRequest_WithInvalidEmployeeId_ReturnsBadRequest" computerName="VYACHESLAV-LAPT" duration="00:00:00.0214354" startTime="2025-10-27T14:14:12.0425228-05:00" endTime="2025-10-27T14:14:12.0425230-05:00" testType="13cdc9d9-ddb5-4fa4-a97d-d965ccfc6d4b" outcome="Passed" testListId="8c84fa94-04c1-424b-9868-57a2d4851a1d" relativeResultsDirectory="c3273196-d8d9-40b8-934a-084e97e4c80c" />
    <UnitTestResult executionId="09bafbe2-b1f6-4923-9b55-b009b6cfabd5" testId="d5ffbe94-8bb8-f199-fb15-3a9fe6f307b6" testName="CPR.IntegrationTests.TaxonomyControllerIntegrationTests.UpdateCareerTrack_AsAdministrator_ReturnsOk" computerName="VYACHESLAV-LAPT" duration="00:00:00.0290843" startTime="2025-10-27T14:14:14.3342428-05:00" endTime="2025-10-27T14:14:14.3342430-05:00" testType="13cdc9d9-ddb5-4fa4-a97d-d965ccfc6d4b" outcome="Passed" testListId="8c84fa94-04c1-424b-9868-57a2d4851a1d" relativeResultsDirectory="09bafbe2-b1f6-4923-9b55-b009b6cfabd5" />
    <UnitTestResult executionId="a4195713-1f95-4654-94e2-60b0f50d0963" testId="33dc3efe-b270-1ed2-cb84-f6b9c4158d5b" testName="CPR.IntegrationTests.TaxonomyControllerIntegrationTests.AddSkillToPosition_AsEmployee_ReturnsForbidden" computerName="VYACHESLAV-LAPT" duration="00:00:00.0100106" startTime="2025-10-27T14:14:13.8894665-05:00" endTime="2025-10-27T14:14:13.8894666-05:00" testType="13cdc9d9-ddb5-4fa4-a97d-d965ccfc6d4b" outcome="Passed" testListId="8c84fa94-04c1-424b-9868-57a2d4851a1d" relativeResultsDirectory="a4195713-1f95-4654-94e2-60b0f50d0963" />
    <UnitTestResult executionId="246087e4-c33d-435e-88ec-92e1fb4b7512" testId="fe1ed513-1250-e1d2-25f2-fcc8fda41b69" testName="CPR.IntegrationTests.UserAndGoalPersistenceTests.CanCreateUserAndGoal" computerName="VYACHESLAV-LAPT" duration="00:00:00.3926356" startTime="2025-10-27T14:14:12.0019854-05:00" endTime="2025-10-27T14:14:12.0019856-05:00" testType="13cdc9d9-ddb5-4fa4-a97d-d965ccfc6d4b" outcome="Passed" testListId="8c84fa94-04c1-424b-9868-57a2d4851a1d" relativeResultsDirectory="246087e4-c33d-435e-88ec-92e1fb4b7512" />
    <UnitTestResult executionId="0f9756eb-7969-4dc2-af85-0a81f15c8597" testId="3213f98e-4db1-db9e-0463-4cc70f9db373" testName="CPR.IntegrationTests.ProjectsControllerIntegrationTests.GetAllProjects_AsEmployee_ReturnsOk" computerName="VYACHESLAV-LAPT" duration="00:00:00.0201877" startTime="2025-10-27T14:14:13.1744061-05:00" endTime="2025-10-27T14:14:13.1744064-05:00" testType="13cdc9d9-ddb5-4fa4-a97d-d965ccfc6d4b" outcome="Passed" testListId="8c84fa94-04c1-424b-9868-57a2d4851a1d" relativeResultsDirectory="0f9756eb-7969-4dc2-af85-0a81f15c8597" />
    <UnitTestResult executionId="40292998-3602-4362-9f97-21952ac16bc7" testId="01d3bdf4-8acc-aba8-eb7d-87bf036ba0df" testName="CPR.IntegrationTests.TaxonomyIntegrationTests.GetSkillLevels_ReturnsFilteredSkillLevels_WhenSkillIdProvided" computerName="VYACHESLAV-LAPT" duration="00:00:00.0361970" startTime="2025-10-27T14:14:12.3551821-05:00" endTime="2025-10-27T14:14:12.3551821-05:00" testType="13cdc9d9-ddb5-4fa4-a97d-d965ccfc6d4b" outcome="Passed" testListId="8c84fa94-04c1-424b-9868-57a2d4851a1d" relativeResultsDirectory="40292998-3602-4362-9f97-21952ac16bc7" />
    <UnitTestResult executionId="ed08d73e-c847-4a6c-b2e5-f4ea3ddbe550" testId="78195e17-13cf-5c1e-ff80-e785baf67ef9" testName="CPR.IntegrationTests.TaxonomyControllerIntegrationTests.UpdateSkillLevel_WithoutAuth_ReturnsUnauthorized" computerName="VYACHESLAV-LAPT" duration="00:00:00.0017436" startTime="2025-10-27T14:14:14.2557678-05:00" endTime="2025-10-27T14:14:14.2557679-05:00" testType="13cdc9d9-ddb5-4fa4-a97d-d965ccfc6d4b" outcome="Passed" testListId="8c84fa94-04c1-424b-9868-57a2d4851a1d" relativeResultsDirectory="ed08d73e-c847-4a6c-b2e5-f4ea3ddbe550" />
    <UnitTestResult executionId="2796d04b-7059-4cdd-bc20-fc786a23c03f" testId="ca73533c-1808-eda9-cfcd-daaceda273b9" testName="CPR.IntegrationTests.TaxonomyControllerIntegrationTests.UpdatePosition_AsEmployee_ReturnsForbidden" computerName="VYACHESLAV-LAPT" duration="00:00:00.0096274" startTime="2025-10-27T14:14:13.4937077-05:00" endTime="2025-10-27T14:14:13.4937079-05:00" testType="13cdc9d9-ddb5-4fa4-a97d-d965ccfc6d4b" outcome="Passed" testListId="8c84fa94-04c1-424b-9868-57a2d4851a1d" relativeResultsDirectory="2796d04b-7059-4cdd-bc20-fc786a23c03f" />
    <UnitTestResult executionId="b707e6f9-fe0f-43e5-8737-ba9cab31833e" testId="715cece1-ab74-0249-9b4d-4427d9324fe6" testName="CPR.IntegrationTests.ProjectsControllerIntegrationTests.GetProjectRoles_AsEmployee_ReturnsOk" computerName="VYACHESLAV-LAPT" duration="00:00:00.0949774" startTime="2025-10-27T14:14:12.5789282-05:00" endTime="2025-10-27T14:14:12.5789284-05:00" testType="13cdc9d9-ddb5-4fa4-a97d-d965ccfc6d4b" outcome="Passed" testListId="8c84fa94-04c1-424b-9868-57a2d4851a1d" relativeResultsDirectory="b707e6f9-fe0f-43e5-8737-ba9cab31833e" />
    <UnitTestResult executionId="01d7c398-d6e5-4000-af19-410284daf3b7" testId="3a309bb4-dce7-4b53-cb0c-14bb71e28ba3" testName="CPR.IntegrationTests.TaxonomyControllerIntegrationTests.UpdateSkill_WithoutAuth_ReturnsUnauthorized" computerName="VYACHESLAV-LAPT" duration="00:00:00.0018473" startTime="2025-10-27T14:14:13.8295533-05:00" endTime="2025-10-27T14:14:13.8295533-05:00" testType="13cdc9d9-ddb5-4fa4-a97d-d965ccfc6d4b" outcome="Passed" testListId="8c84fa94-04c1-424b-9868-57a2d4851a1d" relativeResultsDirectory="01d7c398-d6e5-4000-af19-410284daf3b7" />
    <UnitTestResult executionId="8bff6a90-0ee8-4103-a510-e1373796ecb1" testId="dddcd4ba-fd79-04cf-435c-51e3988e52b2" testName="CPR.IntegrationTests.ProjectsControllerIntegrationTests.UpdateProject_AsSolutionOwner_ReturnsOk" computerName="VYACHESLAV-LAPT" duration="00:00:00.0200858" startTime="2025-10-27T14:14:12.8617119-05:00" endTime="2025-10-27T14:14:12.8617120-05:00" testType="13cdc9d9-ddb5-4fa4-a97d-d965ccfc6d4b" outcome="Passed" testListId="8c84fa94-04c1-424b-9868-57a2d4851a1d" relativeResultsDirectory="8bff6a90-0ee8-4103-a510-e1373796ecb1" />
    <UnitTestResult executionId="57867e2b-6ebe-424b-a5d7-0a887dce72af" testId="b7ab4903-16a4-74d8-3a22-0ac9ee637cee" testName="CPR.IntegrationTests.GoalsControllerTaskPatchTests.PatchTask_CanUpdateFields_AndToggleCompletion" computerName="VYACHESLAV-LAPT" duration="00:00:00.5444644" startTime="2025-10-27T14:14:12.1537737-05:00" endTime="2025-10-27T14:14:12.1537739-05:00" testType="13cdc9d9-ddb5-4fa4-a97d-d965ccfc6d4b" outcome="Passed" testListId="8c84fa94-04c1-424b-9868-57a2d4851a1d" relativeResultsDirectory="57867e2b-6ebe-424b-a5d7-0a887dce72af" />
    <UnitTestResult executionId="821b5701-b255-4d55-81da-5cfee10e8f60" testId="3553d61e-a513-ccd2-e1e5-afbd1dd0606c" testName="CPR.IntegrationTests.TaxonomyControllerIntegrationTests.CreateSkillLevel_AsEmployee_ReturnsForbidden" computerName="VYACHESLAV-LAPT" duration="00:00:00.0071334" startTime="2025-10-27T14:14:13.9174693-05:00" endTime="2025-10-27T14:14:13.9174695-05:00" testType="13cdc9d9-ddb5-4fa4-a97d-d965ccfc6d4b" outcome="Passed" testListId="8c84fa94-04c1-424b-9868-57a2d4851a1d" relativeResultsDirectory="821b5701-b255-4d55-81da-5cfee10e8f60" />
    <UnitTestResult executionId="d622a7ee-53c9-4942-bb41-ddd18bb6929d" testId="113b2e74-e444-e4e6-0771-9d9fff7d0ef8" testName="CPR.IntegrationTests.TaxonomyControllerIntegrationTests.CreateCareerTrack_AsAdministrator_ReturnsCreated" computerName="VYACHESLAV-LAPT" duration="00:00:00.0572305" startTime="2025-10-27T14:14:13.4465366-05:00" endTime="2025-10-27T14:14:13.4465369-05:00" testType="13cdc9d9-ddb5-4fa4-a97d-d965ccfc6d4b" outcome="Passed" testListId="8c84fa94-04c1-424b-9868-57a2d4851a1d" relativeResultsDirectory="d622a7ee-53c9-4942-bb41-ddd18bb6929d" />
    <UnitTestResult executionId="bdf9205b-28e7-40dd-8fed-3ed8386fb6d7" testId="aecd22f5-a8cb-4df6-790b-1fa4f5825913" testName="CPR.IntegrationTests.TaxonomyControllerIntegrationTests.CreateCareerPath_AsAdministrator_ReturnsCreated" computerName="VYACHESLAV-LAPT" duration="00:00:00.0099339" startTime="2025-10-27T14:14:14.4320516-05:00" endTime="2025-10-27T14:14:14.4320517-05:00" testType="13cdc9d9-ddb5-4fa4-a97d-d965ccfc6d4b" outcome="Passed" testListId="8c84fa94-04c1-424b-9868-57a2d4851a1d" relativeResultsDirectory="bdf9205b-28e7-40dd-8fed-3ed8386fb6d7" />
    <UnitTestResult executionId="4a695728-d0b9-43bc-83f5-6df4c966ee3f" testId="3ed2318d-58e1-2892-510d-f1393ca49af8" testName="CPR.IntegrationTests.TaxonomyControllerIntegrationTests.CreateCareerPath_WithDuplicateTitle_ReturnsBadRequest" computerName="VYACHESLAV-LAPT" duration="00:00:00.0159053" startTime="2025-10-27T14:14:14.3720765-05:00" endTime="2025-10-27T14:14:14.3720767-05:00" testType="13cdc9d9-ddb5-4fa4-a97d-d965ccfc6d4b" outcome="Passed" testListId="8c84fa94-04c1-424b-9868-57a2d4851a1d" relativeResultsDirectory="4a695728-d0b9-43bc-83f5-6df4c966ee3f" />
    <UnitTestResult executionId="47366b17-0389-4768-b1e5-0581c393afe4" testId="ee2e5bd1-8e7f-cb2f-5ce3-d7e00bb52d61" testName="CPR.IntegrationTests.GoalControllerProblemDetailsTests.CreateGoal_WhenServiceThrowsArgumentNull_Returns400ProblemDetails" computerName="VYACHESLAV-LAPT" duration="00:00:00.1472787" startTime="2025-10-27T14:14:11.7564747-05:00" endTime="2025-10-27T14:14:11.7564748-05:00" testType="13cdc9d9-ddb5-4fa4-a97d-d965ccfc6d4b" outcome="Passed" testListId="8c84fa94-04c1-424b-9868-57a2d4851a1d" relativeResultsDirectory="47366b17-0389-4768-b1e5-0581c393afe4" />
    <UnitTestResult executionId="ca8040fa-f289-45aa-b3a7-3bceee8101d5" testId="2d6c2294-194c-b7aa-9727-2049eee6ed4b" testName="CPR.IntegrationTests.TaxonomyControllerIntegrationTests.DeleteSkillCategory_AsAdministrator_ReturnsNoContent" computerName="VYACHESLAV-LAPT" duration="00:00:00.0365925" startTime="2025-10-27T14:14:13.9562467-05:00" endTime="2025-10-27T14:14:13.9562469-05:00" testType="13cdc9d9-ddb5-4fa4-a97d-d965ccfc6d4b" outcome="Passed" testListId="8c84fa94-04c1-424b-9868-57a2d4851a1d" relativeResultsDirectory="ca8040fa-f289-45aa-b3a7-3bceee8101d5" />
    <UnitTestResult executionId="1c6421c2-a4d1-45ab-9b8c-fcdde91750a7" testId="060f3b84-c1c7-7ebf-ed3d-7b3faf3482c8" testName="CPR.IntegrationTests.TaxonomyControllerIntegrationTests.UpdatePosition_AsAdministrator_ReturnsOk" computerName="VYACHESLAV-LAPT" duration="00:00:00.0377973" startTime="2025-10-27T14:14:14.0844940-05:00" endTime="2025-10-27T14:14:14.0844941-05:00" testType="13cdc9d9-ddb5-4fa4-a97d-d965ccfc6d4b" outcome="Passed" testListId="8c84fa94-04c1-424b-9868-57a2d4851a1d" relativeResultsDirectory="1c6421c2-a4d1-45ab-9b8c-fcdde91750a7" />
    <UnitTestResult executionId="02182dc6-8a6a-4324-8967-19cf9c1277e0" testId="79a4234b-0d6d-5a35-9955-f54ae9998fa7" testName="CPR.IntegrationTests.ProjectsControllerIntegrationTests.UpdateProject_PartialUpdate_OnlyUpdatesProvidedFields" computerName="VYACHESLAV-LAPT" duration="00:00:00.0325842" startTime="2025-10-27T14:14:12.7752903-05:00" endTime="2025-10-27T14:14:12.7752905-05:00" testType="13cdc9d9-ddb5-4fa4-a97d-d965ccfc6d4b" outcome="Passed" testListId="8c84fa94-04c1-424b-9868-57a2d4851a1d" relativeResultsDirectory="02182dc6-8a6a-4324-8967-19cf9c1277e0" />
    <UnitTestResult executionId="d1c81977-125b-4257-bb9e-4aef04aba902" testId="fdcda958-f837-08b6-64f8-e1a8925a8a10" testName="CPR.IntegrationTests.TaxonomyControllerIntegrationTests.CreateSkillCategory_AsAdministrator_ReturnsCreated" computerName="VYACHESLAV-LAPT" duration="00:00:00.0126163" startTime="2025-10-27T14:14:14.3469727-05:00" endTime="2025-10-27T14:14:14.3469729-05:00" testType="13cdc9d9-ddb5-4fa4-a97d-d965ccfc6d4b" outcome="Passed" testListId="8c84fa94-04c1-424b-9868-57a2d4851a1d" relativeResultsDirectory="d1c81977-125b-4257-bb9e-4aef04aba902" />
    <UnitTestResult executionId="01dbf5ce-7a4d-4b60-b494-6da19554c73a" testId="0de86132-3051-187e-70f1-4a17e5d53ce7" testName="CPR.IntegrationTests.FeedbackControllerTests.FeedbackEndpoints_WithoutAuth_ReturnsUnauthorized" computerName="VYACHESLAV-LAPT" duration="00:00:00.0030196" startTime="2025-10-27T14:14:12.3822095-05:00" endTime="2025-10-27T14:14:12.3822097-05:00" testType="13cdc9d9-ddb5-4fa4-a97d-d965ccfc6d4b" outcome="Passed" testListId="8c84fa94-04c1-424b-9868-57a2d4851a1d" relativeResultsDirectory="01dbf5ce-7a4d-4b60-b494-6da19554c73a" />
    <UnitTestResult executionId="0e6f3506-1929-4d34-8f76-254312e4dddb" testId="afe9227f-0e14-ca64-2e4b-aa54cb2c0dd0" testName="CPR.IntegrationTests.AuthenticationIntegrationTests.GetMe_StubAuth_UserIdAsGuid_ParsesCorrectly" computerName="VYACHESLAV-LAPT" duration="00:00:00.0201410" startTime="2025-10-27T14:14:12.0402548-05:00" endTime="2025-10-27T14:14:12.0402550-05:00" testType="13cdc9d9-ddb5-4fa4-a97d-d965ccfc6d4b" outcome="Passed" testListId="8c84fa94-04c1-424b-9868-57a2d4851a1d" relativeResultsDirectory="0e6f3506-1929-4d34-8f76-254312e4dddb" />
    <UnitTestResult executionId="65918124-a1c5-4ced-9215-a2f5d7b3e29a" testId="70d501f7-2b49-9955-e2fd-da88fea51065" testName="CPR.IntegrationTests.TaxonomyControllerIntegrationTests.DeleteCareerTrack_AsEmployee_ReturnsForbidden" computerName="VYACHESLAV-LAPT" duration="00:00:00.0062653" startTime="2025-10-27T14:14:13.7619047-05:00" endTime="2025-10-27T14:14:13.7619050-05:00" testType="13cdc9d9-ddb5-4fa4-a97d-d965ccfc6d4b" outcome="Passed" testListId="8c84fa94-04c1-424b-9868-57a2d4851a1d" relativeResultsDirectory="65918124-a1c5-4ced-9215-a2f5d7b3e29a" />
    <UnitTestResult executionId="520bc41c-a018-4e12-8607-9c9b9ba9ccc4" testId="505c999b-e985-379f-7abc-208efc8b398f" testName="CPR.IntegrationTests.AuthenticationIntegrationTests.GetMe_StubAuth_InvalidToken_ReturnsUnauthorized" computerName="VYACHESLAV-LAPT" duration="00:00:00.0134321" startTime="2025-10-27T14:14:12.0068501-05:00" endTime="2025-10-27T14:14:12.0068503-05:00" testType="13cdc9d9-ddb5-4fa4-a97d-d965ccfc6d4b" outcome="Passed" testListId="8c84fa94-04c1-424b-9868-57a2d4851a1d" relativeResultsDirectory="520bc41c-a018-4e12-8607-9c9b9ba9ccc4" />
    <UnitTestResult executionId="461e3d44-33eb-4cc1-8d52-16f5290db5a5" testId="65f5dbf4-8d8b-41ce-05a7-03e2473ad5db" testName="CPR.IntegrationTests.TaxonomyControllerIntegrationTests.UpdateCareerPath_WithoutAuth_ReturnsUnauthorized" computerName="VYACHESLAV-LAPT" duration="00:00:00.0015930" startTime="2025-10-27T14:14:14.4734872-05:00" endTime="2025-10-27T14:14:14.4734874-05:00" testType="13cdc9d9-ddb5-4fa4-a97d-d965ccfc6d4b" outcome="Passed" testListId="8c84fa94-04c1-424b-9868-57a2d4851a1d" relativeResultsDirectory="461e3d44-33eb-4cc1-8d52-16f5290db5a5" />
    <UnitTestResult executionId="60318dc7-ef17-41ec-ab4d-7cf99c54dbd8" testId="e5fabcdc-d6da-a942-eb93-6c5291565392" testName="CPR.IntegrationTests.TaxonomyControllerIntegrationTests.CreatePosition_WithoutAuth_ReturnsUnauthorized" computerName="VYACHESLAV-LAPT" duration="00:00:00.0015551" startTime="2025-10-27T14:14:13.8114457-05:00" endTime="2025-10-27T14:14:13.8114458-05:00" testType="13cdc9d9-ddb5-4fa4-a97d-d965ccfc6d4b" outcome="Passed" testListId="8c84fa94-04c1-424b-9868-57a2d4851a1d" relativeResultsDirectory="60318dc7-ef17-41ec-ab4d-7cf99c54dbd8" />
    <UnitTestResult executionId="b6b51630-12b9-4704-ad4e-f95fc4719018" testId="9e2950b3-0667-31ea-9548-be4d0a508e7b" testName="CPR.IntegrationTests.AuthenticationIntegrationTests.GetMe_StubAuth_FieldNamesUseSnakeCase" computerName="VYACHESLAV-LAPT" duration="00:00:00.0061599" startTime="2025-10-27T14:14:12.0131501-05:00" endTime="2025-10-27T14:14:12.0131504-05:00" testType="13cdc9d9-ddb5-4fa4-a97d-d965ccfc6d4b" outcome="Passed" testListId="8c84fa94-04c1-424b-9868-57a2d4851a1d" relativeResultsDirectory="b6b51630-12b9-4704-ad4e-f95fc4719018" />
    <UnitTestResult executionId="da711d25-ffa2-4d56-b58d-ff985ffdcfc9" testId="1a3eeb2f-af59-8299-7ed3-aaebef67ea0b" testName="CPR.IntegrationTests.ProjectsControllerIntegrationTests.CreateProjectRole_AsEmployee_ReturnsForbidden" computerName="VYACHESLAV-LAPT" duration="00:00:00.0169665" startTime="2025-10-27T14:14:12.8813319-05:00" endTime="2025-10-27T14:14:12.8813321-05:00" testType="13cdc9d9-ddb5-4fa4-a97d-d965ccfc6d4b" outcome="Passed" testListId="8c84fa94-04c1-424b-9868-57a2d4851a1d" relativeResultsDirectory="da711d25-ffa2-4d56-b58d-ff985ffdcfc9" />
    <UnitTestResult executionId="06d58110-7005-450d-a69c-e78254b861d8" testId="d60b0f88-e3b8-6010-9657-435d8147efee" testName="CPR.IntegrationTests.ProjectsControllerIntegrationTests.AssignEmployee_NonExistentProject_ReturnsNotFound" computerName="VYACHESLAV-LAPT" duration="00:00:00.0171467" startTime="2025-10-27T14:14:13.1015253-05:00" endTime="2025-10-27T14:14:13.1015255-05:00" testType="13cdc9d9-ddb5-4fa4-a97d-d965ccfc6d4b" outcome="Passed" testListId="8c84fa94-04c1-424b-9868-57a2d4851a1d" relativeResultsDirectory="06d58110-7005-450d-a69c-e78254b861d8" />
    <UnitTestResult executionId="dfd18831-abfc-4527-987d-043cf4c4127c" testId="420297f4-9a37-36f7-08e9-77ea34fa5fdf" testName="CPR.IntegrationTests.ProjectsControllerIntegrationTests.GetProjectById_NonExistent_ReturnsNotFound" computerName="VYACHESLAV-LAPT" duration="00:00:00.0111878" startTime="2025-10-27T14:14:12.6726516-05:00" endTime="2025-10-27T14:14:12.6726518-05:00" testType="13cdc9d9-ddb5-4fa4-a97d-d965ccfc6d4b" outcome="Passed" testListId="8c84fa94-04c1-424b-9868-57a2d4851a1d" relativeResultsDirectory="dfd18831-abfc-4527-987d-043cf4c4127c" />
    <UnitTestResult executionId="71c80dd9-53b7-4ef5-aff3-eeb46dfac473" testId="4db065df-e165-6201-98ef-ce56445e3caf" testName="CPR.IntegrationTests.MeControllerTests.GetMe_WithValidToken_ReturnsOk" computerName="VYACHESLAV-LAPT" duration="00:00:00.0061358" startTime="2025-10-27T14:14:12.2977154-05:00" endTime="2025-10-27T14:14:12.2977154-05:00" testType="13cdc9d9-ddb5-4fa4-a97d-d965ccfc6d4b" outcome="Passed" testListId="8c84fa94-04c1-424b-9868-57a2d4851a1d" relativeResultsDirectory="71c80dd9-53b7-4ef5-aff3-eeb46dfac473" />
    <UnitTestResult executionId="6260ad4c-3d1b-49f4-8b1e-2a0923a940b7" testId="f29aa7de-4c80-0da6-2443-8f8e0973fb65" testName="CPR.IntegrationTests.TeamControllerIntegrationTests.GetTeamMemberProfile_WithoutAuth_ReturnsUnauthorized" computerName="VYACHESLAV-LAPT" duration="00:00:00.0018445" startTime="2025-10-27T14:14:14.7883326-05:00" endTime="2025-10-27T14:14:14.7883327-05:00" testType="13cdc9d9-ddb5-4fa4-a97d-d965ccfc6d4b" outcome="Passed" testListId="8c84fa94-04c1-424b-9868-57a2d4851a1d" relativeResultsDirectory="6260ad4c-3d1b-49f4-8b1e-2a0923a940b7" />
    <UnitTestResult executionId="161bd017-0150-4799-98e2-5064a8a087ad" testId="81d39f32-fde8-3566-2352-854a4586de2c" testName="CPR.IntegrationTests.TaxonomyControllerIntegrationTests.DeleteCareerPath_AsAdministrator_ReturnsNoContent" computerName="VYACHESLAV-LAPT" duration="00:00:00.0237788" startTime="2025-10-27T14:14:14.1470016-05:00" endTime="2025-10-27T14:14:14.1470017-05:00" testType="13cdc9d9-ddb5-4fa4-a97d-d965ccfc6d4b" outcome="Passed" testListId="8c84fa94-04c1-424b-9868-57a2d4851a1d" relativeResultsDirectory="161bd017-0150-4799-98e2-5064a8a087ad" />
    <UnitTestResult executionId="bb9067d9-89f9-4cae-8ce7-dbcedd630db7" testId="dbaee819-881d-f1e4-bf2c-5911cea9472b" testName="CPR.IntegrationTests.ProjectsControllerIntegrationTests.DeleteProject_AsSolutionOwner_ReturnsNoContent" computerName="VYACHESLAV-LAPT" duration="00:00:00.0351338" startTime="2025-10-27T14:14:13.2096802-05:00" endTime="2025-10-27T14:14:13.2096810-05:00" testType="13cdc9d9-ddb5-4fa4-a97d-d965ccfc6d4b" outcome="Passed" testListId="8c84fa94-04c1-424b-9868-57a2d4851a1d" relativeResultsDirectory="bb9067d9-89f9-4cae-8ce7-dbcedd630db7" />
    <UnitTestResult executionId="1f761209-febb-4599-b1c8-2c7cd619127a" testId="a1909a95-cfcf-e163-1184-69393c008254" testName="CPR.IntegrationTests.FeedbackControllerTests.GetSentRequests_WithValidToken_ReturnsRequests" computerName="VYACHESLAV-LAPT" duration="00:00:00.2527126" startTime="2025-10-27T14:14:12.0209800-05:00" endTime="2025-10-27T14:14:12.0209802-05:00" testType="13cdc9d9-ddb5-4fa4-a97d-d965ccfc6d4b" outcome="Passed" testListId="8c84fa94-04c1-424b-9868-57a2d4851a1d" relativeResultsDirectory="1f761209-febb-4599-b1c8-2c7cd619127a" />
    <UnitTestResult executionId="0b10b8f4-beac-48db-9927-92a48a08b886" testId="f609ac1c-1135-dab2-6d12-c1af6ee2b2a4" testName="CPR.IntegrationTests.TaxonomyControllerIntegrationTests.CreateCareerTrack_AsEmployee_ReturnsForbidden" computerName="VYACHESLAV-LAPT" duration="00:00:00.0073732" startTime="2025-10-27T14:14:13.9743099-05:00" endTime="2025-10-27T14:14:13.9743101-05:00" testType="13cdc9d9-ddb5-4fa4-a97d-d965ccfc6d4b" outcome="Passed" testListId="8c84fa94-04c1-424b-9868-57a2d4851a1d" relativeResultsDirectory="0b10b8f4-beac-48db-9927-92a48a08b886" />
    <UnitTestResult executionId="3543edc5-d8ef-437b-a657-43a158b5cec5" testId="b9f484f8-6e29-2172-dc0b-bb5cc4d81429" testName="CPR.IntegrationTests.TaxonomyControllerIntegrationTests.DeleteSkill_AsEmployee_ReturnsForbidden" computerName="VYACHESLAV-LAPT" duration="00:00:00.0107937" startTime="2025-10-27T14:14:14.4429678-05:00" endTime="2025-10-27T14:14:14.4429679-05:00" testType="13cdc9d9-ddb5-4fa4-a97d-d965ccfc6d4b" outcome="Passed" testListId="8c84fa94-04c1-424b-9868-57a2d4851a1d" relativeResultsDirectory="3543edc5-d8ef-437b-a657-43a158b5cec5" />
    <UnitTestResult executionId="88a7fa70-bb48-42af-bda8-142b826c79f0" testId="e5fd43b5-1ca1-7426-3362-54ff6dcf4316" testName="CPR.IntegrationTests.MeControllerTests.GetSkills_WithValidToken_ReturnsUserSkills" computerName="VYACHESLAV-LAPT" duration="00:00:00.0079291" startTime="2025-10-27T14:14:12.2914930-05:00" endTime="2025-10-27T14:14:12.2914931-05:00" testType="13cdc9d9-ddb5-4fa4-a97d-d965ccfc6d4b" outcome="Passed" testListId="8c84fa94-04c1-424b-9868-57a2d4851a1d" relativeResultsDirectory="88a7fa70-bb48-42af-bda8-142b826c79f0" />
    <UnitTestResult executionId="aabc0a41-d8f9-4a5f-8862-426151c11e11" testId="2ebd8cb8-f1c4-8c18-5beb-767057a3d5fe" testName="CPR.IntegrationTests.GoalsControllerValidationTests.Post_MissingTitle_Returns400" computerName="VYACHESLAV-LAPT" duration="00:00:00.0015305" startTime="2025-10-27T14:14:09.4260211-05:00" endTime="2025-10-27T14:14:09.4260214-05:00" testType="13cdc9d9-ddb5-4fa4-a97d-d965ccfc6d4b" outcome="Passed" testListId="8c84fa94-04c1-424b-9868-57a2d4851a1d" relativeResultsDirectory="aabc0a41-d8f9-4a5f-8862-426151c11e11" />
    <UnitTestResult executionId="88fdca02-7d90-456e-94ab-c5be8f454505" testId="91186ac7-c54d-aa85-b9c6-0a3d31d216aa" testName="CPR.IntegrationTests.TaxonomyControllerIntegrationTests.CreateCareerTrack_WithoutAuth_ReturnsUnauthorized" computerName="VYACHESLAV-LAPT" duration="00:00:00.0016289" startTime="2025-10-27T14:14:13.9760491-05:00" endTime="2025-10-27T14:14:13.9760493-05:00" testType="13cdc9d9-ddb5-4fa4-a97d-d965ccfc6d4b" outcome="Passed" testListId="8c84fa94-04c1-424b-9868-57a2d4851a1d" relativeResultsDirectory="88fdca02-7d90-456e-94ab-c5be8f454505" />
    <UnitTestResult executionId="a9f14669-9d5d-41c8-a3f8-cd4d26f0722d" testId="4b817b26-1506-dcdc-ad77-7dc7a9886b47" testName="CPR.IntegrationTests.ProjectsControllerIntegrationTests.RemoveEmployee_NonExistentProject_ReturnsNotFound" computerName="VYACHESLAV-LAPT" duration="00:00:00.0084815" startTime="2025-10-27T14:14:12.9195689-05:00" endTime="2025-10-27T14:14:12.9195700-05:00" testType="13cdc9d9-ddb5-4fa4-a97d-d965ccfc6d4b" outcome="Passed" testListId="8c84fa94-04c1-424b-9868-57a2d4851a1d" relativeResultsDirectory="a9f14669-9d5d-41c8-a3f8-cd4d26f0722d" />
    <UnitTestResult executionId="0e95170b-bbb6-45e8-bc0f-dde882ee89ae" testId="1eda4031-6a35-3036-84a0-2138d48915d3" testName="CPR.IntegrationTests.TaxonomyControllerIntegrationTests.UpdateSkillCategory_AsEmployee_ReturnsForbidden" computerName="VYACHESLAV-LAPT" duration="00:00:00.0192133" startTime="2025-10-27T14:14:13.5640883-05:00" endTime="2025-10-27T14:14:13.5640891-05:00" testType="13cdc9d9-ddb5-4fa4-a97d-d965ccfc6d4b" outcome="Passed" testListId="8c84fa94-04c1-424b-9868-57a2d4851a1d" relativeResultsDirectory="0e95170b-bbb6-45e8-bc0f-dde882ee89ae" />
    <UnitTestResult executionId="39950d4d-ae34-4c3e-8ab4-574c3b7023af" testId="310d3b6e-e7a3-b738-d0e3-69bc91ed5fde" testName="CPR.IntegrationTests.ProjectsControllerIntegrationTests.CreateProjectRole_NonExistentProject_ReturnsNotFound" computerName="VYACHESLAV-LAPT" duration="00:00:00.0087372" startTime="2025-10-27T14:14:13.3209190-05:00" endTime="2025-10-27T14:14:13.3209193-05:00" testType="13cdc9d9-ddb5-4fa4-a97d-d965ccfc6d4b" outcome="Passed" testListId="8c84fa94-04c1-424b-9868-57a2d4851a1d" relativeResultsDirectory="39950d4d-ae34-4c3e-8ab4-574c3b7023af" />
    <UnitTestResult executionId="d3740882-cea4-4062-b208-504ff012f6d0" testId="2ec3fd7b-683f-f525-b770-36568f08090b" testName="CPR.IntegrationTests.TaxonomyControllerIntegrationTests.UpdatePosition_NonExistent_ReturnsBadRequest" computerName="VYACHESLAV-LAPT" duration="00:00:00.0076766" startTime="2025-10-27T14:14:14.2660668-05:00" endTime="2025-10-27T14:14:14.2660670-05:00" testType="13cdc9d9-ddb5-4fa4-a97d-d965ccfc6d4b" outcome="Passed" testListId="8c84fa94-04c1-424b-9868-57a2d4851a1d" relativeResultsDirectory="d3740882-cea4-4062-b208-504ff012f6d0" />
    <UnitTestResult executionId="18496f7d-4e5c-447f-b3e6-c9c6e9503b23" testId="5405f389-47ef-3c33-5720-a094af27d863" testName="CPR.IntegrationTests.ProjectsControllerIntegrationTests.DeleteProjectRole_AsEmployee_ReturnsForbidden" computerName="VYACHESLAV-LAPT" duration="00:00:00.0570227" startTime="2025-10-27T14:14:13.0533307-05:00" endTime="2025-10-27T14:14:13.0533311-05:00" testType="13cdc9d9-ddb5-4fa4-a97d-d965ccfc6d4b" outcome="Passed" testListId="8c84fa94-04c1-424b-9868-57a2d4851a1d" relativeResultsDirectory="18496f7d-4e5c-447f-b3e6-c9c6e9503b23" />
    <UnitTestResult executionId="d89ecb17-241b-4547-b41b-24510b6e6d33" testId="783a8abb-4545-7d9c-21df-01312ec63e11" testName="CPR.IntegrationTests.TaxonomyControllerIntegrationTests.DeleteSkill_WithoutAuth_ReturnsUnauthorized" computerName="VYACHESLAV-LAPT" duration="00:00:00.0019135" startTime="2025-10-27T14:14:13.9195124-05:00" endTime="2025-10-27T14:14:13.9195126-05:00" testType="13cdc9d9-ddb5-4fa4-a97d-d965ccfc6d4b" outcome="Passed" testListId="8c84fa94-04c1-424b-9868-57a2d4851a1d" relativeResultsDirectory="d89ecb17-241b-4547-b41b-24510b6e6d33" />
    <UnitTestResult executionId="1e231f35-7ab0-4bc7-82f9-dab368d3d55d" testId="c57b83d4-d72e-57d4-362f-7bcde5e24fd5" testName="CPR.IntegrationTests.AuthenticationIntegrationTests.GetMe_StubAuth_ExpiredToken_StillWorks" computerName="VYACHESLAV-LAPT" duration="00:00:00.0048553" startTime="2025-10-27T14:14:12.0199408-05:00" endTime="2025-10-27T14:14:12.0199410-05:00" testType="13cdc9d9-ddb5-4fa4-a97d-d965ccfc6d4b" outcome="Passed" testListId="8c84fa94-04c1-424b-9868-57a2d4851a1d" relativeResultsDirectory="1e231f35-7ab0-4bc7-82f9-dab368d3d55d" />
[...]
info: CPR.Api.Auth.JwtStubAuthenticationHandler[0]&#xD;
      JWT Stub Handler: Authentication successful for user: 679add6e-6c29-4e00-b6a5-b69c8e0f3445&#xD;
info: CPR.Api.Auth.RoleAuthorizationHandler[0]&#xD;
      Checking role authorization for user 679add6e-6c29-4e00-b6a5-b69c8e0f3445 requiring roles: Administrator&#xD;
info: CPR.Api.Auth.RoleAuthorizationHandler[0]&#xD;
      Authorization succeeded for user 679add6e-6c29-4e00-b6a5-b69c8e0f3445&#xD;
info: CPR.Api.Auth.JwtStubAuthenticationHandler[0]&#xD;
      JWT Stub Handler: Received token: e9741b9b-3c66-4462-af46-297810b29403.xIkib349eSVmZsNHjK8yItTSB0OqgTSkpibjkxYUCUw=&#xD;
info: CPR.Api.Auth.JwtStubAuthenticationHandler[0]&#xD;
      JWT Stub Handler: Parsed userId: e9741b9b-3c66-4462-af46-297810b29403, sig: xIkib349eSVmZsNHjK8yItTSB0OqgTSkpibjkxYUCUw=&#xD;
info: CPR.Api.Auth.JwtStubAuthenticationHandler[0]&#xD;
      JWT Stub Handler: Using signing key: test-key&#xD;
info: CPR.Api.Auth.JwtStubAuthenticationHandler[0]&#xD;
      JWT Stub Handler: Expected signature: xIkib349eSVmZsNHjK8yItTSB0OqgTSkpibjkxYUCUw=, Received: xIkib349eSVmZsNHjK8yItTSB0OqgTSkpibjkxYUCUw=&#xD;
info: CPR.Api.Auth.JwtStubAuthenticationHandler[0]&#xD;
      JWT Stub Handler: Authentication successful for user: e9741b9b-3c66-4462-af46-297810b29403&#xD;
info: CPR.Api.Auth.RoleAuthorizationHandler[0]&#xD;
      Checking role authorization for user e9741b9b-3c66-4462-af46-297810b29403 requiring roles: Administrator&#xD;
warn: CPR.Api.Auth.RoleAuthorizationHandler[0]&#xD;
      Authorization failed for user e9741b9b-3c66-4462-af46-297810b29403: Required roles not found. User roles: Employee&#xD;
info: CPR.Api.Auth.JwtStubAuthenticationHandler[13]&#xD;
      AuthenticationScheme: Stub was forbidden.&#xD;
info: CPR.Api.Auth.JwtStubAuthenticationHandler[0]&#xD;
      JWT Stub Handler: Received token: e9741b9b-3c66-4462-af46-297810b29403.xIkib349eSVmZsNHjK8yItTSB0OqgTSkpibjkxYUCUw=&#xD;
info: CPR.Api.Auth.JwtStubAuthenticationHandler[0]&#xD;
      JWT Stub Handler: Parsed userId: e9741b9b-3c66-4462-af46-297810b29403, sig: xIkib349eSVmZsNHjK8yItTSB0OqgTSkpibjkxYUCUw=&#xD;
info: CPR.Api.Auth.JwtStubAuthenticationHandler[0]&#xD;
      JWT Stub Handler: Using signing key: test-key&#xD;
info: CPR.Api.Auth.JwtStubAuthenticationHandler[0]&#xD;
      JWT Stub Handler: Expected signature: xIkib349eSVmZsNHjK8yItTSB0OqgTSkpibjkxYUCUw=, Received: xIkib349eSVmZsNHjK8yItTSB0OqgTSkpibjkxYUCUw=&#xD;
info: CPR.Api.Auth.JwtStubAuthenticationHandler[0]&#xD;
      JWT Stub Handler: Authentication successful for user: e9741b9b-3c66-4462-af46-297810b29403&#xD;
info: CPR.Api.Auth.RoleAuthorizationHandler[0]&#xD;
      Checking role authorization for user e9741b9b-3c66-4462-af46-297810b29403 requiring roles: Administrator&#xD;
warn: CPR.Api.Auth.RoleAuthorizationHandler[0]&#xD;
      Authorization failed for user e9741b9b-3c66-4462-af46-297810b29403: Required roles not found. User roles: Employee&#xD;
info: CPR.Api.Auth.JwtStubAuthenticationHandler[13]&#xD;
      AuthenticationScheme: Stub was forbidden.&#xD;
info: CPR.Api.Auth.JwtStubAuthenticationHandler[0]&#xD;
      JWT Stub Handler: Received token: 679add6e-6c29-4e00-b6a5-b69c8e0f3445.eybee7OfNhm6RpX4X94PPexK9IUfxZ1xihSzmw6EWas=&#xD;
info: CPR.Api.Auth.JwtStubAuthenticationHandler[0]&#xD;
      JWT Stub Handler: Parsed userId: 679add6e-6c29-4e00-b6a5-b69c8e0f3445, sig: eybee7OfNhm6RpX4X94PPexK9IUfxZ1xihSzmw6EWas=&#xD;
info: CPR.Api.Auth.JwtStubAuthenticationHandler[0]&#xD;
      JWT Stub Handler: Using signing key: test-key&#xD;
info: CPR.Api.Auth.JwtStubAuthenticationHandler[0]&#xD;
      JWT Stub Handler: Expected signature: eybee7OfNhm6RpX4X94PPexK9IUfxZ1xihSzmw6EWas=, Received: eybee7OfNhm6RpX4X94PPexK9IUfxZ1xihSzmw6EWas=&#xD;
info: CPR.Api.Auth.JwtStubAuthenticationHandler[0]&#xD;
      JWT Stub Handler: Authentication successful for user: 679add6e-6c29-4e00-b6a5-b69c8e0f3445&#xD;
info: CPR.Api.Auth.RoleAuthorizationHandler[0]&#xD;
      Checking role authorization for user 679add6e-6c29-4e00-b6a5-b69c8e0f3445 requiring roles: Administrator&#xD;
info: CPR.Api.Auth.RoleAuthorizationHandler[0]&#xD;
      Authorization succeeded for user 679add6e-6c29-4e00-b6a5-b69c8e0f3445&#xD;
info: CPR.Api.Auth.JwtStubAuthenticationHandler[0]&#xD;
      JWT Stub Handler: Received token: 679add6e-6c29-4e00-b6a5-b69c8e0f3445.eybee7OfNhm6RpX4X94PPexK9IUfxZ1xihSzmw6EWas=&#xD;
info: CPR.Api.Auth.JwtStubAuthenticationHandler[0]&#xD;
      JWT Stub Handler: Parsed userId: 679add6e-6c29-4e00-b6a5-b69c8e0f3445, sig: eybee7OfNhm6RpX4X94PPexK9IUfxZ1xihSzmw6EWas=&#xD;
info: CPR.Api.Auth.JwtStubAuthenticationHandler[0]&#xD;
      JWT Stub Handler: Using signing key: test-key&#xD;
info: CPR.Api.Auth.JwtStubAuthenticationHandler[0]&#xD;
      JWT Stub Handler: Expected signature: eybee7OfNhm6RpX4X94PPexK9IUfxZ1xihSzmw6EWas=, Received: eybee7OfNhm6RpX4X94PPexK9IUfxZ1xihSzmw6EWas=&#xD;
info: CPR.Api.Auth.JwtStubAuthenticationHandler[0]&#xD;
      JWT Stub Handler: Authentication successful for user: 679add6e-6c29-4e00-b6a5-b69c8e0f3445&#xD;
info: CPR.Api.Auth.RoleAuthorizationHandler[0]&#xD;
      Checking role authorization for user 679add6e-6c29-4e00-b6a5-b69c8e0f3445 requiring roles: Administrator&#xD;
info: CPR.Api.Auth.RoleAuthorizationHandler[0]&#xD;
      Authorization succeeded for user 679add6e-6c29-4e00-b6a5-b69c8e0f3445&#xD;
info: CPR.Api.Auth.JwtStubAuthenticationHandler[0]&#xD;
      JWT Stub Handler: Received token: 679add6e-6c29-4e00-b6a5-b69c8e0f3445.eybee7OfNhm6RpX4X94PPexK9IUfxZ1xihSzmw6EWas=&#xD;
info: CPR.Api.Auth.JwtStubAuthenticationHandler[0]&#xD;
      JWT Stub Handler: Parsed userId: 679add6e-6c29-4e00-b6a5-b69c8e0f3445, sig: eybee7OfNhm6RpX4X94PPexK9IUfxZ1xihSzmw6EWas=&#xD;
info: CPR.Api.Auth.JwtStubAuthenticationHandler[0]&#xD;
      JWT Stub Handler: Using signing key: test-key&#xD;
info: CPR.Api.Auth.JwtStubAuthenticationHandler[0]&#xD;
      JWT Stub Handler: Expected signature: eybee7OfNhm6RpX4X94PPexK9IUfxZ1xihSzmw6EWas=, Received: eybee7OfNhm6RpX4X94PPexK9IUfxZ1xihSzmw6EWas=&#xD;
info: CPR.Api.Auth.JwtStubAuthenticationHandler[0]&#xD;
      JWT Stub Handler: Authentication successful for user: 679add6e-6c29-4e00-b6a5-b69c8e0f3445&#xD;
info: CPR.Api.Auth.RoleAuthorizationHandler[0]&#xD;
      Checking role authorization for user 679add6e-6c29-4e00-b6a5-b69c8e0f3445 requiring roles: Administrator&#xD;
info: CPR.Api.Auth.RoleAuthorizationHandler[0]&#xD;
      Authorization succeeded for user 679add6e-6c29-4e00-b6a5-b69c8e0f3445&#xD;
info: CPR.Api.Auth.JwtStubAuthenticationHandler[0]&#xD;
      JWT Stub Handler: Received token: 679add6e-6c29-4e00-b6a5-b69c8e0f3445.eybee7OfNhm6RpX4X94PPexK9IUfxZ1xihSzmw6EWas=&#xD;
info: CPR.Api.Auth.JwtStubAuthenticationHandler[0]&#xD;
      JWT Stub Handler: Parsed userId: 679add6e-6c29-4e00-b6a5-b69c8e0f3445, sig: eybee7OfNhm6RpX4X94PPexK9IUfxZ1xihSzmw6EWas=&#xD;
info: CPR.Api.Auth.JwtStubAuthenticationHandler[0]&#xD;
      JWT Stub Handler: Using signing key: test-key&#xD;
info: CPR.Api.Auth.JwtStubAuthenticationHandler[0]&#xD;
      JWT Stub Handler: Expected signature: eybee7OfNhm6RpX4X94PPexK9IUfxZ1xihSzmw6EWas=, Received: eybee7OfNhm6RpX4X94PPexK9IUfxZ1xihSzmw6EWas=&#xD;
info: CPR.Api.Auth.JwtStubAuthenticationHandler[0]&#xD;
      JWT Stub Handler: Authentication successful for user: 679add6e-6c29-4e00-b6a5-b69c8e0f3445&#xD;
info: CPR.Api.Auth.RoleAuthorizationHandler[0]&#xD;
      Checking role authorization for user 679add6e-6c29-4e00-b6a5-b69c8e0f3445 requiring roles: Administrator&#xD;
info: CPR.Api.Auth.RoleAuthorizationHandler[0]&#xD;
      Authorization succeeded for user 679add6e-6c29-4e00-b6a5-b69c8e0f3445&#xD;
info: CPR.Api.Auth.JwtStubAuthenticationHandler[0]&#xD;
      JWT Stub Handler: Received token: e9741b9b-3c66-4462-af46-297810b29403.xIkib349eSVmZsNHjK8yItTSB0OqgTSkpibjkxYUCUw=&#xD;
info: CPR.Api.Auth.JwtStubAuthenticationHandler[0]&#xD;
      JWT Stub Handler: Parsed userId: e9741b9b-3c66-4462-af46-297810b29403, sig: xIkib349eSVmZsNHjK8yItTSB0OqgTSkpibjkxYUCUw=&#xD;
info: CPR.Api.Auth.JwtStubAuthenticationHandler[0]&#xD;
      JWT Stub Handler: Using signing key: test-key&#xD;
info: CPR.Api.Auth.JwtStubAuthenticationHandler[0]&#xD;
      JWT Stub Handler: Expected signature: xIkib349eSVmZsNHjK8yItTSB0OqgTSkpibjkxYUCUw=, Received: xIkib349eSVmZsNHjK8yItTSB0OqgTSkpibjkxYUCUw=&#xD;
info: CPR.Api.Auth.JwtStubAuthenticationHandler[0]&#xD;
      JWT Stub Handler: Authentication successful for user: e9741b9b-3c66-4462-af46-297810b29403&#xD;
info: CPR.Api.Auth.RoleAuthorizationHandler[0]&#xD;
      Checking role authorization for user e9741b9b-3c66-4462-af46-297810b29403 requiring roles: Administrator&#xD;
warn: CPR.Api.Auth.RoleAuthorizationHandler[0]&#xD;
      Authorization failed for user e9741b9b-3c66-4462-af46-297810b29403: Required roles not found. User roles: Employee&#xD;
info: CPR.Api.Auth.JwtStubAuthenticationHandler[13]&#xD;
      AuthenticationScheme: Stub was forbidden.&#xD;
info: CPR.Api.Auth.JwtStubAuthenticationHandler[0]&#xD;
      JWT Stub Handler: Received token: 679add6e-6c29-4e00-b6a5-b69c8e0f3445.eybee7OfNhm6RpX4X94PPexK9IUfxZ1xihSzmw6EWas=&#xD;
info: CPR.Api.Auth.JwtStubAuthenticationHandler[0]&#xD;
      JWT Stub Handler: Parsed userId: 679add6e-6c29-4e00-b6a5-b69c8e0f3445, sig: eybee7OfNhm6RpX4X94PPexK9IUfxZ1xihSzmw6EWas=&#xD;
info: CPR.Api.Auth.JwtStubAuthenticationHandler[0]&#xD;
      JWT Stub Handler: Using signing key: test-key&#xD;
info: CPR.Api.Auth.JwtStubAuthenticationHandler[0]&#xD;
      JWT Stub Handler: Expected signature: eybee7OfNhm6RpX4X94PPexK9IUfxZ1xihSzmw6EWas=, Received: eybee7OfNhm6RpX4X94PPexK9IUfxZ1xihSzmw6EWas=&#xD;
info: CPR.Api.Auth.JwtStubAuthenticationHandler[0]&#xD;
      JWT Stub Handler: Authentication successful for user: 679add6e-6c29-4e00-b6a5-b69c8e0f3445&#xD;
info: CPR.Api.Auth.RoleAuthorizationHandler[0]&#xD;
      Checking role authorization for user 679add6e-6c29-4e00-b6a5-b69c8e0f3445 requiring roles: Administrator&#xD;
info: CPR.Api.Auth.RoleAuthorizationHandler[0]&#xD;
      Authorization succeeded for user 679add6e-6c29-4e00-b6a5-b69c8e0f3445&#xD;
info: CPR.Api.Auth.JwtStubAuthenticationHandler[0]&#xD;
      JWT Stub Handler: Received token: 679add6e-6c29-4e00-b6a5-b69c8e0f3445.eybee7OfNhm6RpX4X94PPexK9IUfxZ1xihSzmw6EWas=&#xD;
info: CPR.Api.Auth.JwtStubAuthenticationHandler[0]&#xD;
      JWT Stub Handler: Parsed userId: 679add6e-6c29-4e00-b6a5-b69c8e0f3445, sig: eybee7OfNhm6RpX4X94PPexK9IUfxZ1xihSzmw6EWas=&#xD;
info: CPR.Api.Auth.JwtStubAuthenticationHandler[0]&#xD;
      JWT Stub Handler: Using signing key: test-key&#xD;
info: CPR.Api.Auth.JwtStubAuthenticationHandler[0]&#xD;
      JWT Stub Handler: Expected signature: eybee7OfNhm6RpX4X94PPexK9IUfxZ1xihSzmw6EWas=, Received: eybee7OfNhm6RpX4X94PPexK9IUfxZ1xihSzmw6EWas=&#xD;
info: CPR.Api.Auth.JwtStubAuthenticationHandler[0]&#xD;
      JWT Stub Handler: Authentication successful for user: 679add6e-6c29-4e00-b6a5-b69c8e0f3445&#xD;
info: CPR.Api.Auth.RoleAuthorizationHandler[0]&#xD;
      Checking role authorization for user 679add6e-6c29-4e00-b6a5-b69c8e0f3445 requiring roles: Administrator&#xD;
info: CPR.Api.Auth.RoleAuthorizationHandler[0]&#xD;
      Authorization succeeded for user 679add6e-6c29-4e00-b6a5-b69c8e0f3445&#xD;
warn: CPR.Api.Auth.RoleAuthorizationHandler[0]&#xD;
      Authorization failed: Entra External ID ('oid') claim not found&#xD;
info: CPR.Api.Auth.JwtStubAuthenticationHandler[12]&#xD;
      AuthenticationScheme: Stub was challenged.&#xD;
warn: CPR.Api.Auth.RoleAuthorizationHandler[0]&#xD;
      Authorization failed: Entra External ID ('oid') claim not found&#xD;
info: CPR.Api.Auth.JwtStubAuthenticationHandler[12]&#xD;
      AuthenticationScheme: Stub was challenged.&#xD;
warn: CPR.Api.Auth.RoleAuthorizationHandler[0]&#xD;
      Authorization failed: Entra External ID ('oid') claim not found&#xD;
info: CPR.Api.Auth.JwtStubAuthenticationHandler[12]&#xD;
      AuthenticationScheme: Stub was challenged.&#xD;
warn: CPR.Api.Auth.RoleAuthorizationHandler[0]&#xD;
      Authorization failed: Entra External ID ('oid') claim not found&#xD;
info: CPR.Api.Auth.JwtStubAuthenticationHandler[12]&#xD;
      AuthenticationScheme: Stub was challenged.&#xD;
info: CPR.Api.Auth.JwtStubAuthenticationHandler[0]&#xD;
      JWT Stub Handler: Received token: e9741b9b-3c66-4462-af46-297810b29403.xIkib349eSVmZsNHjK8yItTSB0OqgTSkpibjkxYUCUw=&#xD;
info: CPR.Api.Auth.JwtStubAuthenticationHandler[0]&#xD;
      JWT Stub Handler: Parsed userId: e9741b9b-3c66-4462-af46-297810b29403, sig: xIkib349eSVmZsNHjK8yItTSB0OqgTSkpibjkxYUCUw=&#xD;
info: CPR.Api.Auth.JwtStubAuthenticationHandler[0]&#xD;
      JWT Stub Handler: Using signing key: test-key&#xD;
info: CPR.Api.Auth.JwtStubAuthenticationHandler[0]&#xD;
      JWT Stub Handler: Expected signature: xIkib349eSVmZsNHjK8yItTSB0OqgTSkpibjkxYUCUw=, Received: xIkib349eSVmZsNHjK8yItTSB0OqgTSkpibjkxYUCUw=&#xD;
info: CPR.Api.Auth.JwtStubAuthenticationHandler[0]&#xD;
      JWT Stub Handler: Authentication successful for user: e9741b9b-3c66-4462-af46-297810b29403&#xD;
info: CPR.Api.Auth.RoleAuthorizationHandler[0]&#xD;
      Checking role authorization for user e9741b9b-3c66-4462-af46-297810b29403 requiring roles: Administrator&#xD;
warn: CPR.Api.Auth.RoleAuthorizationHandler[0]&#xD;
      Authorization failed for user e9741b9b-3c66-4462-af46-297810b29403: Required roles not found. User roles: Employee&#xD;
info: CPR.Api.Auth.JwtStubAuthenticationHandler[13]&#xD;
      AuthenticationScheme: Stub was forbidden.&#xD;
DatabaseCleanupFixture: Constructor called&#xD;
DatabaseCleanupFixture: POSTGRES_HOST=localhost&#xD;
DatabaseCleanupFixture: POSTGRES_PORT=5433&#xD;
DatabaseCleanupFixture: POSTGRES_DB=cpr_test&#xD;
DatabaseCleanupFixture: InitializeAsync starting&#xD;
DatabaseCleanupFixture: Global setup already completed (skipping)&#xD;
DatabaseCleanupFixture: Built connection string: Host=localhost;Port=5433;Database=cpr_test;Username=postgres;Password=postgres&#xD;
DEBUG: Authentication mode from configuration: 'Stub'&#xD;
DEBUG: AzureAd:TenantId: ''&#xD;
warn: CPR.Api.Auth.RoleAuthorizationHandler[0]&#xD;
      Authorization failed: Entra External ID ('oid') claim not found&#xD;
info: CPR.Api.Auth.JwtStubAuthenticationHandler[12]&#xD;
      AuthenticationScheme: Stub was challenged.&#xD;
warn: CPR.Api.Auth.RoleAuthorizationHandler[0]&#xD;
      Authorization failed: Entra External ID ('oid') claim not found&#xD;
info: CPR.Api.Auth.JwtStubAuthenticationHandler[12]&#xD;
      AuthenticationScheme: Stub was challenged.&#xD;
info: CPR.Api.Auth.JwtStubAuthenticationHandler[0]&#xD;
      JWT Stub Handler: Received token: aaaaaaaa-aaaa-aaaa-aaaa-aaaaaaaaaaaa.E54m/0rZ/xKGb8DqmOYokC/xiERusbsBmeUtcZzo3v4=&#xD;
info: CPR.Api.Auth.JwtStubAuthenticationHandler[0]&#xD;
      JWT Stub Handler: Parsed userId: aaaaaaaa-aaaa-aaaa-aaaa-aaaaaaaaaaaa, sig: E54m/0rZ/xKGb8DqmOYokC/xiERusbsBmeUtcZzo3v4=&#xD;
info: CPR.Api.Auth.JwtStubAuthenticationHandler[0]&#xD;
      JWT Stub Handler: Using signing key: test-key&#xD;
info: CPR.Api.Auth.JwtStubAuthenticationHandler[0]&#xD;
      JWT Stub Handler: Expected signature: E54m/0rZ/xKGb8DqmOYokC/xiERusbsBmeUtcZzo3v4=, Received: E54m/0rZ/xKGb8DqmOYokC/xiERusbsBmeUtcZzo3v4=&#xD;
info: CPR.Api.Auth.JwtStubAuthenticationHandler[0]&#xD;
      JWT Stub Handler: Authentication successful for user: aaaaaaaa-aaaa-aaaa-aaaa-aaaaaaaaaaaa&#xD;
info: CPR.Api.Auth.RoleAuthorizationHandler[0]&#xD;
      Checking role authorization for user aaaaaaaa-aaaa-aaaa-aaaa-aaaaaaaaaaaa requiring roles: People Manager, Solution Owner, Director, Administrator&#xD;
info: CPR.Api.Auth.RoleAuthorizationHandler[0]&#xD;
      Authorization succeeded for user aaaaaaaa-aaaa-aaaa-aaaa-aaaaaaaaaaaa&#xD;
info: CPR.Api.Auth.JwtStubAuthenticationHandler[0]&#xD;
      JWT Stub Handler: Received token: aaaaaaaa-aaaa-aaaa-aaaa-aaaaaaaaaaaa.E54m/0rZ/xKGb8DqmOYokC/xiERusbsBmeUtcZzo3v4=&#xD;
info: CPR.Api.Auth.JwtStubAuthenticationHandler[0]&#xD;
      JWT Stub Handler: Parsed userId: aaaaaaaa-aaaa-aaaa-aaaa-aaaaaaaaaaaa, sig: E54m/0rZ/xKGb8DqmOYokC/xiERusbsBmeUtcZzo3v4=&#xD;
info: CPR.Api.Auth.JwtStubAuthenticationHandler[0]&#xD;
      JWT Stub Handler: Using signing key: test-key&#xD;
info: CPR.Api.Auth.JwtStubAuthenticationHandler[0]&#xD;
      JWT Stub Handler: Expected signature: E54m/0rZ/xKGb8DqmOYokC/xiERusbsBmeUtcZzo3v4=, Received: E54m/0rZ/xKGb8DqmOYokC/xiERusbsBmeUtcZzo3v4=&#xD;
info: CPR.Api.Auth.JwtStubAuthenticationHandler[0]&#xD;
      JWT Stub Handler: Authentication successful for user: aaaaaaaa-aaaa-aaaa-aaaa-aaaaaaaaaaaa&#xD;
info: CPR.Api.Auth.RoleAuthorizationHandler[0]&#xD;
      Checking role authorization for user aaaaaaaa-aaaa-aaaa-aaaa-aaaaaaaaaaaa requiring roles: People Manager, Solution Owner, Director, Administrator&#xD;
info: CPR.Api.Auth.RoleAuthorizationHandler[0]&#xD;
      Authorization succeeded for user aaaaaaaa-aaaa-aaaa-aaaa-aaaaaaaaaaaa&#xD;
info: CPR.Api.Auth.JwtStubAuthenticationHandler[0]&#xD;
      JWT Stub Handler: Received token: aaaaaaaa-aaaa-aaaa-aaaa-aaaaaaaaaaaa.E54m/0rZ/xKGb8DqmOYokC/xiERusbsBmeUtcZzo3v4=&#xD;
info: CPR.Api.Auth.JwtStubAuthenticationHandler[0]&#xD;
      JWT Stub Handler: Parsed userId: aaaaaaaa-aaaa-aaaa-aaaa-aaaaaaaaaaaa, sig: E54m/0rZ/xKGb8DqmOYokC/xiERusbsBmeUtcZzo3v4=&#xD;
info: CPR.Api.Auth.JwtStubAuthenticationHandler[0]&#xD;
      JWT Stub Handler: Using signing key: test-key&#xD;
info: CPR.Api.Auth.JwtStubAuthenticationHandler[0]&#xD;
      JWT Stub Handler: Expected signature: E54m/0rZ/xKGb8DqmOYokC/xiERusbsBmeUtcZzo3v4=, Received: E54m/0rZ/xKGb8DqmOYokC/xiERusbsBmeUtcZzo3v4=&#xD;
info: CPR.Api.Auth.JwtStubAuthenticationHandler[0]&#xD;
      JWT Stub Handler: Authentication successful for user: aaaaaaaa-aaaa-aaaa-aaaa-aaaaaaaaaaaa&#xD;
info: CPR.Api.Auth.RoleAuthorizationHandler[0]&#xD;
      Checking role authorization for user aaaaaaaa-aaaa-aaaa-aaaa-aaaaaaaaaaaa requiring roles: People Manager, Solution Owner, Director, Administrator&#xD;
info: CPR.Api.Auth.RoleAuthorizationHandler[0]&#xD;
      Authorization succeeded for user aaaaaaaa-aaaa-aaaa-aaaa-aaaaaaaaaaaa&#xD;
warn: CPR.Api.Auth.RoleAuthorizationHandler[0]&#xD;
      Authorization failed: Entra External ID ('oid') claim not found&#xD;
info: CPR.Api.Auth.JwtStubAuthenticationHandler[12]&#xD;
      AuthenticationScheme: Stub was challenged.&#xD;
DatabaseCleanupFixture: Constructor called&#xD;
DatabaseCleanupFixture: POSTGRES_HOST=localhost&#xD;
DatabaseCleanupFixture: POSTGRES_PORT=5433&#xD;
DatabaseCleanupFixture: POSTGRES_DB=cpr_test&#xD;
DatabaseCleanupFixture: InitializeAsync starting&#xD;
DatabaseCleanupFixture: Global setup already completed (skipping)&#xD;
DatabaseCleanupFixture: Built connection string: Host=localhost;Port=5433;Database=cpr_test;Username=postgres;Password=postgres&#xD;
DEBUG: Authentication mode from configuration: 'Stub'&#xD;
DEBUG: AzureAd:TenantId: ''&#xD;
info: CPR.Api.Auth.JwtStubAuthenticationHandler[0]&#xD;
      JWT Stub Handler: Received token: 679add6e-6c29-4e00-b6a5-b69c8e0f3445.eybee7OfNhm6RpX4X94PPexK9IUfxZ1xihSzmw6EWas=&#xD;
info: CPR.Api.Auth.JwtStubAuthenticationHandler[0]&#xD;
      JWT Stub Handler: Parsed userId: 679add6e-6c29-4e00-b6a5-b69c8e0f3445, sig: eybee7OfNhm6RpX4X94PPexK9IUfxZ1xihSzmw6EWas=&#xD;
info: CPR.Api.Auth.JwtStubAuthenticationHandler[0]&#xD;
      JWT Stub Handler: Using signing key: test-key&#xD;
info: CPR.Api.Auth.JwtStubAuthenticationHandler[0]&#xD;
      JWT Stub Handler: Expected signature: eybee7OfNhm6RpX4X94PPexK9IUfxZ1xihSzmw6EWas=, Received: eybee7OfNhm6RpX4X94PPexK9IUfxZ1xihSzmw6EWas=&#xD;
info: CPR.Api.Auth.JwtStubAuthenticationHandler[0]&#xD;
      JWT Stub Handler: Authentication successful for user: 679add6e-6c29-4e00-b6a5-b69c8e0f3445&#xD;
[xUnit.net 00:00:06.67]   Finished:    CPR.IntegrationTests&#xD;
</StdOut>
    </Output>
  </ResultSummary>
</TestRun>