<?xml version="1.0" encoding="utf-8"?>
<TestRun id="82a87faa-7f86-4620-a23a-9afcd9441fb6" name="vyach@VYACHESLAV-LAPT 2025-09-15 10:08:26" runUser="VYACHESLAV-LAPT\vyach" xmlns="http://microsoft.com/schemas/VisualStudio/TeamTest/2010">
  <Times creation="2025-09-15T10:08:26.0296961-05:00" queuing="2025-09-15T10:08:26.0296975-05:00" start="2025-09-15T10:08:24.5992157-05:00" finish="2025-09-15T10:08:26.8873937-05:00" />
  <TestSettings name="default" id="5c213edb-e91e-4d45-9409-91842262f82c">
    <Deployment runDeploymentRoot="vyach_VYACHESLAV-LAPT_2025-09-15_10_08_26" />
  </TestSettings>
  <Results>
    <UnitTestResult executionId="75a01f98-2ee4-4bf3-a877-4cc4ae22da18" testId="b7ab4903-16a4-74d8-3a22-0ac9ee637cee" testName="CPR.IntegrationTests.GoalsControllerTaskPatchTests.PatchTask_CanUpdateFields_AndToggleCompletion" computerName="VYACHESLAV-LAPT" duration="00:00:01.3357272" startTime="2025-09-15T10:08:26.7917270-05:00" endTime="2025-09-15T10:08:26.7917272-05:00" testType="13cdc9d9-ddb5-4fa4-a97d-d965ccfc6d4b" outcome="Passed" testListId="8c84fa94-04c1-424b-9868-57a2d4851a1d" relativeResultsDirectory="75a01f98-2ee4-4bf3-a877-4cc4ae22da18" />
    <UnitTestResult executionId="7e86d582-b4ec-40ce-977f-05bf44ba49eb" testId="fe1ed513-1250-e1d2-25f2-fcc8fda41b69" testName="CPR.IntegrationTests.UserAndGoalPersistenceTests.CanCreateUserAndGoal" computerName="VYACHESLAV-LAPT" duration="00:00:01.2115308" startTime="2025-09-15T10:08:26.6676041-05:00" endTime="2025-09-15T10:08:26.6676041-05:00" testType="13cdc9d9-ddb5-4fa4-a97d-d965ccfc6d4b" outcome="Passed" testListId="8c84fa94-04c1-424b-9868-57a2d4851a1d" relativeResultsDirectory="7e86d582-b4ec-40ce-977f-05bf44ba49eb" />
    <UnitTestResult executionId="3e5cbf25-0811-409d-bf32-002a777d962a" testId="ec30c8e4-bc80-d5a0-5ef6-d16f2e641071" testName="CPR.IntegrationTests.TaxonomyIntegrationTests.GetPositions_ReturnsPositions_WithExpectations" computerName="VYACHESLAV-LAPT" duration="00:00:00.1395615" startTime="2025-09-15T10:08:26.7335829-05:00" endTime="2025-09-15T10:08:26.7335830-05:00" testType="13cdc9d9-ddb5-4fa4-a97d-d965ccfc6d4b" outcome="Passed" testListId="8c84fa94-04c1-424b-9868-57a2d4851a1d" relativeResultsDirectory="3e5cbf25-0811-409d-bf32-002a777d962a" />
    <UnitTestResult executionId="8868d27c-ba27-4730-9ac4-f69deb82a4ff" testId="fe1dd90f-597a-889d-a6df-6fac4049ab48" testName="CPR.IntegrationTests.SampleIntegrationTest.CanRun" computerName="VYACHESLAV-LAPT" duration="00:00:00.0107471" startTime="2025-09-15T10:08:25.4705578-05:00" endTime="2025-09-15T10:08:25.4705719-05:00" testType="13cdc9d9-ddb5-4fa4-a97d-d965ccfc6d4b" outcome="Passed" testListId="8c84fa94-04c1-424b-9868-57a2d4851a1d" relativeResultsDirectory="8868d27c-ba27-4730-9ac4-f69deb82a4ff" />
    <UnitTestResult executionId="e3e48e85-2391-41b1-920d-a28926ef722c" testId="e4b2dd15-4372-2a2d-c7d0-a9a8b1188955" testName="CPR.IntegrationTests.GoalsControllerTaskNegativeTests.PatchTask_ByDifferentEmployee_ReturnsForbidden" computerName="VYACHESLAV-LAPT" duration="00:00:01.3200815" startTime="2025-09-15T10:08:26.7761878-05:00" endTime="2025-09-15T10:08:26.7761880-05:00" testType="13cdc9d9-ddb5-4fa4-a97d-d965ccfc6d4b" outcome="Passed" testListId="8c84fa94-04c1-424b-9868-57a2d4851a1d" relativeResultsDirectory="e3e48e85-2391-41b1-920d-a28926ef722c" />
    <UnitTestResult executionId="048505db-7b46-4d91-92b7-456dc6dd4101" testId="118dc1b6-e4bc-8cc6-c1dc-1bb6663f62b3" testName="CPR.IntegrationTests.GoalsControllerValidationTests.Post_TitleTooLong_Returns400" computerName="VYACHESLAV-LAPT" duration="00:00:00.5049307" startTime="2025-09-15T10:08:25.9612131-05:00" endTime="2025-09-15T10:08:25.9612139-05:00" testType="13cdc9d9-ddb5-4fa4-a97d-d965ccfc6d4b" outcome="Passed" testListId="8c84fa94-04c1-424b-9868-57a2d4851a1d" relativeResultsDirectory="048505db-7b46-4d91-92b7-456dc6dd4101" />
    <UnitTestResult executionId="6d496942-d45f-48a0-867c-1f7144ab14bf" testId="2678044f-e88e-7cf9-5d3d-95d098e990b8" testName="CPR.IntegrationTests.GoalsControllerTaskNegativeTests.PatchTask_WithoutAuth_ReturnsUnauthorized" computerName="VYACHESLAV-LAPT" duration="00:00:00.0036950" startTime="2025-09-15T10:08:26.7800923-05:00" endTime="2025-09-15T10:08:26.7800925-05:00" testType="13cdc9d9-ddb5-4fa4-a97d-d965ccfc6d4b" outcome="Passed" testListId="8c84fa94-04c1-424b-9868-57a2d4851a1d" relativeResultsDirectory="6d496942-d45f-48a0-867c-1f7144ab14bf" />
    <UnitTestResult executionId="5f9d7837-b568-4a6f-a64d-9ea025b20515" testId="4db065df-e165-6201-98ef-ce56445e3caf" testName="CPR.IntegrationTests.MeControllerTests.GetMe_WithValidToken_ReturnsOk" computerName="VYACHESLAV-LAPT" duration="00:00:00.4737072" startTime="2025-09-15T10:08:25.9298959-05:00" endTime="2025-09-15T10:08:25.9298962-05:00" testType="13cdc9d9-ddb5-4fa4-a97d-d965ccfc6d4b" outcome="Passed" testListId="8c84fa94-04c1-424b-9868-57a2d4851a1d" relativeResultsDirectory="5f9d7837-b568-4a6f-a64d-9ea025b20515" />
    <UnitTestResult executionId="fd9fdc0d-72ee-4860-b8d7-25baa6f54779" testId="26431ebd-3025-6724-dd53-ba31e6fe705d" testName="CPR.IntegrationTests.GoalsControllerValidationTests.Post_InvalidDeadlineFormat_Returns400" computerName="VYACHESLAV-LAPT" duration="00:00:00.0422210" startTime="2025-09-15T10:08:26.0133168-05:00" endTime="2025-09-15T10:08:26.0133169-05:00" testType="13cdc9d9-ddb5-4fa4-a97d-d965ccfc6d4b" outcome="Passed" testListId="8c84fa94-04c1-424b-9868-57a2d4851a1d" relativeResultsDirectory="fd9fdc0d-72ee-4860-b8d7-25baa6f54779" />
    <UnitTestResult executionId="ee096466-a6e0-4612-9995-b56e342ea3e9" testId="8cc60949-5900-f178-8413-70dafcf5b45b" testName="CPR.IntegrationTests.TokenGeneratorSmokeTests.TokenGenerator_E2E_ReturnsUserProfile" computerName="VYACHESLAV-LAPT" duration="00:00:00.4793115" startTime="2025-09-15T10:08:25.9354280-05:00" endTime="2025-09-15T10:08:25.9354281-05:00" testType="13cdc9d9-ddb5-4fa4-a97d-d965ccfc6d4b" outcome="Passed" testListId="8c84fa94-04c1-424b-9868-57a2d4851a1d" relativeResultsDirectory="ee096466-a6e0-4612-9995-b56e342ea3e9" />
    <UnitTestResult executionId="b9933274-51ec-48cd-bb68-dfe753c6b46e" testId="cde1cb49-9afd-cbe3-e0aa-544cbd426dd6" testName="CPR.IntegrationTests.GoalsControllerValidationTests.Post_DescriptionTooLong_Returns400" computerName="VYACHESLAV-LAPT" duration="00:00:00.0059940" startTime="2025-09-15T10:08:25.9673700-05:00" endTime="2025-09-15T10:08:25.9673702-05:00" testType="13cdc9d9-ddb5-4fa4-a97d-d965ccfc6d4b" outcome="Passed" testListId="8c84fa94-04c1-424b-9868-57a2d4851a1d" relativeResultsDirectory="b9933274-51ec-48cd-bb68-dfe753c6b46e" />
    <UnitTestResult executionId="6c6722e4-af69-4709-b7be-2bc9f6a3cd8d" testId="1c532ac5-0e98-3361-8be2-8f11dd32f43f" testName="CPR.IntegrationTests.ValidationTests.Post_InvalidEmployeeId_Returns400" computerName="VYACHESLAV-LAPT" duration="00:00:00.5127156" startTime="2025-09-15T10:08:25.9675315-05:00" endTime="2025-09-15T10:08:25.9675316-05:00" testType="13cdc9d9-ddb5-4fa4-a97d-d965ccfc6d4b" outcome="Passed" testListId="8c84fa94-04c1-424b-9868-57a2d4851a1d" relativeResultsDirectory="6c6722e4-af69-4709-b7be-2bc9f6a3cd8d" />
    <UnitTestResult executionId="bf28bda9-2b4f-4889-8d36-a76977693df5" testId="532ad4e5-578d-5d5e-389f-e29ae44a8370" testName="CPR.IntegrationTests.GoalPersistenceTests.CanCreateAndReadGoal" computerName="VYACHESLAV-LAPT" duration="00:00:01.1677311" startTime="2025-09-15T10:08:26.6237859-05:00" endTime="2025-09-15T10:08:26.6237861-05:00" testType="13cdc9d9-ddb5-4fa4-a97d-d965ccfc6d4b" outcome="Passed" testListId="8c84fa94-04c1-424b-9868-57a2d4851a1d" relativeResultsDirectory="bf28bda9-2b4f-4889-8d36-a76977693df5" />
    <UnitTestResult executionId="c67d7be7-bdd4-43fc-a8cb-c36147b35381" testId="85d209c8-7a00-f15b-c7e0-4a9fee788f63" testName="CPR.IntegrationTests.TaxonomyIntegrationTests.GetCareer_ReturnsSeededPaths" computerName="VYACHESLAV-LAPT" duration="00:00:01.1377615" startTime="2025-09-15T10:08:26.5938591-05:00" endTime="2025-09-15T10:08:26.5938594-05:00" testType="13cdc9d9-ddb5-4fa4-a97d-d965ccfc6d4b" outcome="Passed" testListId="8c84fa94-04c1-424b-9868-57a2d4851a1d" relativeResultsDirectory="c67d7be7-bdd4-43fc-a8cb-c36147b35381" />
    <UnitTestResult executionId="f32811a7-dfc7-446e-b484-1eb1d74ca262" testId="d05bc568-58a5-4262-725d-6c0b439220ce" testName="CPR.IntegrationTests.MigrationSmokeTests.MigrationsHistory_Contains_AddSeedData" computerName="VYACHESLAV-LAPT" duration="00:00:01.0457285" startTime="2025-09-15T10:08:26.5019375-05:00" endTime="2025-09-15T10:08:26.5019380-05:00" testType="13cdc9d9-ddb5-4fa4-a97d-d965ccfc6d4b" outcome="Passed" testListId="8c84fa94-04c1-424b-9868-57a2d4851a1d" relativeResultsDirectory="f32811a7-dfc7-446e-b484-1eb1d74ca262" />
    <UnitTestResult executionId="d1291e65-3085-452f-a3ff-8e69bcc43750" testId="a1fd9541-019c-7fa9-40e5-f5aac0577d44" testName="CPR.IntegrationTests.ValidationTests.Post_InvalidVisibility_Returns400" computerName="VYACHESLAV-LAPT" duration="00:00:00.0045825" startTime="2025-09-15T10:08:26.0132429-05:00" endTime="2025-09-15T10:08:26.0132429-05:00" testType="13cdc9d9-ddb5-4fa4-a97d-d965ccfc6d4b" outcome="Passed" testListId="8c84fa94-04c1-424b-9868-57a2d4851a1d" relativeResultsDirectory="d1291e65-3085-452f-a3ff-8e69bcc43750" />
    <UnitTestResult executionId="03b36b93-7425-48e3-8434-1c1e0170bd44" testId="44e189cf-3d09-c631-89e7-ce733c5db6b4" testName="CPR.IntegrationTests.ValidationTests.Post_PriorityOutOfRange_Returns400" computerName="VYACHESLAV-LAPT" duration="00:00:00.0423884" startTime="2025-09-15T10:08:26.0146269-05:00" endTime="2025-09-15T10:08:26.0146271-05:00" testType="13cdc9d9-ddb5-4fa4-a97d-d965ccfc6d4b" outcome="Passed" testListId="8c84fa94-04c1-424b-9868-57a2d4851a1d" relativeResultsDirectory="03b36b93-7425-48e3-8434-1c1e0170bd44" />
    <UnitTestResult executionId="50255dc3-d3c4-4b5a-bfc5-6bfec0f250da" testId="c25904b6-fda5-42cf-ddcf-4118adc9fb2e" testName="CPR.IntegrationTests.TaxonomyIntegrationTests.GetCareerTracks_ReturnsTracks_WhenCareerPathProvided" computerName="VYACHESLAV-LAPT" duration="00:00:00.0559740" startTime="2025-09-15T10:08:26.7896930-05:00" endTime="2025-09-15T10:08:26.7896932-05:00" testType="13cdc9d9-ddb5-4fa4-a97d-d965ccfc6d4b" outcome="Passed" testListId="8c84fa94-04c1-424b-9868-57a2d4851a1d" relativeResultsDirectory="50255dc3-d3c4-4b5a-bfc5-6bfec0f250da" />
    <UnitTestResult executionId="3f486916-cdbe-44b8-9384-7fcc6bd76af3" testId="ee2e5bd1-8e7f-cb2f-5ce3-d7e00bb52d61" testName="CPR.IntegrationTests.GoalControllerProblemDetailsTests.CreateGoal_WhenServiceThrowsArgumentNull_Returns400ProblemDetails" computerName="VYACHESLAV-LAPT" duration="00:00:00.4792827" startTime="2025-09-15T10:08:25.9353708-05:00" endTime="2025-09-15T10:08:25.9353710-05:00" testType="13cdc9d9-ddb5-4fa4-a97d-d965ccfc6d4b" outcome="Passed" testListId="8c84fa94-04c1-424b-9868-57a2d4851a1d" relativeResultsDirectory="3f486916-cdbe-44b8-9384-7fcc6bd76af3" />
    <UnitTestResult executionId="6e4bbbda-1832-4393-a307-285d1948695e" testId="74a6be40-fb82-4088-f7ef-e7ccde9c1737" testName="CPR.IntegrationTests.GoalsControllerTaskNegativeTests.PatchTask_NonExistentTask_ReturnsNotFound" computerName="VYACHESLAV-LAPT" duration="00:00:00.0228617" startTime="2025-09-15T10:08:26.8030957-05:00" endTime="2025-09-15T10:08:26.8030958-05:00" testType="13cdc9d9-ddb5-4fa4-a97d-d965ccfc6d4b" outcome="Passed" testListId="8c84fa94-04c1-424b-9868-57a2d4851a1d" relativeResultsDirectory="6e4bbbda-1832-4393-a307-285d1948695e" />
    <UnitTestResult executionId="1dc7f7d4-bb3e-4355-be43-d16d796a2f80" testId="2ebd8cb8-f1c4-8c18-5beb-767057a3d5fe" testName="CPR.IntegrationTests.GoalsControllerValidationTests.Post_MissingTitle_Returns400" computerName="VYACHESLAV-LAPT" duration="00:00:00.0030048" startTime="2025-09-15T10:08:26.0133520-05:00" endTime="2025-09-15T10:08:26.0133520-05:00" testType="13cdc9d9-ddb5-4fa4-a97d-d965ccfc6d4b" outcome="Passed" testListId="8c84fa94-04c1-424b-9868-57a2d4851a1d" relativeResultsDirectory="1dc7f7d4-bb3e-4355-be43-d16d796a2f80" />
    <UnitTestResult executionId="9568b344-6d78-4fa0-a9ac-76e801b897cd" testId="db8fd5c7-ac98-c33d-b5b3-971433a1afb2" testName="CPR.IntegrationTests.GoalControllerProblemDetailsTests.GetMine_WhenServiceThrowsArgumentOutOfRange_Returns400ProblemDetails" computerName="VYACHESLAV-LAPT" duration="00:00:00.0232486" startTime="2025-09-15T10:08:25.9587685-05:00" endTime="2025-09-15T10:08:25.9587687-05:00" testType="13cdc9d9-ddb5-4fa4-a97d-d965ccfc6d4b" outcome="Passed" testListId="8c84fa94-04c1-424b-9868-57a2d4851a1d" relativeResultsDirectory="9568b344-6d78-4fa0-a9ac-76e801b897cd" />
    <UnitTestResult executionId="42599d26-766b-42c2-a260-8689af0f45df" testId="f063b7f5-94b9-a8f0-437e-38f824100854" testName="CPR.IntegrationTests.SeedVerificationTests.SeedRows_Exist_InDatabase" computerName="VYACHESLAV-LAPT" duration="00:00:01.1252119" startTime="2025-09-15T10:08:26.5812570-05:00" endTime="2025-09-15T10:08:26.5812572-05:00" testType="13cdc9d9-ddb5-4fa4-a97d-d965ccfc6d4b" outcome="Passed" testListId="8c84fa94-04c1-424b-9868-57a2d4851a1d" relativeResultsDirectory="42599d26-766b-42c2-a260-8689af0f45df" />
  </Results>
  <TestDefinitions>
    <UnitTest name="CPR.IntegrationTests.ValidationTests.Post_PriorityOutOfRange_Returns400" storage="d:\projects\cpr\tests\cpr.integrationtests\bin\debug\net9.0\cpr.integrationtests.dll" id="44e189cf-3d09-c631-89e7-ce733c5db6b4">
      <Execution id="03b36b93-7425-48e3-8434-1c1e0170bd44" />
      <TestMethod codeBase="d:\projects\CPR\tests\CPR.IntegrationTests\bin\Debug\net9.0\CPR.IntegrationTests.dll" adapterTypeName="executor://xunit/VsTestRunner2/netcoreapp" className="CPR.IntegrationTests.ValidationTests" name="Post_PriorityOutOfRange_Returns400" />
    </UnitTest>
    <UnitTest name="CPR.IntegrationTests.GoalsControllerTaskNegativeTests.PatchTask_NonExistentTask_ReturnsNotFound" storage="d:\projects\cpr\tests\cpr.integrationtests\bin\debug\net9.0\cpr.integrationtests.dll" id="74a6be40-fb82-4088-f7ef-e7ccde9c1737">
      <Execution id="6e4bbbda-1832-4393-a307-285d1948695e" />
      <TestMethod codeBase="d:\projects\CPR\tests\CPR.IntegrationTests\bin\Debug\net9.0\CPR.IntegrationTests.dll" adapterTypeName="executor://xunit/VsTestRunner2/netcoreapp" className="CPR.IntegrationTests.GoalsControllerTaskNegativeTests" name="PatchTask_NonExistentTask_ReturnsNotFound" />
    </UnitTest>
    <UnitTest name="CPR.IntegrationTests.GoalPersistenceTests.CanCreateAndReadGoal" storage="d:\projects\cpr\tests\cpr.integrationtests\bin\debug\net9.0\cpr.integrationtests.dll" id="532ad4e5-578d-5d5e-389f-e29ae44a8370">
      <Execution id="bf28bda9-2b4f-4889-8d36-a76977693df5" />
      <TestMethod codeBase="d:\projects\CPR\tests\CPR.IntegrationTests\bin\Debug\net9.0\CPR.IntegrationTests.dll" adapterTypeName="executor://xunit/VsTestRunner2/netcoreapp" className="CPR.IntegrationTests.GoalPersistenceTests" name="CanCreateAndReadGoal" />
    </UnitTest>
    <UnitTest name="CPR.IntegrationTests.GoalControllerProblemDetailsTests.CreateGoal_WhenServiceThrowsArgumentNull_Returns400ProblemDetails" storage="d:\projects\cpr\tests\cpr.integrationtests\bin\debug\net9.0\cpr.integrationtests.dll" id="ee2e5bd1-8e7f-cb2f-5ce3-d7e00bb52d61">
      <Execution id="3f486916-cdbe-44b8-9384-7fcc6bd76af3" />
      <TestMethod codeBase="d:\projects\CPR\tests\CPR.IntegrationTests\bin\Debug\net9.0\CPR.IntegrationTests.dll" adapterTypeName="executor://xunit/VsTestRunner2/netcoreapp" className="CPR.IntegrationTests.GoalControllerProblemDetailsTests" name="CreateGoal_WhenServiceThrowsArgumentNull_Returns400ProblemDetails" />
    </UnitTest>
    <UnitTest name="CPR.IntegrationTests.TokenGeneratorSmokeTests.TokenGenerator_E2E_ReturnsUserProfile" storage="d:\projects\cpr\tests\cpr.integrationtests\bin\debug\net9.0\cpr.integrationtests.dll" id="8cc60949-5900-f178-8413-70dafcf5b45b">
      <Execution id="ee096466-a6e0-4612-9995-b56e342ea3e9" />
      <TestMethod codeBase="d:\projects\CPR\tests\CPR.IntegrationTests\bin\Debug\net9.0\CPR.IntegrationTests.dll" adapterTypeName="executor://xunit/VsTestRunner2/netcoreapp" className="CPR.IntegrationTests.TokenGeneratorSmokeTests" name="TokenGenerator_E2E_ReturnsUserProfile" />
    </UnitTest>
    <UnitTest name="CPR.IntegrationTests.ValidationTests.Post_InvalidEmployeeId_Returns400" storage="d:\projects\cpr\tests\cpr.integrationtests\bin\debug\net9.0\cpr.integrationtests.dll" id="1c532ac5-0e98-3361-8be2-8f11dd32f43f">
      <Execution id="6c6722e4-af69-4709-b7be-2bc9f6a3cd8d" />
      <TestMethod codeBase="d:\projects\CPR\tests\CPR.IntegrationTests\bin\Debug\net9.0\CPR.IntegrationTests.dll" adapterTypeName="executor://xunit/VsTestRunner2/netcoreapp" className="CPR.IntegrationTests.ValidationTests" name="Post_InvalidEmployeeId_Returns400" />
    </UnitTest>
    <UnitTest name="CPR.IntegrationTests.GoalsControllerValidationTests.Post_TitleTooLong_Returns400" storage="d:\projects\cpr\tests\cpr.integrationtests\bin\debug\net9.0\cpr.integrationtests.dll" id="118dc1b6-e4bc-8cc6-c1dc-1bb6663f62b3">
      <Execution id="048505db-7b46-4d91-92b7-456dc6dd4101" />
      <TestMethod codeBase="d:\projects\CPR\tests\CPR.IntegrationTests\bin\Debug\net9.0\CPR.IntegrationTests.dll" adapterTypeName="executor://xunit/VsTestRunner2/netcoreapp" className="CPR.IntegrationTests.GoalsControllerValidationTests" name="Post_TitleTooLong_Returns400" />
    </UnitTest>
    <UnitTest name="CPR.IntegrationTests.MeControllerTests.GetMe_WithValidToken_ReturnsOk" storage="d:\projects\cpr\tests\cpr.integrationtests\bin\debug\net9.0\cpr.integrationtests.dll" id="4db065df-e165-6201-98ef-ce56445e3caf">
      <Execution id="5f9d7837-b568-4a6f-a64d-9ea025b20515" />
      <TestMethod codeBase="d:\projects\CPR\tests\CPR.IntegrationTests\bin\Debug\net9.0\CPR.IntegrationTests.dll" adapterTypeName="executor://xunit/VsTestRunner2/netcoreapp" className="CPR.IntegrationTests.MeControllerTests" name="GetMe_WithValidToken_ReturnsOk" />
    </UnitTest>
    <UnitTest name="CPR.IntegrationTests.GoalControllerProblemDetailsTests.GetMine_WhenServiceThrowsArgumentOutOfRange_Returns400ProblemDetails" storage="d:\projects\cpr\tests\cpr.integrationtests\bin\debug\net9.0\cpr.integrationtests.dll" id="db8fd5c7-ac98-c33d-b5b3-971433a1afb2">
      <Execution id="9568b344-6d78-4fa0-a9ac-76e801b897cd" />
      <TestMethod codeBase="d:\projects\CPR\tests\CPR.IntegrationTests\bin\Debug\net9.0\CPR.IntegrationTests.dll" adapterTypeName="executor://xunit/VsTestRunner2/netcoreapp" className="CPR.IntegrationTests.GoalControllerProblemDetailsTests" name="GetMine_WhenServiceThrowsArgumentOutOfRange_Returns400ProblemDetails" />
    </UnitTest>
    <UnitTest name="CPR.IntegrationTests.GoalsControllerTaskNegativeTests.PatchTask_ByDifferentEmployee_ReturnsForbidden" storage="d:\projects\cpr\tests\cpr.integrationtests\bin\debug\net9.0\cpr.integrationtests.dll" id="e4b2dd15-4372-2a2d-c7d0-a9a8b1188955">
      <Execution id="e3e48e85-2391-41b1-920d-a28926ef722c" />
      <TestMethod codeBase="d:\projects\CPR\tests\CPR.IntegrationTests\bin\Debug\net9.0\CPR.IntegrationTests.dll" adapterTypeName="executor://xunit/VsTestRunner2/netcoreapp" className="CPR.IntegrationTests.GoalsControllerTaskNegativeTests" name="PatchTask_ByDifferentEmployee_ReturnsForbidden" />
    </UnitTest>
    <UnitTest name="CPR.IntegrationTests.SeedVerificationTests.SeedRows_Exist_InDatabase" storage="d:\projects\cpr\tests\cpr.integrationtests\bin\debug\net9.0\cpr.integrationtests.dll" id="f063b7f5-94b9-a8f0-437e-38f824100854">
      <Execution id="42599d26-766b-42c2-a260-8689af0f45df" />
      <TestMethod codeBase="d:\projects\CPR\tests\CPR.IntegrationTests\bin\Debug\net9.0\CPR.IntegrationTests.dll" adapterTypeName="executor://xunit/VsTestRunner2/netcoreapp" className="CPR.IntegrationTests.SeedVerificationTests" name="SeedRows_Exist_InDatabase" />
    </UnitTest>
    <UnitTest name="CPR.IntegrationTests.TaxonomyIntegrationTests.GetCareerTracks_ReturnsTracks_WhenCareerPathProvided" storage="d:\projects\cpr\tests\cpr.integrationtests\bin\debug\net9.0\cpr.integrationtests.dll" id="c25904b6-fda5-42cf-ddcf-4118adc9fb2e">
      <Execution id="50255dc3-d3c4-4b5a-bfc5-6bfec0f250da" />
      <TestMethod codeBase="d:\projects\CPR\tests\CPR.IntegrationTests\bin\Debug\net9.0\CPR.IntegrationTests.dll" adapterTypeName="executor://xunit/VsTestRunner2/netcoreapp" className="CPR.IntegrationTests.TaxonomyIntegrationTests" name="GetCareerTracks_ReturnsTracks_WhenCareerPathProvided" />
    </UnitTest>
    <UnitTest name="CPR.IntegrationTests.ValidationTests.Post_InvalidVisibility_Returns400" storage="d:\projects\cpr\tests\cpr.integrationtests\bin\debug\net9.0\cpr.integrationtests.dll" id="a1fd9541-019c-7fa9-40e5-f5aac0577d44">
      <Execution id="d1291e65-3085-452f-a3ff-8e69bcc43750" />
      <TestMethod codeBase="d:\projects\CPR\tests\CPR.IntegrationTests\bin\Debug\net9.0\CPR.IntegrationTests.dll" adapterTypeName="executor://xunit/VsTestRunner2/netcoreapp" className="CPR.IntegrationTests.ValidationTests" name="Post_InvalidVisibility_Returns400" />
    </UnitTest>
    <UnitTest name="CPR.IntegrationTests.GoalsControllerTaskPatchTests.PatchTask_CanUpdateFields_AndToggleCompletion" storage="d:\projects\cpr\tests\cpr.integrationtests\bin\debug\net9.0\cpr.integrationtests.dll" id="b7ab4903-16a4-74d8-3a22-0ac9ee637cee">
      <Execution id="75a01f98-2ee4-4bf3-a877-4cc4ae22da18" />
      <TestMethod codeBase="d:\projects\CPR\tests\CPR.IntegrationTests\bin\Debug\net9.0\CPR.IntegrationTests.dll" adapterTypeName="executor://xunit/VsTestRunner2/netcoreapp" className="CPR.IntegrationTests.GoalsControllerTaskPatchTests" name="PatchTask_CanUpdateFields_AndToggleCompletion" />
    </UnitTest>
    <UnitTest name="CPR.IntegrationTests.TaxonomyIntegrationTests.GetPositions_ReturnsPositions_WithExpectations" storage="d:\projects\cpr\tests\cpr.integrationtests\bin\debug\net9.0\cpr.integrationtests.dll" id="ec30c8e4-bc80-d5a0-5ef6-d16f2e641071">
      <Execution id="3e5cbf25-0811-409d-bf32-002a777d962a" />
      <TestMethod codeBase="d:\projects\CPR\tests\CPR.IntegrationTests\bin\Debug\net9.0\CPR.IntegrationTests.dll" adapterTypeName="executor://xunit/VsTestRunner2/netcoreapp" className="CPR.IntegrationTests.TaxonomyIntegrationTests" name="GetPositions_ReturnsPositions_WithExpectations" />
    </UnitTest>
    <UnitTest name="CPR.IntegrationTests.MigrationSmokeTests.MigrationsHistory_Contains_AddSeedData" storage="d:\projects\cpr\tests\cpr.integrationtests\bin\debug\net9.0\cpr.integrationtests.dll" id="d05bc568-58a5-4262-725d-6c0b439220ce">
      <Execution id="f32811a7-dfc7-446e-b484-1eb1d74ca262" />
      <TestMethod codeBase="d:\projects\CPR\tests\CPR.IntegrationTests\bin\Debug\net9.0\CPR.IntegrationTests.dll" adapterTypeName="executor://xunit/VsTestRunner2/netcoreapp" className="CPR.IntegrationTests.MigrationSmokeTests" name="MigrationsHistory_Contains_AddSeedData" />
    </UnitTest>
    <UnitTest name="CPR.IntegrationTests.UserAndGoalPersistenceTests.CanCreateUserAndGoal" storage="d:\projects\cpr\tests\cpr.integrationtests\bin\debug\net9.0\cpr.integrationtests.dll" id="fe1ed513-1250-e1d2-25f2-fcc8fda41b69">
      <Execution id="7e86d582-b4ec-40ce-977f-05bf44ba49eb" />
      <TestMethod codeBase="d:\projects\CPR\tests\CPR.IntegrationTests\bin\Debug\net9.0\CPR.IntegrationTests.dll" adapterTypeName="executor://xunit/VsTestRunner2/netcoreapp" className="CPR.IntegrationTests.UserAndGoalPersistenceTests" name="CanCreateUserAndGoal" />
    </UnitTest>
    <UnitTest name="CPR.IntegrationTests.GoalsControllerTaskNegativeTests.PatchTask_WithoutAuth_ReturnsUnauthorized" storage="d:\projects\cpr\tests\cpr.integrationtests\bin\debug\net9.0\cpr.integrationtests.dll" id="2678044f-e88e-7cf9-5d3d-95d098e990b8">
      <Execution id="6d496942-d45f-48a0-867c-1f7144ab14bf" />
      <TestMethod codeBase="d:\projects\CPR\tests\CPR.IntegrationTests\bin\Debug\net9.0\CPR.IntegrationTests.dll" adapterTypeName="executor://xunit/VsTestRunner2/netcoreapp" className="CPR.IntegrationTests.GoalsControllerTaskNegativeTests" name="PatchTask_WithoutAuth_ReturnsUnauthorized" />
    </UnitTest>
    <UnitTest name="CPR.IntegrationTests.GoalsControllerValidationTests.Post_MissingTitle_Returns400" storage="d:\projects\cpr\tests\cpr.integrationtests\bin\debug\net9.0\cpr.integrationtests.dll" id="2ebd8cb8-f1c4-8c18-5beb-767057a3d5fe">
      <Execution id="1dc7f7d4-bb3e-4355-be43-d16d796a2f80" />
      <TestMethod codeBase="d:\projects\CPR\tests\CPR.IntegrationTests\bin\Debug\net9.0\CPR.IntegrationTests.dll" adapterTypeName="executor://xunit/VsTestRunner2/netcoreapp" className="CPR.IntegrationTests.GoalsControllerValidationTests" name="Post_MissingTitle_Returns400" />
    </UnitTest>
    <UnitTest name="CPR.IntegrationTests.GoalsControllerValidationTests.Post_InvalidDeadlineFormat_Returns400" storage="d:\projects\cpr\tests\cpr.integrationtests\bin\debug\net9.0\cpr.integrationtests.dll" id="26431ebd-3025-6724-dd53-ba31e6fe705d">
      <Execution id="fd9fdc0d-72ee-4860-b8d7-25baa6f54779" />
      <TestMethod codeBase="d:\projects\CPR\tests\CPR.IntegrationTests\bin\Debug\net9.0\CPR.IntegrationTests.dll" adapterTypeName="executor://xunit/VsTestRunner2/netcoreapp" className="CPR.IntegrationTests.GoalsControllerValidationTests" name="Post_InvalidDeadlineFormat_Returns400" />
    </UnitTest>
    <UnitTest name="CPR.IntegrationTests.TaxonomyIntegrationTests.GetCareer_ReturnsSeededPaths" storage="d:\projects\cpr\tests\cpr.integrationtests\bin\debug\net9.0\cpr.integrationtests.dll" id="85d209c8-7a00-f15b-c7e0-4a9fee788f63">
      <Execution id="c67d7be7-bdd4-43fc-a8cb-c36147b35381" />
      <TestMethod codeBase="d:\projects\CPR\tests\CPR.IntegrationTests\bin\Debug\net9.0\CPR.IntegrationTests.dll" adapterTypeName="executor://xunit/VsTestRunner2/netcoreapp" className="CPR.IntegrationTests.TaxonomyIntegrationTests" name="GetCareer_ReturnsSeededPaths" />
    </UnitTest>
    <UnitTest name="CPR.IntegrationTests.SampleIntegrationTest.CanRun" storage="d:\projects\cpr\tests\cpr.integrationtests\bin\debug\net9.0\cpr.integrationtests.dll" id="fe1dd90f-597a-889d-a6df-6fac4049ab48">
      <Execution id="8868d27c-ba27-4730-9ac4-f69deb82a4ff" />
      <TestMethod codeBase="d:\projects\CPR\tests\CPR.IntegrationTests\bin\Debug\net9.0\CPR.IntegrationTests.dll" adapterTypeName="executor://xunit/VsTestRunner2/netcoreapp" className="CPR.IntegrationTests.SampleIntegrationTest" name="CanRun" />
    </UnitTest>
    <UnitTest name="CPR.IntegrationTests.GoalsControllerValidationTests.Post_DescriptionTooLong_Returns400" storage="d:\projects\cpr\tests\cpr.integrationtests\bin\debug\net9.0\cpr.integrationtests.dll" id="cde1cb49-9afd-cbe3-e0aa-544cbd426dd6">
      <Execution id="b9933274-51ec-48cd-bb68-dfe753c6b46e" />
      <TestMethod codeBase="d:\projects\CPR\tests\CPR.IntegrationTests\bin\Debug\net9.0\CPR.IntegrationTests.dll" adapterTypeName="executor://xunit/VsTestRunner2/netcoreapp" className="CPR.IntegrationTests.GoalsControllerValidationTests" name="Post_DescriptionTooLong_Returns400" />
    </UnitTest>
  </TestDefinitions>
  <TestEntries>
    <TestEntry testId="b7ab4903-16a4-74d8-3a22-0ac9ee637cee" executionId="75a01f98-2ee4-4bf3-a877-4cc4ae22da18" testListId="8c84fa94-04c1-424b-9868-57a2d4851a1d" />
    <TestEntry testId="fe1ed513-1250-e1d2-25f2-fcc8fda41b69" executionId="7e86d582-b4ec-40ce-977f-05bf44ba49eb" testListId="8c84fa94-04c1-424b-9868-57a2d4851a1d" />
    <TestEntry testId="ec30c8e4-bc80-d5a0-5ef6-d16f2e641071" executionId="3e5cbf25-0811-409d-bf32-002a777d962a" testListId="8c84fa94-04c1-424b-9868-57a2d4851a1d" />
    <TestEntry testId="fe1dd90f-597a-889d-a6df-6fac4049ab48" executionId="8868d27c-ba27-4730-9ac4-f69deb82a4ff" testListId="8c84fa94-04c1-424b-9868-57a2d4851a1d" />
    <TestEntry testId="e4b2dd15-4372-2a2d-c7d0-a9a8b1188955" executionId="e3e48e85-2391-41b1-920d-a28926ef722c" testListId="8c84fa94-04c1-424b-9868-57a2d4851a1d" />
    <TestEntry testId="118dc1b6-e4bc-8cc6-c1dc-1bb6663f62b3" executionId="048505db-7b46-4d91-92b7-456dc6dd4101" testListId="8c84fa94-04c1-424b-9868-57a2d4851a1d" />
    <TestEntry testId="2678044f-e88e-7cf9-5d3d-95d098e990b8" executionId="6d496942-d45f-48a0-867c-1f7144ab14bf" testListId="8c84fa94-04c1-424b-9868-57a2d4851a1d" />
    <TestEntry testId="4db065df-e165-6201-98ef-ce56445e3caf" executionId="5f9d7837-b568-4a6f-a64d-9ea025b20515" testListId="8c84fa94-04c1-424b-9868-57a2d4851a1d" />
    <TestEntry testId="26431ebd-3025-6724-dd53-ba31e6fe705d" executionId="fd9fdc0d-72ee-4860-b8d7-25baa6f54779" testListId="8c84fa94-04c1-424b-9868-57a2d4851a1d" />
    <TestEntry testId="8cc60949-5900-f178-8413-70dafcf5b45b" executionId="ee096466-a6e0-4612-9995-b56e342ea3e9" testListId="8c84fa94-04c1-424b-9868-57a2d4851a1d" />
    <TestEntry testId="cde1cb49-9afd-cbe3-e0aa-544cbd426dd6" executionId="b9933274-51ec-48cd-bb68-dfe753c6b46e" testListId="8c84fa94-04c1-424b-9868-57a2d4851a1d" />
    <TestEntry testId="1c532ac5-0e98-3361-8be2-8f11dd32f43f" executionId="6c6722e4-af69-4709-b7be-2bc9f6a3cd8d" testListId="8c84fa94-04c1-424b-9868-57a2d4851a1d" />
    <TestEntry testId="532ad4e5-578d-5d5e-389f-e29ae44a8370" executionId="bf28bda9-2b4f-4889-8d36-a76977693df5" testListId="8c84fa94-04c1-424b-9868-57a2d4851a1d" />
    <TestEntry testId="85d209c8-7a00-f15b-c7e0-4a9fee788f63" executionId="c67d7be7-bdd4-43fc-a8cb-c36147b35381" testListId="8c84fa94-04c1-424b-9868-57a2d4851a1d" />
    <TestEntry testId="d05bc568-58a5-4262-725d-6c0b439220ce" executionId="f32811a7-dfc7-446e-b484-1eb1d74ca262" testListId="8c84fa94-04c1-424b-9868-57a2d4851a1d" />
    <TestEntry testId="a1fd9541-019c-7fa9-40e5-f5aac0577d44" executionId="d1291e65-3085-452f-a3ff-8e69bcc43750" testListId="8c84fa94-04c1-424b-9868-57a2d4851a1d" />
    <TestEntry testId="44e189cf-3d09-c631-89e7-ce733c5db6b4" executionId="03b36b93-7425-48e3-8434-1c1e0170bd44" testListId="8c84fa94-04c1-424b-9868-57a2d4851a1d" />
    <TestEntry testId="c25904b6-fda5-42cf-ddcf-4118adc9fb2e" executionId="50255dc3-d3c4-4b5a-bfc5-6bfec0f250da" testListId="8c84fa94-04c1-424b-9868-57a2d4851a1d" />
    <TestEntry testId="ee2e5bd1-8e7f-cb2f-5ce3-d7e00bb52d61" executionId="3f486916-cdbe-44b8-9384-7fcc6bd76af3" testListId="8c84fa94-04c1-424b-9868-57a2d4851a1d" />
    <TestEntry testId="74a6be40-fb82-4088-f7ef-e7ccde9c1737" executionId="6e4bbbda-1832-4393-a307-285d1948695e" testListId="8c84fa94-04c1-424b-9868-57a2d4851a1d" />
    <TestEntry testId="2ebd8cb8-f1c4-8c18-5beb-767057a3d5fe" executionId="1dc7f7d4-bb3e-4355-be43-d16d796a2f80" testListId="8c84fa94-04c1-424b-9868-57a2d4851a1d" />
    <TestEntry testId="db8fd5c7-ac98-c33d-b5b3-971433a1afb2" executionId="9568b344-6d78-4fa0-a9ac-76e801b897cd" testListId="8c84fa94-04c1-424b-9868-57a2d4851a1d" />
    <TestEntry testId="f063b7f5-94b9-a8f0-437e-38f824100854" executionId="42599d26-766b-42c2-a260-8689af0f45df" testListId="8c84fa94-04c1-424b-9868-57a2d4851a1d" />
  </TestEntries>
  <TestLists>
    <TestList name="Results Not in a List" id="8c84fa94-04c1-424b-9868-57a2d4851a1d" />
    <TestList name="All Loaded Results" id="19431567-8539-422a-85d7-44ee4e166bda" />
  </TestLists>
  <ResultSummary outcome="Completed">
    <Counters total="23" executed="23" passed="23" failed="0" error="0" timeout="0" aborted="0" inconclusive="0" passedButRunAborted="0" notRunnable="0" notExecuted="0" disconnected="0" warning="0" completed="0" inProgress="0" pending="0" />
    <Output>
      <StdOut>[xUnit.net 00:00:00.00] xUnit.net VSTest Adapter v2.8.0+6438bb880a (64-bit .NET 9.0.3)&#xD;
[xUnit.net 00:00:00.33]   Discovering: CPR.IntegrationTests&#xD;
[xUnit.net 00:00:00.35]   Discovered:  CPR.IntegrationTests&#xD;
[xUnit.net 00:00:00.36]   Starting:    CPR.IntegrationTests&#xD;
warn: 9/15/2025 10:08:26.147 CoreEventId.SensitiveDataLoggingEnabledWarning[10400] (Microsoft.EntityFrameworkCore.Infrastructure) &#xD;
      Sensitive data logging is enabled. Log entries and exception messages may include sensitive application data; this mode should only be enabled during development.&#xD;
dbug: 9/15/2025 10:08:26.309 CoreEventId.ContextInitialized[10403] (Microsoft.EntityFrameworkCore.Infrastructure) &#xD;
      Entity Framework Core 9.0.0 initialized 'CprDbContext' using provider 'Npgsql.EntityFrameworkCore.PostgreSQL:9.0.0+f07040d3e35e2a228486f3ee9633784aa196a2c3' with options: SensitiveDataLoggingEnabled &#xD;
EF Goal mapped properties: Id, CompletedAt, CreatedAt, CreatedBy, Deadline, DeletedAt, DeletedBy, Description, EmployeeId, IsCompleted, IsDeleted, ModifiedAt, ModifiedBy, Priority, ProgressPercent, RelatedSkillId, RelatedSkillLevelId, Status, Title, Visibility&#xD;
dbug: 9/15/2025 10:08:26.315 RelationalEventId.ConnectionCreating[20005] (Microsoft.EntityFrameworkCore.Database.Connection) &#xD;
      Creating DbConnection.&#xD;
dbug: 9/15/2025 10:08:26.340 RelationalEventId.ConnectionCreated[20006] (Microsoft.EntityFrameworkCore.Database.Connection) &#xD;
      Created DbConnection. (20ms).&#xD;
DB goals table columns: id, employee_id, related_skill_id, related_skill_level_id, title, description, status, deadline, is_completed, completed_at, progress_percent, priority, visibility, created_by, created_at, modified_by, modified_at, is_deleted, deleted_by, deleted_at&#xD;
dbug: 9/15/2025 10:08:26.525 CoreEventId.StartedTracking[10806] (Microsoft.EntityFrameworkCore.ChangeTracking) &#xD;
      Context 'CprDbContext' started tracking 'Goal' entity with key '{Id: e5b7a7f6-feae-4e04-9267-7941784b0142}'.&#xD;
dbug: 9/15/2025 10:08:26.526 CoreEventId.SaveChangesStarting[10004] (Microsoft.EntityFrameworkCore.Update) &#xD;
      SaveChanges starting for 'CprDbContext'.&#xD;
dbug: 9/15/2025 10:08:26.526 CoreEventId.DetectChangesStarting[10800] (Microsoft.EntityFrameworkCore.ChangeTracking) &#xD;
      DetectChanges starting for 'CprDbContext'.&#xD;
dbug: 9/15/2025 10:08:26.535 CoreEventId.DetectChangesCompleted[10801] (Microsoft.EntityFrameworkCore.ChangeTracking) &#xD;
      DetectChanges completed for 'CprDbContext'.&#xD;
dbug: 9/15/2025 10:08:26.541 RelationalEventId.CommandCreating[20103] (Microsoft.EntityFrameworkCore.Database.Command) &#xD;
      Creating DbCommand for 'ExecuteReader'.&#xD;
dbug: 9/15/2025 10:08:26.543 RelationalEventId.CommandCreated[20104] (Microsoft.EntityFrameworkCore.Database.Command) &#xD;
      Created DbCommand for 'ExecuteReader' (0ms).&#xD;
dbug: 9/15/2025 10:08:26.543 RelationalEventId.CommandInitialized[20106] (Microsoft.EntityFrameworkCore.Database.Command) &#xD;
      Initialized DbCommand for 'ExecuteReader' (2ms).&#xD;
dbug: 9/15/2025 10:08:26.548 RelationalEventId.CommandExecuting[20100] (Microsoft.EntityFrameworkCore.Database.Command) &#xD;
      Executing DbCommand [Parameters=[@p0='e5b7a7f6-feae-4e04-9267-7941784b0142', @p1=NULL (DbType = DateTime), @p2='2025-09-15T15:08:26.4949682+00:00' (DbType = DateTime), @p3=NULL (DbType = Guid), @p4=NULL (DbType = Date), @p5=NULL (DbType = DateTime), @p6=NULL (DbType = Guid), @p7='verify persistence', @p8='33333333-3333-3333-3333-333333333333', @p9='False', @p10=NULL (DbType = DateTime), @p11=NULL (DbType = Guid), @p12=NULL (DbType = Int16), @p13=NULL (DbType = Guid), @p14=NULL (DbType = Guid), @p15='open' (Nullable = false), @p16='Integration test goal' (Nullable = false), @p17=NULL], CommandType='Text', CommandTimeout='30']&#xD;
      INSERT INTO goals (id, completed_at, created_at, created_by, deadline, deleted_at, deleted_by, description, employee_id, is_deleted, modified_at, modified_by, priority, related_skill_id, related_skill_level_id, status, title, visibility)&#xD;
      VALUES (@p0, @p1, @p2, @p3, @p4, @p5, @p6, @p7, @p8, @p9, @p10, @p11, @p12, @p13, @p14, @p15, @p16, @p17)&#xD;
      RETURNING is_completed, progress_percent;&#xD;
info: 9/15/2025 10:08:26.576 RelationalEventId.CommandExecuted[20101] (Microsoft.EntityFrameworkCore.Database.Command) &#xD;
      Executed DbCommand (20ms) [Parameters=[@p0='e5b7a7f6-feae-4e04-9267-7941784b0142', @p1=NULL (DbType = DateTime), @p2='2025-09-15T15:08:26.4949682+00:00' (DbType = DateTime), @p3=NULL (DbType = Guid), @p4=NULL (DbType = Date), @p5=NULL (DbType = DateTime), @p6=NULL (DbType = Guid), @p7='verify persistence', @p8='33333333-3333-3333-3333-333333333333', @p9='False', @p10=NULL (DbType = DateTime), @p11=NULL (DbType = Guid), @p12=NULL (DbType = Int16), @p13=NULL (DbType = Guid), @p14=NULL (DbType = Guid), @p15='open' (Nullable = false), @p16='Integration test goal' (Nullable = false), @p17=NULL], CommandType='Text', CommandTimeout='30']&#xD;
      INSERT INTO goals (id, completed_at, created_at, created_by, deadline, deleted_at, deleted_by, description, employee_id, is_deleted, modified_at, modified_by, priority, related_skill_id, related_skill_level_id, status, title, visibility)&#xD;
      VALUES (@p0, @p1, @p2, @p3, @p4, @p5, @p6, @p7, @p8, @p9, @p10, @p11, @p12, @p13, @p14, @p15, @p16, @p17)&#xD;
      RETURNING is_completed, progress_percent;&#xD;
dbug: 9/15/2025 10:08:26.579 RelationalEventId.DataReaderClosing[20301] (Microsoft.EntityFrameworkCore.Database.Command) &#xD;
      Closing data reader to 'cpr_test' on server 'tcp://localhost:5432'.&#xD;
dbug: 9/15/2025 10:08:26.581 RelationalEventId.DataReaderDisposing[20300] (Microsoft.EntityFrameworkCore.Database.Command) &#xD;
      A data reader for 'cpr_test' on server 'tcp://localhost:5432' is being disposed after spending 3ms reading results.&#xD;
dbug: 9/15/2025 10:08:26.585 CoreEventId.StateChanged[10807] (Microsoft.EntityFrameworkCore.ChangeTracking) &#xD;
      The 'Goal' entity with key '{Id: e5b7a7f6-feae-4e04-9267-7941784b0142}' tracked by 'CprDbContext' changed state from 'Added' to 'Unchanged'.&#xD;
dbug: 9/15/2025 10:08:26.585 CoreEventId.SaveChangesCompleted[10005] (Microsoft.EntityFrameworkCore.Update) &#xD;
      SaveChanges completed for 'CprDbContext' with 1 entities written to the database.&#xD;
dbug: 9/15/2025 10:08:26.591 CoreEventId.QueryCompilationStarting[10111] (Microsoft.EntityFrameworkCore.Query) &#xD;
      Compiling query expression: &#xD;
      'DbSet&lt;Goal&gt;()&#xD;
          .FirstOrDefault(g =&gt; g.Id == __goal_Id_0)'&#xD;
dbug: 9/15/2025 10:08:26.608 CoreEventId.QueryExecutionPlanned[10107] (Microsoft.EntityFrameworkCore.Query) &#xD;
      Generated query execution expression: &#xD;
      'queryContext =&gt; ShapedQueryCompilingExpressionVisitor.SingleOrDefaultAsync&lt;Goal&gt;(&#xD;
          asyncEnumerable: SingleQueryingEnumerable.Create&lt;Goal&gt;(&#xD;
              relationalQueryContext: (RelationalQueryContext)queryContext, &#xD;
              relationalCommandResolver: parameters =&gt; [LIFTABLE Constant: RelationalCommandCache.QueryExpression(&#xD;
                  Projection Mapping:&#xD;
                      EmptyProjectionMember -&gt; Dictionary&lt;IProperty, int&gt; { [Property: Goal.Id (Guid) Required PK AfterSave:Throw ValueGenerated.OnAdd, 0], [Property: Goal.CompletedAt (DateTimeOffset?), 1], [Property: Goal.CreatedAt (DateTimeOffset) Required ValueGenerated.OnAdd, 2], [Property: Goal.CreatedBy (Guid?), 3], [Property: Goal.Deadline (DateTime?), 4], [Property: Goal.DeletedAt (DateTimeOffset?), 5], [Property: Goal.DeletedBy (Guid?), 6], [Property: Goal.Description (string), 7], [Property: Goal.EmployeeId (Guid) Required, 8], [Property: Goal.IsCompleted (bool) Required ValueGenerated.OnAdd, 9], [Property: Goal.IsDeleted (bool) Required, 10], [Property: Goal.ModifiedAt (DateTimeOffset?), 11], [Property: Goal.ModifiedBy (Guid?), 12], [Property: Goal.Priority (short?), 13], [Property: Goal.ProgressPercent (decimal) Required ValueGenerated.OnAdd, 14], [Property: Goal.RelatedSkillId (Guid?), 15], [Property: Goal.RelatedSkillLevelId (Guid?), 16], [Property: Goal.Status (string) Required ValueGenerated.OnAdd, 17], [Property: Goal.Title (string) Required, 18], [Property: Goal.Visibility (string), 19] }&#xD;
                  SELECT TOP(1) g.id, g.completed_at, g.created_at, g.created_by, g.deadline, g.deleted_at, g.deleted_by, g.description, g.employee_id, g.is_completed, g.is_deleted, g.modified_at, g.modified_by, g.priority, g.progress_percent, g.related_skill_id, g.related_skill_level_id, g.status, g.title, g.visibility&#xD;
                  FROM goals AS g&#xD;
                  WHERE g.id == @__goal_Id_0) | Resolver: c =&gt; new RelationalCommandCache(&#xD;
                  c.Dependencies.MemoryCache, &#xD;
                  c.RelationalDependencies.QuerySqlGeneratorFactory, &#xD;
                  c.RelationalDependencies.RelationalParameterBasedSqlProcessorFactory, &#xD;
                  Projection Mapping:&#xD;
                      EmptyProjectionMember -&gt; Dictionary&lt;IProperty, int&gt; { [Property: Goal.Id (Guid) Required PK AfterSave:Throw ValueGenerated.OnAdd, 0], [Property: Goal.CompletedAt (DateTimeOffset?), 1], [Property: Goal.CreatedAt (DateTimeOffset) Required ValueGenerated.OnAdd, 2], [Property: Goal.CreatedBy (Guid?), 3], [Property: Goal.Deadline (DateTime?), 4], [Property: Goal.DeletedAt (DateTimeOffset?), 5], [Property: Goal.DeletedBy (Guid?), 6], [Property: Goal.Description (string), 7], [Property: Goal.EmployeeId (Guid) Required, 8], [Property: Goal.IsCompleted (bool) Required ValueGenerated.OnAdd, 9], [Property: Goal.IsDeleted (bool) Required, 10], [Property: Goal.ModifiedAt (DateTimeOffset?), 11], [Property: Goal.ModifiedBy (Guid?), 12], [Property: Goal.Priority (short?), 13], [Property: Goal.ProgressPercent (decimal) Required ValueGenerated.OnAdd, 14], [Property: Goal.RelatedSkillId (Guid?), 15], [Property: Goal.RelatedSkillLevelId (Guid?), 16], [Property: Goal.Status (string) Required ValueGenerated.OnAdd, 17], [Property: Goal.Title (string) Required, 18], [Property: Goal.Visibility (string), 19] }&#xD;
                  SELECT TOP(1) g.id, g.completed_at, g.created_at, g.created_by, g.deadline, g.deleted_at, g.deleted_by, g.description, g.employee_id, g.is_completed, g.is_deleted, g.modified_at, g.modified_by, g.priority, g.progress_percent, g.related_skill_id, g.related_skill_level_id, g.status, g.title, g.visibility&#xD;
                  FROM goals AS g&#xD;
                  WHERE g.id == @__goal_Id_0, &#xD;
                  False, &#xD;
                  new HashSet&lt;string&gt;(&#xD;
                      new string[]{ }, &#xD;
                      StringComparer.Ordinal&#xD;
                  )&#xD;
              )].GetRelationalCommandTemplate(parameters), &#xD;
              readerColumns: null, &#xD;
              shaper: (queryContext, dataReader, resultContext, resultCoordinator) =&gt; &#xD;
              {&#xD;
                  Goal entity;&#xD;
                  entity = &#xD;
                  {&#xD;
                      MaterializationContext materializationContext1;&#xD;
                      IEntityType entityType1;&#xD;
                      Goal instance1;&#xD;
                      InternalEntityEntry entry1;&#xD;
                      bool hasNullKey1;&#xD;
                      materializationContext1 = new MaterializationContext(&#xD;
                          [LIFTABLE Constant: ValueBuffer | Resolver: _ =&gt; (object)ValueBuffer.Empty], &#xD;
                          queryContext.Context&#xD;
                      );&#xD;
                      instance1 = default(Goal);&#xD;
                      entry1 = queryContext.TryGetEntry(&#xD;
                          key: [LIFTABLE Constant: Key: Goal.Id PK | Resolver: c =&gt; c.Dependencies.Model.FindEntityType("CPR.Domain.Entities.Goal").FindPrimaryKey()], &#xD;
                          keyValues: new object[]{ (object)dataReader.GetGuid(0) }, &#xD;
                          throwOnNullKey: True, &#xD;
                          hasNullKey: hasNullKey1);&#xD;
                      !(hasNullKey1) ? entry1 != default(InternalEntityEntry) ? &#xD;
                      {&#xD;
                          entityType1 = entry1.EntityType;&#xD;
                          return instance1 = (Goal)entry1.Entity;&#xD;
                      } : &#xD;
                      {&#xD;
                          ISnapshot shadowSnapshot1;&#xD;
                          shadowSnapshot1 = [LIFTABLE Constant: Snapshot | Resolver: _ =&gt; Snapshot.Empty];&#xD;
                          entityType1 = [LIFTABLE Constant: EntityType: Goal | Resolver: namelessParameter{0} =&gt; namelessParameter{0}.Dependencies.Model.FindEntityType("CPR.Domain.Entities.Goal")];&#xD;
                          instance1 = switch (entityType1)&#xD;
                          {&#xD;
                              case [LIFTABLE Constant: EntityType: Goal | Resolver: namelessParameter{1} =&gt; namelessParameter{1}.Dependencies.Model.FindEntityType("CPR.Domain.Entities.Goal")]: &#xD;
                                  {&#xD;
                                      return &#xD;
                                      {&#xD;
                                          Goal instance;&#xD;
                                          instance = new Goal();&#xD;
                                          instance.&lt;Id&gt;k__BackingField = dataReader.GetGuid(0);&#xD;
                                          instance.&lt;CompletedAt&gt;k__BackingField = dataReader.IsDBNull(1) ? default(DateTimeOffset?) : (DateTimeOffset?)dataReader.GetFieldValue&lt;DateTimeOffset&gt;(1);&#xD;
                                          instance.&lt;CreatedAt&gt;k__BackingField = dataReader.GetFieldValue&lt;DateTimeOffset&gt;(2);&#xD;
                                          instance.&lt;CreatedBy&gt;k__BackingField = dataReader.IsDBNull(3) ? default(Guid?) : (Guid?)dataReader.GetGuid(3);&#xD;
                                          instance.&lt;Deadline&gt;k__BackingField = dataReader.IsDBNull(4) ? default(DateTime?) : (DateTime?)dataReader.GetDateTime(4);&#xD;
                                          instance.&lt;DeletedAt&gt;k__BackingField = dataReader.IsDBNull(5) ? default(DateTimeOffset?) : (DateTimeOffset?)dataReader.GetFieldValue&lt;DateTimeOffset&gt;(5);&#xD;
                                          instance.&lt;DeletedBy&gt;k__BackingField = dataReader.IsDBNull(6) ? default(Guid?) : (Guid?)dataReader.GetGuid(6);&#xD;
                                          instance.&lt;Description&gt;k__BackingField = dataReader.IsDBNull(7) ? default(string) : dataReader.GetString(7);&#xD;
                                          instance.&lt;EmployeeId&gt;k__BackingField = dataReader.GetGuid(8);&#xD;
                                          instance.&lt;IsCompleted&gt;k__BackingField = dataReader.GetBoolean(9);&#xD;
                                          instance.&lt;IsDeleted&gt;k__BackingField = dataReader.GetBoolean(10);&#xD;
                                          instance.&lt;ModifiedAt&gt;k__BackingField = dataReader.IsDBNull(11) ? default(DateTimeOffset?) : (DateTimeOffset?)dataReader.GetFieldValue&lt;DateTimeOffset&gt;(11);&#xD;
                                          instance.&lt;ModifiedBy&gt;k__BackingField = dataReader.IsDBNull(12) ? default(Guid?) : (Guid?)dataReader.GetGuid(12);&#xD;
                                          instance.&lt;Priority&gt;k__BackingField = dataReader.IsDBNull(13) ? default(short?) : (short?)dataReader.GetInt16(13);&#xD;
                                          instance.&lt;ProgressPercent&gt;k__BackingField = dataReader.GetDecimal(14);&#xD;
                                          instance.&lt;RelatedSkillId&gt;k__BackingField = dataReader.IsDBNull(15) ? default(Guid?) : (Guid?)dataReader.GetGuid(15);&#xD;
                                          instance.&lt;RelatedSkillLevelId&gt;k__BackingField = dataReader.IsDBNull(16) ? default(Guid?) : (Guid?)dataReader.GetGuid(16);&#xD;
                                          instance.&lt;Status&gt;k__BackingField = dataReader.GetString(17);&#xD;
                                          instance.&lt;Title&gt;k__BackingField = dataReader.GetString(18);&#xD;
                                          instance.&lt;Visibility&gt;k__BackingField = dataReader.IsDBNull(19) ? default(string) : dataReader.GetString(19);&#xD;
                                          (instance is IInjectableService) ? ((IInjectableService)instance).Injected(&#xD;
                                              context: materializationContext1.Context, &#xD;
                                              entity: instance, &#xD;
                                              queryTrackingBehavior: TrackAll, &#xD;
                                              structuralType: [LIFTABLE Constant: EntityType: Goal | Resolver: namelessParameter{2} =&gt; namelessParameter{2}.Dependencies.Model.FindEntityType("CPR.Domain.Entities.Goal")]) : default(void);&#xD;
                                          return instance;&#xD;
                                      }}&#xD;
                              default: &#xD;
                                  default(Goal)&#xD;
                          }&#xD;
                          ;&#xD;
                          entry1 = entityType1 == default(IEntityType) ? default(InternalEntityEntry) : queryContext.StartTracking(&#xD;
                              entityType: entityType1, &#xD;
                              entity: instance1, &#xD;
                              snapshot: shadowSnapshot1);&#xD;
                          return instance1;&#xD;
                      } : default(void);&#xD;
                      return instance1;&#xD;
                  };&#xD;
                  return entity;&#xD;
              }, &#xD;
              contextType: CPR.Infrastructure.Data.CprDbContext, &#xD;
              standAloneStateManager: False, &#xD;
              detailedErrorsEnabled: False, &#xD;
              threadSafetyChecksEnabled: True), &#xD;
          cancellationToken: queryContext.CancellationToken)'&#xD;
dbug: 9/15/2025 10:08:26.616 RelationalEventId.CommandCreating[20103] (Microsoft.EntityFrameworkCore.Database.Command) &#xD;
      Creating DbCommand for 'ExecuteReader'.&#xD;
dbug: 9/15/2025 10:08:26.616 RelationalEventId.CommandCreated[20104] (Microsoft.EntityFrameworkCore.Database.Command) &#xD;
      Created DbCommand for 'ExecuteReader' (0ms).&#xD;
dbug: 9/15/2025 10:08:26.616 RelationalEventId.CommandInitialized[20106] (Microsoft.EntityFrameworkCore.Database.Command) &#xD;
      Initialized DbCommand for 'ExecuteReader' (0ms).&#xD;
dbug: 9/15/2025 10:08:26.616 RelationalEventId.CommandExecuting[20100] (Microsoft.EntityFrameworkCore.Database.Command) &#xD;
      Executing DbCommand [Parameters=[@__goal_Id_0='e5b7a7f6-feae-4e04-9267-7941784b0142'], CommandType='Text', CommandTimeout='30']&#xD;
      SELECT g.id, g.completed_at, g.created_at, g.created_by, g.deadline, g.deleted_at, g.deleted_by, g.description, g.employee_id, g.is_completed, g.is_deleted, g.modified_at, g.modified_by, g.priority, g.progress_percent, g.related_skill_id, g.related_skill_level_id, g.status, g.title, g.visibility&#xD;
      FROM goals AS g&#xD;
      WHERE g.id = @__goal_Id_0&#xD;
      LIMIT 1&#xD;
info: 9/15/2025 10:08:26.619 RelationalEventId.CommandExecuted[20101] (Microsoft.EntityFrameworkCore.Database.Command) &#xD;
      Executed DbCommand (3ms) [Parameters=[@__goal_Id_0='e5b7a7f6-feae-4e04-9267-7941784b0142'], CommandType='Text', CommandTimeout='30']&#xD;
      SELECT g.id, g.completed_at, g.created_at, g.created_by, g.deadline, g.deleted_at, g.deleted_by, g.description, g.employee_id, g.is_completed, g.is_deleted, g.modified_at, g.modified_by, g.priority, g.progress_percent, g.related_skill_id, g.related_skill_level_id, g.status, g.title, g.visibility&#xD;
      FROM goals AS g&#xD;
      WHERE g.id = @__goal_Id_0&#xD;
      LIMIT 1&#xD;
dbug: 9/15/2025 10:08:26.621 RelationalEventId.DataReaderClosing[20301] (Microsoft.EntityFrameworkCore.Database.Command) &#xD;
      Closing data reader to 'cpr_test' on server 'tcp://localhost:5432'.&#xD;
dbug: 9/15/2025 10:08:26.622 RelationalEventId.DataReaderDisposing[20300] (Microsoft.EntityFrameworkCore.Database.Command) &#xD;
      A data reader for 'cpr_test' on server 'tcp://localhost:5432' is being disposed after spending 2ms reading results.&#xD;
dbug: 9/15/2025 10:08:26.622 CoreEventId.ContextDisposed[10407] (Microsoft.EntityFrameworkCore.Infrastructure) &#xD;
      'CprDbContext' disposed.&#xD;
dbug: 9/15/2025 10:08:26.623 RelationalEventId.ConnectionDisposing[20007] (Microsoft.EntityFrameworkCore.Database.Connection) &#xD;
      Disposing connection to database 'cpr_test' on server 'tcp://localhost:5432'.&#xD;
dbug: 9/15/2025 10:08:26.623 RelationalEventId.ConnectionDisposed[20008] (Microsoft.EntityFrameworkCore.Database.Connection) &#xD;
      Disposed connection to database 'cpr_test' on server 'tcp://localhost:5432' (0ms).&#xD;
info: CPR.Api.Auth.JwtStubAuthenticationHandler[13]&#xD;
      AuthenticationScheme: Stub was forbidden.&#xD;
info: CPR.Api.Auth.JwtStubAuthenticationHandler[12]&#xD;
      AuthenticationScheme: Stub was challenged.&#xD;
[xUnit.net 00:00:01.75]   Finished:    CPR.IntegrationTests&#xD;
</StdOut>
    </Output>
  </ResultSummary>
</TestRun>