<?xml version="1.0" encoding="utf-8"?>
<TestRun id="8a2737b0-bbc5-44d1-96ae-989b7ec4f866" name="vyach@VYACHESLAV-LAPT 2025-09-15 12:33:51" runUser="VYACHESLAV-LAPT\vyach" xmlns="http://microsoft.com/schemas/VisualStudio/TeamTest/2010">
  <Times creation="2025-09-15T12:33:51.5361705-05:00" queuing="2025-09-15T12:33:51.5361711-05:00" start="2025-09-15T12:33:49.6662113-05:00" finish="2025-09-15T12:33:52.1451181-05:00" />
  <TestSettings name="default" id="016d4100-c7c7-4a57-a4b3-34d2e1237f38">
    <Deployment runDeploymentRoot="vyach_VYACHESLAV-LAPT_2025-09-15_12_33_51" />
  </TestSettings>
  <Results>
    <UnitTestResult executionId="c44600ea-73b5-469f-b220-6da3e7d68fd7" testId="e2f24123-908d-b478-5150-3738daca4d83" testName="CPR.ContractTests.CareerContractTests.Career_HasExpectedJsonShape" computerName="VYACHESLAV-LAPT" duration="00:00:00.0107832" startTime="2025-09-15T12:33:52.0737831-05:00" endTime="2025-09-15T12:33:52.0737831-05:00" testType="13cdc9d9-ddb5-4fa4-a97d-d965ccfc6d4b" outcome="Passed" testListId="8c84fa94-04c1-424b-9868-57a2d4851a1d" relativeResultsDirectory="c44600ea-73b5-469f-b220-6da3e7d68fd7" />
    <UnitTestResult executionId="49cd5411-0f1f-4fb1-b913-ed2d480403e7" testId="85897dc3-8d4d-ab36-42a0-9eb523f50eb7" testName="CPR.ContractTests.SwaggerSchemaContractTest.Swagger_IncludesPositionExpectationsProperty" computerName="VYACHESLAV-LAPT" duration="00:00:00.4277265" startTime="2025-09-15T12:33:51.2078320-05:00" endTime="2025-09-15T12:33:51.2078323-05:00" testType="13cdc9d9-ddb5-4fa4-a97d-d965ccfc6d4b" outcome="Passed" testListId="8c84fa94-04c1-424b-9868-57a2d4851a1d" relativeResultsDirectory="49cd5411-0f1f-4fb1-b913-ed2d480403e7" />
    <UnitTestResult executionId="908ecb67-8a1b-442e-a92b-45dfd7cf7bbb" testId="8deded96-f125-e84d-be8f-636b2c034cf9" testName="CPR.ContractTests.CareerContractTests.CareerTrack_FilteredByCareerPath_ReturnsArray" computerName="VYACHESLAV-LAPT" duration="00:00:01.2841426" startTime="2025-09-15T12:33:52.0626516-05:00" endTime="2025-09-15T12:33:52.0626517-05:00" testType="13cdc9d9-ddb5-4fa4-a97d-d965ccfc6d4b" outcome="Passed" testListId="8c84fa94-04c1-424b-9868-57a2d4851a1d" relativeResultsDirectory="908ecb67-8a1b-442e-a92b-45dfd7cf7bbb" />
    <UnitTestResult executionId="cbd84846-cb70-4afd-897e-cddd5d501c91" testId="98b3a5b3-fc39-c222-7564-7e04f240aa80" testName="CPR.ContractTests.PositionsContractTest.Positions_HaveExpectedJsonShape" computerName="VYACHESLAV-LAPT" duration="00:00:01.1964767" startTime="2025-09-15T12:33:51.9750301-05:00" endTime="2025-09-15T12:33:51.9750302-05:00" testType="13cdc9d9-ddb5-4fa4-a97d-d965ccfc6d4b" outcome="Passed" testListId="8c84fa94-04c1-424b-9868-57a2d4851a1d" relativeResultsDirectory="cbd84846-cb70-4afd-897e-cddd5d501c91" />
    <UnitTestResult executionId="65b3e3bc-24ec-494b-8476-fc1858a557c2" testId="a2f79f01-79fa-6498-0415-a09d8f8341f9" testName="CPR.ContractTests.SampleContractTest.ContractPlaceholder" computerName="VYACHESLAV-LAPT" duration="00:00:00.0022128" startTime="2025-09-15T12:33:50.7831426-05:00" endTime="2025-09-15T12:33:50.7831549-05:00" testType="13cdc9d9-ddb5-4fa4-a97d-d965ccfc6d4b" outcome="Passed" testListId="8c84fa94-04c1-424b-9868-57a2d4851a1d" relativeResultsDirectory="65b3e3bc-24ec-494b-8476-fc1858a557c2" />
  </Results>
  <TestDefinitions>
    <UnitTest name="CPR.ContractTests.PositionsContractTest.Positions_HaveExpectedJsonShape" storage="d:\projects\cpr\tests\cpr.contracttests\bin\debug\net9.0\cpr.contracttests.dll" id="98b3a5b3-fc39-c222-7564-7e04f240aa80">
      <Execution id="cbd84846-cb70-4afd-897e-cddd5d501c91" />
      <TestMethod codeBase="D:\projects\CPR\tests\CPR.ContractTests\bin\Debug\net9.0\CPR.ContractTests.dll" adapterTypeName="executor://xunit/VsTestRunner2/netcoreapp" className="CPR.ContractTests.PositionsContractTest" name="Positions_HaveExpectedJsonShape" />
    </UnitTest>
    <UnitTest name="CPR.ContractTests.SampleContractTest.ContractPlaceholder" storage="d:\projects\cpr\tests\cpr.contracttests\bin\debug\net9.0\cpr.contracttests.dll" id="a2f79f01-79fa-6498-0415-a09d8f8341f9">
      <Execution id="65b3e3bc-24ec-494b-8476-fc1858a557c2" />
      <TestMethod codeBase="D:\projects\CPR\tests\CPR.ContractTests\bin\Debug\net9.0\CPR.ContractTests.dll" adapterTypeName="executor://xunit/VsTestRunner2/netcoreapp" className="CPR.ContractTests.SampleContractTest" name="ContractPlaceholder" />
    </UnitTest>
    <UnitTest name="CPR.ContractTests.CareerContractTests.Career_HasExpectedJsonShape" storage="d:\projects\cpr\tests\cpr.contracttests\bin\debug\net9.0\cpr.contracttests.dll" id="e2f24123-908d-b478-5150-3738daca4d83">
      <Execution id="c44600ea-73b5-469f-b220-6da3e7d68fd7" />
      <TestMethod codeBase="D:\projects\CPR\tests\CPR.ContractTests\bin\Debug\net9.0\CPR.ContractTests.dll" adapterTypeName="executor://xunit/VsTestRunner2/netcoreapp" className="CPR.ContractTests.CareerContractTests" name="Career_HasExpectedJsonShape" />
    </UnitTest>
    <UnitTest name="CPR.ContractTests.SwaggerSchemaContractTest.Swagger_IncludesPositionExpectationsProperty" storage="d:\projects\cpr\tests\cpr.contracttests\bin\debug\net9.0\cpr.contracttests.dll" id="85897dc3-8d4d-ab36-42a0-9eb523f50eb7">
      <Execution id="49cd5411-0f1f-4fb1-b913-ed2d480403e7" />
      <TestMethod codeBase="D:\projects\CPR\tests\CPR.ContractTests\bin\Debug\net9.0\CPR.ContractTests.dll" adapterTypeName="executor://xunit/VsTestRunner2/netcoreapp" className="CPR.ContractTests.SwaggerSchemaContractTest" name="Swagger_IncludesPositionExpectationsProperty" />
    </UnitTest>
    <UnitTest name="CPR.ContractTests.CareerContractTests.CareerTrack_FilteredByCareerPath_ReturnsArray" storage="d:\projects\cpr\tests\cpr.contracttests\bin\debug\net9.0\cpr.contracttests.dll" id="8deded96-f125-e84d-be8f-636b2c034cf9">
      <Execution id="908ecb67-8a1b-442e-a92b-45dfd7cf7bbb" />
      <TestMethod codeBase="D:\projects\CPR\tests\CPR.ContractTests\bin\Debug\net9.0\CPR.ContractTests.dll" adapterTypeName="executor://xunit/VsTestRunner2/netcoreapp" className="CPR.ContractTests.CareerContractTests" name="CareerTrack_FilteredByCareerPath_ReturnsArray" />
    </UnitTest>
  </TestDefinitions>
  <TestEntries>
    <TestEntry testId="e2f24123-908d-b478-5150-3738daca4d83" executionId="c44600ea-73b5-469f-b220-6da3e7d68fd7" testListId="8c84fa94-04c1-424b-9868-57a2d4851a1d" />
    <TestEntry testId="85897dc3-8d4d-ab36-42a0-9eb523f50eb7" executionId="49cd5411-0f1f-4fb1-b913-ed2d480403e7" testListId="8c84fa94-04c1-424b-9868-57a2d4851a1d" />
    <TestEntry testId="8deded96-f125-e84d-be8f-636b2c034cf9" executionId="908ecb67-8a1b-442e-a92b-45dfd7cf7bbb" testListId="8c84fa94-04c1-424b-9868-57a2d4851a1d" />
    <TestEntry testId="98b3a5b3-fc39-c222-7564-7e04f240aa80" executionId="cbd84846-cb70-4afd-897e-cddd5d501c91" testListId="8c84fa94-04c1-424b-9868-57a2d4851a1d" />
    <TestEntry testId="a2f79f01-79fa-6498-0415-a09d8f8341f9" executionId="65b3e3bc-24ec-494b-8476-fc1858a557c2" testListId="8c84fa94-04c1-424b-9868-57a2d4851a1d" />
  </TestEntries>
  <TestLists>
    <TestList name="Results Not in a List" id="8c84fa94-04c1-424b-9868-57a2d4851a1d" />
    <TestList name="All Loaded Results" id="19431567-8539-422a-85d7-44ee4e166bda" />
  </TestLists>
  <ResultSummary outcome="Completed">
    <Counters total="5" executed="5" passed="5" failed="0" error="0" timeout="0" aborted="0" inconclusive="0" passedButRunAborted="0" notRunnable="0" notExecuted="0" disconnected="0" warning="0" completed="0" inProgress="0" pending="0" />
    <Output>
      <StdOut>[xUnit.net 00:00:00.00] xUnit.net VSTest Adapter v2.8.0+6438bb880a (64-bit .NET 9.0.3)&#xD;
[xUnit.net 00:00:00.71]   Discovering: CPR.ContractTests&#xD;
[xUnit.net 00:00:00.73]   Discovered:  CPR.ContractTests&#xD;
[xUnit.net 00:00:00.73]   Starting:    CPR.ContractTests&#xD;
[xUnit.net 00:00:02.07]   Finished:    CPR.ContractTests&#xD;
</StdOut>
    </Output>
  </ResultSummary>
</TestRun>